#
# There is insufficient memory for the Java Runtime Environment to continue.
# Native memory allocation (malloc) failed to allocate 298512 bytes for Chunk::new
# Possible reasons:
#   The system is out of physical RAM or swap space
#   The process is running with CompressedOops enabled, and the Java Heap may be blocking the growth of the native heap
# Possible solutions:
#   Reduce memory load on the system
#   Increase physical memory or swap space
#   Check if swap backing store is full
#   Decrease Java heap size (-Xmx/-Xms)
#   Decrease number of Java threads
#   Decrease Java thread stack sizes (-Xss)
#   Set larger code cache with -XX:ReservedCodeCacheSize=
#   JVM is running with Unscaled Compressed Oops mode in which the Java heap is
#     placed in the first 4GB address space. The Java Heap base address is the
#     maximum limit for the native heap growth. Please use -XX:HeapBaseMinAddress
#     to set the Java Heap base and to place the Java Heap above 4GB virtual address.
# This output file may be truncated or incomplete.
#
#  Out of Memory Error (arena.cpp:189), pid=39320, tid=38436
#
# JRE version: Java(TM) SE Runtime Environment (17.0.1+12) (build 17.0.1+12-LTS-39)
# Java VM: Java HotSpot(TM) 64-Bit Server VM (17.0.1+12-LTS-39, mixed mode, sharing, tiered, compressed oops, compressed class ptrs, g1 gc, windows-amd64)
# No core dump will be written. Minidumps are not enabled by default on client versions of Windows
#

---------------  S U M M A R Y ------------

Command Line: -Dosgi.requiredJavaVersion=11 -Dosgi.instance.area.default=@user.home/eclipse-workspace -XX:+UseG1GC -XX:+UseStringDeduplication --add-modules=ALL-SYSTEM -Dosgi.requiredJavaVersion=11 -Dosgi.dataAreaRequiresExplicitInit=true -Dorg.eclipse.swt.graphics.Resource.reportNonDisposed=true -Xms256m -Xmx2048m --add-modules=ALL-SYSTEM -Declipse.p2.max.threads=10 -Doomph.update.url=https://download.eclipse.org/oomph/updates/milestone/latest -Doomph.redirection.index.redirection=index:/->http://git.eclipse.org/c/oomph/org.eclipse.oomph.git/plain/setups/ C:\Users\guido\eclipse\java-2021-12\eclipse\\plugins/org.eclipse.equinox.launcher_1.6.400.v20210924-0641.jar -os win32 -ws win32 -arch x86_64 -showsplash C:\Users\guido\.p2\pool\plugins\org.eclipse.epp.package.common_4.22.0.20211202-1200\splash.bmp -launcher C:\Users\guido\eclipse\java-2021-12\eclipse\eclipse.exe -name Eclipse --launcher.library C:\Users\guido\.p2\pool\plugins\org.eclipse.equinox.launcher.win32.win32.x86_64_1.2.400.v20211117-0650\eclipse_11602.dll -startup C:\Users\guido\eclipse\java-2021-12\eclipse\\plugins/org.eclipse.equinox.launcher_1.6.400.v20210924-0641.jar --launcher.appendVmargs -exitdata 7918_a0 -product org.eclipse.epp.package.java.product -vm C:\Program Files\Java\jdk-17.0.1\bin\javaw.exe -vmargs -Dosgi.requiredJavaVersion=11 -Dosgi.instance.area.default=@user.home/eclipse-workspace -Dsun.java.command=Eclipse -XX:+UseG1GC -XX:+UseStringDeduplication --add-modules=ALL-SYSTEM -Dosgi.requiredJavaVersion=11 -Dosgi.dataAreaRequiresExplicitInit=true -Dorg.eclipse.swt.graphics.Resource.reportNonDisposed=true -Xms256m -Xmx2048m --add-modules=ALL-SYSTEM -Declipse.p2.max.threads=10 -Doomph.update.url=https://download.eclipse.org/oomph/updates/milestone/latest -Doomph.redirection.index.redirection=index:/->http://git.eclipse.org/c/oomph/org.eclipse.oomph.git/plain/setups/ -jar C:\Users\guido\eclipse\java-2021-12\eclipse\\plugins/org.eclipse.equinox.launcher_1.6.400.v20210924-0641.jar

Host: Intel(R) Core(TM) i5-6600 CPU @ 3.30GHz, 4 cores, 7G,  Windows 10 , 64 bit Build 19041 (10.0.19041.1466)
Time: Tue Feb  8 22:21:36 2022 W. Europe Standard Time elapsed time: 1582.514654 seconds (0d 0h 26m 22s)

---------------  T H R E A D  ---------------

Current thread (0x000001e61ca3c9c0):  JavaThread "C2 CompilerThread0" daemon [_thread_in_native, id=38436, stack(0x000000245d900000,0x000000245da00000)]


Current CompileTask:
C2:1582514 10230       4       org.eclipse.core.internal.registry.ConfigurationElementHandle::getChildren (174 bytes)

Stack: [0x000000245d900000,0x000000245da00000]
Native frames: (J=compiled Java code, j=interpreted, Vv=VM code, C=native code)
V  [jvm.dll+0x66fa1a]
V  [jvm.dll+0x7ce5a4]
V  [jvm.dll+0x7cfd4e]
V  [jvm.dll+0x7d03b3]
V  [jvm.dll+0x242b05]
V  [jvm.dll+0xaa05b]
V  [jvm.dll+0xaa5ec]
V  [jvm.dll+0x35fa07]
V  [jvm.dll+0x1b9732]
V  [jvm.dll+0x215d49]
V  [jvm.dll+0x215011]
V  [jvm.dll+0x1a168d]
V  [jvm.dll+0x224848]
V  [jvm.dll+0x2229ac]
V  [jvm.dll+0x78435b]
V  [jvm.dll+0x77e91a]
V  [jvm.dll+0x66e845]
C  [ucrtbase.dll+0x21bb2]
C  [KERNEL32.DLL+0x17034]
C  [ntdll.dll+0x52651]


---------------  P R O C E S S  ---------------

Threads class SMR info:
_java_thread_list=0x000001e61d63c1c0, length=37, elements={
0x000001e67d02dfb0, 0x000001e61ca08370, 0x000001e61ca09fa0, 0x000001e61ca20700,
0x000001e61ca265e0, 0x000001e61ca2f5d0, 0x000001e61ca30c00, 0x000001e61ca3c9c0,
0x000001e61ca3dee0, 0x000001e61ca3e800, 0x000001e61d4fb580, 0x000001e61d598c50,
0x000001e61ddf5050, 0x000001e61e007f80, 0x000001e61e008820, 0x000001e61e000170,
0x000001e61e0aae70, 0x000001e61f7887a0, 0x000001e620caab70, 0x000001e620cab040,
0x000001e620ca9d00, 0x000001e620ca9360, 0x000001e620cab510, 0x000001e620cabeb0,
0x000001e620ca89c0, 0x000001e6262adf40, 0x000001e6262ad5a0, 0x000001e6262aaf20,
0x000001e6262af280, 0x000001e6262ae8e0, 0x000001e6262b0f60, 0x000001e6262ab8c0,
0x000001e6262b05c0, 0x000001e6262aa580, 0x000001e6262aedb0, 0x000001e6262acc00,
0x000001e61c9ea6b0
}

Java Threads: ( => current thread )
  0x000001e67d02dfb0 JavaThread "main" [_thread_in_native, id=40020, stack(0x000000245cb00000,0x000000245cc00000)]
  0x000001e61ca08370 JavaThread "Reference Handler" daemon [_thread_blocked, id=29076, stack(0x000000245d300000,0x000000245d400000)]
  0x000001e61ca09fa0 JavaThread "Finalizer" daemon [_thread_blocked, id=38256, stack(0x000000245d400000,0x000000245d500000)]
  0x000001e61ca20700 JavaThread "Signal Dispatcher" daemon [_thread_blocked, id=42248, stack(0x000000245d500000,0x000000245d600000)]
  0x000001e61ca265e0 JavaThread "Attach Listener" daemon [_thread_blocked, id=40784, stack(0x000000245d600000,0x000000245d700000)]
  0x000001e61ca2f5d0 JavaThread "Service Thread" daemon [_thread_blocked, id=38340, stack(0x000000245d700000,0x000000245d800000)]
  0x000001e61ca30c00 JavaThread "Monitor Deflation Thread" daemon [_thread_blocked, id=8952, stack(0x000000245d800000,0x000000245d900000)]
=>0x000001e61ca3c9c0 JavaThread "C2 CompilerThread0" daemon [_thread_in_native, id=38436, stack(0x000000245d900000,0x000000245da00000)]
  0x000001e61ca3dee0 JavaThread "C1 CompilerThread0" daemon [_thread_blocked, id=42952, stack(0x000000245da00000,0x000000245db00000)]
  0x000001e61ca3e800 JavaThread "Sweeper thread" daemon [_thread_blocked, id=42672, stack(0x000000245db00000,0x000000245dc00000)]
  0x000001e61d4fb580 JavaThread "Common-Cleaner" daemon [_thread_blocked, id=26600, stack(0x000000245dc00000,0x000000245dd00000)]
  0x000001e61d598c50 JavaThread "Notification Thread" daemon [_thread_blocked, id=34892, stack(0x000000245dd00000,0x000000245de00000)]
  0x000001e61ddf5050 JavaThread "Active Thread: Equinox Container: 141ddbf5-5ba8-4844-b3ab-e426dffc0eca" [_thread_blocked, id=42124, stack(0x000000245e300000,0x000000245e400000)]
  0x000001e61e007f80 JavaThread "Framework Event Dispatcher: Equinox Container: 141ddbf5-5ba8-4844-b3ab-e426dffc0eca" daemon [_thread_blocked, id=38892, stack(0x000000245e500000,0x000000245e600000)]
  0x000001e61e008820 JavaThread "Start Level: Equinox Container: 141ddbf5-5ba8-4844-b3ab-e426dffc0eca" daemon [_thread_blocked, id=35792, stack(0x000000245e600000,0x000000245e700000)]
  0x000001e61e000170 JavaThread "SCR Component Actor" daemon [_thread_blocked, id=37864, stack(0x000000245e700000,0x000000245e800000)]
  0x000001e61e0aae70 JavaThread "EMF Reference Cleaner" daemon [_thread_blocked, id=32184, stack(0x000000245e900000,0x000000245ea00000)]
  0x000001e61f7887a0 JavaThread "Worker-JM" [_thread_blocked, id=5208, stack(0x000000245ea00000,0x000000245eb00000)]
  0x000001e620caab70 JavaThread "Gogo shell" [_thread_blocked, id=36212, stack(0x000000245ec00000,0x000000245ed00000)]
  0x000001e620cab040 JavaThread "Worker-0" [_thread_blocked, id=34236, stack(0x000000245df00000,0x000000245e000000)]
  0x000001e620ca9d00 JavaThread "Git Repository Closer" daemon [_thread_blocked, id=37980, stack(0x000000245f200000,0x000000245f300000)]
  0x000001e620ca9360 JavaThread "Bundle File Closer" daemon [_thread_blocked, id=43180, stack(0x000000245f300000,0x000000245f400000)]
  0x000001e620cab510 JavaThread "Java indexing" daemon [_thread_blocked, id=9552, stack(0x000000245f400000,0x000000245f500000)]
  0x000001e620cabeb0 JavaThread "org.eclipse.jface.text.reconciler.MonoReconciler" daemon [_thread_blocked, id=31832, stack(0x000000245f600000,0x000000245f700000)]
  0x000001e620ca89c0 JavaThread "EventAdmin Async Event Dispatcher Thread" daemon [_thread_blocked, id=38060, stack(0x000000245f800000,0x000000245f900000)]
  0x000001e6262adf40 JavaThread "pool-2-thread-1" [_thread_blocked, id=2192, stack(0x000000245fb00000,0x000000245fc00000)]
  0x000001e6262ad5a0 JavaThread "pool-3-thread-1" [_thread_blocked, id=35896, stack(0x000000245fc00000,0x000000245fd00000)]
  0x000001e6262aaf20 JavaThread "Worker-3: Process Console Input Job" [_thread_blocked, id=33176, stack(0x000000245fd00000,0x000000245fe00000)]
  0x000001e6262af280 JavaThread "Worker-6" [_thread_blocked, id=34732, stack(0x0000002460000000,0x0000002460100000)]
  0x000001e6262ae8e0 JavaThread "pool-4-thread-1" [_thread_blocked, id=38356, stack(0x000000245eb00000,0x000000245ec00000)]
  0x000001e6262b0f60 JavaThread "Output Stream Monitor" daemon [_thread_in_native, id=38984, stack(0x0000002460300000,0x0000002460400000)]
  0x000001e6262ab8c0 JavaThread "Output Stream Monitor" daemon [_thread_in_native, id=36512, stack(0x0000002460400000,0x0000002460500000)]
  0x000001e6262b05c0 JavaThread "Input Stream Monitor" daemon [_thread_blocked, id=42472, stack(0x0000002460500000,0x0000002460600000)]
  0x000001e6262aa580 JavaThread "Process monitor" daemon [_thread_in_native, id=37124, stack(0x0000002460600000,0x0000002460700000)]
  0x000001e6262aedb0 JavaThread "Provisioning Event Dispatcher" daemon [_thread_blocked, id=3288, stack(0x0000002460e00000,0x0000002460f00000)]
  0x000001e6262acc00 JavaThread "Thread-7" [_thread_blocked, id=7616, stack(0x0000002460200000,0x0000002460300000)]
  0x000001e61c9ea6b0 JavaThread "Worker-13" [_thread_blocked, id=33836, stack(0x000000245c800000,0x000000245c900000)]

Other Threads:
  0x000001e61ca035e0 VMThread "VM Thread" [stack: 0x000000245d200000,0x000000245d300000] [id=24684]
  0x000001e61ca3ece0 WatcherThread [stack: 0x000000245de00000,0x000000245df00000] [id=39964]
  0x000001e67f122170 GCTaskThread "GC Thread#0" [stack: 0x000000245cc00000,0x000000245cd00000] [id=40180]
  0x000001e61df1b860 GCTaskThread "GC Thread#1" [stack: 0x000000245e000000,0x000000245e100000] [id=41160]
  0x000001e61df1bb10 GCTaskThread "GC Thread#2" [stack: 0x000000245e100000,0x000000245e200000] [id=40748]
  0x000001e61dbadd60 GCTaskThread "GC Thread#3" [stack: 0x000000245e200000,0x000000245e300000] [id=39084]
  0x000001e67f133520 ConcurrentGCThread "G1 Main Marker" [stack: 0x000000245cd00000,0x000000245ce00000] [id=38408]
  0x000001e67f133e40 ConcurrentGCThread "G1 Conc#0" [stack: 0x000000245ce00000,0x000000245cf00000] [id=620]
  0x000001e61c8b6580 ConcurrentGCThread "G1 Refine#0" [stack: 0x000000245cf00000,0x000000245d000000] [id=36456]
  0x000001e61ddaae60 ConcurrentGCThread "G1 Refine#1" [stack: 0x000000245e400000,0x000000245e500000] [id=29404]
  0x000001e61c8b6c50 ConcurrentGCThread "G1 Service" [stack: 0x000000245d000000,0x000000245d100000] [id=33020]
  0x000001e61c9fd1a0 ConcurrentGCThread "StringDedupProcessor" [stack: 0x000000245d100000,0x000000245d200000] [id=30608]

Threads with active compile tasks:
C2 CompilerThread0  1582561 10230       4       org.eclipse.core.internal.registry.ConfigurationElementHandle::getChildren (174 bytes)

VM state: not at safepoint (normal execution)

VM Mutex/Monitor currently owned by a thread: None

Heap address: 0x0000000080000000, size: 2048 MB, Compressed Oops mode: 32-bit

CDS archive(s) mapped at: [0x0000000800000000-0x0000000800bc0000-0x0000000800bc0000), size 12320768, SharedBaseAddress: 0x0000000800000000, ArchiveRelocationMode: 0.
Compressed class space mapped at: 0x0000000800c00000-0x0000000840c00000, reserved size: 1073741824
Narrow klass base: 0x0000000800000000, Narrow klass shift: 0, Narrow klass range: 0x100000000

GC Precious Log:
 CPUs: 4 total, 4 available
 Memory: 8138M
 Large Page Support: Disabled
 NUMA Support: Disabled
 Compressed Oops: Enabled (32-bit)
 Heap Region Size: 1M
 Heap Min Capacity: 256M
 Heap Initial Capacity: 256M
 Heap Max Capacity: 2G
 Pre-touch: Disabled
 Parallel Workers: 4
 Concurrent Workers: 1
 Concurrent Refinement Workers: 4
 Periodic GC: Disabled
 String Deduplication is enabled

Heap:
 garbage-first heap   total 262144K, used 83714K [0x0000000080000000, 0x0000000100000000)
  region size 1024K, 21 young (21504K), 14 survivors (14336K)
 Metaspace       used 79883K, committed 82048K, reserved 1122304K
  class space    used 9551K, committed 10496K, reserved 1048576K

Heap Regions: E=young(eden), S=young(survivor), O=old, HS=humongous(starts), HC=humongous(continues), CS=collection set, F=free, OA=open archive, CA=closed archive, TAMS=top-at-mark-start (previous, next)
|   0|0x0000000080000000, 0x0000000080100000, 0x0000000080100000|100%| O|  |TAMS 0x0000000080100000, 0x0000000080000000| Untracked 
|   1|0x0000000080100000, 0x0000000080200000, 0x0000000080200000|100%| O|  |TAMS 0x0000000080200000, 0x0000000080100000| Untracked 
|   2|0x0000000080200000, 0x0000000080300000, 0x0000000080300000|100%| O|  |TAMS 0x0000000080300000, 0x0000000080200000| Untracked 
|   3|0x0000000080300000, 0x0000000080400000, 0x0000000080400000|100%| O|  |TAMS 0x0000000080400000, 0x0000000080300000| Untracked 
|   4|0x0000000080400000, 0x0000000080500000, 0x0000000080500000|100%| O|  |TAMS 0x0000000080500000, 0x0000000080400000| Untracked 
|   5|0x0000000080500000, 0x0000000080600000, 0x0000000080600000|100%| O|  |TAMS 0x0000000080600000, 0x0000000080500000| Untracked 
|   6|0x0000000080600000, 0x0000000080700000, 0x0000000080700000|100%| O|  |TAMS 0x0000000080700000, 0x0000000080600000| Untracked 
|   7|0x0000000080700000, 0x0000000080800000, 0x0000000080800000|100%| O|  |TAMS 0x0000000080800000, 0x0000000080700000| Untracked 
|   8|0x0000000080800000, 0x0000000080900000, 0x0000000080900000|100%|HS|  |TAMS 0x0000000080900000, 0x0000000080800000| Complete 
|   9|0x0000000080900000, 0x0000000080a00000, 0x0000000080a00000|100%| O|  |TAMS 0x0000000080a00000, 0x0000000080900000| Untracked 
|  10|0x0000000080a00000, 0x0000000080b00000, 0x0000000080b00000|100%| O|  |TAMS 0x0000000080b00000, 0x0000000080a00000| Untracked 
|  11|0x0000000080b00000, 0x0000000080c00000, 0x0000000080c00000|100%| O|  |TAMS 0x0000000080c00000, 0x0000000080b00000| Untracked 
|  12|0x0000000080c00000, 0x0000000080d00000, 0x0000000080d00000|100%| O|  |TAMS 0x0000000080d00000, 0x0000000080c00000| Untracked 
|  13|0x0000000080d00000, 0x0000000080e00000, 0x0000000080e00000|100%| O|  |TAMS 0x0000000080e00000, 0x0000000080d00000| Untracked 
|  14|0x0000000080e00000, 0x0000000080f00000, 0x0000000080f00000|100%| O|  |TAMS 0x0000000080f00000, 0x0000000080e00000| Untracked 
|  15|0x0000000080f00000, 0x0000000081000000, 0x0000000081000000|100%| O|  |TAMS 0x0000000081000000, 0x0000000080f00000| Untracked 
|  16|0x0000000081000000, 0x0000000081100000, 0x0000000081100000|100%| O|  |TAMS 0x0000000081100000, 0x0000000081000000| Untracked 
|  17|0x0000000081100000, 0x0000000081200000, 0x0000000081200000|100%| O|  |TAMS 0x0000000081200000, 0x0000000081100000| Untracked 
|  18|0x0000000081200000, 0x0000000081200000, 0x0000000081300000|  0%| F|  |TAMS 0x0000000081200000, 0x0000000081200000| Untracked 
|  19|0x0000000081300000, 0x0000000081400000, 0x0000000081400000|100%| O|  |TAMS 0x0000000081400000, 0x0000000081300000| Untracked 
|  20|0x0000000081400000, 0x0000000081500000, 0x0000000081500000|100%| O|  |TAMS 0x0000000081500000, 0x0000000081400000| Untracked 
|  21|0x0000000081500000, 0x0000000081600000, 0x0000000081600000|100%| O|  |TAMS 0x0000000081600000, 0x0000000081500000| Untracked 
|  22|0x0000000081600000, 0x0000000081700000, 0x0000000081700000|100%| O|  |TAMS 0x0000000081700000, 0x0000000081600000| Untracked 
|  23|0x0000000081700000, 0x0000000081800000, 0x0000000081800000|100%| O|  |TAMS 0x0000000081800000, 0x0000000081700000| Untracked 
|  24|0x0000000081800000, 0x0000000081900000, 0x0000000081900000|100%| O|  |TAMS 0x0000000081900000, 0x0000000081800000| Untracked 
|  25|0x0000000081900000, 0x0000000081a00000, 0x0000000081a00000|100%| O|  |TAMS 0x0000000081a00000, 0x0000000081900000| Untracked 
|  26|0x0000000081a00000, 0x0000000081b00000, 0x0000000081b00000|100%| O|  |TAMS 0x0000000081a35c00, 0x0000000081a00000| Untracked 
|  27|0x0000000081b00000, 0x0000000081c00000, 0x0000000081c00000|100%|HS|  |TAMS 0x0000000081b00000, 0x0000000081b00000| Complete 
|  28|0x0000000081c00000, 0x0000000081d00000, 0x0000000081d00000|100%|HC|  |TAMS 0x0000000081c00000, 0x0000000081c00000| Complete 
|  29|0x0000000081d00000, 0x0000000081e00000, 0x0000000081e00000|100%| O|  |TAMS 0x0000000081d00000, 0x0000000081d00000| Untracked 
|  30|0x0000000081e00000, 0x0000000081f00000, 0x0000000081f00000|100%| O|  |TAMS 0x0000000081e00000, 0x0000000081e00000| Untracked 
|  31|0x0000000081f00000, 0x0000000082000000, 0x0000000082000000|100%| O|  |TAMS 0x0000000081f00000, 0x0000000081f00000| Untracked 
|  32|0x0000000082000000, 0x0000000082100000, 0x0000000082100000|100%|HS|  |TAMS 0x0000000082000000, 0x0000000082000000| Complete 
|  33|0x0000000082100000, 0x0000000082200000, 0x0000000082200000|100%| O|  |TAMS 0x0000000082100000, 0x0000000082100000| Untracked 
|  34|0x0000000082200000, 0x0000000082300000, 0x0000000082300000|100%| O|  |TAMS 0x0000000082200000, 0x0000000082200000| Untracked 
|  35|0x0000000082300000, 0x0000000082400000, 0x0000000082400000|100%| O|  |TAMS 0x0000000082300000, 0x0000000082300000| Untracked 
|  36|0x0000000082400000, 0x0000000082500000, 0x0000000082500000|100%| O|  |TAMS 0x0000000082400000, 0x0000000082400000| Untracked 
|  37|0x0000000082500000, 0x0000000082600000, 0x0000000082600000|100%| O|  |TAMS 0x0000000082500000, 0x0000000082500000| Untracked 
|  38|0x0000000082600000, 0x0000000082700000, 0x0000000082700000|100%| O|  |TAMS 0x0000000082600000, 0x0000000082600000| Untracked 
|  39|0x0000000082700000, 0x0000000082800000, 0x0000000082800000|100%| O|  |TAMS 0x0000000082700000, 0x0000000082700000| Untracked 
|  40|0x0000000082800000, 0x0000000082900000, 0x0000000082900000|100%| O|  |TAMS 0x0000000082800000, 0x0000000082800000| Untracked 
|  41|0x0000000082900000, 0x0000000082a00000, 0x0000000082a00000|100%| O|  |TAMS 0x0000000082900000, 0x0000000082900000| Untracked 
|  42|0x0000000082a00000, 0x0000000082b00000, 0x0000000082b00000|100%| O|  |TAMS 0x0000000082a00000, 0x0000000082a00000| Untracked 
|  43|0x0000000082b00000, 0x0000000082c00000, 0x0000000082c00000|100%| O|  |TAMS 0x0000000082b00000, 0x0000000082b00000| Untracked 
|  44|0x0000000082c00000, 0x0000000082d00000, 0x0000000082d00000|100%| O|  |TAMS 0x0000000082c00000, 0x0000000082c00000| Untracked 
|  45|0x0000000082d00000, 0x0000000082e00000, 0x0000000082e00000|100%| O|  |TAMS 0x0000000082d00000, 0x0000000082d00000| Untracked 
|  46|0x0000000082e00000, 0x0000000082f00000, 0x0000000082f00000|100%| O|  |TAMS 0x0000000082e00000, 0x0000000082e00000| Untracked 
|  47|0x0000000082f00000, 0x0000000083000000, 0x0000000083000000|100%| O|  |TAMS 0x0000000082f00000, 0x0000000082f00000| Untracked 
|  48|0x0000000083000000, 0x0000000083100000, 0x0000000083100000|100%| O|  |TAMS 0x0000000083000000, 0x0000000083000000| Untracked 
|  49|0x0000000083100000, 0x0000000083200000, 0x0000000083200000|100%| O|  |TAMS 0x0000000083100000, 0x0000000083100000| Untracked 
|  50|0x0000000083200000, 0x0000000083300000, 0x0000000083300000|100%| O|  |TAMS 0x0000000083200000, 0x0000000083200000| Untracked 
|  51|0x0000000083300000, 0x0000000083400000, 0x0000000083400000|100%| O|  |TAMS 0x0000000083300000, 0x0000000083300000| Untracked 
|  52|0x0000000083400000, 0x0000000083500000, 0x0000000083500000|100%| O|  |TAMS 0x0000000083400000, 0x0000000083400000| Untracked 
|  53|0x0000000083500000, 0x0000000083600000, 0x0000000083600000|100%| O|  |TAMS 0x0000000083500000, 0x0000000083500000| Untracked 
|  54|0x0000000083600000, 0x0000000083700000, 0x0000000083700000|100%| O|  |TAMS 0x0000000083600000, 0x0000000083600000| Untracked 
|  55|0x0000000083700000, 0x0000000083800000, 0x0000000083800000|100%| O|  |TAMS 0x0000000083700000, 0x0000000083700000| Untracked 
|  56|0x0000000083800000, 0x0000000083900000, 0x0000000083900000|100%| O|  |TAMS 0x0000000083800000, 0x0000000083800000| Untracked 
|  57|0x0000000083900000, 0x0000000083a00000, 0x0000000083a00000|100%| O|  |TAMS 0x0000000083900000, 0x0000000083900000| Untracked 
|  58|0x0000000083a00000, 0x0000000083b00000, 0x0000000083b00000|100%| O|  |TAMS 0x0000000083a00000, 0x0000000083a00000| Untracked 
|  59|0x0000000083b00000, 0x0000000083c00000, 0x0000000083c00000|100%| O|  |TAMS 0x0000000083b00000, 0x0000000083b00000| Untracked 
|  60|0x0000000083c00000, 0x0000000083cfc000, 0x0000000083d00000| 98%| O|  |TAMS 0x0000000083c00000, 0x0000000083c00000| Untracked 
|  61|0x0000000083d00000, 0x0000000083d00000, 0x0000000083e00000|  0%| F|  |TAMS 0x0000000083d00000, 0x0000000083d00000| Untracked 
|  62|0x0000000083e00000, 0x0000000083e00000, 0x0000000083f00000|  0%| F|  |TAMS 0x0000000083e00000, 0x0000000083e00000| Untracked 
|  63|0x0000000083f00000, 0x0000000084000000, 0x0000000084000000|100%|HS|  |TAMS 0x0000000083f00000, 0x0000000083f00000| Complete 
|  64|0x0000000084000000, 0x0000000084100000, 0x0000000084100000|100%|HC|  |TAMS 0x0000000084000000, 0x0000000084000000| Complete 
|  65|0x0000000084100000, 0x0000000084100000, 0x0000000084200000|  0%| F|  |TAMS 0x0000000084100000, 0x0000000084100000| Untracked 
|  66|0x0000000084200000, 0x0000000084200000, 0x0000000084300000|  0%| F|  |TAMS 0x0000000084200000, 0x0000000084200000| Untracked 
|  67|0x0000000084300000, 0x0000000084300000, 0x0000000084400000|  0%| F|  |TAMS 0x0000000084300000, 0x0000000084300000| Untracked 
|  68|0x0000000084400000, 0x0000000084400000, 0x0000000084500000|  0%| F|  |TAMS 0x0000000084400000, 0x0000000084400000| Untracked 
|  69|0x0000000084500000, 0x0000000084500000, 0x0000000084600000|  0%| F|  |TAMS 0x0000000084500000, 0x0000000084500000| Untracked 
|  70|0x0000000084600000, 0x0000000084600000, 0x0000000084700000|  0%| F|  |TAMS 0x0000000084600000, 0x0000000084600000| Untracked 
|  71|0x0000000084700000, 0x0000000084700000, 0x0000000084800000|  0%| F|  |TAMS 0x0000000084700000, 0x0000000084700000| Untracked 
|  72|0x0000000084800000, 0x0000000084800000, 0x0000000084900000|  0%| F|  |TAMS 0x0000000084800000, 0x0000000084800000| Untracked 
|  73|0x0000000084900000, 0x0000000084900000, 0x0000000084a00000|  0%| F|  |TAMS 0x0000000084900000, 0x0000000084900000| Untracked 
|  74|0x0000000084a00000, 0x0000000084a00000, 0x0000000084b00000|  0%| F|  |TAMS 0x0000000084a00000, 0x0000000084a00000| Untracked 
|  75|0x0000000084b00000, 0x0000000084b00000, 0x0000000084c00000|  0%| F|  |TAMS 0x0000000084b00000, 0x0000000084b00000| Untracked 
|  76|0x0000000084c00000, 0x0000000084c00000, 0x0000000084d00000|  0%| F|  |TAMS 0x0000000084c00000, 0x0000000084c00000| Untracked 
|  77|0x0000000084d00000, 0x0000000084d00000, 0x0000000084e00000|  0%| F|  |TAMS 0x0000000084d00000, 0x0000000084d00000| Untracked 
|  78|0x0000000084e00000, 0x0000000084e00000, 0x0000000084f00000|  0%| F|  |TAMS 0x0000000084e00000, 0x0000000084e00000| Untracked 
|  79|0x0000000084f00000, 0x0000000084f00000, 0x0000000085000000|  0%| F|  |TAMS 0x0000000084f00000, 0x0000000084f00000| Untracked 
|  80|0x0000000085000000, 0x0000000085000000, 0x0000000085100000|  0%| F|  |TAMS 0x0000000085000000, 0x0000000085000000| Untracked 
|  81|0x0000000085100000, 0x0000000085100000, 0x0000000085200000|  0%| F|  |TAMS 0x0000000085100000, 0x0000000085100000| Untracked 
|  82|0x0000000085200000, 0x0000000085200000, 0x0000000085300000|  0%| F|  |TAMS 0x0000000085200000, 0x0000000085200000| Untracked 
|  83|0x0000000085300000, 0x0000000085300000, 0x0000000085400000|  0%| F|  |TAMS 0x0000000085300000, 0x0000000085300000| Untracked 
|  84|0x0000000085400000, 0x0000000085400000, 0x0000000085500000|  0%| F|  |TAMS 0x0000000085400000, 0x0000000085400000| Untracked 
|  85|0x0000000085500000, 0x0000000085500000, 0x0000000085600000|  0%| F|  |TAMS 0x0000000085500000, 0x0000000085500000| Untracked 
|  86|0x0000000085600000, 0x0000000085600000, 0x0000000085700000|  0%| F|  |TAMS 0x0000000085600000, 0x0000000085600000| Untracked 
|  87|0x0000000085700000, 0x0000000085700000, 0x0000000085800000|  0%| F|  |TAMS 0x0000000085700000, 0x0000000085700000| Untracked 
|  88|0x0000000085800000, 0x0000000085800000, 0x0000000085900000|  0%| F|  |TAMS 0x0000000085800000, 0x0000000085800000| Untracked 
|  89|0x0000000085900000, 0x0000000085900000, 0x0000000085a00000|  0%| F|  |TAMS 0x0000000085900000, 0x0000000085900000| Untracked 
|  90|0x0000000085a00000, 0x0000000085a00000, 0x0000000085b00000|  0%| F|  |TAMS 0x0000000085a00000, 0x0000000085a00000| Untracked 
|  91|0x0000000085b00000, 0x0000000085b00000, 0x0000000085c00000|  0%| F|  |TAMS 0x0000000085b00000, 0x0000000085b00000| Untracked 
|  92|0x0000000085c00000, 0x0000000085c00000, 0x0000000085d00000|  0%| F|  |TAMS 0x0000000085c00000, 0x0000000085c00000| Untracked 
|  93|0x0000000085d00000, 0x0000000085d00000, 0x0000000085e00000|  0%| F|  |TAMS 0x0000000085d00000, 0x0000000085d00000| Untracked 
|  94|0x0000000085e00000, 0x0000000085e00000, 0x0000000085f00000|  0%| F|  |TAMS 0x0000000085e00000, 0x0000000085e00000| Untracked 
|  95|0x0000000085f00000, 0x0000000085f00000, 0x0000000086000000|  0%| F|  |TAMS 0x0000000085f00000, 0x0000000085f00000| Untracked 
|  96|0x0000000086000000, 0x0000000086000000, 0x0000000086100000|  0%| F|  |TAMS 0x0000000086000000, 0x0000000086000000| Untracked 
|  97|0x0000000086100000, 0x0000000086100000, 0x0000000086200000|  0%| F|  |TAMS 0x0000000086100000, 0x0000000086100000| Untracked 
|  98|0x0000000086200000, 0x0000000086200000, 0x0000000086300000|  0%| F|  |TAMS 0x0000000086200000, 0x0000000086200000| Untracked 
|  99|0x0000000086300000, 0x0000000086300000, 0x0000000086400000|  0%| F|  |TAMS 0x0000000086300000, 0x0000000086300000| Untracked 
| 100|0x0000000086400000, 0x0000000086400000, 0x0000000086500000|  0%| F|  |TAMS 0x0000000086400000, 0x0000000086400000| Untracked 
| 101|0x0000000086500000, 0x0000000086500000, 0x0000000086600000|  0%| F|  |TAMS 0x0000000086500000, 0x0000000086500000| Untracked 
| 102|0x0000000086600000, 0x0000000086600000, 0x0000000086700000|  0%| F|  |TAMS 0x0000000086600000, 0x0000000086600000| Untracked 
| 103|0x0000000086700000, 0x0000000086700000, 0x0000000086800000|  0%| F|  |TAMS 0x0000000086700000, 0x0000000086700000| Untracked 
| 104|0x0000000086800000, 0x0000000086800000, 0x0000000086900000|  0%| F|  |TAMS 0x0000000086800000, 0x0000000086800000| Untracked 
| 105|0x0000000086900000, 0x0000000086900000, 0x0000000086a00000|  0%| F|  |TAMS 0x0000000086900000, 0x0000000086900000| Untracked 
| 106|0x0000000086a00000, 0x0000000086a00000, 0x0000000086b00000|  0%| F|  |TAMS 0x0000000086a00000, 0x0000000086a00000| Untracked 
| 107|0x0000000086b00000, 0x0000000086b00000, 0x0000000086c00000|  0%| F|  |TAMS 0x0000000086b00000, 0x0000000086b00000| Untracked 
| 108|0x0000000086c00000, 0x0000000086c00000, 0x0000000086d00000|  0%| F|  |TAMS 0x0000000086c00000, 0x0000000086c00000| Untracked 
| 109|0x0000000086d00000, 0x0000000086d00000, 0x0000000086e00000|  0%| F|  |TAMS 0x0000000086d00000, 0x0000000086d00000| Untracked 
| 110|0x0000000086e00000, 0x0000000086e00000, 0x0000000086f00000|  0%| F|  |TAMS 0x0000000086e00000, 0x0000000086e00000| Untracked 
| 111|0x0000000086f00000, 0x0000000086f00000, 0x0000000087000000|  0%| F|  |TAMS 0x0000000086f00000, 0x0000000086f00000| Untracked 
| 112|0x0000000087000000, 0x0000000087000000, 0x0000000087100000|  0%| F|  |TAMS 0x0000000087000000, 0x0000000087000000| Untracked 
| 113|0x0000000087100000, 0x0000000087100000, 0x0000000087200000|  0%| F|  |TAMS 0x0000000087100000, 0x0000000087100000| Untracked 
| 114|0x0000000087200000, 0x0000000087200000, 0x0000000087300000|  0%| F|  |TAMS 0x0000000087200000, 0x0000000087200000| Untracked 
| 115|0x0000000087300000, 0x0000000087300000, 0x0000000087400000|  0%| F|  |TAMS 0x0000000087300000, 0x0000000087300000| Untracked 
| 116|0x0000000087400000, 0x0000000087400000, 0x0000000087500000|  0%| F|  |TAMS 0x0000000087400000, 0x0000000087400000| Untracked 
| 117|0x0000000087500000, 0x0000000087500000, 0x0000000087600000|  0%| F|  |TAMS 0x0000000087500000, 0x0000000087500000| Untracked 
| 118|0x0000000087600000, 0x0000000087600000, 0x0000000087700000|  0%| F|  |TAMS 0x0000000087600000, 0x0000000087600000| Untracked 
| 119|0x0000000087700000, 0x0000000087700000, 0x0000000087800000|  0%| F|  |TAMS 0x0000000087700000, 0x0000000087700000| Untracked 
| 120|0x0000000087800000, 0x0000000087800000, 0x0000000087900000|  0%| F|  |TAMS 0x0000000087800000, 0x0000000087800000| Untracked 
| 121|0x0000000087900000, 0x0000000087900000, 0x0000000087a00000|  0%| F|  |TAMS 0x0000000087900000, 0x0000000087900000| Untracked 
| 122|0x0000000087a00000, 0x0000000087ac49e0, 0x0000000087b00000| 76%| S|CS|TAMS 0x0000000087a00000, 0x0000000087a00000| Complete 
| 123|0x0000000087b00000, 0x0000000087c00000, 0x0000000087c00000|100%| S|CS|TAMS 0x0000000087b00000, 0x0000000087b00000| Complete 
| 124|0x0000000087c00000, 0x0000000087d00000, 0x0000000087d00000|100%| S|CS|TAMS 0x0000000087c00000, 0x0000000087c00000| Complete 
| 125|0x0000000087d00000, 0x0000000087e00000, 0x0000000087e00000|100%| S|CS|TAMS 0x0000000087d00000, 0x0000000087d00000| Complete 
| 126|0x0000000087e00000, 0x0000000087f00000, 0x0000000087f00000|100%| S|CS|TAMS 0x0000000087e00000, 0x0000000087e00000| Complete 
| 127|0x0000000087f00000, 0x0000000088000000, 0x0000000088000000|100%| S|CS|TAMS 0x0000000087f00000, 0x0000000087f00000| Complete 
| 128|0x0000000088000000, 0x0000000088100000, 0x0000000088100000|100%| S|CS|TAMS 0x0000000088000000, 0x0000000088000000| Complete 
| 129|0x0000000088100000, 0x0000000088200000, 0x0000000088200000|100%| S|CS|TAMS 0x0000000088100000, 0x0000000088100000| Complete 
| 130|0x0000000088200000, 0x0000000088300000, 0x0000000088300000|100%| S|CS|TAMS 0x0000000088200000, 0x0000000088200000| Complete 
| 131|0x0000000088300000, 0x0000000088400000, 0x0000000088400000|100%| S|CS|TAMS 0x0000000088300000, 0x0000000088300000| Complete 
| 132|0x0000000088400000, 0x0000000088500000, 0x0000000088500000|100%| S|CS|TAMS 0x0000000088400000, 0x0000000088400000| Complete 
| 133|0x0000000088500000, 0x0000000088600000, 0x0000000088600000|100%| S|CS|TAMS 0x0000000088500000, 0x0000000088500000| Complete 
| 134|0x0000000088600000, 0x0000000088700000, 0x0000000088700000|100%| S|CS|TAMS 0x0000000088600000, 0x0000000088600000| Complete 
| 135|0x0000000088700000, 0x0000000088800000, 0x0000000088800000|100%| S|CS|TAMS 0x0000000088700000, 0x0000000088700000| Complete 
| 136|0x0000000088800000, 0x0000000088800000, 0x0000000088900000|  0%| F|  |TAMS 0x0000000088800000, 0x0000000088800000| Untracked 
| 137|0x0000000088900000, 0x0000000088900000, 0x0000000088a00000|  0%| F|  |TAMS 0x0000000088900000, 0x0000000088900000| Untracked 
| 138|0x0000000088a00000, 0x0000000088a00000, 0x0000000088b00000|  0%| F|  |TAMS 0x0000000088a00000, 0x0000000088a00000| Untracked 
| 139|0x0000000088b00000, 0x0000000088b00000, 0x0000000088c00000|  0%| F|  |TAMS 0x0000000088b00000, 0x0000000088b00000| Untracked 
| 140|0x0000000088c00000, 0x0000000088c00000, 0x0000000088d00000|  0%| F|  |TAMS 0x0000000088c00000, 0x0000000088c00000| Untracked 
| 141|0x0000000088d00000, 0x0000000088d00000, 0x0000000088e00000|  0%| F|  |TAMS 0x0000000088d00000, 0x0000000088d00000| Untracked 
| 142|0x0000000088e00000, 0x0000000088e00000, 0x0000000088f00000|  0%| F|  |TAMS 0x0000000088e00000, 0x0000000088e00000| Untracked 
| 143|0x0000000088f00000, 0x0000000088f00000, 0x0000000089000000|  0%| F|  |TAMS 0x0000000088f00000, 0x0000000088f00000| Untracked 
| 144|0x0000000089000000, 0x0000000089000000, 0x0000000089100000|  0%| F|  |TAMS 0x0000000089000000, 0x0000000089000000| Untracked 
| 145|0x0000000089100000, 0x0000000089100000, 0x0000000089200000|  0%| F|  |TAMS 0x0000000089100000, 0x0000000089100000| Untracked 
| 146|0x0000000089200000, 0x0000000089200000, 0x0000000089300000|  0%| F|  |TAMS 0x0000000089200000, 0x0000000089200000| Untracked 
| 147|0x0000000089300000, 0x0000000089300000, 0x0000000089400000|  0%| F|  |TAMS 0x0000000089300000, 0x0000000089300000| Untracked 
| 148|0x0000000089400000, 0x0000000089400000, 0x0000000089500000|  0%| F|  |TAMS 0x0000000089400000, 0x0000000089400000| Untracked 
| 149|0x0000000089500000, 0x0000000089500000, 0x0000000089600000|  0%| F|  |TAMS 0x0000000089500000, 0x0000000089500000| Untracked 
| 150|0x0000000089600000, 0x0000000089600000, 0x0000000089700000|  0%| F|  |TAMS 0x0000000089600000, 0x0000000089600000| Untracked 
| 151|0x0000000089700000, 0x0000000089700000, 0x0000000089800000|  0%| F|  |TAMS 0x0000000089700000, 0x0000000089700000| Untracked 
| 152|0x0000000089800000, 0x0000000089800000, 0x0000000089900000|  0%| F|  |TAMS 0x0000000089800000, 0x0000000089800000| Untracked 
| 153|0x0000000089900000, 0x0000000089900000, 0x0000000089a00000|  0%| F|  |TAMS 0x0000000089900000, 0x0000000089900000| Untracked 
| 154|0x0000000089a00000, 0x0000000089a00000, 0x0000000089b00000|  0%| F|  |TAMS 0x0000000089a00000, 0x0000000089a00000| Untracked 
| 155|0x0000000089b00000, 0x0000000089b00000, 0x0000000089c00000|  0%| F|  |TAMS 0x0000000089b00000, 0x0000000089b00000| Untracked 
| 156|0x0000000089c00000, 0x0000000089c00000, 0x0000000089d00000|  0%| F|  |TAMS 0x0000000089c00000, 0x0000000089c00000| Untracked 
| 157|0x0000000089d00000, 0x0000000089d00000, 0x0000000089e00000|  0%| F|  |TAMS 0x0000000089d00000, 0x0000000089d00000| Untracked 
| 158|0x0000000089e00000, 0x0000000089e00000, 0x0000000089f00000|  0%| F|  |TAMS 0x0000000089e00000, 0x0000000089e00000| Untracked 
| 159|0x0000000089f00000, 0x0000000089f00000, 0x000000008a000000|  0%| F|  |TAMS 0x0000000089f00000, 0x0000000089f00000| Untracked 
| 160|0x000000008a000000, 0x000000008a000000, 0x000000008a100000|  0%| F|  |TAMS 0x000000008a000000, 0x000000008a000000| Untracked 
| 161|0x000000008a100000, 0x000000008a100000, 0x000000008a200000|  0%| F|  |TAMS 0x000000008a100000, 0x000000008a100000| Untracked 
| 162|0x000000008a200000, 0x000000008a200000, 0x000000008a300000|  0%| F|  |TAMS 0x000000008a200000, 0x000000008a200000| Untracked 
| 163|0x000000008a300000, 0x000000008a300000, 0x000000008a400000|  0%| F|  |TAMS 0x000000008a300000, 0x000000008a300000| Untracked 
| 164|0x000000008a400000, 0x000000008a400000, 0x000000008a500000|  0%| F|  |TAMS 0x000000008a400000, 0x000000008a400000| Untracked 
| 165|0x000000008a500000, 0x000000008a500000, 0x000000008a600000|  0%| F|  |TAMS 0x000000008a500000, 0x000000008a500000| Untracked 
| 166|0x000000008a600000, 0x000000008a600000, 0x000000008a700000|  0%| F|  |TAMS 0x000000008a600000, 0x000000008a600000| Untracked 
| 167|0x000000008a700000, 0x000000008a700000, 0x000000008a800000|  0%| F|  |TAMS 0x000000008a700000, 0x000000008a700000| Untracked 
| 168|0x000000008a800000, 0x000000008a800000, 0x000000008a900000|  0%| F|  |TAMS 0x000000008a800000, 0x000000008a800000| Untracked 
| 169|0x000000008a900000, 0x000000008a900000, 0x000000008aa00000|  0%| F|  |TAMS 0x000000008a900000, 0x000000008a900000| Untracked 
| 170|0x000000008aa00000, 0x000000008aa00000, 0x000000008ab00000|  0%| F|  |TAMS 0x000000008aa00000, 0x000000008aa00000| Untracked 
| 171|0x000000008ab00000, 0x000000008ab00000, 0x000000008ac00000|  0%| F|  |TAMS 0x000000008ab00000, 0x000000008ab00000| Untracked 
| 172|0x000000008ac00000, 0x000000008ac00000, 0x000000008ad00000|  0%| F|  |TAMS 0x000000008ac00000, 0x000000008ac00000| Untracked 
| 173|0x000000008ad00000, 0x000000008ad00000, 0x000000008ae00000|  0%| F|  |TAMS 0x000000008ad00000, 0x000000008ad00000| Untracked 
| 174|0x000000008ae00000, 0x000000008ae00000, 0x000000008af00000|  0%| F|  |TAMS 0x000000008ae00000, 0x000000008ae00000| Untracked 
| 175|0x000000008af00000, 0x000000008af00000, 0x000000008b000000|  0%| F|  |TAMS 0x000000008af00000, 0x000000008af00000| Untracked 
| 176|0x000000008b000000, 0x000000008b000000, 0x000000008b100000|  0%| F|  |TAMS 0x000000008b000000, 0x000000008b000000| Untracked 
| 177|0x000000008b100000, 0x000000008b100000, 0x000000008b200000|  0%| F|  |TAMS 0x000000008b100000, 0x000000008b100000| Untracked 
| 178|0x000000008b200000, 0x000000008b200000, 0x000000008b300000|  0%| F|  |TAMS 0x000000008b200000, 0x000000008b200000| Untracked 
| 179|0x000000008b300000, 0x000000008b300000, 0x000000008b400000|  0%| F|  |TAMS 0x000000008b300000, 0x000000008b300000| Untracked 
| 180|0x000000008b400000, 0x000000008b400000, 0x000000008b500000|  0%| F|  |TAMS 0x000000008b400000, 0x000000008b400000| Untracked 
| 181|0x000000008b500000, 0x000000008b500000, 0x000000008b600000|  0%| F|  |TAMS 0x000000008b500000, 0x000000008b500000| Untracked 
| 182|0x000000008b600000, 0x000000008b600000, 0x000000008b700000|  0%| F|  |TAMS 0x000000008b600000, 0x000000008b600000| Untracked 
| 183|0x000000008b700000, 0x000000008b700000, 0x000000008b800000|  0%| F|  |TAMS 0x000000008b700000, 0x000000008b700000| Untracked 
| 184|0x000000008b800000, 0x000000008b800000, 0x000000008b900000|  0%| F|  |TAMS 0x000000008b800000, 0x000000008b800000| Untracked 
| 185|0x000000008b900000, 0x000000008b900000, 0x000000008ba00000|  0%| F|  |TAMS 0x000000008b900000, 0x000000008b900000| Untracked 
| 186|0x000000008ba00000, 0x000000008ba00000, 0x000000008bb00000|  0%| F|  |TAMS 0x000000008ba00000, 0x000000008ba00000| Untracked 
| 187|0x000000008bb00000, 0x000000008bb00000, 0x000000008bc00000|  0%| F|  |TAMS 0x000000008bb00000, 0x000000008bb00000| Untracked 
| 188|0x000000008bc00000, 0x000000008bc00000, 0x000000008bd00000|  0%| F|  |TAMS 0x000000008bc00000, 0x000000008bc00000| Untracked 
| 189|0x000000008bd00000, 0x000000008bd00000, 0x000000008be00000|  0%| F|  |TAMS 0x000000008bd00000, 0x000000008bd00000| Untracked 
| 190|0x000000008be00000, 0x000000008be00000, 0x000000008bf00000|  0%| F|  |TAMS 0x000000008be00000, 0x000000008be00000| Untracked 
| 191|0x000000008bf00000, 0x000000008bf00000, 0x000000008c000000|  0%| F|  |TAMS 0x000000008bf00000, 0x000000008bf00000| Untracked 
| 192|0x000000008c000000, 0x000000008c000000, 0x000000008c100000|  0%| F|  |TAMS 0x000000008c000000, 0x000000008c000000| Untracked 
| 193|0x000000008c100000, 0x000000008c100000, 0x000000008c200000|  0%| F|  |TAMS 0x000000008c100000, 0x000000008c100000| Untracked 
| 194|0x000000008c200000, 0x000000008c200000, 0x000000008c300000|  0%| F|  |TAMS 0x000000008c200000, 0x000000008c200000| Untracked 
| 195|0x000000008c300000, 0x000000008c300000, 0x000000008c400000|  0%| F|  |TAMS 0x000000008c300000, 0x000000008c300000| Untracked 
| 196|0x000000008c400000, 0x000000008c400000, 0x000000008c500000|  0%| F|  |TAMS 0x000000008c400000, 0x000000008c400000| Untracked 
| 197|0x000000008c500000, 0x000000008c500000, 0x000000008c600000|  0%| F|  |TAMS 0x000000008c500000, 0x000000008c500000| Untracked 
| 198|0x000000008c600000, 0x000000008c600000, 0x000000008c700000|  0%| F|  |TAMS 0x000000008c600000, 0x000000008c600000| Untracked 
| 199|0x000000008c700000, 0x000000008c700000, 0x000000008c800000|  0%| F|  |TAMS 0x000000008c700000, 0x000000008c700000| Untracked 
| 200|0x000000008c800000, 0x000000008c800000, 0x000000008c900000|  0%| F|  |TAMS 0x000000008c800000, 0x000000008c800000| Untracked 
| 201|0x000000008c900000, 0x000000008c900000, 0x000000008ca00000|  0%| F|  |TAMS 0x000000008c900000, 0x000000008c900000| Untracked 
| 202|0x000000008ca00000, 0x000000008ca00000, 0x000000008cb00000|  0%| F|  |TAMS 0x000000008ca00000, 0x000000008ca00000| Untracked 
| 203|0x000000008cb00000, 0x000000008cb00000, 0x000000008cc00000|  0%| F|  |TAMS 0x000000008cb00000, 0x000000008cb00000| Untracked 
| 204|0x000000008cc00000, 0x000000008cc00000, 0x000000008cd00000|  0%| F|  |TAMS 0x000000008cc00000, 0x000000008cc00000| Untracked 
| 205|0x000000008cd00000, 0x000000008cd00000, 0x000000008ce00000|  0%| F|  |TAMS 0x000000008cd00000, 0x000000008cd00000| Untracked 
| 206|0x000000008ce00000, 0x000000008ce00000, 0x000000008cf00000|  0%| F|  |TAMS 0x000000008ce00000, 0x000000008ce00000| Untracked 
| 207|0x000000008cf00000, 0x000000008cf00000, 0x000000008d000000|  0%| F|  |TAMS 0x000000008cf00000, 0x000000008cf00000| Untracked 
| 208|0x000000008d000000, 0x000000008d000000, 0x000000008d100000|  0%| F|  |TAMS 0x000000008d000000, 0x000000008d000000| Untracked 
| 209|0x000000008d100000, 0x000000008d100000, 0x000000008d200000|  0%| F|  |TAMS 0x000000008d100000, 0x000000008d100000| Untracked 
| 210|0x000000008d200000, 0x000000008d200000, 0x000000008d300000|  0%| F|  |TAMS 0x000000008d200000, 0x000000008d200000| Untracked 
| 211|0x000000008d300000, 0x000000008d300000, 0x000000008d400000|  0%| F|  |TAMS 0x000000008d300000, 0x000000008d300000| Untracked 
| 212|0x000000008d400000, 0x000000008d400000, 0x000000008d500000|  0%| F|  |TAMS 0x000000008d400000, 0x000000008d400000| Untracked 
| 213|0x000000008d500000, 0x000000008d500000, 0x000000008d600000|  0%| F|  |TAMS 0x000000008d500000, 0x000000008d500000| Untracked 
| 214|0x000000008d600000, 0x000000008d600000, 0x000000008d700000|  0%| F|  |TAMS 0x000000008d600000, 0x000000008d600000| Untracked 
| 215|0x000000008d700000, 0x000000008d700000, 0x000000008d800000|  0%| F|  |TAMS 0x000000008d700000, 0x000000008d700000| Untracked 
| 216|0x000000008d800000, 0x000000008d800000, 0x000000008d900000|  0%| F|  |TAMS 0x000000008d800000, 0x000000008d800000| Untracked 
| 217|0x000000008d900000, 0x000000008d900000, 0x000000008da00000|  0%| F|  |TAMS 0x000000008d900000, 0x000000008d900000| Untracked 
| 218|0x000000008da00000, 0x000000008da00000, 0x000000008db00000|  0%| F|  |TAMS 0x000000008da00000, 0x000000008da00000| Untracked 
| 219|0x000000008db00000, 0x000000008db00000, 0x000000008dc00000|  0%| F|  |TAMS 0x000000008db00000, 0x000000008db00000| Untracked 
| 220|0x000000008dc00000, 0x000000008dc00000, 0x000000008dd00000|  0%| F|  |TAMS 0x000000008dc00000, 0x000000008dc00000| Untracked 
| 221|0x000000008dd00000, 0x000000008dd00000, 0x000000008de00000|  0%| F|  |TAMS 0x000000008dd00000, 0x000000008dd00000| Untracked 
| 222|0x000000008de00000, 0x000000008de00000, 0x000000008df00000|  0%| F|  |TAMS 0x000000008de00000, 0x000000008de00000| Untracked 
| 223|0x000000008df00000, 0x000000008df00000, 0x000000008e000000|  0%| F|  |TAMS 0x000000008df00000, 0x000000008df00000| Untracked 
| 224|0x000000008e000000, 0x000000008e000000, 0x000000008e100000|  0%| F|  |TAMS 0x000000008e000000, 0x000000008e000000| Untracked 
| 225|0x000000008e100000, 0x000000008e100000, 0x000000008e200000|  0%| F|  |TAMS 0x000000008e100000, 0x000000008e100000| Untracked 
| 226|0x000000008e200000, 0x000000008e200000, 0x000000008e300000|  0%| F|  |TAMS 0x000000008e200000, 0x000000008e200000| Untracked 
| 227|0x000000008e300000, 0x000000008e300000, 0x000000008e400000|  0%| F|  |TAMS 0x000000008e300000, 0x000000008e300000| Untracked 
| 228|0x000000008e400000, 0x000000008e400000, 0x000000008e500000|  0%| F|  |TAMS 0x000000008e400000, 0x000000008e400000| Untracked 
| 229|0x000000008e500000, 0x000000008e500000, 0x000000008e600000|  0%| F|  |TAMS 0x000000008e500000, 0x000000008e500000| Untracked 
| 230|0x000000008e600000, 0x000000008e600000, 0x000000008e700000|  0%| F|  |TAMS 0x000000008e600000, 0x000000008e600000| Untracked 
| 231|0x000000008e700000, 0x000000008e700000, 0x000000008e800000|  0%| F|  |TAMS 0x000000008e700000, 0x000000008e700000| Untracked 
| 232|0x000000008e800000, 0x000000008e800000, 0x000000008e900000|  0%| F|  |TAMS 0x000000008e800000, 0x000000008e800000| Untracked 
| 233|0x000000008e900000, 0x000000008e900000, 0x000000008ea00000|  0%| F|  |TAMS 0x000000008e900000, 0x000000008e900000| Untracked 
| 234|0x000000008ea00000, 0x000000008ea00000, 0x000000008eb00000|  0%| F|  |TAMS 0x000000008ea00000, 0x000000008ea00000| Untracked 
| 235|0x000000008eb00000, 0x000000008eb00000, 0x000000008ec00000|  0%| F|  |TAMS 0x000000008eb00000, 0x000000008eb00000| Untracked 
| 236|0x000000008ec00000, 0x000000008ec00000, 0x000000008ed00000|  0%| F|  |TAMS 0x000000008ec00000, 0x000000008ec00000| Untracked 
| 237|0x000000008ed00000, 0x000000008ed00000, 0x000000008ee00000|  0%| F|  |TAMS 0x000000008ed00000, 0x000000008ed00000| Untracked 
| 238|0x000000008ee00000, 0x000000008ee00000, 0x000000008ef00000|  0%| F|  |TAMS 0x000000008ee00000, 0x000000008ee00000| Untracked 
| 239|0x000000008ef00000, 0x000000008ef00000, 0x000000008f000000|  0%| F|  |TAMS 0x000000008ef00000, 0x000000008ef00000| Untracked 
| 240|0x000000008f000000, 0x000000008f000000, 0x000000008f100000|  0%| F|  |TAMS 0x000000008f000000, 0x000000008f000000| Untracked 
| 241|0x000000008f100000, 0x000000008f100000, 0x000000008f200000|  0%| F|  |TAMS 0x000000008f100000, 0x000000008f100000| Untracked 
| 242|0x000000008f200000, 0x000000008f200000, 0x000000008f300000|  0%| F|  |TAMS 0x000000008f200000, 0x000000008f200000| Untracked 
| 243|0x000000008f300000, 0x000000008f300000, 0x000000008f400000|  0%| F|  |TAMS 0x000000008f300000, 0x000000008f300000| Untracked 
| 244|0x000000008f400000, 0x000000008f400000, 0x000000008f500000|  0%| F|  |TAMS 0x000000008f400000, 0x000000008f400000| Untracked 
| 245|0x000000008f500000, 0x000000008f500000, 0x000000008f600000|  0%| F|  |TAMS 0x000000008f500000, 0x000000008f500000| Untracked 
| 246|0x000000008f600000, 0x000000008f600000, 0x000000008f700000|  0%| F|  |TAMS 0x000000008f600000, 0x000000008f600000| Untracked 
| 247|0x000000008f700000, 0x000000008f700000, 0x000000008f800000|  0%| F|  |TAMS 0x000000008f700000, 0x000000008f700000| Untracked 
| 248|0x000000008f800000, 0x000000008f800000, 0x000000008f900000|  0%| F|  |TAMS 0x000000008f800000, 0x000000008f800000| Untracked 
| 249|0x000000008f900000, 0x000000008f980800, 0x000000008fa00000| 50%| E|  |TAMS 0x000000008f900000, 0x000000008f900000| Complete 
| 250|0x000000008fa00000, 0x000000008fb00000, 0x000000008fb00000|100%| E|CS|TAMS 0x000000008fa00000, 0x000000008fa00000| Complete 
| 251|0x000000008fb00000, 0x000000008fc00000, 0x000000008fc00000|100%| E|CS|TAMS 0x000000008fb00000, 0x000000008fb00000| Complete 
| 252|0x000000008fc00000, 0x000000008fd00000, 0x000000008fd00000|100%| E|CS|TAMS 0x000000008fc00000, 0x000000008fc00000| Complete 
| 253|0x000000008fd00000, 0x000000008fe00000, 0x000000008fe00000|100%| E|CS|TAMS 0x000000008fd00000, 0x000000008fd00000| Complete 
| 254|0x000000008fe00000, 0x000000008ff00000, 0x000000008ff00000|100%| E|CS|TAMS 0x000000008fe00000, 0x000000008fe00000| Complete 
| 255|0x000000008ff00000, 0x0000000090000000, 0x0000000090000000|100%| E|CS|TAMS 0x000000008ff00000, 0x000000008ff00000| Complete 

Card table byte_map: [0x000001e67f5c0000,0x000001e67f9c0000] _byte_map_base: 0x000001e67f1c0000

Marking Bits (Prev, Next): (CMBitMap*) 0x000001e67f1226d0, (CMBitMap*) 0x000001e67f122690
 Prev Bits: [0x000001e618730000, 0x000001e61a730000)
 Next Bits: [0x000001e616730000, 0x000001e618730000)

Polling page: 0x000001e67e8c0000

Metaspace:

Usage:
  Non-class:     68.68 MB used.
      Class:      9.33 MB used.
       Both:     78.01 MB used.

Virtual space:
  Non-class space:       72.00 MB reserved,      69.88 MB ( 97%) committed,  9 nodes.
      Class space:        1.00 GB reserved,      10.25 MB (  1%) committed,  1 nodes.
             Both:        1.07 GB reserved,      80.12 MB (  7%) committed. 

Chunk freelists:
   Non-Class:  1.76 MB
       Class:  1.71 MB
        Both:  3.46 MB

MaxMetaspaceSize: unlimited
CompressedClassSpaceSize: 1.00 GB
Initial GC threshold: 21.00 MB
Current GC threshold: 100.56 MB
CDS: on
MetaspaceReclaimPolicy: balanced
 - commit_granule_bytes: 65536.
 - commit_granule_words: 8192.
 - virtual_space_node_default_size: 1048576.
 - enlarge_chunks_in_place: 1.
 - new_chunks_are_fully_committed: 0.
 - uncommit_free_chunks: 1.
 - use_allocation_guard: 0.
 - handle_deallocations: 1.


Internal statistics:

num_allocs_failed_limit: 16.
num_arena_births: 752.
num_arena_deaths: 0.
num_vsnodes_births: 10.
num_vsnodes_deaths: 0.
num_space_committed: 1282.
num_space_uncommitted: 0.
num_chunks_returned_to_freelist: 16.
num_chunks_taken_from_freelist: 4705.
num_chunk_merges: 16.
num_chunk_splits: 2913.
num_chunks_enlarged: 1629.
num_purges: 0.
num_inconsistent_stats: 0.

CodeHeap 'non-profiled nmethods': size=120000Kb used=5225Kb max_used=5225Kb free=114775Kb
 bounds [0x000001e60f200000, 0x000001e60f720000, 0x000001e616730000]
CodeHeap 'profiled nmethods': size=120000Kb used=18353Kb max_used=18353Kb free=101646Kb
 bounds [0x000001e607cd0000, 0x000001e608ec0000, 0x000001e60f200000]
CodeHeap 'non-nmethods': size=5760Kb used=1552Kb max_used=1636Kb free=4207Kb
 bounds [0x000001e607730000, 0x000001e6079a0000, 0x000001e607cd0000]
 total_blobs=9654 nmethods=8719 adapters=844
 compilation: enabled
              stopped_count=0, restarted_count=0
 full_count=0

Compilation events (20 events):
Event: 1582.478 Thread 0x000001e61ca3dee0 10228   !   3       org.eclipse.ui.themes.ColorUtil::process (59 bytes)
Event: 1582.478 Thread 0x000001e61ca3dee0 nmethod 10228 0x000001e608eb3a90 code [0x000001e608eb3d20, 0x000001e608eb4558]
Event: 1582.478 Thread 0x000001e61ca3dee0 10232       3       org.eclipse.jface.preference.PreferenceConverter::setDefault (12 bytes)
Event: 1582.479 Thread 0x000001e61ca3dee0 nmethod 10232 0x000001e608eb4a90 code [0x000001e608eb4c60, 0x000001e608eb5068]
Event: 1582.479 Thread 0x000001e61ca3dee0 10231       3       org.eclipse.ui.internal.themes.ThemeElementHelper::installColor (178 bytes)
Event: 1582.481 Thread 0x000001e61ca3dee0 nmethod 10231 0x000001e608eb5290 code [0x000001e608eb56e0, 0x000001e608eb75c8]
Event: 1582.481 Thread 0x000001e61ca3dee0 10233       3       org.eclipse.ui.internal.themes.Theme::getId (22 bytes)
Event: 1582.481 Thread 0x000001e61ca3dee0 nmethod 10233 0x000001e608eb8110 code [0x000001e608eb82c0, 0x000001e608eb84b8]
Event: 1582.481 Thread 0x000001e61ca3dee0 10234       3       org.eclipse.ui.internal.themes.ThemeElementHelper::createPreferenceKey (42 bytes)
Event: 1582.482 Thread 0x000001e61ca3dee0 nmethod 10234 0x000001e608eb8590 code [0x000001e608eb8800, 0x000001e608eb90e8]
Event: 1582.482 Thread 0x000001e61ca3dee0 10235       3       org.eclipse.jface.preference.PreferenceConverter::getColor (11 bytes)
Event: 1582.482 Thread 0x000001e61ca3dee0 nmethod 10235 0x000001e608eb9490 code [0x000001e608eb9680, 0x000001e608eb9aa8]
Event: 1582.482 Thread 0x000001e61ca3dee0 10226       3       java.lang.ClassLoader::checkCreateClassLoader (35 bytes)
Event: 1582.482 Thread 0x000001e61ca3dee0 nmethod 10226 0x000001e608eb9c90 code [0x000001e608eb9e80, 0x000001e608eba4b8]
Event: 1582.482 Thread 0x000001e61ca3dee0 10227       3       java.lang.ClassLoader::<init> (162 bytes)
Event: 1582.483 Thread 0x000001e61ca3dee0 nmethod 10227 0x000001e608eba710 code [0x000001e608ebaa00, 0x000001e608ebbfa8]
Event: 1582.484 Thread 0x000001e61ca3c9c0 nmethod 10223 0x000001e60f718210 code [0x000001e60f7183c0, 0x000001e60f718f28]
Event: 1582.484 Thread 0x000001e61ca3c9c0 10224       4       java.util.TimSort::binarySort (223 bytes)
Event: 1582.492 Thread 0x000001e61ca3c9c0 nmethod 10224 0x000001e60f719410 code [0x000001e60f7195a0, 0x000001e60f719ff8]
Event: 1582.492 Thread 0x000001e61ca3c9c0 10230       4       org.eclipse.core.internal.registry.ConfigurationElementHandle::getChildren (174 bytes)

GC Heap History (20 events):
Event: 0.780 GC heap before
{Heap before GC invocations=1 (full 0):
 garbage-first heap   total 262144K, used 17976K [0x0000000080000000, 0x0000000100000000)
  region size 1024K, 17 young (17408K), 2 survivors (2048K)
 Metaspace       used 6520K, committed 6656K, reserved 1056768K
  class space    used 625K, committed 704K, reserved 1048576K
}
Event: 0.787 GC heap after
{Heap after GC invocations=2 (full 0):
 garbage-first heap   total 262144K, used 8873K [0x0000000080000000, 0x0000000100000000)
  region size 1024K, 3 young (3072K), 3 survivors (3072K)
 Metaspace       used 6520K, committed 6656K, reserved 1056768K
  class space    used 625K, committed 704K, reserved 1048576K
}
Event: 1.108 GC heap before
{Heap before GC invocations=2 (full 0):
 garbage-first heap   total 262144K, used 23209K [0x0000000080000000, 0x0000000100000000)
  region size 1024K, 17 young (17408K), 3 survivors (3072K)
 Metaspace       used 10373K, committed 10752K, reserved 1064960K
  class space    used 1046K, committed 1216K, reserved 1048576K
}
Event: 1.112 GC heap after
{Heap after GC invocations=3 (full 0):
 garbage-first heap   total 262144K, used 10654K [0x0000000080000000, 0x0000000100000000)
  region size 1024K, 2 young (2048K), 2 survivors (2048K)
 Metaspace       used 10373K, committed 10752K, reserved 1064960K
  class space    used 1046K, committed 1216K, reserved 1048576K
}
Event: 2.358 GC heap before
{Heap before GC invocations=3 (full 0):
 garbage-first heap   total 262144K, used 49566K [0x0000000080000000, 0x0000000100000000)
  region size 1024K, 42 young (43008K), 2 survivors (2048K)
 Metaspace       used 20717K, committed 21504K, reserved 1073152K
  class space    used 2120K, committed 2432K, reserved 1048576K
}
Event: 2.364 GC heap after
{Heap after GC invocations=4 (full 0):
 garbage-first heap   total 262144K, used 17733K [0x0000000080000000, 0x0000000100000000)
  region size 1024K, 6 young (6144K), 6 survivors (6144K)
 Metaspace       used 20717K, committed 21504K, reserved 1073152K
  class space    used 2120K, committed 2432K, reserved 1048576K
}
Event: 4.010 GC heap before
{Heap before GC invocations=5 (full 0):
 garbage-first heap   total 262144K, used 81221K [0x0000000080000000, 0x0000000100000000)
  region size 1024K, 67 young (68608K), 6 survivors (6144K)
 Metaspace       used 33375K, committed 34496K, reserved 1081344K
  class space    used 3896K, committed 4352K, reserved 1048576K
}
Event: 4.025 GC heap after
{Heap after GC invocations=6 (full 0):
 garbage-first heap   total 262144K, used 26152K [0x0000000080000000, 0x0000000100000000)
  region size 1024K, 9 young (9216K), 9 survivors (9216K)
 Metaspace       used 33375K, committed 34496K, reserved 1081344K
  class space    used 3896K, committed 4352K, reserved 1048576K
}
Event: 4.044 GC heap before
{Heap before GC invocations=6 (full 0):
 garbage-first heap   total 262144K, used 29224K [0x0000000080000000, 0x0000000100000000)
  region size 1024K, 12 young (12288K), 9 survivors (9216K)
 Metaspace       used 33403K, committed 34560K, reserved 1081344K
  class space    used 3900K, committed 4352K, reserved 1048576K
}
Event: 4.052 GC heap after
{Heap after GC invocations=7 (full 0):
 garbage-first heap   total 262144K, used 27508K [0x0000000080000000, 0x0000000100000000)
  region size 1024K, 2 young (2048K), 2 survivors (2048K)
 Metaspace       used 33403K, committed 34560K, reserved 1081344K
  class space    used 3900K, committed 4352K, reserved 1048576K
}
Event: 4.326 GC heap before
{Heap before GC invocations=7 (full 0):
 garbage-first heap   total 262144K, used 62324K [0x0000000080000000, 0x0000000100000000)
  region size 1024K, 31 young (31744K), 2 survivors (2048K)
 Metaspace       used 35284K, committed 36416K, reserved 1081344K
  class space    used 4103K, committed 4608K, reserved 1048576K
}
Event: 4.332 GC heap after
{Heap after GC invocations=8 (full 0):
 garbage-first heap   total 262144K, used 32824K [0x0000000080000000, 0x0000000100000000)
  region size 1024K, 6 young (6144K), 6 survivors (6144K)
 Metaspace       used 35284K, committed 36416K, reserved 1081344K
  class space    used 4103K, committed 4608K, reserved 1048576K
}
Event: 7.251 GC heap before
{Heap before GC invocations=9 (full 0):
 garbage-first heap   total 262144K, used 149560K [0x0000000080000000, 0x0000000100000000)
  region size 1024K, 122 young (124928K), 6 survivors (6144K)
 Metaspace       used 59814K, committed 61440K, reserved 1105920K
  class space    used 7061K, committed 7744K, reserved 1048576K
}
Event: 7.262 GC heap after
{Heap after GC invocations=10 (full 0):
 garbage-first heap   total 262144K, used 44487K [0x0000000080000000, 0x0000000100000000)
  region size 1024K, 18 young (18432K), 18 survivors (18432K)
 Metaspace       used 59814K, committed 61440K, reserved 1105920K
  class space    used 7061K, committed 7744K, reserved 1048576K
}
Event: 14.138 GC heap before
{Heap before GC invocations=11 (full 0):
 garbage-first heap   total 262144K, used 179655K [0x0000000080000000, 0x0000000100000000)
  region size 1024K, 145 young (148480K), 18 survivors (18432K)
 Metaspace       used 76171K, committed 78272K, reserved 1122304K
  class space    used 9084K, committed 9920K, reserved 1048576K
}
Event: 14.161 GC heap after
{Heap after GC invocations=12 (full 0):
 garbage-first heap   total 262144K, used 62378K [0x0000000080000000, 0x0000000100000000)
  region size 1024K, 17 young (17408K), 17 survivors (17408K)
 Metaspace       used 76171K, committed 78272K, reserved 1122304K
  class space    used 9084K, committed 9920K, reserved 1048576K
}
Event: 14.200 GC heap before
{Heap before GC invocations=12 (full 0):
 garbage-first heap   total 262144K, used 63402K [0x0000000080000000, 0x0000000100000000)
  region size 1024K, 18 young (18432K), 17 survivors (17408K)
 Metaspace       used 76341K, committed 78400K, reserved 1122304K
  class space    used 9109K, committed 9920K, reserved 1048576K
}
Event: 14.210 GC heap after
{Heap after GC invocations=13 (full 0):
 garbage-first heap   total 262144K, used 63472K [0x0000000080000000, 0x0000000100000000)
  region size 1024K, 2 young (2048K), 2 survivors (2048K)
 Metaspace       used 76341K, committed 78400K, reserved 1122304K
  class space    used 9109K, committed 9920K, reserved 1048576K
}
Event: 304.022 GC heap before
{Heap before GC invocations=13 (full 0):
 garbage-first heap   total 262144K, used 188400K [0x0000000080000000, 0x0000000100000000)
  region size 1024K, 120 young (122880K), 2 survivors (2048K)
 Metaspace       used 79713K, committed 81920K, reserved 1122304K
  class space    used 9544K, committed 10496K, reserved 1048576K
}
Event: 304.035 GC heap after
{Heap after GC invocations=14 (full 0):
 garbage-first heap   total 262144K, used 77570K [0x0000000080000000, 0x0000000100000000)
  region size 1024K, 14 young (14336K), 14 survivors (14336K)
 Metaspace       used 79713K, committed 81920K, reserved 1122304K
  class space    used 9544K, committed 10496K, reserved 1048576K
}

Deoptimization events (20 events):
Event: 1582.472 Thread 0x000001e67d02dfb0 Uncommon trap: trap_request=0xffffffd6 fr.pc=0x000001e60f713214 relative=0x0000000000001a34
Event: 1582.472 Thread 0x000001e67d02dfb0 Uncommon trap: reason=array_check action=maybe_recompile pc=0x000001e60f713214 method=org.eclipse.core.internal.registry.RegistryObjectManager.getObjects([IB)[Lorg/eclipse/core/internal/registry/RegistryObject; @ 125 c2
Event: 1582.472 Thread 0x000001e67d02dfb0 DEOPT PACKING pc=0x000001e60f713214 sp=0x000000245cbfcb20
Event: 1582.472 Thread 0x000001e67d02dfb0 DEOPT UNPACKING pc=0x000001e6077823a3 sp=0x000000245cbfca68 mode 2
Event: 1582.472 Thread 0x000001e67d02dfb0 Uncommon trap: trap_request=0xffffffd6 fr.pc=0x000001e60f710a24 relative=0x0000000000000784
Event: 1582.472 Thread 0x000001e67d02dfb0 Uncommon trap: reason=array_check action=maybe_recompile pc=0x000001e60f710a24 method=java.util.TimSort.binarySort([Ljava/lang/Object;IIILjava/util/Comparator;)V @ 215 c2
Event: 1582.472 Thread 0x000001e67d02dfb0 DEOPT PACKING pc=0x000001e60f710a24 sp=0x000000245cbfca50
Event: 1582.472 Thread 0x000001e67d02dfb0 DEOPT UNPACKING pc=0x000001e6077823a3 sp=0x000000245cbfca08 mode 2
Event: 1582.472 Thread 0x000001e67d02dfb0 Uncommon trap: trap_request=0xffffffd6 fr.pc=0x000001e60f713214 relative=0x0000000000001a34
Event: 1582.472 Thread 0x000001e67d02dfb0 Uncommon trap: reason=array_check action=maybe_recompile pc=0x000001e60f713214 method=org.eclipse.core.internal.registry.RegistryObjectManager.getObjects([IB)[Lorg/eclipse/core/internal/registry/RegistryObject; @ 125 c2
Event: 1582.472 Thread 0x000001e67d02dfb0 DEOPT PACKING pc=0x000001e60f713214 sp=0x000000245cbfcb20
Event: 1582.472 Thread 0x000001e67d02dfb0 DEOPT UNPACKING pc=0x000001e6077823a3 sp=0x000000245cbfca68 mode 2
Event: 1582.472 Thread 0x000001e67d02dfb0 Uncommon trap: trap_request=0xffffffd6 fr.pc=0x000001e60f713214 relative=0x0000000000001a34
Event: 1582.472 Thread 0x000001e67d02dfb0 Uncommon trap: reason=array_check action=maybe_recompile pc=0x000001e60f713214 method=org.eclipse.core.internal.registry.RegistryObjectManager.getObjects([IB)[Lorg/eclipse/core/internal/registry/RegistryObject; @ 125 c2
Event: 1582.472 Thread 0x000001e67d02dfb0 DEOPT PACKING pc=0x000001e60f713214 sp=0x000000245cbfcaf0
Event: 1582.472 Thread 0x000001e67d02dfb0 DEOPT UNPACKING pc=0x000001e6077823a3 sp=0x000000245cbfca38 mode 2
Event: 1582.472 Thread 0x000001e67d02dfb0 Uncommon trap: trap_request=0xffffffd6 fr.pc=0x000001e60f713214 relative=0x0000000000001a34
Event: 1582.472 Thread 0x000001e67d02dfb0 Uncommon trap: reason=array_check action=maybe_recompile pc=0x000001e60f713214 method=org.eclipse.core.internal.registry.RegistryObjectManager.getObjects([IB)[Lorg/eclipse/core/internal/registry/RegistryObject; @ 125 c2
Event: 1582.472 Thread 0x000001e67d02dfb0 DEOPT PACKING pc=0x000001e60f713214 sp=0x000000245cbfcb00
Event: 1582.472 Thread 0x000001e67d02dfb0 DEOPT UNPACKING pc=0x000001e6077823a3 sp=0x000000245cbfca48 mode 2

Classes unloaded (0 events):
No events

Classes redefined (0 events):
No events

Internal exceptions (20 events):
Event: 11.020 Thread 0x000001e6262b0a90 Exception <a 'java/io/FileNotFoundException'{0x000000008b4c9ce0}> (0x000000008b4c9ce0) 
thrown [t:\workspace\open\src\hotspot\share\prims\jni.cpp, line 516]
Event: 11.050 Thread 0x000001e6262b0a90 Exception <a 'java/lang/NoSuchMethodError'{0x000000008b234fa0}: 'void java.lang.invoke.DirectMethodHandle$Holder.invokeVirtual(java.lang.Object, java.lang.Object, java.lang.Object, java.lang.Object)'> (0x000000008b234fa0) 
thrown [t:\workspace\open\src\hotspot\share\interpreter\linkResolver.cpp, line 766]
Event: 11.113 Thread 0x000001e6262af280 Exception <a 'java/io/FileNotFoundException'{0x000000008b0522b0}> (0x000000008b0522b0) 
thrown [t:\workspace\open\src\hotspot\share\prims\jni.cpp, line 516]
Event: 11.117 Thread 0x000001e6262af280 Exception <a 'java/io/FileNotFoundException'{0x000000008b072308}> (0x000000008b072308) 
thrown [t:\workspace\open\src\hotspot\share\prims\jni.cpp, line 516]
Event: 11.117 Thread 0x000001e6262af280 Exception <a 'java/io/FileNotFoundException'{0x000000008b073538}> (0x000000008b073538) 
thrown [t:\workspace\open\src\hotspot\share\prims\jni.cpp, line 516]
Event: 11.123 Thread 0x000001e6262af280 Exception <a 'java/io/FileNotFoundException'{0x000000008b0a83d8}> (0x000000008b0a83d8) 
thrown [t:\workspace\open\src\hotspot\share\prims\jni.cpp, line 516]
Event: 11.124 Thread 0x000001e6262af280 Exception <a 'java/io/FileNotFoundException'{0x000000008b0a95c8}> (0x000000008b0a95c8) 
thrown [t:\workspace\open\src\hotspot\share\prims\jni.cpp, line 516]
Event: 12.502 Thread 0x000001e6262af280 Exception <a 'java/io/FileNotFoundException'{0x000000008adddbe0}> (0x000000008adddbe0) 
thrown [t:\workspace\open\src\hotspot\share\prims\jni.cpp, line 516]
Event: 12.526 Thread 0x000001e6262af280 Exception <a 'java/lang/NoClassDefFoundError'{0x000000008ac87980}: org/apache/log4j/Priority> (0x000000008ac87980) 
thrown [t:\workspace\open\src\hotspot\share\classfile\systemDictionary.cpp, line 245]
Event: 12.559 Thread 0x000001e6262af280 Exception <a 'sun/nio/fs/WindowsException'{0x000000008ab16b88}> (0x000000008ab16b88) 
thrown [t:\workspace\open\src\hotspot\share\prims\jni.cpp, line 516]
Event: 12.807 Thread 0x000001e6262af280 Implicit null exception at 0x000001e60f404b71 to 0x000001e60f405404
Event: 13.186 Thread 0x000001e6262af280 Exception <a 'java/lang/reflect/InvocationTargetException'{0x000000008878c768}> (0x000000008878c768) 
thrown [t:\workspace\open\src\hotspot\share\runtime\reflection.cpp, line 1121]
Event: 13.729 Thread 0x000001e6262af280 Implicit null exception at 0x000001e60f55ff67 to 0x000001e60f560010
Event: 14.138 Thread 0x000001e6262af280 Exception <a 'java/lang/reflect/InvocationTargetException'{0x0000000086fff800}> (0x0000000086fff800) 
thrown [t:\workspace\open\src\hotspot\share\runtime\reflection.cpp, line 1121]
Event: 14.199 Thread 0x000001e6262af280 Exception <a 'java/io/FileNotFoundException'{0x000000008ffe9d58}> (0x000000008ffe9d58) 
thrown [t:\workspace\open\src\hotspot\share\prims\jni.cpp, line 516]
Event: 14.292 Thread 0x000001e6262b1900 Exception <a 'java/lang/reflect/InvocationTargetException'{0x000000008fa149b0}> (0x000000008fa149b0) 
thrown [t:\workspace\open\src\hotspot\share\runtime\reflection.cpp, line 1121]
Event: 14.423 Thread 0x000001e6262af280 Exception <a 'java/lang/reflect/InvocationTargetException'{0x000000008e40ef90}> (0x000000008e40ef90) 
thrown [t:\workspace\open\src\hotspot\share\runtime\reflection.cpp, line 1121]
Event: 14.425 Thread 0x000001e6262af750 Exception <a 'java/lang/reflect/InvocationTargetException'{0x000000008e6d0fc8}> (0x000000008e6d0fc8) 
thrown [t:\workspace\open\src\hotspot\share\runtime\reflection.cpp, line 1121]
Event: 15.700 Thread 0x000001e6262ada70 Exception <a 'sun/nio/fs/WindowsException'{0x0000000088ea6c10}> (0x0000000088ea6c10) 
thrown [t:\workspace\open\src\hotspot\share\prims\jni.cpp, line 516]
Event: 27.449 Thread 0x000001e6262b0a90 Exception <a 'java/io/FileNotFoundException'{0x0000000088d37298}> (0x0000000088d37298) 
thrown [t:\workspace\open\src\hotspot\share\prims\jni.cpp, line 516]

VM Operations (20 events):
Event: 1551.689 Executing VM operation: Cleanup
Event: 1551.693 Executing VM operation: Cleanup done
Event: 1553.693 Executing VM operation: Cleanup
Event: 1553.694 Executing VM operation: Cleanup done
Event: 1562.695 Executing VM operation: Cleanup
Event: 1562.695 Executing VM operation: Cleanup done
Event: 1569.697 Executing VM operation: Cleanup
Event: 1569.697 Executing VM operation: Cleanup done
Event: 1570.239 Executing VM operation: ICBufferFull
Event: 1570.239 Executing VM operation: ICBufferFull done
Event: 1572.239 Executing VM operation: Cleanup
Event: 1572.239 Executing VM operation: Cleanup done
Event: 1573.239 Executing VM operation: Cleanup
Event: 1573.239 Executing VM operation: Cleanup done
Event: 1574.240 Executing VM operation: Cleanup
Event: 1574.240 Executing VM operation: Cleanup done
Event: 1575.240 Executing VM operation: Cleanup
Event: 1575.240 Executing VM operation: Cleanup done
Event: 1581.242 Executing VM operation: Cleanup
Event: 1581.242 Executing VM operation: Cleanup done

Events (20 events):
Event: 87.423 Thread 0x000001e6262ad0d0 Thread exited: 0x000001e6262ad0d0
Event: 87.423 Thread 0x000001e6262ada70 Thread exited: 0x000001e6262ada70
Event: 87.423 Thread 0x000001e6262ac260 Thread exited: 0x000001e6262ac260
Event: 87.423 Thread 0x000001e6262ac730 Thread exited: 0x000001e6262ac730
Event: 87.423 Thread 0x000001e6262b1900 Thread exited: 0x000001e6262b1900
Event: 87.425 Thread 0x000001e6262aa0b0 Thread exited: 0x000001e6262aa0b0
Event: 87.470 Thread 0x000001e6262b0a90 Thread exited: 0x000001e6262b0a90
Event: 87.473 Thread 0x000001e6262af750 Thread exited: 0x000001e6262af750
Event: 87.473 Thread 0x000001e6262b00f0 Thread exited: 0x000001e6262b00f0
Event: 129.794 Thread 0x000001e620ca8e90 Thread exited: 0x000001e620ca8e90
Event: 189.794 Thread 0x000001e620caa6a0 Thread exited: 0x000001e620caa6a0
Event: 303.960 Thread 0x000001e61d5b6b90 Thread added: 0x000001e61d5b6b90
Event: 309.282 Thread 0x000001e61d5b6b90 Thread exited: 0x000001e61d5b6b90
Event: 1551.989 Thread 0x000001e61c9ea6b0 Thread added: 0x000001e61c9ea6b0
Event: 1551.994 Thread 0x000001e61d5b6b90 Thread added: 0x000001e61d5b6b90
Event: 1557.094 Thread 0x000001e61d5b6b90 Thread exited: 0x000001e61d5b6b90
Event: 1569.852 loading class java/lang/Throwable$WrappedPrintWriter
Event: 1569.852 loading class java/lang/Throwable$PrintStreamOrWriter
Event: 1569.853 loading class java/lang/Throwable$PrintStreamOrWriter done
Event: 1569.853 loading class java/lang/Throwable$WrappedPrintWriter done


Dynamic libraries:
0x00007ff6af0d0000 - 0x00007ff6af0e0000 	C:\Program Files\Java\jdk-17.0.1\bin\javaw.exe
0x00007ffcedc70000 - 0x00007ffcede65000 	C:\Windows\SYSTEM32\ntdll.dll
0x00007ffced7a0000 - 0x00007ffced85e000 	C:\Windows\System32\KERNEL32.DLL
0x00007ffceb380000 - 0x00007ffceb648000 	C:\Windows\System32\KERNELBASE.dll
0x00007ffcebae0000 - 0x00007ffcebbe0000 	C:\Windows\System32\ucrtbase.dll
0x00007ffce4330000 - 0x00007ffce4348000 	C:\Program Files\Java\jdk-17.0.1\bin\jli.dll
0x00007ffce3e10000 - 0x00007ffce3e2a000 	C:\Program Files\Java\jdk-17.0.1\bin\VCRUNTIME140.dll
0x00007ffcec310000 - 0x00007ffcec3be000 	C:\Windows\System32\ADVAPI32.dll
0x00007ffced0f0000 - 0x00007ffced18e000 	C:\Windows\System32\msvcrt.dll
0x00007ffcec560000 - 0x00007ffcec5fc000 	C:\Windows\System32\sechost.dll
0x00007ffced190000 - 0x00007ffced2b5000 	C:\Windows\System32\RPCRT4.dll
0x00007ffced990000 - 0x00007ffcedb31000 	C:\Windows\System32\USER32.dll
0x00007ffceb6b0000 - 0x00007ffceb6d2000 	C:\Windows\System32\win32u.dll
0x00007ffcdae80000 - 0x00007ffcdb11a000 	C:\Windows\WinSxS\amd64_microsoft.windows.common-controls_6595b64144ccf1df_6.0.19041.1110_none_60b5254171f9507e\COMCTL32.dll
0x00007ffced2e0000 - 0x00007ffced30b000 	C:\Windows\System32\GDI32.dll
0x00007ffceb890000 - 0x00007ffceb99d000 	C:\Windows\System32\gdi32full.dll
0x00007ffcebc10000 - 0x00007ffcebcad000 	C:\Windows\System32\msvcp_win.dll
0x00007ffce4700000 - 0x00007ffce470a000 	C:\Windows\SYSTEM32\VERSION.dll
0x00007ffcedba0000 - 0x00007ffcedbd0000 	C:\Windows\System32\IMM32.DLL
0x00007ffce8bc0000 - 0x00007ffce8bcc000 	C:\Program Files\Java\jdk-17.0.1\bin\vcruntime140_1.dll
0x00007ffce1c30000 - 0x00007ffce1cbd000 	C:\Program Files\Java\jdk-17.0.1\bin\msvcp140.dll
0x00007ffcae420000 - 0x00007ffcaefde000 	C:\Program Files\Java\jdk-17.0.1\bin\server\jvm.dll
0x00007ffcec210000 - 0x00007ffcec218000 	C:\Windows\System32\PSAPI.DLL
0x00007ffce6e10000 - 0x00007ffce6e19000 	C:\Windows\SYSTEM32\WSOCK32.dll
0x00007ffce40a0000 - 0x00007ffce40c7000 	C:\Windows\SYSTEM32\WINMM.dll
0x00007ffced3d0000 - 0x00007ffced43b000 	C:\Windows\System32\WS2_32.dll
0x00007ffce9290000 - 0x00007ffce92a2000 	C:\Windows\SYSTEM32\kernel.appcore.dll
0x00007ffce6220000 - 0x00007ffce622a000 	C:\Program Files\Java\jdk-17.0.1\bin\jimage.dll
0x00007ffce1620000 - 0x00007ffce1804000 	C:\Windows\SYSTEM32\DBGHELP.DLL
0x00007ffcda380000 - 0x00007ffcda3ac000 	C:\Windows\SYSTEM32\dbgcore.DLL
0x00007ffceba50000 - 0x00007ffcebad2000 	C:\Windows\System32\bcryptPrimitives.dll
0x00007ffce3de0000 - 0x00007ffce3e05000 	C:\Program Files\Java\jdk-17.0.1\bin\java.dll
0x00007ffce1220000 - 0x00007ffce12f6000 	C:\Program Files\Java\jdk-17.0.1\bin\svml.dll
0x00007ffcec9a0000 - 0x00007ffced0e4000 	C:\Windows\System32\SHELL32.dll
0x00007ffce9490000 - 0x00007ffce9c25000 	C:\Windows\SYSTEM32\windows.storage.dll
0x00007ffced440000 - 0x00007ffced795000 	C:\Windows\System32\combase.dll
0x00007ffceadd0000 - 0x00007ffceadfe000 	C:\Windows\SYSTEM32\Wldp.dll
0x00007ffced310000 - 0x00007ffced3bd000 	C:\Windows\System32\SHCORE.dll
0x00007ffcedbd0000 - 0x00007ffcedc25000 	C:\Windows\System32\shlwapi.dll
0x00007ffceb2c0000 - 0x00007ffceb2df000 	C:\Windows\SYSTEM32\profapi.dll
0x00007ffce15d0000 - 0x00007ffce15e9000 	C:\Program Files\Java\jdk-17.0.1\bin\net.dll
0x00007ffcde8b0000 - 0x00007ffcde9bc000 	C:\Windows\SYSTEM32\WINHTTP.dll
0x00007ffceab30000 - 0x00007ffceab9a000 	C:\Windows\system32\mswsock.dll
0x00007ffce1200000 - 0x00007ffce1215000 	C:\Program Files\Java\jdk-17.0.1\bin\nio.dll
0x00007ffce11e0000 - 0x00007ffce11f8000 	C:\Program Files\Java\jdk-17.0.1\bin\zip.dll
0x00007ffce55b0000 - 0x00007ffce55ee000 	C:\Users\guido\.p2\pool\plugins\org.eclipse.equinox.launcher.win32.win32.x86_64_1.2.400.v20211117-0650\eclipse_11602.dll
0x00007ffced860000 - 0x00007ffced98a000 	C:\Windows\System32\ole32.dll
0x00007ffce8db0000 - 0x00007ffce8e4e000 	C:\Windows\system32\uxtheme.dll
0x00007ffcec880000 - 0x00007ffcec995000 	C:\Windows\System32\MSCTF.dll
0x00007ffcec7b0000 - 0x00007ffcec87d000 	C:\Windows\System32\OLEAUT32.dll
0x00007ffcec3c0000 - 0x00007ffcec469000 	C:\Windows\System32\clbcatq.dll
0x00007ffcebbe0000 - 0x00007ffcebc07000 	C:\Windows\System32\bcrypt.dll
0x00007ffce0380000 - 0x00007ffce0479000 	C:\Windows\SYSTEM32\textinputframework.dll
0x00007ffce8770000 - 0x00007ffce8862000 	C:\Windows\System32\CoreMessaging.dll
0x00007ffce8410000 - 0x00007ffce876e000 	C:\Windows\System32\CoreUIComponents.dll
0x00007ffcea070000 - 0x00007ffcea0a3000 	C:\Windows\SYSTEM32\ntmarta.dll
0x00007ffce7d20000 - 0x00007ffce7e74000 	C:\Windows\SYSTEM32\wintypes.dll
0x00007ffcead20000 - 0x00007ffcead38000 	C:\Windows\SYSTEM32\CRYPTSP.dll
0x00007ffcea440000 - 0x00007ffcea474000 	C:\Windows\system32\rsaenh.dll
0x00007ffceb280000 - 0x00007ffceb2ae000 	C:\Windows\SYSTEM32\USERENV.dll
0x00007ffcead40000 - 0x00007ffcead4c000 	C:\Windows\SYSTEM32\CRYPTBASE.dll
0x00007ffcea7d0000 - 0x00007ffcea80b000 	C:\Windows\SYSTEM32\IPHLPAPI.DLL
0x00007ffcec220000 - 0x00007ffcec228000 	C:\Windows\System32\NSI.dll
0x00007ffce44e0000 - 0x00007ffce44f7000 	C:\Windows\SYSTEM32\dhcpcsvc6.DLL
0x00007ffce4a40000 - 0x00007ffce4a5d000 	C:\Windows\SYSTEM32\dhcpcsvc.DLL
0x00007ffcea810000 - 0x00007ffcea8db000 	C:\Windows\SYSTEM32\DNSAPI.dll
0x00007ffce55a0000 - 0x00007ffce55b0000 	C:\Program Files\Java\jdk-17.0.1\bin\verify.dll
0x00007ffcd8790000 - 0x00007ffcd884e000 	C:\Users\guido\eclipse\java-2021-12\eclipse\configuration\org.eclipse.osgi\332\0\.cp\swt-win32-4948r9.dll
0x00007ffcec130000 - 0x00007ffcec20a000 	C:\Windows\System32\COMDLG32.dll
0x00007ffcd1420000 - 0x00007ffcd1439000 	C:\Windows\SYSTEM32\USP10.dll
0x00007ffcdade0000 - 0x00007ffcdae75000 	C:\Windows\SYSTEM32\WINSPOOL.DRV
0x00007ffce2160000 - 0x00007ffce21c6000 	C:\Windows\SYSTEM32\OLEACC.dll
0x00007ffcdeec0000 - 0x00007ffcdf398000 	C:\Windows\SYSTEM32\WININET.dll
0x00007ffce6f30000 - 0x00007ffce7026000 	C:\Windows\SYSTEM32\PROPSYS.dll
0x00007ffcdfc60000 - 0x00007ffcdfe4b000 	C:\Windows\SYSTEM32\urlmon.dll
0x00007ffce8c50000 - 0x00007ffce8c57000 	C:\Windows\SYSTEM32\MSIMG32.dll
0x00007ffce90b0000 - 0x00007ffce90df000 	C:\Windows\SYSTEM32\dwmapi.dll
0x00007ffcdf9b0000 - 0x00007ffcdfc60000 	C:\Windows\SYSTEM32\iertutil.dll
0x00007ffce1560000 - 0x00007ffce1588000 	C:\Windows\SYSTEM32\srvcli.dll
0x00007ffcea8e0000 - 0x00007ffcea8ec000 	C:\Windows\SYSTEM32\netutils.dll
0x00007ffcd3100000 - 0x00007ffcd327e000 	C:\Windows\System32\TaskFlowDataEngine.dll
0x00007ffcda680000 - 0x00007ffcdab21000 	C:\Windows\System32\cdp.dll
0x00007ffceb6e0000 - 0x00007ffceb836000 	C:\Windows\System32\CRYPT32.dll
0x00007ffcea7b0000 - 0x00007ffcea7c2000 	C:\Windows\System32\UMPDC.dll
0x00007ffceb840000 - 0x00007ffceb88e000 	C:\Windows\System32\cfgmgr32.dll
0x00007ffce89b0000 - 0x00007ffce8aef000 	C:\Windows\System32\dsreg.dll
0x00007ffcea4d0000 - 0x00007ffcea55a000 	C:\Windows\System32\msvcp110_win.dll
0x00007ffcd7890000 - 0x00007ffcd790d000 	C:\Windows\System32\OneCoreCommonProxyStub.dll
0x00007ffce11b0000 - 0x00007ffce11d8000 	C:\Users\guido\eclipse\java-2021-12\eclipse\configuration\org.eclipse.osgi\332\0\.cp\swt-gdip-win32-4948r9.dll
0x00007ffcdb120000 - 0x00007ffcdb2c9000 	C:\Windows\WinSxS\amd64_microsoft.windows.gdiplus_6595b64144ccf1df_1.1.19041.1466_none_91a4907ccc87e3b8\gdiplus.dll
0x00007ffce4800000 - 0x00007ffce49b4000 	C:\Windows\SYSTEM32\WindowsCodecs.dll
0x0000000180000000 - 0x0000000180012000 	C:\Users\guido\eclipse\java-2021-12\eclipse\configuration\org.eclipse.osgi\82\0\.cp\os\win32\x86_64\localfile_1_0_0.dll
0x00007ffcd8c50000 - 0x00007ffcd8cfc000 	C:\Windows\SYSTEM32\TextShaping.dll
0x00007ffcd7c50000 - 0x00007ffcd7c8e000 	C:\Windows\system32\dataexchange.dll
0x00007ffce7ea0000 - 0x00007ffce8085000 	C:\Windows\system32\dcomp.dll
0x00007ffce7490000 - 0x00007ffce76f4000 	C:\Windows\system32\d3d11.dll
0x00007ffce9c70000 - 0x00007ffce9d64000 	C:\Windows\system32\dxgi.dll
0x00007ffce4bc0000 - 0x00007ffce4dc1000 	C:\Windows\system32\twinapi.appcore.dll
0x00007ffce0ee0000 - 0x00007ffce0ef1000 	C:\Users\guido\eclipse\java-2021-12\eclipse\configuration\org.eclipse.osgi\85\0\.cp\jWinHttp-1.0.0.dll
0x00007ffcdf530000 - 0x00007ffcdf572000 	C:\Windows\system32\mlang.dll
0x00007ffcd8470000 - 0x00007ffcd86f3000 	C:\Windows\SYSTEM32\DWrite.dll
0x00007ffcd5a70000 - 0x00007ffcd5c90000 	C:\Windows\system32\explorerframe.dll
0x00007ffcc9d10000 - 0x00007ffcc9d34000 	C:\Windows\SYSTEM32\edputil.dll
0x00007ffce2d30000 - 0x00007ffce2d3e000 	C:\Program Files\Java\jdk-17.0.1\bin\sunmscapi.dll
0x00007ffceae40000 - 0x00007ffceae67000 	C:\Windows\SYSTEM32\ncrypt.dll
0x00007ffceae00000 - 0x00007ffceae3b000 	C:\Windows\SYSTEM32\NTASN1.dll
0x00007ffce52d0000 - 0x00007ffce52da000 	C:\Windows\System32\rasadhlp.dll
0x00007ffcdb670000 - 0x00007ffcdb6ef000 	C:\Windows\System32\fwpuclnt.dll

dbghelp: loaded successfully - version: 4.0.5 - missing functions: none
symbol engine: initialized successfully - sym options: 0x614 - pdb path: .;C:\Program Files\Java\jdk-17.0.1\bin;C:\Windows\SYSTEM32;C:\Windows\WinSxS\amd64_microsoft.windows.common-controls_6595b64144ccf1df_6.0.19041.1110_none_60b5254171f9507e;C:\Program Files\Java\jdk-17.0.1\bin\server;C:\Users\guido\.p2\pool\plugins\org.eclipse.equinox.launcher.win32.win32.x86_64_1.2.400.v20211117-0650;C:\Users\guido\eclipse\java-2021-12\eclipse\configuration\org.eclipse.osgi\332\0\.cp;C:\Windows\WinSxS\amd64_microsoft.windows.gdiplus_6595b64144ccf1df_1.1.19041.1466_none_91a4907ccc87e3b8;C:\Users\guido\eclipse\java-2021-12\eclipse\configuration\org.eclipse.osgi\82\0\.cp\os\win32\x86_64;C:\Users\guido\eclipse\java-2021-12\eclipse\configuration\org.eclipse.osgi\85\0\.cp

VM Arguments:
jvm_args: -Dosgi.requiredJavaVersion=11 -Dosgi.instance.area.default=@user.home/eclipse-workspace -XX:+UseG1GC -XX:+UseStringDeduplication --add-modules=ALL-SYSTEM -Dosgi.requiredJavaVersion=11 -Dosgi.dataAreaRequiresExplicitInit=true -Dorg.eclipse.swt.graphics.Resource.reportNonDisposed=true -Xms256m -Xmx2048m --add-modules=ALL-SYSTEM -Declipse.p2.max.threads=10 -Doomph.update.url=https://download.eclipse.org/oomph/updates/milestone/latest -Doomph.redirection.index.redirection=index:/->http://git.eclipse.org/c/oomph/org.eclipse.oomph.git/plain/setups/ 
java_command: C:\Users\guido\eclipse\java-2021-12\eclipse\\plugins/org.eclipse.equinox.launcher_1.6.400.v20210924-0641.jar -os win32 -ws win32 -arch x86_64 -showsplash C:\Users\guido\.p2\pool\plugins\org.eclipse.epp.package.common_4.22.0.20211202-1200\splash.bmp -launcher C:\Users\guido\eclipse\java-2021-12\eclipse\eclipse.exe -name Eclipse --launcher.library C:\Users\guido\.p2\pool\plugins\org.eclipse.equinox.launcher.win32.win32.x86_64_1.2.400.v20211117-0650\eclipse_11602.dll -startup C:\Users\guido\eclipse\java-2021-12\eclipse\\plugins/org.eclipse.equinox.launcher_1.6.400.v20210924-0641.jar --launcher.appendVmargs -exitdata 7918_a0 -product org.eclipse.epp.package.java.product -vm C:\Program Files\Java\jdk-17.0.1\bin\javaw.exe -vmargs -Dosgi.requiredJavaVersion=11 -Dosgi.instance.area.default=@user.home/eclipse-workspace -Dsun.java.command=Eclipse -XX:+UseG1GC -XX:+UseStringDeduplication --add-modules=ALL-SYSTEM -Dosgi.requiredJavaVersion=11 -Dosgi.dataAreaRequiresExplicitInit=true -Dorg.eclipse.swt.graphics.Resource.reportNonDisposed=true -Xms256m -Xmx2048m --add-modules=ALL-SYSTEM -Declipse.p2.max.threads=10 -Doomph.update.url=https://download.eclipse.org/oomph/updates/milestone/latest -Doomph.redirection.index.redirection=index:/->http://git.eclipse.org/c/oomph/org.eclipse.oomph.git/plain/setups/ -jar C:\Users\guido\eclipse\java-2021-12\eclipse\\plugins/org.eclipse.equinox.launcher_1.6.400.v20210924-0641.jar
java_class_path (initial): C:\Users\guido\eclipse\java-2021-12\eclipse\\plugins/org.eclipse.equinox.launcher_1.6.400.v20210924-0641.jar
Launcher Type: SUN_STANDARD

[Global flags]
     intx CICompilerCount                          = 3                                         {product} {ergonomic}
     uint ConcGCThreads                            = 1                                         {product} {ergonomic}
     uint G1ConcRefinementThreads                  = 4                                         {product} {ergonomic}
   size_t G1HeapRegionSize                         = 1048576                                   {product} {ergonomic}
    uintx GCDrainStackTargetSize                   = 64                                        {product} {ergonomic}
   size_t InitialHeapSize                          = 268435456                                 {product} {command line}
   size_t MarkStackSize                            = 4194304                                   {product} {ergonomic}
   size_t MaxHeapSize                              = 2147483648                                {product} {command line}
   size_t MaxNewSize                               = 1287651328                                {product} {ergonomic}
   size_t MinHeapDeltaBytes                        = 1048576                                   {product} {ergonomic}
   size_t MinHeapSize                              = 268435456                                 {product} {command line}
    uintx NonNMethodCodeHeapSize                   = 5832780                                {pd product} {ergonomic}
    uintx NonProfiledCodeHeapSize                  = 122912730                              {pd product} {ergonomic}
    uintx ProfiledCodeHeapSize                     = 122912730                              {pd product} {ergonomic}
    uintx ReservedCodeCacheSize                    = 251658240                              {pd product} {ergonomic}
     bool SegmentedCodeCache                       = true                                      {product} {ergonomic}
   size_t SoftMaxHeapSize                          = 2147483648                             {manageable} {ergonomic}
     bool UseCompressedClassPointers               = true                           {product lp64_product} {ergonomic}
     bool UseCompressedOops                        = true                           {product lp64_product} {ergonomic}
     bool UseG1GC                                  = true                                      {product} {command line}
     bool UseLargePagesIndividualAllocation        = false                                  {pd product} {ergonomic}
     bool UseStringDeduplication                   = true                                      {product} {command line}

Logging:
Log output configuration:
 #0: stdout all=warning uptime,level,tags
 #1: stderr all=off uptime,level,tags

Environment Variables:
PATH=C:\Program Files\Common Files\Oracle\Java\javapath;C:\Program Files (x86)\Common Files\Intel\Shared Libraries\redist\intel64\compiler;C:\Program Files (x86)\Common Files\Oracle\Java\javapath;C:\ProgramData\Oracle\Java\javapath;D:\Guido\Program Files\Java Developer Kit\bin;C:\Windows\system32;C:\Windows;C:\Windows\System32\Wbem;C:\Windows\System32\WindowsPowerShell\v1.0\;C:\Windows\System32\OpenSSH\;C:\Program Files (x86)\NVIDIA Corporation\PhysX\Common;C:\Program Files\dotnet\;D:\Guido\Program Files\Matlab\runtime\win64;D:\Guido\Program Files\Matlab\bin;C:\Users\guido\AppData\Local\Programs\Python\Python310\Scripts\;C:\Users\guido\AppData\Local\Programs\Python\Python310\;C:\Users\guido\AppData\Local\Microsoft\WindowsApps;C:\Users\guido\AppData\Local\Programs\Microsoft VS Code\bin;C:\Users\guido\.dotnet\tools;C:\Program Files\mingw-w64\x86_64-8.1.0-posix-seh-rt_v6-rev0\mingw64\bin;C:\Users\guido\AppData\Local\Programs\Python\Python39;C:\Users\guido\AppData\Local\atom\bin
USERNAME=guido
OS=Windows_NT
PROCESSOR_IDENTIFIER=Intel64 Family 6 Model 94 Stepping 3, GenuineIntel



---------------  S Y S T E M  ---------------

OS:
 Windows 10 , 64 bit Build 19041 (10.0.19041.1466)
OS uptime: 11 days 5:25 hours

CPU: total 4 (initial active 4) (4 cores per cpu, 1 threads per core) family 6 model 94 stepping 3 microcode 0xcc, cx8, cmov, fxsr, mmx, 3dnowpref, sse, sse2, sse3, ssse3, sse4.1, sse4.2, popcnt, lzcnt, tsc, tscinvbit, avx, avx2, aes, erms, clmul, bmi1, bmi2, rtm, adx, fma, vzeroupper, clflush, clflushopt

Memory: 4k page, system-wide physical 8138M (3358M free)
TotalPageFile size 22377M (AvailPageFile size 3M)
current process WorkingSet (physical memory assigned to process): 89M, peak: 472M
current process commit charge ("private bytes"): 494M, peak: 526M

vm_info: Java HotSpot(TM) 64-Bit Server VM (17.0.1+12-LTS-39) for windows-amd64 JRE (17.0.1+12-LTS-39), built on Sep 27 2021 18:41:35 by "mach5one" with MS VC++ 16.8 (VS2019)

END.
