#
# There is insufficient memory for the Java Runtime Environment to continue.
# Native memory allocation (malloc) failed to allocate 32744 bytes for ChunkPool::allocate
# Possible reasons:
#   The system is out of physical RAM or swap space
#   The process is running with CompressedOops enabled, and the Java Heap may be blocking the growth of the native heap
# Possible solutions:
#   Reduce memory load on the system
#   Increase physical memory or swap space
#   Check if swap backing store is full
#   Decrease Java heap size (-Xmx/-Xms)
#   Decrease number of Java threads
#   Decrease Java thread stack sizes (-Xss)
#   Set larger code cache with -XX:ReservedCodeCacheSize=
#   JVM is running with Unscaled Compressed Oops mode in which the Java heap is
#     placed in the first 4GB address space. The Java Heap base address is the
#     maximum limit for the native heap growth. Please use -XX:HeapBaseMinAddress
#     to set the Java Heap base and to place the Java Heap above 4GB virtual address.
# This output file may be truncated or incomplete.
#
#  Out of Memory Error (arena.cpp:78), pid=43264, tid=40548
#
# JRE version: Java(TM) SE Runtime Environment (17.0.1+12) (build 17.0.1+12-LTS-39)
# Java VM: Java HotSpot(TM) 64-Bit Server VM (17.0.1+12-LTS-39, mixed mode, sharing, tiered, compressed oops, compressed class ptrs, g1 gc, windows-amd64)
# No core dump will be written. Minidumps are not enabled by default on client versions of Windows
#

---------------  S U M M A R Y ------------

Command Line: -Dosgi.requiredJavaVersion=11 -Dosgi.instance.area.default=@user.home/eclipse-workspace -XX:+UseG1GC -XX:+UseStringDeduplication --add-modules=ALL-SYSTEM -Dosgi.requiredJavaVersion=11 -Dosgi.dataAreaRequiresExplicitInit=true -Dorg.eclipse.swt.graphics.Resource.reportNonDisposed=true -Xms256m -Xmx2048m --add-modules=ALL-SYSTEM -Declipse.p2.max.threads=10 -Doomph.update.url=https://download.eclipse.org/oomph/updates/milestone/latest -Doomph.redirection.index.redirection=index:/->http://git.eclipse.org/c/oomph/org.eclipse.oomph.git/plain/setups/ C:\Users\guido\eclipse\java-2021-12\eclipse\\plugins/org.eclipse.equinox.launcher_1.6.400.v20210924-0641.jar -os win32 -ws win32 -arch x86_64 -showsplash C:\Users\guido\.p2\pool\plugins\org.eclipse.epp.package.common_4.22.0.20211202-1200\splash.bmp -launcher C:\Users\guido\eclipse\java-2021-12\eclipse\eclipse.exe -name Eclipse --launcher.library C:\Users\guido\.p2\pool\plugins\org.eclipse.equinox.launcher.win32.win32.x86_64_1.2.400.v20211117-0650\eclipse_11602.dll -startup C:\Users\guido\eclipse\java-2021-12\eclipse\\plugins/org.eclipse.equinox.launcher_1.6.400.v20210924-0641.jar --launcher.appendVmargs -exitdata a25c_134 -product org.eclipse.epp.package.java.product -vm C:\Program Files\Java\jdk-17.0.1\bin\javaw.exe -vmargs -Dosgi.requiredJavaVersion=11 -Dosgi.instance.area.default=@user.home/eclipse-workspace -Dsun.java.command=Eclipse -XX:+UseG1GC -XX:+UseStringDeduplication --add-modules=ALL-SYSTEM -Dosgi.requiredJavaVersion=11 -Dosgi.dataAreaRequiresExplicitInit=true -Dorg.eclipse.swt.graphics.Resource.reportNonDisposed=true -Xms256m -Xmx2048m --add-modules=ALL-SYSTEM -Declipse.p2.max.threads=10 -Doomph.update.url=https://download.eclipse.org/oomph/updates/milestone/latest -Doomph.redirection.index.redirection=index:/->http://git.eclipse.org/c/oomph/org.eclipse.oomph.git/plain/setups/ -jar C:\Users\guido\eclipse\java-2021-12\eclipse\\plugins/org.eclipse.equinox.launcher_1.6.400.v20210924-0641.jar

Host: Intel(R) Core(TM) i5-6600 CPU @ 3.30GHz, 4 cores, 7G,  Windows 10 , 64 bit Build 19041 (10.0.19041.1466)
Time: Tue Feb  8 21:27:23 2022 W. Europe Standard Time elapsed time: 1529.801337 seconds (0d 0h 25m 29s)

---------------  T H R E A D  ---------------

Current thread (0x0000023a8db527e0):  JavaThread "main" [_thread_in_vm, id=40548, stack(0x000000dfd4700000,0x000000dfd4800000)]

Stack: [0x000000dfd4700000,0x000000dfd4800000]
Native frames: (J=compiled Java code, j=interpreted, Vv=VM code, C=native code)
V  [jvm.dll+0x66fa1a]
V  [jvm.dll+0x7ce5a4]
V  [jvm.dll+0x7cfd4e]
V  [jvm.dll+0x7d03b3]
V  [jvm.dll+0x242b05]
V  [jvm.dll+0xaa2a0]
V  [jvm.dll+0xaa5ec]
V  [jvm.dll+0x6f287d]
V  [jvm.dll+0x7bfc4c]
V  [jvm.dll+0x7bbcac]
V  [jvm.dll+0x36c19c]
V  [jvm.dll+0x36b382]
V  [jvm.dll+0x36b328]
V  [jvm.dll+0x37b00a]
C  0x0000023a9537b80d

Java frames: (J=compiled Java code, j=interpreted, Vv=VM code)
j  org.eclipse.swt.SWT.error(ILjava/lang/Throwable;Ljava/lang/String;)V+285
j  org.eclipse.swt.SWT.error(ILjava/lang/Throwable;)V+3
j  org.eclipse.swt.SWT.error(I)V+2
j  org.eclipse.swt.graphics.GC.setBackground(Lorg/eclipse/swt/graphics/Color;)V+11
j  org.eclipse.swt.custom.StyledTextRenderer.drawLine(IIILorg/eclipse/swt/graphics/GC;Lorg/eclipse/swt/graphics/Color;Lorg/eclipse/swt/graphics/Color;)I+178
j  org.eclipse.swt.custom.StyledText.handlePaint(Lorg/eclipse/swt/widgets/Event;)V+134
j  org.eclipse.swt.custom.StyledText.lambda$28(Lorg/eclipse/swt/widgets/Event;)V+154
j  org.eclipse.swt.custom.StyledText$$Lambda$613+0x000000080128f128.handleEvent(Lorg/eclipse/swt/widgets/Event;)V+5
J 6232 c2 org.eclipse.swt.widgets.EventTable.sendEvent(Lorg/eclipse/swt/widgets/Event;)V (619 bytes) @ 0x0000023a9d1322c4 [0x0000023a9d1320c0+0x0000000000000204]
J 5605 c1 org.eclipse.swt.widgets.Display.sendEvent(Lorg/eclipse/swt/widgets/EventTable;Lorg/eclipse/swt/widgets/Event;)V (34 bytes) @ 0x0000023a95f882c4 [0x0000023a95f881e0+0x00000000000000e4]
J 6554 c1 org.eclipse.swt.widgets.Widget.sendEvent(ILorg/eclipse/swt/widgets/Event;Z)V (88 bytes) @ 0x0000023a9655058c [0x0000023a9654ffc0+0x00000000000005cc]
J 7055 c1 org.eclipse.swt.widgets.Composite.WM_PAINT(JJ)Lorg/eclipse/swt/internal/win32/LRESULT; (1611 bytes) @ 0x0000023a9666dd1c [0x0000023a9666c280+0x0000000000001a9c]
J 8019 c2 org.eclipse.swt.widgets.Control.windowProc(JIJJ)J (2064 bytes) @ 0x0000023a9cfe7698 [0x0000023a9cfe6320+0x0000000000001378]
J 5387 c1 org.eclipse.swt.widgets.Canvas.windowProc(JIJJ)J (50 bytes) @ 0x0000023a95d24994 [0x0000023a95d24860+0x0000000000000134]
J 7095 c2 org.eclipse.swt.widgets.Display.windowProc(JJJJ)J (108 bytes) @ 0x0000023a9d1bc4f8 [0x0000023a9d1bc3c0+0x0000000000000138]
v  ~StubRoutines::call_stub
J 7088  org.eclipse.swt.internal.win32.OS.DispatchMessage(Lorg/eclipse/swt/internal/win32/MSG;)J (0 bytes) @ 0x0000023a9d1b7c7a [0x0000023a9d1b7c20+0x000000000000005a]
J 7060 c1 org.eclipse.swt.widgets.Display.readAndDispatch()Z (94 bytes) @ 0x0000023a966782b4 [0x0000023a96677d00+0x00000000000005b4]
j  org.eclipse.e4.ui.internal.workbench.swt.PartRenderingEngine$5.run()V+564
j  org.eclipse.core.databinding.observable.Realm.runWithDefault(Lorg/eclipse/core/databinding/observable/Realm;Ljava/lang/Runnable;)V+12
j  org.eclipse.e4.ui.internal.workbench.swt.PartRenderingEngine.run(Lorg/eclipse/e4/ui/model/application/MApplicationElement;Lorg/eclipse/e4/core/contexts/IEclipseContext;)Ljava/lang/Object;+57
j  org.eclipse.e4.ui.internal.workbench.E4Workbench.createAndRunUI(Lorg/eclipse/e4/ui/model/application/MApplicationElement;)V+20
j  org.eclipse.ui.internal.Workbench.lambda$3(Lorg/eclipse/swt/widgets/Display;Lorg/eclipse/ui/application/WorkbenchAdvisor;[I)V+393
j  org.eclipse.ui.internal.Workbench$$Lambda$191+0x0000000800df1fc0.run()V+12
j  org.eclipse.core.databinding.observable.Realm.runWithDefault(Lorg/eclipse/core/databinding/observable/Realm;Ljava/lang/Runnable;)V+12
j  org.eclipse.ui.internal.Workbench.createAndRunWorkbench(Lorg/eclipse/swt/widgets/Display;Lorg/eclipse/ui/application/WorkbenchAdvisor;)I+16
j  org.eclipse.ui.PlatformUI.createAndRunWorkbench(Lorg/eclipse/swt/widgets/Display;Lorg/eclipse/ui/application/WorkbenchAdvisor;)I+2
j  org.eclipse.ui.internal.ide.application.IDEApplication.start(Lorg/eclipse/equinox/app/IApplicationContext;)Ljava/lang/Object;+113
j  org.eclipse.equinox.internal.app.EclipseAppHandle.run(Ljava/lang/Object;)Ljava/lang/Object;+138
j  org.eclipse.core.runtime.internal.adaptor.EclipseAppLauncher.runApplication(Ljava/lang/Object;)Ljava/lang/Object;+85
j  org.eclipse.core.runtime.internal.adaptor.EclipseAppLauncher.start(Ljava/lang/Object;)Ljava/lang/Object;+79
j  org.eclipse.core.runtime.adaptor.EclipseStarter.run(Ljava/lang/Object;)Ljava/lang/Object;+99
j  org.eclipse.core.runtime.adaptor.EclipseStarter.run([Ljava/lang/String;Ljava/lang/Runnable;)Ljava/lang/Object;+132
v  ~StubRoutines::call_stub
j  jdk.internal.reflect.NativeMethodAccessorImpl.invoke0(Ljava/lang/reflect/Method;Ljava/lang/Object;[Ljava/lang/Object;)Ljava/lang/Object;+0 java.base@17.0.1
j  jdk.internal.reflect.NativeMethodAccessorImpl.invoke(Ljava/lang/Object;[Ljava/lang/Object;)Ljava/lang/Object;+133 java.base@17.0.1
j  jdk.internal.reflect.DelegatingMethodAccessorImpl.invoke(Ljava/lang/Object;[Ljava/lang/Object;)Ljava/lang/Object;+6 java.base@17.0.1
j  java.lang.reflect.Method.invoke(Ljava/lang/Object;[Ljava/lang/Object;)Ljava/lang/Object;+59 java.base@17.0.1
j  org.eclipse.equinox.launcher.Main.invokeFramework([Ljava/lang/String;[Ljava/net/URL;)V+201
j  org.eclipse.equinox.launcher.Main.basicRun([Ljava/lang/String;)V+159
j  org.eclipse.equinox.launcher.Main.run([Ljava/lang/String;)I+4
j  org.eclipse.equinox.launcher.Main.main([Ljava/lang/String;)V+10
v  ~StubRoutines::call_stub

---------------  P R O C E S S  ---------------

Threads class SMR info:
_java_thread_list=0x0000023aafe9b180, length=37, elements={
0x0000023a8db527e0, 0x0000023aab421d00, 0x0000023aab422f60, 0x0000023aab43beb0,
0x0000023aab4405e0, 0x0000023aab448ab0, 0x0000023aab44f0a0, 0x0000023aab454db0,
0x0000023aab4562d0, 0x0000023aab4587f0, 0x0000023aab404d90, 0x0000023aac160b20,
0x0000023aac628d80, 0x0000023aac8883f0, 0x0000023aac8888c0, 0x0000023aacbfdf10,
0x0000023aadbdae40, 0x0000023aadc45e70, 0x0000023aaf886cb0, 0x0000023aaf886310,
0x0000023aaf887180, 0x0000023aaf888990, 0x0000023aaf885e40, 0x0000023aaf885970,
0x0000023ab1ec4210, 0x0000023ab1ec46e0, 0x0000023ab1ec4bb0, 0x0000023ab1ec2a00,
0x0000023ab1ec5a20, 0x0000023ab1f04e50, 0x0000023ab1f05320, 0x0000023ab1f0a020,
0x0000023ab1f08ce0, 0x0000023ab1f09680, 0x0000023ab1f09b50, 0x0000023ab1f074d0,
0x0000023ab1f079a0
}

Java Threads: ( => current thread )
=>0x0000023a8db527e0 JavaThread "main" [_thread_in_vm, id=40548, stack(0x000000dfd4700000,0x000000dfd4800000)]
  0x0000023aab421d00 JavaThread "Reference Handler" daemon [_thread_blocked, id=1536, stack(0x000000dfd4f00000,0x000000dfd5000000)]
  0x0000023aab422f60 JavaThread "Finalizer" daemon [_thread_blocked, id=38612, stack(0x000000dfd5000000,0x000000dfd5100000)]
  0x0000023aab43beb0 JavaThread "Signal Dispatcher" daemon [_thread_blocked, id=25140, stack(0x000000dfd5100000,0x000000dfd5200000)]
  0x0000023aab4405e0 JavaThread "Attach Listener" daemon [_thread_blocked, id=43332, stack(0x000000dfd5200000,0x000000dfd5300000)]
  0x0000023aab448ab0 JavaThread "Service Thread" daemon [_thread_blocked, id=42040, stack(0x000000dfd5300000,0x000000dfd5400000)]
  0x0000023aab44f0a0 JavaThread "Monitor Deflation Thread" daemon [_thread_blocked, id=42956, stack(0x000000dfd5400000,0x000000dfd5500000)]
  0x0000023aab454db0 JavaThread "C2 CompilerThread0" daemon [_thread_blocked, id=35680, stack(0x000000dfd5500000,0x000000dfd5600000)]
  0x0000023aab4562d0 JavaThread "C1 CompilerThread0" daemon [_thread_blocked, id=34084, stack(0x000000dfd5600000,0x000000dfd5700000)]
  0x0000023aab4587f0 JavaThread "Sweeper thread" daemon [_thread_blocked, id=32176, stack(0x000000dfd5700000,0x000000dfd5800000)]
  0x0000023aab404d90 JavaThread "Common-Cleaner" daemon [_thread_blocked, id=33268, stack(0x000000dfd5800000,0x000000dfd5900000)]
  0x0000023aac160b20 JavaThread "Notification Thread" daemon [_thread_blocked, id=39452, stack(0x000000dfd5900000,0x000000dfd5a00000)]
  0x0000023aac628d80 JavaThread "Active Thread: Equinox Container: 8ef1989a-9256-4608-bdb3-7ffd6f3d3441" [_thread_blocked, id=11120, stack(0x000000dfd5f00000,0x000000dfd6000000)]
  0x0000023aac8883f0 JavaThread "Framework Event Dispatcher: Equinox Container: 8ef1989a-9256-4608-bdb3-7ffd6f3d3441" daemon [_thread_blocked, id=37868, stack(0x000000dfd6200000,0x000000dfd6300000)]
  0x0000023aac8888c0 JavaThread "Start Level: Equinox Container: 8ef1989a-9256-4608-bdb3-7ffd6f3d3441" daemon [_thread_blocked, id=43512, stack(0x000000dfd6300000,0x000000dfd6400000)]
  0x0000023aacbfdf10 JavaThread "SCR Component Actor" daemon [_thread_blocked, id=24872, stack(0x000000dfd6400000,0x000000dfd6500000)]
  0x0000023aadbdae40 JavaThread "EMF Reference Cleaner" daemon [_thread_blocked, id=35764, stack(0x000000dfd6600000,0x000000dfd6700000)]
  0x0000023aadc45e70 JavaThread "Worker-JM" [_thread_blocked, id=41928, stack(0x000000dfd6700000,0x000000dfd6800000)]
  0x0000023aaf886cb0 JavaThread "Gogo shell" [_thread_blocked, id=2516, stack(0x000000dfd6900000,0x000000dfd6a00000)]
  0x0000023aaf886310 JavaThread "Worker-0" [_thread_blocked, id=37320, stack(0x000000dfd6f00000,0x000000dfd7000000)]
  0x0000023aaf887180 JavaThread "Git Repository Closer" daemon [_thread_blocked, id=28888, stack(0x000000dfd7000000,0x000000dfd7100000)]
  0x0000023aaf888990 JavaThread "Bundle File Closer" daemon [_thread_blocked, id=42244, stack(0x000000dfd7100000,0x000000dfd7200000)]
  0x0000023aaf885e40 JavaThread "Java indexing" daemon [_thread_blocked, id=34304, stack(0x000000dfd6800000,0x000000dfd6900000)]
  0x0000023aaf885970 JavaThread "org.eclipse.jface.text.reconciler.MonoReconciler" daemon [_thread_blocked, id=12628, stack(0x000000dfd7300000,0x000000dfd7400000)]
  0x0000023ab1ec4210 JavaThread "EventAdmin Async Event Dispatcher Thread" daemon [_thread_blocked, id=42468, stack(0x000000dfd7500000,0x000000dfd7600000)]
  0x0000023ab1ec46e0 JavaThread "Worker-1" [_thread_blocked, id=4988, stack(0x000000dfd7600000,0x000000dfd7700000)]
  0x0000023ab1ec4bb0 JavaThread "Worker-2: Process Console Input Job" [_thread_blocked, id=35048, stack(0x000000dfd7700000,0x000000dfd7800000)]
  0x0000023ab1ec2a00 JavaThread "pool-2-thread-1" [_thread_blocked, id=42216, stack(0x000000dfd7b00000,0x000000dfd7c00000)]
  0x0000023ab1ec5a20 JavaThread "pool-3-thread-1" [_thread_blocked, id=41028, stack(0x000000dfd7c00000,0x000000dfd7d00000)]
  0x0000023ab1f04e50 JavaThread "Provisioning Event Dispatcher" daemon [_thread_blocked, id=41700, stack(0x000000dfd8300000,0x000000dfd8400000)]
  0x0000023ab1f05320 JavaThread "pool-4-thread-1" [_thread_blocked, id=41972, stack(0x000000dfd8400000,0x000000dfd8500000)]
  0x0000023ab1f0a020 JavaThread "Output Stream Monitor" daemon [_thread_in_native, id=33836, stack(0x000000dfd8500000,0x000000dfd8600000)]
  0x0000023ab1f08ce0 JavaThread "Output Stream Monitor" daemon [_thread_in_native, id=39276, stack(0x000000dfd8600000,0x000000dfd8700000)]
  0x0000023ab1f09680 JavaThread "Input Stream Monitor" daemon [_thread_blocked, id=40496, stack(0x000000dfd8700000,0x000000dfd8800000)]
  0x0000023ab1f09b50 JavaThread "Process monitor" daemon [_thread_in_native, id=23396, stack(0x000000dfd8800000,0x000000dfd8900000)]
  0x0000023ab1f074d0 JavaThread "Thread-7" [_thread_blocked, id=40376, stack(0x000000dfd6500000,0x000000dfd6600000)]
  0x0000023ab1f079a0 JavaThread "Worker-11" [_thread_blocked, id=38712, stack(0x000000dfd4400000,0x000000dfd4500000)]

Other Threads:
  0x0000023aab41a520 VMThread "VM Thread" [stack: 0x000000dfd4e00000,0x000000dfd4f00000] [id=43628] _threads_hazard_ptr=0x0000023aafe9b180
  0x0000023a8dbaac50 WatcherThread [stack: 0x000000dfd5a00000,0x000000dfd5b00000] [id=34368]
  0x0000023a8db90b90 GCTaskThread "GC Thread#0" [stack: 0x000000dfd4800000,0x000000dfd4900000] [id=43128]
  0x0000023aac597d50 GCTaskThread "GC Thread#1" [stack: 0x000000dfd5c00000,0x000000dfd5d00000] [id=42184]
  0x0000023aac598000 GCTaskThread "GC Thread#2" [stack: 0x000000dfd5d00000,0x000000dfd5e00000] [id=24820]
  0x0000023aac5982b0 GCTaskThread "GC Thread#3" [stack: 0x000000dfd5e00000,0x000000dfd5f00000] [id=43848]
  0x0000023a8dba1880 ConcurrentGCThread "G1 Main Marker" [stack: 0x000000dfd4900000,0x000000dfd4a00000] [id=43644]
  0x0000023a8dba37f0 ConcurrentGCThread "G1 Conc#0" [stack: 0x000000dfd4a00000,0x000000dfd4b00000] [id=34524]
  0x0000023aab2d24d0 ConcurrentGCThread "G1 Refine#0" [stack: 0x000000dfd4b00000,0x000000dfd4c00000] [id=35040]
  0x0000023aac951600 ConcurrentGCThread "G1 Refine#1" [stack: 0x000000dfd6000000,0x000000dfd6100000] [id=6988]
  0x0000023aaca72eb0 ConcurrentGCThread "G1 Refine#2" [stack: 0x000000dfd6100000,0x000000dfd6200000] [id=37988]
  0x0000023aab2d2ba0 ConcurrentGCThread "G1 Service" [stack: 0x000000dfd4c00000,0x000000dfd4d00000] [id=33428]
  0x0000023aab414eb0 ConcurrentGCThread "StringDedupProcessor" [stack: 0x000000dfd4d00000,0x000000dfd4e00000] [id=18376]

Threads with active compile tasks:

VM state: synchronizing (normal execution)

VM Mutex/Monitor currently owned by a thread:  ([mutex/lock_event])
[0x0000023a8db4f3e0] Threads_lock - owner thread: 0x0000023aab41a520

Heap address: 0x0000000080000000, size: 2048 MB, Compressed Oops mode: 32-bit

CDS archive(s) mapped at: [0x0000000800000000-0x0000000800bc0000-0x0000000800bc0000), size 12320768, SharedBaseAddress: 0x0000000800000000, ArchiveRelocationMode: 0.
Compressed class space mapped at: 0x0000000800c00000-0x0000000840c00000, reserved size: 1073741824
Narrow klass base: 0x0000000800000000, Narrow klass shift: 0, Narrow klass range: 0x100000000

GC Precious Log:
 CPUs: 4 total, 4 available
 Memory: 8138M
 Large Page Support: Disabled
 NUMA Support: Disabled
 Compressed Oops: Enabled (32-bit)
 Heap Region Size: 1M
 Heap Min Capacity: 256M
 Heap Initial Capacity: 256M
 Heap Max Capacity: 2G
 Pre-touch: Disabled
 Parallel Workers: 4
 Concurrent Workers: 1
 Concurrent Refinement Workers: 4
 Periodic GC: Disabled
 String Deduplication is enabled

Heap:
 garbage-first heap   total 262144K, used 160242K [0x0000000080000000, 0x0000000100000000)
  region size 1024K, 85 young (87040K), 2 survivors (2048K)
 Metaspace       used 87458K, committed 89600K, reserved 1130496K
  class space    used 10517K, committed 11392K, reserved 1048576K

Heap Regions: E=young(eden), S=young(survivor), O=old, HS=humongous(starts), HC=humongous(continues), CS=collection set, F=free, OA=open archive, CA=closed archive, TAMS=top-at-mark-start (previous, next)
|   0|0x0000000080000000, 0x0000000080100000, 0x0000000080100000|100%| O|  |TAMS 0x0000000080100000, 0x0000000080000000| Untracked 
|   1|0x0000000080100000, 0x0000000080200000, 0x0000000080200000|100%| O|  |TAMS 0x0000000080200000, 0x0000000080100000| Untracked 
|   2|0x0000000080200000, 0x0000000080300000, 0x0000000080300000|100%| O|  |TAMS 0x0000000080300000, 0x0000000080200000| Untracked 
|   3|0x0000000080300000, 0x0000000080400000, 0x0000000080400000|100%| O|  |TAMS 0x0000000080400000, 0x0000000080300000| Untracked 
|   4|0x0000000080400000, 0x0000000080500000, 0x0000000080500000|100%| O|  |TAMS 0x0000000080500000, 0x0000000080400000| Untracked 
|   5|0x0000000080500000, 0x0000000080600000, 0x0000000080600000|100%| O|  |TAMS 0x0000000080600000, 0x0000000080500000| Untracked 
|   6|0x0000000080600000, 0x0000000080700000, 0x0000000080700000|100%| O|  |TAMS 0x0000000080700000, 0x0000000080600000| Untracked 
|   7|0x0000000080700000, 0x0000000080800000, 0x0000000080800000|100%| O|  |TAMS 0x0000000080800000, 0x0000000080700000| Untracked 
|   8|0x0000000080800000, 0x0000000080900000, 0x0000000080900000|100%| O|  |TAMS 0x0000000080900000, 0x0000000080800000| Untracked 
|   9|0x0000000080900000, 0x0000000080a00000, 0x0000000080a00000|100%| O|  |TAMS 0x0000000080a00000, 0x0000000080900000| Untracked 
|  10|0x0000000080a00000, 0x0000000080b00000, 0x0000000080b00000|100%| O|  |TAMS 0x0000000080b00000, 0x0000000080a00000| Untracked 
|  11|0x0000000080b00000, 0x0000000080c00000, 0x0000000080c00000|100%|HS|  |TAMS 0x0000000080c00000, 0x0000000080b00000| Complete 
|  12|0x0000000080c00000, 0x0000000080d00000, 0x0000000080d00000|100%| O|  |TAMS 0x0000000080d00000, 0x0000000080c00000| Untracked 
|  13|0x0000000080d00000, 0x0000000080e00000, 0x0000000080e00000|100%| O|  |TAMS 0x0000000080e00000, 0x0000000080d00000| Untracked 
|  14|0x0000000080e00000, 0x0000000080f00000, 0x0000000080f00000|100%| O|  |TAMS 0x0000000080f00000, 0x0000000080e00000| Untracked 
|  15|0x0000000080f00000, 0x0000000081000000, 0x0000000081000000|100%| O|  |TAMS 0x0000000081000000, 0x0000000080f00000| Untracked 
|  16|0x0000000081000000, 0x0000000081100000, 0x0000000081100000|100%| O|  |TAMS 0x0000000081100000, 0x0000000081000000| Untracked 
|  17|0x0000000081100000, 0x0000000081200000, 0x0000000081200000|100%| O|  |TAMS 0x0000000081200000, 0x0000000081100000| Untracked 
|  18|0x0000000081200000, 0x0000000081300000, 0x0000000081300000|100%| O|  |TAMS 0x0000000081300000, 0x0000000081200000| Untracked 
|  19|0x0000000081300000, 0x0000000081400000, 0x0000000081400000|100%| O|  |TAMS 0x0000000081400000, 0x0000000081300000| Untracked 
|  20|0x0000000081400000, 0x0000000081500000, 0x0000000081500000|100%| O|  |TAMS 0x0000000081500000, 0x0000000081400000| Untracked 
|  21|0x0000000081500000, 0x0000000081600000, 0x0000000081600000|100%| O|  |TAMS 0x0000000081600000, 0x0000000081500000| Untracked 
|  22|0x0000000081600000, 0x0000000081700000, 0x0000000081700000|100%| O|  |TAMS 0x0000000081700000, 0x0000000081600000| Untracked 
|  23|0x0000000081700000, 0x0000000081800000, 0x0000000081800000|100%| O|  |TAMS 0x0000000081800000, 0x0000000081700000| Untracked 
|  24|0x0000000081800000, 0x0000000081900000, 0x0000000081900000|100%| O|  |TAMS 0x0000000081900000, 0x0000000081800000| Untracked 
|  25|0x0000000081900000, 0x0000000081a00000, 0x0000000081a00000|100%| O|  |TAMS 0x0000000081a00000, 0x0000000081900000| Untracked 
|  26|0x0000000081a00000, 0x0000000081b00000, 0x0000000081b00000|100%| O|  |TAMS 0x0000000081b00000, 0x0000000081a00000| Untracked 
|  27|0x0000000081b00000, 0x0000000081c00000, 0x0000000081c00000|100%| O|  |TAMS 0x0000000081c00000, 0x0000000081b00000| Untracked 
|  28|0x0000000081c00000, 0x0000000081d00000, 0x0000000081d00000|100%| O|  |TAMS 0x0000000081d00000, 0x0000000081c00000| Untracked 
|  29|0x0000000081d00000, 0x0000000081e00000, 0x0000000081e00000|100%| O|  |TAMS 0x0000000081e00000, 0x0000000081d00000| Untracked 
|  30|0x0000000081e00000, 0x0000000081f00000, 0x0000000081f00000|100%| O|  |TAMS 0x0000000081f00000, 0x0000000081e00000| Untracked 
|  31|0x0000000081f00000, 0x0000000082000000, 0x0000000082000000|100%| O|  |TAMS 0x0000000082000000, 0x0000000081f00000| Untracked 
|  32|0x0000000082000000, 0x0000000082100000, 0x0000000082100000|100%| O|  |TAMS 0x0000000082100000, 0x0000000082000000| Untracked 
|  33|0x0000000082100000, 0x0000000082200000, 0x0000000082200000|100%| O|  |TAMS 0x0000000082200000, 0x0000000082100000| Untracked 
|  34|0x0000000082200000, 0x0000000082300000, 0x0000000082300000|100%| O|  |TAMS 0x0000000082300000, 0x0000000082200000| Untracked 
|  35|0x0000000082300000, 0x0000000082400000, 0x0000000082400000|100%| O|  |TAMS 0x0000000082400000, 0x0000000082300000| Untracked 
|  36|0x0000000082400000, 0x0000000082500000, 0x0000000082500000|100%| O|  |TAMS 0x0000000082500000, 0x0000000082400000| Untracked 
|  37|0x0000000082500000, 0x0000000082600000, 0x0000000082600000|100%| O|  |TAMS 0x0000000082600000, 0x0000000082500000| Untracked 
|  38|0x0000000082600000, 0x0000000082600000, 0x0000000082700000|  0%| F|  |TAMS 0x0000000082600000, 0x0000000082600000| Untracked 
|  39|0x0000000082700000, 0x0000000082800000, 0x0000000082800000|100%| O|  |TAMS 0x0000000082700000, 0x0000000082700000| Untracked 
|  40|0x0000000082800000, 0x0000000082900000, 0x0000000082900000|100%| O|  |TAMS 0x0000000082800000, 0x0000000082800000| Untracked 
|  41|0x0000000082900000, 0x0000000082a00000, 0x0000000082a00000|100%| O|  |TAMS 0x0000000082900000, 0x0000000082900000| Untracked 
|  42|0x0000000082a00000, 0x0000000082b00000, 0x0000000082b00000|100%|HS|  |TAMS 0x0000000082a00000, 0x0000000082a00000| Complete 
|  43|0x0000000082b00000, 0x0000000082c00000, 0x0000000082c00000|100%| O|  |TAMS 0x0000000082b00000, 0x0000000082b00000| Untracked 
|  44|0x0000000082c00000, 0x0000000082d00000, 0x0000000082d00000|100%| O|  |TAMS 0x0000000082c00000, 0x0000000082c00000| Untracked 
|  45|0x0000000082d00000, 0x0000000082e00000, 0x0000000082e00000|100%| O|  |TAMS 0x0000000082d00000, 0x0000000082d00000| Untracked 
|  46|0x0000000082e00000, 0x0000000082f00000, 0x0000000082f00000|100%|HS|  |TAMS 0x0000000082e00000, 0x0000000082e00000| Complete 
|  47|0x0000000082f00000, 0x0000000083000000, 0x0000000083000000|100%|HC|  |TAMS 0x0000000082f00000, 0x0000000082f00000| Complete 
|  48|0x0000000083000000, 0x0000000083100000, 0x0000000083100000|100%| O|  |TAMS 0x0000000083000000, 0x0000000083000000| Untracked 
|  49|0x0000000083100000, 0x0000000083200000, 0x0000000083200000|100%| O|  |TAMS 0x0000000083100000, 0x0000000083100000| Untracked 
|  50|0x0000000083200000, 0x0000000083300000, 0x0000000083300000|100%| O|  |TAMS 0x0000000083200000, 0x0000000083200000| Untracked 
|  51|0x0000000083300000, 0x0000000083400000, 0x0000000083400000|100%| O|  |TAMS 0x0000000083300000, 0x0000000083300000| Untracked 
|  52|0x0000000083400000, 0x0000000083500000, 0x0000000083500000|100%| O|  |TAMS 0x0000000083400000, 0x0000000083400000| Untracked 
|  53|0x0000000083500000, 0x0000000083600000, 0x0000000083600000|100%| O|  |TAMS 0x0000000083500000, 0x0000000083500000| Untracked 
|  54|0x0000000083600000, 0x0000000083700000, 0x0000000083700000|100%| O|  |TAMS 0x0000000083600000, 0x0000000083600000| Untracked 
|  55|0x0000000083700000, 0x0000000083800000, 0x0000000083800000|100%| O|  |TAMS 0x0000000083700000, 0x0000000083700000| Untracked 
|  56|0x0000000083800000, 0x0000000083900000, 0x0000000083900000|100%| O|  |TAMS 0x0000000083800000, 0x0000000083800000| Untracked 
|  57|0x0000000083900000, 0x0000000083a00000, 0x0000000083a00000|100%| O|  |TAMS 0x0000000083900000, 0x0000000083900000| Untracked 
|  58|0x0000000083a00000, 0x0000000083b00000, 0x0000000083b00000|100%| O|  |TAMS 0x0000000083a00000, 0x0000000083a00000| Untracked 
|  59|0x0000000083b00000, 0x0000000083c00000, 0x0000000083c00000|100%| O|  |TAMS 0x0000000083b00000, 0x0000000083b00000| Untracked 
|  60|0x0000000083c00000, 0x0000000083d00000, 0x0000000083d00000|100%| O|  |TAMS 0x0000000083c00000, 0x0000000083c00000| Untracked 
|  61|0x0000000083d00000, 0x0000000083e00000, 0x0000000083e00000|100%| O|  |TAMS 0x0000000083d00000, 0x0000000083d00000| Untracked 
|  62|0x0000000083e00000, 0x0000000083f00000, 0x0000000083f00000|100%| O|  |TAMS 0x0000000083e00000, 0x0000000083e00000| Untracked 
|  63|0x0000000083f00000, 0x0000000084000000, 0x0000000084000000|100%| O|  |TAMS 0x0000000083f00000, 0x0000000083f00000| Untracked 
|  64|0x0000000084000000, 0x0000000084100000, 0x0000000084100000|100%| O|  |TAMS 0x0000000084000000, 0x0000000084000000| Untracked 
|  65|0x0000000084100000, 0x0000000084200000, 0x0000000084200000|100%| O|  |TAMS 0x0000000084100000, 0x0000000084100000| Untracked 
|  66|0x0000000084200000, 0x0000000084300000, 0x0000000084300000|100%| O|  |TAMS 0x0000000084200000, 0x0000000084200000| Untracked 
|  67|0x0000000084300000, 0x0000000084400000, 0x0000000084400000|100%| O|  |TAMS 0x0000000084300000, 0x0000000084300000| Untracked 
|  68|0x0000000084400000, 0x0000000084500000, 0x0000000084500000|100%| O|  |TAMS 0x0000000084400000, 0x0000000084400000| Untracked 
|  69|0x0000000084500000, 0x0000000084600000, 0x0000000084600000|100%| O|  |TAMS 0x0000000084500000, 0x0000000084500000| Untracked 
|  70|0x0000000084600000, 0x0000000084700000, 0x0000000084700000|100%| O|  |TAMS 0x0000000084600000, 0x0000000084600000| Untracked 
|  71|0x0000000084700000, 0x00000000847fc800, 0x0000000084800000| 98%| O|  |TAMS 0x0000000084700000, 0x0000000084700000| Untracked 
|  72|0x0000000084800000, 0x0000000084900000, 0x0000000084900000|100%|HS|  |TAMS 0x0000000084800000, 0x0000000084800000| Complete 
|  73|0x0000000084900000, 0x0000000084a00000, 0x0000000084a00000|100%|HC|  |TAMS 0x0000000084900000, 0x0000000084900000| Complete 
|  74|0x0000000084a00000, 0x0000000084a00000, 0x0000000084b00000|  0%| F|  |TAMS 0x0000000084a00000, 0x0000000084a00000| Untracked 
|  75|0x0000000084b00000, 0x0000000084b00000, 0x0000000084c00000|  0%| F|  |TAMS 0x0000000084b00000, 0x0000000084b00000| Untracked 
|  76|0x0000000084c00000, 0x0000000084c00000, 0x0000000084d00000|  0%| F|  |TAMS 0x0000000084c00000, 0x0000000084c00000| Untracked 
|  77|0x0000000084d00000, 0x0000000084d00000, 0x0000000084e00000|  0%| F|  |TAMS 0x0000000084d00000, 0x0000000084d00000| Untracked 
|  78|0x0000000084e00000, 0x0000000084e00000, 0x0000000084f00000|  0%| F|  |TAMS 0x0000000084e00000, 0x0000000084e00000| Untracked 
|  79|0x0000000084f00000, 0x0000000084f00000, 0x0000000085000000|  0%| F|  |TAMS 0x0000000084f00000, 0x0000000084f00000| Untracked 
|  80|0x0000000085000000, 0x0000000085000000, 0x0000000085100000|  0%| F|  |TAMS 0x0000000085000000, 0x0000000085000000| Untracked 
|  81|0x0000000085100000, 0x0000000085100000, 0x0000000085200000|  0%| F|  |TAMS 0x0000000085100000, 0x0000000085100000| Untracked 
|  82|0x0000000085200000, 0x0000000085200000, 0x0000000085300000|  0%| F|  |TAMS 0x0000000085200000, 0x0000000085200000| Untracked 
|  83|0x0000000085300000, 0x0000000085300000, 0x0000000085400000|  0%| F|  |TAMS 0x0000000085300000, 0x0000000085300000| Untracked 
|  84|0x0000000085400000, 0x0000000085400000, 0x0000000085500000|  0%| F|  |TAMS 0x0000000085400000, 0x0000000085400000| Untracked 
|  85|0x0000000085500000, 0x0000000085500000, 0x0000000085600000|  0%| F|  |TAMS 0x0000000085500000, 0x0000000085500000| Untracked 
|  86|0x0000000085600000, 0x0000000085600000, 0x0000000085700000|  0%| F|  |TAMS 0x0000000085600000, 0x0000000085600000| Untracked 
|  87|0x0000000085700000, 0x0000000085700000, 0x0000000085800000|  0%| F|  |TAMS 0x0000000085700000, 0x0000000085700000| Untracked 
|  88|0x0000000085800000, 0x0000000085800000, 0x0000000085900000|  0%| F|  |TAMS 0x0000000085800000, 0x0000000085800000| Untracked 
|  89|0x0000000085900000, 0x0000000085900000, 0x0000000085a00000|  0%| F|  |TAMS 0x0000000085900000, 0x0000000085900000| Untracked 
|  90|0x0000000085a00000, 0x0000000085a00000, 0x0000000085b00000|  0%| F|  |TAMS 0x0000000085a00000, 0x0000000085a00000| Untracked 
|  91|0x0000000085b00000, 0x0000000085b00000, 0x0000000085c00000|  0%| F|  |TAMS 0x0000000085b00000, 0x0000000085b00000| Untracked 
|  92|0x0000000085c00000, 0x0000000085c00000, 0x0000000085d00000|  0%| F|  |TAMS 0x0000000085c00000, 0x0000000085c00000| Untracked 
|  93|0x0000000085d00000, 0x0000000085d00000, 0x0000000085e00000|  0%| F|  |TAMS 0x0000000085d00000, 0x0000000085d00000| Untracked 
|  94|0x0000000085e00000, 0x0000000085e00000, 0x0000000085f00000|  0%| F|  |TAMS 0x0000000085e00000, 0x0000000085e00000| Untracked 
|  95|0x0000000085f00000, 0x0000000085f00000, 0x0000000086000000|  0%| F|  |TAMS 0x0000000085f00000, 0x0000000085f00000| Untracked 
|  96|0x0000000086000000, 0x0000000086000000, 0x0000000086100000|  0%| F|  |TAMS 0x0000000086000000, 0x0000000086000000| Untracked 
|  97|0x0000000086100000, 0x0000000086100000, 0x0000000086200000|  0%| F|  |TAMS 0x0000000086100000, 0x0000000086100000| Untracked 
|  98|0x0000000086200000, 0x0000000086200000, 0x0000000086300000|  0%| F|  |TAMS 0x0000000086200000, 0x0000000086200000| Untracked 
|  99|0x0000000086300000, 0x0000000086300000, 0x0000000086400000|  0%| F|  |TAMS 0x0000000086300000, 0x0000000086300000| Untracked 
| 100|0x0000000086400000, 0x0000000086400000, 0x0000000086500000|  0%| F|  |TAMS 0x0000000086400000, 0x0000000086400000| Untracked 
| 101|0x0000000086500000, 0x0000000086500000, 0x0000000086600000|  0%| F|  |TAMS 0x0000000086500000, 0x0000000086500000| Untracked 
| 102|0x0000000086600000, 0x0000000086600000, 0x0000000086700000|  0%| F|  |TAMS 0x0000000086600000, 0x0000000086600000| Untracked 
| 103|0x0000000086700000, 0x0000000086700000, 0x0000000086800000|  0%| F|  |TAMS 0x0000000086700000, 0x0000000086700000| Untracked 
| 104|0x0000000086800000, 0x0000000086800000, 0x0000000086900000|  0%| F|  |TAMS 0x0000000086800000, 0x0000000086800000| Untracked 
| 105|0x0000000086900000, 0x0000000086900000, 0x0000000086a00000|  0%| F|  |TAMS 0x0000000086900000, 0x0000000086900000| Untracked 
| 106|0x0000000086a00000, 0x0000000086a00000, 0x0000000086b00000|  0%| F|  |TAMS 0x0000000086a00000, 0x0000000086a00000| Untracked 
| 107|0x0000000086b00000, 0x0000000086b00000, 0x0000000086c00000|  0%| F|  |TAMS 0x0000000086b00000, 0x0000000086b00000| Untracked 
| 108|0x0000000086c00000, 0x0000000086c00000, 0x0000000086d00000|  0%| F|  |TAMS 0x0000000086c00000, 0x0000000086c00000| Untracked 
| 109|0x0000000086d00000, 0x0000000086d00000, 0x0000000086e00000|  0%| F|  |TAMS 0x0000000086d00000, 0x0000000086d00000| Untracked 
| 110|0x0000000086e00000, 0x0000000086e00000, 0x0000000086f00000|  0%| F|  |TAMS 0x0000000086e00000, 0x0000000086e00000| Untracked 
| 111|0x0000000086f00000, 0x0000000086f00000, 0x0000000087000000|  0%| F|  |TAMS 0x0000000086f00000, 0x0000000086f00000| Untracked 
| 112|0x0000000087000000, 0x0000000087000000, 0x0000000087100000|  0%| F|  |TAMS 0x0000000087000000, 0x0000000087000000| Untracked 
| 113|0x0000000087100000, 0x0000000087100000, 0x0000000087200000|  0%| F|  |TAMS 0x0000000087100000, 0x0000000087100000| Untracked 
| 114|0x0000000087200000, 0x0000000087200000, 0x0000000087300000|  0%| F|  |TAMS 0x0000000087200000, 0x0000000087200000| Untracked 
| 115|0x0000000087300000, 0x0000000087300000, 0x0000000087400000|  0%| F|  |TAMS 0x0000000087300000, 0x0000000087300000| Untracked 
| 116|0x0000000087400000, 0x0000000087400000, 0x0000000087500000|  0%| F|  |TAMS 0x0000000087400000, 0x0000000087400000| Untracked 
| 117|0x0000000087500000, 0x0000000087500000, 0x0000000087600000|  0%| F|  |TAMS 0x0000000087500000, 0x0000000087500000| Untracked 
| 118|0x0000000087600000, 0x0000000087600000, 0x0000000087700000|  0%| F|  |TAMS 0x0000000087600000, 0x0000000087600000| Untracked 
| 119|0x0000000087700000, 0x0000000087700000, 0x0000000087800000|  0%| F|  |TAMS 0x0000000087700000, 0x0000000087700000| Untracked 
| 120|0x0000000087800000, 0x0000000087800000, 0x0000000087900000|  0%| F|  |TAMS 0x0000000087800000, 0x0000000087800000| Untracked 
| 121|0x0000000087900000, 0x0000000087900000, 0x0000000087a00000|  0%| F|  |TAMS 0x0000000087900000, 0x0000000087900000| Untracked 
| 122|0x0000000087a00000, 0x0000000087a00000, 0x0000000087b00000|  0%| F|  |TAMS 0x0000000087a00000, 0x0000000087a00000| Untracked 
| 123|0x0000000087b00000, 0x0000000087b00000, 0x0000000087c00000|  0%| F|  |TAMS 0x0000000087b00000, 0x0000000087b00000| Untracked 
| 124|0x0000000087c00000, 0x0000000087c00000, 0x0000000087d00000|  0%| F|  |TAMS 0x0000000087c00000, 0x0000000087c00000| Untracked 
| 125|0x0000000087d00000, 0x0000000087d00000, 0x0000000087e00000|  0%| F|  |TAMS 0x0000000087d00000, 0x0000000087d00000| Untracked 
| 126|0x0000000087e00000, 0x0000000087e00000, 0x0000000087f00000|  0%| F|  |TAMS 0x0000000087e00000, 0x0000000087e00000| Untracked 
| 127|0x0000000087f00000, 0x0000000087f00000, 0x0000000088000000|  0%| F|  |TAMS 0x0000000087f00000, 0x0000000087f00000| Untracked 
| 128|0x0000000088000000, 0x0000000088000000, 0x0000000088100000|  0%| F|  |TAMS 0x0000000088000000, 0x0000000088000000| Untracked 
| 129|0x0000000088100000, 0x0000000088100000, 0x0000000088200000|  0%| F|  |TAMS 0x0000000088100000, 0x0000000088100000| Untracked 
| 130|0x0000000088200000, 0x0000000088200000, 0x0000000088300000|  0%| F|  |TAMS 0x0000000088200000, 0x0000000088200000| Untracked 
| 131|0x0000000088300000, 0x0000000088300000, 0x0000000088400000|  0%| F|  |TAMS 0x0000000088300000, 0x0000000088300000| Untracked 
| 132|0x0000000088400000, 0x0000000088400000, 0x0000000088500000|  0%| F|  |TAMS 0x0000000088400000, 0x0000000088400000| Untracked 
| 133|0x0000000088500000, 0x0000000088500000, 0x0000000088600000|  0%| F|  |TAMS 0x0000000088500000, 0x0000000088500000| Untracked 
| 134|0x0000000088600000, 0x0000000088600000, 0x0000000088700000|  0%| F|  |TAMS 0x0000000088600000, 0x0000000088600000| Untracked 
| 135|0x0000000088700000, 0x0000000088700000, 0x0000000088800000|  0%| F|  |TAMS 0x0000000088700000, 0x0000000088700000| Untracked 
| 136|0x0000000088800000, 0x0000000088800000, 0x0000000088900000|  0%| F|  |TAMS 0x0000000088800000, 0x0000000088800000| Untracked 
| 137|0x0000000088900000, 0x0000000088900000, 0x0000000088a00000|  0%| F|  |TAMS 0x0000000088900000, 0x0000000088900000| Untracked 
| 138|0x0000000088a00000, 0x0000000088a00000, 0x0000000088b00000|  0%| F|  |TAMS 0x0000000088a00000, 0x0000000088a00000| Untracked 
| 139|0x0000000088b00000, 0x0000000088b00000, 0x0000000088c00000|  0%| F|  |TAMS 0x0000000088b00000, 0x0000000088b00000| Untracked 
| 140|0x0000000088c00000, 0x0000000088c00000, 0x0000000088d00000|  0%| F|  |TAMS 0x0000000088c00000, 0x0000000088c00000| Untracked 
| 141|0x0000000088d00000, 0x0000000088d00000, 0x0000000088e00000|  0%| F|  |TAMS 0x0000000088d00000, 0x0000000088d00000| Untracked 
| 142|0x0000000088e00000, 0x0000000088e00000, 0x0000000088f00000|  0%| F|  |TAMS 0x0000000088e00000, 0x0000000088e00000| Untracked 
| 143|0x0000000088f00000, 0x0000000088f00000, 0x0000000089000000|  0%| F|  |TAMS 0x0000000088f00000, 0x0000000088f00000| Untracked 
| 144|0x0000000089000000, 0x0000000089000000, 0x0000000089100000|  0%| F|  |TAMS 0x0000000089000000, 0x0000000089000000| Untracked 
| 145|0x0000000089100000, 0x0000000089100000, 0x0000000089200000|  0%| F|  |TAMS 0x0000000089100000, 0x0000000089100000| Untracked 
| 146|0x0000000089200000, 0x0000000089200000, 0x0000000089300000|  0%| F|  |TAMS 0x0000000089200000, 0x0000000089200000| Untracked 
| 147|0x0000000089300000, 0x0000000089300000, 0x0000000089400000|  0%| F|  |TAMS 0x0000000089300000, 0x0000000089300000| Untracked 
| 148|0x0000000089400000, 0x0000000089400000, 0x0000000089500000|  0%| F|  |TAMS 0x0000000089400000, 0x0000000089400000| Untracked 
| 149|0x0000000089500000, 0x0000000089500000, 0x0000000089600000|  0%| F|  |TAMS 0x0000000089500000, 0x0000000089500000| Untracked 
| 150|0x0000000089600000, 0x0000000089600000, 0x0000000089700000|  0%| F|  |TAMS 0x0000000089600000, 0x0000000089600000| Untracked 
| 151|0x0000000089700000, 0x0000000089700000, 0x0000000089800000|  0%| F|  |TAMS 0x0000000089700000, 0x0000000089700000| Untracked 
| 152|0x0000000089800000, 0x0000000089800000, 0x0000000089900000|  0%| F|  |TAMS 0x0000000089800000, 0x0000000089800000| Untracked 
| 153|0x0000000089900000, 0x0000000089900000, 0x0000000089a00000|  0%| F|  |TAMS 0x0000000089900000, 0x0000000089900000| Untracked 
| 154|0x0000000089a00000, 0x0000000089a00000, 0x0000000089b00000|  0%| F|  |TAMS 0x0000000089a00000, 0x0000000089a00000| Untracked 
| 155|0x0000000089b00000, 0x0000000089b00000, 0x0000000089c00000|  0%| F|  |TAMS 0x0000000089b00000, 0x0000000089b00000| Untracked 
| 156|0x0000000089c00000, 0x0000000089c00000, 0x0000000089d00000|  0%| F|  |TAMS 0x0000000089c00000, 0x0000000089c00000| Untracked 
| 157|0x0000000089d00000, 0x0000000089d00000, 0x0000000089e00000|  0%| F|  |TAMS 0x0000000089d00000, 0x0000000089d00000| Untracked 
| 158|0x0000000089e00000, 0x0000000089e00000, 0x0000000089f00000|  0%| F|  |TAMS 0x0000000089e00000, 0x0000000089e00000| Untracked 
| 159|0x0000000089f00000, 0x0000000089f00000, 0x000000008a000000|  0%| F|  |TAMS 0x0000000089f00000, 0x0000000089f00000| Untracked 
| 160|0x000000008a000000, 0x000000008a000000, 0x000000008a100000|  0%| F|  |TAMS 0x000000008a000000, 0x000000008a000000| Untracked 
| 161|0x000000008a100000, 0x000000008a100000, 0x000000008a200000|  0%| F|  |TAMS 0x000000008a100000, 0x000000008a100000| Untracked 
| 162|0x000000008a200000, 0x000000008a200000, 0x000000008a300000|  0%| F|  |TAMS 0x000000008a200000, 0x000000008a200000| Untracked 
| 163|0x000000008a300000, 0x000000008a300000, 0x000000008a400000|  0%| F|  |TAMS 0x000000008a300000, 0x000000008a300000| Untracked 
| 164|0x000000008a400000, 0x000000008a400000, 0x000000008a500000|  0%| F|  |TAMS 0x000000008a400000, 0x000000008a400000| Untracked 
| 165|0x000000008a500000, 0x000000008a500000, 0x000000008a600000|  0%| F|  |TAMS 0x000000008a500000, 0x000000008a500000| Untracked 
| 166|0x000000008a600000, 0x000000008a600000, 0x000000008a700000|  0%| F|  |TAMS 0x000000008a600000, 0x000000008a600000| Untracked 
| 167|0x000000008a700000, 0x000000008a700000, 0x000000008a800000|  0%| F|  |TAMS 0x000000008a700000, 0x000000008a700000| Untracked 
| 168|0x000000008a800000, 0x000000008a800000, 0x000000008a900000|  0%| F|  |TAMS 0x000000008a800000, 0x000000008a800000| Untracked 
| 169|0x000000008a900000, 0x000000008a900000, 0x000000008aa00000|  0%| F|  |TAMS 0x000000008a900000, 0x000000008a900000| Untracked 
| 170|0x000000008aa00000, 0x000000008aa00000, 0x000000008ab00000|  0%| F|  |TAMS 0x000000008aa00000, 0x000000008aa00000| Untracked 
| 171|0x000000008ab00000, 0x000000008ab00800, 0x000000008ac00000|  0%| E|  |TAMS 0x000000008ab00000, 0x000000008ab00000| Complete 
| 172|0x000000008ac00000, 0x000000008ad00000, 0x000000008ad00000|100%| E|CS|TAMS 0x000000008ac00000, 0x000000008ac00000| Complete 
| 173|0x000000008ad00000, 0x000000008ae00000, 0x000000008ae00000|100%| E|CS|TAMS 0x000000008ad00000, 0x000000008ad00000| Complete 
| 174|0x000000008ae00000, 0x000000008af00000, 0x000000008af00000|100%| E|CS|TAMS 0x000000008ae00000, 0x000000008ae00000| Complete 
| 175|0x000000008af00000, 0x000000008b000000, 0x000000008b000000|100%| E|CS|TAMS 0x000000008af00000, 0x000000008af00000| Complete 
| 176|0x000000008b000000, 0x000000008b100000, 0x000000008b100000|100%| E|CS|TAMS 0x000000008b000000, 0x000000008b000000| Complete 
| 177|0x000000008b100000, 0x000000008b200000, 0x000000008b200000|100%| E|CS|TAMS 0x000000008b100000, 0x000000008b100000| Complete 
| 178|0x000000008b200000, 0x000000008b300000, 0x000000008b300000|100%| E|CS|TAMS 0x000000008b200000, 0x000000008b200000| Complete 
| 179|0x000000008b300000, 0x000000008b400000, 0x000000008b400000|100%| E|CS|TAMS 0x000000008b300000, 0x000000008b300000| Complete 
| 180|0x000000008b400000, 0x000000008b500000, 0x000000008b500000|100%| E|CS|TAMS 0x000000008b400000, 0x000000008b400000| Complete 
| 181|0x000000008b500000, 0x000000008b600000, 0x000000008b600000|100%| E|CS|TAMS 0x000000008b500000, 0x000000008b500000| Complete 
| 182|0x000000008b600000, 0x000000008b700000, 0x000000008b700000|100%| E|CS|TAMS 0x000000008b600000, 0x000000008b600000| Complete 
| 183|0x000000008b700000, 0x000000008b800000, 0x000000008b800000|100%| E|CS|TAMS 0x000000008b700000, 0x000000008b700000| Complete 
| 184|0x000000008b800000, 0x000000008b900000, 0x000000008b900000|100%| E|CS|TAMS 0x000000008b800000, 0x000000008b800000| Complete 
| 185|0x000000008b900000, 0x000000008ba00000, 0x000000008ba00000|100%| E|CS|TAMS 0x000000008b900000, 0x000000008b900000| Complete 
| 186|0x000000008ba00000, 0x000000008bb00000, 0x000000008bb00000|100%| E|CS|TAMS 0x000000008ba00000, 0x000000008ba00000| Complete 
| 187|0x000000008bb00000, 0x000000008bc00000, 0x000000008bc00000|100%| E|CS|TAMS 0x000000008bb00000, 0x000000008bb00000| Complete 
| 188|0x000000008bc00000, 0x000000008bd00000, 0x000000008bd00000|100%| E|CS|TAMS 0x000000008bc00000, 0x000000008bc00000| Complete 
| 189|0x000000008bd00000, 0x000000008be00000, 0x000000008be00000|100%| E|CS|TAMS 0x000000008bd00000, 0x000000008bd00000| Complete 
| 190|0x000000008be00000, 0x000000008bf00000, 0x000000008bf00000|100%| E|CS|TAMS 0x000000008be00000, 0x000000008be00000| Complete 
| 191|0x000000008bf00000, 0x000000008c000000, 0x000000008c000000|100%| E|CS|TAMS 0x000000008bf00000, 0x000000008bf00000| Complete 
| 192|0x000000008c000000, 0x000000008c100000, 0x000000008c100000|100%| E|CS|TAMS 0x000000008c000000, 0x000000008c000000| Complete 
| 193|0x000000008c100000, 0x000000008c200000, 0x000000008c200000|100%| E|CS|TAMS 0x000000008c100000, 0x000000008c100000| Complete 
| 194|0x000000008c200000, 0x000000008c300000, 0x000000008c300000|100%| E|CS|TAMS 0x000000008c200000, 0x000000008c200000| Complete 
| 195|0x000000008c300000, 0x000000008c400000, 0x000000008c400000|100%| E|CS|TAMS 0x000000008c300000, 0x000000008c300000| Complete 
| 196|0x000000008c400000, 0x000000008c500000, 0x000000008c500000|100%| E|CS|TAMS 0x000000008c400000, 0x000000008c400000| Complete 
| 197|0x000000008c500000, 0x000000008c600000, 0x000000008c600000|100%| E|CS|TAMS 0x000000008c500000, 0x000000008c500000| Complete 
| 198|0x000000008c600000, 0x000000008c700000, 0x000000008c700000|100%| E|CS|TAMS 0x000000008c600000, 0x000000008c600000| Complete 
| 199|0x000000008c700000, 0x000000008c800000, 0x000000008c800000|100%| E|CS|TAMS 0x000000008c700000, 0x000000008c700000| Complete 
| 200|0x000000008c800000, 0x000000008c900000, 0x000000008c900000|100%| E|CS|TAMS 0x000000008c800000, 0x000000008c800000| Complete 
| 201|0x000000008c900000, 0x000000008ca00000, 0x000000008ca00000|100%| E|CS|TAMS 0x000000008c900000, 0x000000008c900000| Complete 
| 202|0x000000008ca00000, 0x000000008cb00000, 0x000000008cb00000|100%| E|CS|TAMS 0x000000008ca00000, 0x000000008ca00000| Complete 
| 203|0x000000008cb00000, 0x000000008cc00000, 0x000000008cc00000|100%| E|CS|TAMS 0x000000008cb00000, 0x000000008cb00000| Complete 
| 204|0x000000008cc00000, 0x000000008cd00000, 0x000000008cd00000|100%| E|CS|TAMS 0x000000008cc00000, 0x000000008cc00000| Complete 
| 205|0x000000008cd00000, 0x000000008ce00000, 0x000000008ce00000|100%| E|CS|TAMS 0x000000008cd00000, 0x000000008cd00000| Complete 
| 206|0x000000008ce00000, 0x000000008cf00000, 0x000000008cf00000|100%| E|CS|TAMS 0x000000008ce00000, 0x000000008ce00000| Complete 
| 207|0x000000008cf00000, 0x000000008d000000, 0x000000008d000000|100%| E|CS|TAMS 0x000000008cf00000, 0x000000008cf00000| Complete 
| 208|0x000000008d000000, 0x000000008d100000, 0x000000008d100000|100%| E|CS|TAMS 0x000000008d000000, 0x000000008d000000| Complete 
| 209|0x000000008d100000, 0x000000008d200000, 0x000000008d200000|100%| E|CS|TAMS 0x000000008d100000, 0x000000008d100000| Complete 
| 210|0x000000008d200000, 0x000000008d300000, 0x000000008d300000|100%| E|CS|TAMS 0x000000008d200000, 0x000000008d200000| Complete 
| 211|0x000000008d300000, 0x000000008d400000, 0x000000008d400000|100%| E|CS|TAMS 0x000000008d300000, 0x000000008d300000| Complete 
| 212|0x000000008d400000, 0x000000008d500000, 0x000000008d500000|100%| E|CS|TAMS 0x000000008d400000, 0x000000008d400000| Complete 
| 213|0x000000008d500000, 0x000000008d600000, 0x000000008d600000|100%| E|CS|TAMS 0x000000008d500000, 0x000000008d500000| Complete 
| 214|0x000000008d600000, 0x000000008d700000, 0x000000008d700000|100%| E|CS|TAMS 0x000000008d600000, 0x000000008d600000| Complete 
| 215|0x000000008d700000, 0x000000008d800000, 0x000000008d800000|100%| E|CS|TAMS 0x000000008d700000, 0x000000008d700000| Complete 
| 216|0x000000008d800000, 0x000000008d900000, 0x000000008d900000|100%| E|CS|TAMS 0x000000008d800000, 0x000000008d800000| Complete 
| 217|0x000000008d900000, 0x000000008da00000, 0x000000008da00000|100%| E|CS|TAMS 0x000000008d900000, 0x000000008d900000| Complete 
| 218|0x000000008da00000, 0x000000008db00000, 0x000000008db00000|100%| E|CS|TAMS 0x000000008da00000, 0x000000008da00000| Complete 
| 219|0x000000008db00000, 0x000000008dc00000, 0x000000008dc00000|100%| E|CS|TAMS 0x000000008db00000, 0x000000008db00000| Complete 
| 220|0x000000008dc00000, 0x000000008dd00000, 0x000000008dd00000|100%| E|CS|TAMS 0x000000008dc00000, 0x000000008dc00000| Complete 
| 221|0x000000008dd00000, 0x000000008de00000, 0x000000008de00000|100%| E|CS|TAMS 0x000000008dd00000, 0x000000008dd00000| Complete 
| 222|0x000000008de00000, 0x000000008df00000, 0x000000008df00000|100%| E|CS|TAMS 0x000000008de00000, 0x000000008de00000| Complete 
| 223|0x000000008df00000, 0x000000008e000000, 0x000000008e000000|100%| E|CS|TAMS 0x000000008df00000, 0x000000008df00000| Complete 
| 224|0x000000008e000000, 0x000000008e100000, 0x000000008e100000|100%| E|CS|TAMS 0x000000008e000000, 0x000000008e000000| Complete 
| 225|0x000000008e100000, 0x000000008e200000, 0x000000008e200000|100%| E|CS|TAMS 0x000000008e100000, 0x000000008e100000| Complete 
| 226|0x000000008e200000, 0x000000008e300000, 0x000000008e300000|100%| E|CS|TAMS 0x000000008e200000, 0x000000008e200000| Complete 
| 227|0x000000008e300000, 0x000000008e400000, 0x000000008e400000|100%| E|CS|TAMS 0x000000008e300000, 0x000000008e300000| Complete 
| 228|0x000000008e400000, 0x000000008e500000, 0x000000008e500000|100%| E|CS|TAMS 0x000000008e400000, 0x000000008e400000| Complete 
| 229|0x000000008e500000, 0x000000008e600000, 0x000000008e600000|100%| E|CS|TAMS 0x000000008e500000, 0x000000008e500000| Complete 
| 230|0x000000008e600000, 0x000000008e700000, 0x000000008e700000|100%| E|CS|TAMS 0x000000008e600000, 0x000000008e600000| Complete 
| 231|0x000000008e700000, 0x000000008e800000, 0x000000008e800000|100%| E|CS|TAMS 0x000000008e700000, 0x000000008e700000| Complete 
| 232|0x000000008e800000, 0x000000008e900000, 0x000000008e900000|100%| E|CS|TAMS 0x000000008e800000, 0x000000008e800000| Complete 
| 233|0x000000008e900000, 0x000000008ea00000, 0x000000008ea00000|100%| E|CS|TAMS 0x000000008e900000, 0x000000008e900000| Complete 
| 234|0x000000008ea00000, 0x000000008eb00000, 0x000000008eb00000|100%| E|CS|TAMS 0x000000008ea00000, 0x000000008ea00000| Complete 
| 235|0x000000008eb00000, 0x000000008ec00000, 0x000000008ec00000|100%| E|CS|TAMS 0x000000008eb00000, 0x000000008eb00000| Complete 
| 236|0x000000008ec00000, 0x000000008ed00000, 0x000000008ed00000|100%| E|CS|TAMS 0x000000008ec00000, 0x000000008ec00000| Complete 
| 237|0x000000008ed00000, 0x000000008ee00000, 0x000000008ee00000|100%| E|CS|TAMS 0x000000008ed00000, 0x000000008ed00000| Complete 
| 238|0x000000008ee00000, 0x000000008ef00000, 0x000000008ef00000|100%| E|CS|TAMS 0x000000008ee00000, 0x000000008ee00000| Complete 
| 239|0x000000008ef00000, 0x000000008f000000, 0x000000008f000000|100%| E|CS|TAMS 0x000000008ef00000, 0x000000008ef00000| Complete 
| 240|0x000000008f000000, 0x000000008f100000, 0x000000008f100000|100%| E|CS|TAMS 0x000000008f000000, 0x000000008f000000| Complete 
| 241|0x000000008f100000, 0x000000008f200000, 0x000000008f200000|100%| E|CS|TAMS 0x000000008f100000, 0x000000008f100000| Complete 
| 242|0x000000008f200000, 0x000000008f300000, 0x000000008f300000|100%| E|CS|TAMS 0x000000008f200000, 0x000000008f200000| Complete 
| 243|0x000000008f300000, 0x000000008f400000, 0x000000008f400000|100%| E|CS|TAMS 0x000000008f300000, 0x000000008f300000| Complete 
| 244|0x000000008f400000, 0x000000008f500000, 0x000000008f500000|100%| E|CS|TAMS 0x000000008f400000, 0x000000008f400000| Complete 
| 245|0x000000008f500000, 0x000000008f600000, 0x000000008f600000|100%| E|CS|TAMS 0x000000008f500000, 0x000000008f500000| Complete 
| 246|0x000000008f600000, 0x000000008f700000, 0x000000008f700000|100%| E|CS|TAMS 0x000000008f600000, 0x000000008f600000| Complete 
| 247|0x000000008f700000, 0x000000008f800000, 0x000000008f800000|100%| E|CS|TAMS 0x000000008f700000, 0x000000008f700000| Complete 
| 248|0x000000008f800000, 0x000000008f900000, 0x000000008f900000|100%| E|CS|TAMS 0x000000008f800000, 0x000000008f800000| Complete 
| 249|0x000000008f900000, 0x000000008fa00000, 0x000000008fa00000|100%| E|CS|TAMS 0x000000008f900000, 0x000000008f900000| Complete 
| 250|0x000000008fa00000, 0x000000008fb00000, 0x000000008fb00000|100%| E|CS|TAMS 0x000000008fa00000, 0x000000008fa00000| Complete 
| 251|0x000000008fb00000, 0x000000008fc00000, 0x000000008fc00000|100%| E|CS|TAMS 0x000000008fb00000, 0x000000008fb00000| Complete 
| 252|0x000000008fc00000, 0x000000008fd00000, 0x000000008fd00000|100%| E|CS|TAMS 0x000000008fc00000, 0x000000008fc00000| Complete 
| 253|0x000000008fd00000, 0x000000008fd80000, 0x000000008fe00000| 50%| S|CS|TAMS 0x000000008fd00000, 0x000000008fd00000| Complete 
| 254|0x000000008fe00000, 0x000000008ff00000, 0x000000008ff00000|100%| S|CS|TAMS 0x000000008fe00000, 0x000000008fe00000| Complete 
| 255|0x000000008ff00000, 0x0000000090000000, 0x0000000090000000|100%| E|CS|TAMS 0x000000008ff00000, 0x000000008ff00000| Complete 

Card table byte_map: [0x0000023aa4760000,0x0000023aa4b60000] _byte_map_base: 0x0000023aa4360000

Marking Bits (Prev, Next): (CMBitMap*) 0x0000023a8db90f50, (CMBitMap*) 0x0000023a8db90f90
 Prev Bits: [0x0000023aa4f60000, 0x0000023aa6f60000)
 Next Bits: [0x0000023aa6f60000, 0x0000023aa8f60000)

Polling page: 0x0000023a8d330000

Metaspace:

Usage:
  Non-class:     75.14 MB used.
      Class:     10.27 MB used.
       Both:     85.41 MB used.

Virtual space:
  Non-class space:       80.00 MB reserved,      76.38 MB ( 95%) committed,  10 nodes.
      Class space:        1.00 GB reserved,      11.12 MB (  1%) committed,  1 nodes.
             Both:        1.08 GB reserved,      87.50 MB (  8%) committed. 

Chunk freelists:
   Non-Class:  3.25 MB
       Class:  774.00 KB
        Both:  4.01 MB

MaxMetaspaceSize: unlimited
CompressedClassSpaceSize: 1.00 GB
Initial GC threshold: 21.00 MB
Current GC threshold: 131.88 MB
CDS: on
MetaspaceReclaimPolicy: balanced
 - commit_granule_bytes: 65536.
 - commit_granule_words: 8192.
 - virtual_space_node_default_size: 1048576.
 - enlarge_chunks_in_place: 1.
 - new_chunks_are_fully_committed: 0.
 - uncommit_free_chunks: 1.
 - use_allocation_guard: 0.
 - handle_deallocations: 1.


Internal statistics:

num_allocs_failed_limit: 12.
num_arena_births: 794.
num_arena_deaths: 0.
num_vsnodes_births: 11.
num_vsnodes_deaths: 0.
num_space_committed: 1400.
num_space_uncommitted: 0.
num_chunks_returned_to_freelist: 12.
num_chunks_taken_from_freelist: 5135.
num_chunk_merges: 12.
num_chunk_splits: 3217.
num_chunks_enlarged: 1853.
num_purges: 0.
num_inconsistent_stats: 0.

CodeHeap 'non-profiled nmethods': size=120000Kb used=5511Kb max_used=5511Kb free=114488Kb
 bounds [0x0000023a9ce30000, 0x0000023a9d3a0000, 0x0000023aa4360000]
CodeHeap 'profiled nmethods': size=120000Kb used=19822Kb max_used=19822Kb free=100177Kb
 bounds [0x0000023a95900000, 0x0000023a96c60000, 0x0000023a9ce30000]
CodeHeap 'non-nmethods': size=5760Kb used=1536Kb max_used=1629Kb free=4223Kb
 bounds [0x0000023a95360000, 0x0000023a955d0000, 0x0000023a95900000]
 total_blobs=10297 nmethods=9375 adapters=833
 compilation: enabled
              stopped_count=0, restarted_count=0
 full_count=0

Compilation events (20 events):
Event: 1320.753 Thread 0x0000023aab4562d0 nmethod 10819 0x0000023a96c4c310 code [0x0000023a96c4c4a0, 0x0000023a96c4c5f8]
Event: 1350.751 Thread 0x0000023aab4562d0 10820       3       java.util.concurrent.locks.LockSupport::setBlocker (12 bytes)
Event: 1350.762 Thread 0x0000023aab4562d0 nmethod 10820 0x0000023a96c4c690 code [0x0000023a96c4c840, 0x0000023a96c4ca48]
Event: 1503.997 Thread 0x0000023aab4562d0 10821       3       java.util.Spliterators::spliterator (16 bytes)
Event: 1504.033 Thread 0x0000023aab4562d0 nmethod 10821 0x0000023a96c4cb10 code [0x0000023a96c4cce0, 0x0000023a96c4d0f8]
Event: 1504.033 Thread 0x0000023aab4562d0 10822       3       java.util.Spliterators$IteratorSpliterator::<init> (39 bytes)
Event: 1504.037 Thread 0x0000023aab4562d0 nmethod 10822 0x0000023a96c4d290 code [0x0000023a96c4d440, 0x0000023a96c4d698]
Event: 1529.415 Thread 0x0000023aab4562d0 10823       3       java.nio.Buffer::checkIndex (24 bytes)
Event: 1529.428 Thread 0x0000023aab4562d0 nmethod 10823 0x0000023a96c4d790 code [0x0000023a96c4d940, 0x0000023a96c4db88]
Event: 1529.429 Thread 0x0000023aab454db0 10826       4       java.nio.HeapCharBuffer::ix (7 bytes)
Event: 1529.429 Thread 0x0000023aab4562d0 10824       3       java.nio.CharBuffer::charAt (16 bytes)
Event: 1529.466 Thread 0x0000023aab4562d0 nmethod 10824 0x0000023a96c4dc90 code [0x0000023a96c4de60, 0x0000023a96c4e1f8]
Event: 1529.466 Thread 0x0000023aab4562d0 10825       3       java.nio.HeapCharBuffer::get (15 bytes)
Event: 1529.468 Thread 0x0000023aab454db0 nmethod 10826 0x0000023a9d391410 code [0x0000023a9d391580, 0x0000023a9d3915f8]
Event: 1529.468 Thread 0x0000023aab454db0 10827       4       java.nio.Buffer::checkIndex (22 bytes)
Event: 1529.475 Thread 0x0000023aab4562d0 nmethod 10825 0x0000023a96c4e310 code [0x0000023a96c4e4c0, 0x0000023a96c4e6b8]
Event: 1529.476 Thread 0x0000023aab454db0 nmethod 10827 0x0000023a9d391710 code [0x0000023a9d391880, 0x0000023a9d391938]
Event: 1529.594 Thread 0x0000023aab4562d0 10828       3       java.lang.Character::isAlphabetic (30 bytes)
Event: 1529.598 Thread 0x0000023aab4562d0 nmethod 10828 0x0000023a96c4e810 code [0x0000023a96c4e9e0, 0x0000023a96c4edd8]
Event: 1529.601 Thread 0x0000023aab4562d0 10829       3       org.eclipse.swt.graphics.TextLayout::computeRuns (2281 bytes)

GC Heap History (20 events):
Event: 0.511 GC heap before
{Heap before GC invocations=0 (full 0):
 garbage-first heap   total 262144K, used 13312K [0x0000000080000000, 0x0000000100000000)
  region size 1024K, 13 young (13312K), 0 survivors (0K)
 Metaspace       used 4536K, committed 4736K, reserved 1056768K
  class space    used 439K, committed 512K, reserved 1048576K
}
Event: 0.514 GC heap after
{Heap after GC invocations=1 (full 0):
 garbage-first heap   total 262144K, used 2622K [0x0000000080000000, 0x0000000100000000)
  region size 1024K, 2 young (2048K), 2 survivors (2048K)
 Metaspace       used 4536K, committed 4736K, reserved 1056768K
  class space    used 439K, committed 512K, reserved 1048576K
}
Event: 0.729 GC heap before
{Heap before GC invocations=1 (full 0):
 garbage-first heap   total 262144K, used 17982K [0x0000000080000000, 0x0000000100000000)
  region size 1024K, 17 young (17408K), 2 survivors (2048K)
 Metaspace       used 6527K, committed 6656K, reserved 1056768K
  class space    used 623K, committed 704K, reserved 1048576K
}
Event: 0.735 GC heap after
{Heap after GC invocations=2 (full 0):
 garbage-first heap   total 262144K, used 8888K [0x0000000080000000, 0x0000000100000000)
  region size 1024K, 3 young (3072K), 3 survivors (3072K)
 Metaspace       used 6527K, committed 6656K, reserved 1056768K
  class space    used 623K, committed 704K, reserved 1048576K
}
Event: 1.062 GC heap before
{Heap before GC invocations=2 (full 0):
 garbage-first heap   total 262144K, used 23224K [0x0000000080000000, 0x0000000100000000)
  region size 1024K, 17 young (17408K), 3 survivors (3072K)
 Metaspace       used 10382K, committed 10752K, reserved 1064960K
  class space    used 1046K, committed 1216K, reserved 1048576K
}
Event: 1.067 GC heap after
{Heap after GC invocations=3 (full 0):
 garbage-first heap   total 262144K, used 10517K [0x0000000080000000, 0x0000000100000000)
  region size 1024K, 2 young (2048K), 2 survivors (2048K)
 Metaspace       used 10382K, committed 10752K, reserved 1064960K
  class space    used 1046K, committed 1216K, reserved 1048576K
}
Event: 2.272 GC heap before
{Heap before GC invocations=3 (full 0):
 garbage-first heap   total 262144K, used 49429K [0x0000000080000000, 0x0000000100000000)
  region size 1024K, 42 young (43008K), 2 survivors (2048K)
 Metaspace       used 20762K, committed 21504K, reserved 1073152K
  class space    used 2120K, committed 2368K, reserved 1048576K
}
Event: 2.279 GC heap after
{Heap after GC invocations=4 (full 0):
 garbage-first heap   total 262144K, used 17261K [0x0000000080000000, 0x0000000100000000)
  region size 1024K, 6 young (6144K), 6 survivors (6144K)
 Metaspace       used 20762K, committed 21504K, reserved 1073152K
  class space    used 2120K, committed 2368K, reserved 1048576K
}
Event: 3.834 GC heap before
{Heap before GC invocations=5 (full 0):
 garbage-first heap   total 262144K, used 79725K [0x0000000080000000, 0x0000000100000000)
  region size 1024K, 66 young (67584K), 6 survivors (6144K)
 Metaspace       used 32789K, committed 33856K, reserved 1081344K
  class space    used 3787K, committed 4160K, reserved 1048576K
}
Event: 3.846 GC heap after
{Heap after GC invocations=6 (full 0):
 garbage-first heap   total 262144K, used 25903K [0x0000000080000000, 0x0000000100000000)
  region size 1024K, 9 young (9216K), 9 survivors (9216K)
 Metaspace       used 32789K, committed 33856K, reserved 1081344K
  class space    used 3787K, committed 4160K, reserved 1048576K
}
Event: 5.846 GC heap before
{Heap before GC invocations=7 (full 0):
 garbage-first heap   total 262144K, used 140591K [0x0000000080000000, 0x0000000100000000)
  region size 1024K, 116 young (118784K), 9 survivors (9216K)
 Metaspace       used 50744K, committed 52224K, reserved 1097728K
  class space    used 5827K, committed 6400K, reserved 1048576K
}
Event: 5.861 GC heap after
{Heap after GC invocations=8 (full 0):
 garbage-first heap   total 262144K, used 40212K [0x0000000080000000, 0x0000000100000000)
  region size 1024K, 14 young (14336K), 14 survivors (14336K)
 Metaspace       used 50744K, committed 52224K, reserved 1097728K
  class space    used 5827K, committed 6400K, reserved 1048576K
}
Event: 6.344 GC heap before
{Heap before GC invocations=8 (full 0):
 garbage-first heap   total 262144K, used 58644K [0x0000000080000000, 0x0000000100000000)
  region size 1024K, 33 young (33792K), 14 survivors (14336K)
 Metaspace       used 55455K, committed 56960K, reserved 1105920K
  class space    used 6462K, committed 6976K, reserved 1048576K
}
Event: 6.354 GC heap after
{Heap after GC invocations=9 (full 0):
 garbage-first heap   total 262144K, used 42496K [0x0000000080000000, 0x0000000100000000)
  region size 1024K, 3 young (3072K), 3 survivors (3072K)
 Metaspace       used 55455K, committed 56960K, reserved 1105920K
  class space    used 6462K, committed 6976K, reserved 1048576K
}
Event: 12.869 GC heap before
{Heap before GC invocations=10 (full 0):
 garbage-first heap   total 262144K, used 165376K [0x0000000080000000, 0x0000000100000000)
  region size 1024K, 124 young (126976K), 3 survivors (3072K)
 Metaspace       used 78950K, committed 80960K, reserved 1122304K
  class space    used 9471K, committed 10368K, reserved 1048576K
}
Event: 12.882 GC heap after
{Heap after GC invocations=11 (full 0):
 garbage-first heap   total 262144K, used 55243K [0x0000000080000000, 0x0000000100000000)
  region size 1024K, 15 young (15360K), 15 survivors (15360K)
 Metaspace       used 78950K, committed 80960K, reserved 1122304K
  class space    used 9471K, committed 10368K, reserved 1048576K
}
Event: 14.004 GC heap before
{Heap before GC invocations=12 (full 0):
 garbage-first heap   total 262144K, used 186315K [0x0000000080000000, 0x0000000100000000)
  region size 1024K, 135 young (138240K), 15 survivors (15360K)
 Metaspace       used 82738K, committed 84864K, reserved 1130496K
  class space    used 9947K, committed 10880K, reserved 1048576K
}
Event: 14.026 GC heap after
{Heap after GC invocations=13 (full 0):
 garbage-first heap   total 262144K, used 73866K [0x0000000080000000, 0x0000000100000000)
  region size 1024K, 17 young (17408K), 17 survivors (17408K)
 Metaspace       used 82738K, committed 84864K, reserved 1130496K
  class space    used 9947K, committed 10880K, reserved 1048576K
}
Event: 14.041 GC heap before
{Heap before GC invocations=13 (full 0):
 garbage-first heap   total 262144K, used 74890K [0x0000000080000000, 0x0000000100000000)
  region size 1024K, 18 young (18432K), 17 survivors (17408K)
 Metaspace       used 82740K, committed 84864K, reserved 1130496K
  class space    used 9947K, committed 10880K, reserved 1048576K
}
Event: 14.051 GC heap after
{Heap after GC invocations=14 (full 0):
 garbage-first heap   total 262144K, used 74226K [0x0000000080000000, 0x0000000100000000)
  region size 1024K, 2 young (2048K), 2 survivors (2048K)
 Metaspace       used 82740K, committed 84864K, reserved 1130496K
  class space    used 9947K, committed 10880K, reserved 1048576K
}

Deoptimization events (20 events):
Event: 303.927 Thread 0x0000023ab1ec46e0 DEOPT PACKING pc=0x0000023a96a00431 sp=0x000000dfd76ff110
Event: 303.927 Thread 0x0000023ab1ec46e0 DEOPT UNPACKING pc=0x0000023a953b2b43 sp=0x000000dfd76fe570 mode 0
Event: 303.930 Thread 0x0000023ab1ec46e0 DEOPT PACKING pc=0x0000023a96a00431 sp=0x000000dfd76ff110
Event: 303.930 Thread 0x0000023ab1ec46e0 DEOPT UNPACKING pc=0x0000023a953b2b43 sp=0x000000dfd76fe570 mode 0
Event: 303.931 Thread 0x0000023ab1ec46e0 DEOPT PACKING pc=0x0000023a96a00431 sp=0x000000dfd76ff110
Event: 303.931 Thread 0x0000023ab1ec46e0 DEOPT UNPACKING pc=0x0000023a953b2b43 sp=0x000000dfd76fe570 mode 0
Event: 303.935 Thread 0x0000023ab1ec46e0 DEOPT PACKING pc=0x0000023a96a00431 sp=0x000000dfd76ff110
Event: 303.935 Thread 0x0000023ab1ec46e0 DEOPT UNPACKING pc=0x0000023a953b2b43 sp=0x000000dfd76fe570 mode 0
Event: 303.938 Thread 0x0000023ab1ec46e0 DEOPT PACKING pc=0x0000023a96a00431 sp=0x000000dfd76ff110
Event: 303.938 Thread 0x0000023ab1ec46e0 DEOPT UNPACKING pc=0x0000023a953b2b43 sp=0x000000dfd76fe570 mode 0
Event: 303.941 Thread 0x0000023ab1ec46e0 DEOPT PACKING pc=0x0000023a96a00431 sp=0x000000dfd76ff110
Event: 303.941 Thread 0x0000023ab1ec46e0 DEOPT UNPACKING pc=0x0000023a953b2b43 sp=0x000000dfd76fe570 mode 0
Event: 303.942 Thread 0x0000023ab1ec46e0 DEOPT PACKING pc=0x0000023a96a00431 sp=0x000000dfd76ff110
Event: 303.942 Thread 0x0000023ab1ec46e0 DEOPT UNPACKING pc=0x0000023a953b2b43 sp=0x000000dfd76fe570 mode 0
Event: 303.944 Thread 0x0000023ab1ec46e0 DEOPT PACKING pc=0x0000023a96a00431 sp=0x000000dfd76ff110
Event: 303.944 Thread 0x0000023ab1ec46e0 DEOPT UNPACKING pc=0x0000023a953b2b43 sp=0x000000dfd76fe570 mode 0
Event: 303.945 Thread 0x0000023ab1ec46e0 DEOPT PACKING pc=0x0000023a96a00431 sp=0x000000dfd76ff110
Event: 303.945 Thread 0x0000023ab1ec46e0 DEOPT UNPACKING pc=0x0000023a953b2b43 sp=0x000000dfd76fe570 mode 0
Event: 303.946 Thread 0x0000023ab1ec46e0 DEOPT PACKING pc=0x0000023a96a00431 sp=0x000000dfd76ff110
Event: 303.946 Thread 0x0000023ab1ec46e0 DEOPT UNPACKING pc=0x0000023a953b2b43 sp=0x000000dfd76fe570 mode 0

Classes unloaded (0 events):
No events

Classes redefined (0 events):
No events

Internal exceptions (20 events):
Event: 13.249 Thread 0x0000023aaf886310 Exception <a 'java/lang/reflect/InvocationTargetException'{0x000000008e86dcb8}> (0x000000008e86dcb8) 
thrown [t:\workspace\open\src\hotspot\share\runtime\reflection.cpp, line 1121]
Event: 13.352 Thread 0x0000023ab1f044b0 Exception <a 'java/lang/reflect/InvocationTargetException'{0x000000008d4862f8}> (0x000000008d4862f8) 
thrown [t:\workspace\open\src\hotspot\share\runtime\reflection.cpp, line 1121]
Event: 13.359 Thread 0x0000023ab1ec5080 Exception <a 'java/lang/reflect/InvocationTargetException'{0x000000008e8048a8}> (0x000000008e8048a8) 
thrown [t:\workspace\open\src\hotspot\share\runtime\reflection.cpp, line 1121]
Event: 14.803 Thread 0x0000023ab1ec33a0 Exception <a 'sun/nio/fs/WindowsException'{0x000000008efbc378}> (0x000000008efbc378) 
thrown [t:\workspace\open\src\hotspot\share\prims\jni.cpp, line 516]
Event: 15.720 Thread 0x0000023ab1ec46e0 Exception <a 'java/lang/NoSuchMethodError'{0x000000008eeeb120}: 'void java.lang.invoke.DirectMethodHandle$Holder.invokeStatic(java.lang.Object, java.lang.Object, java.lang.Object, java.lang.Object, java.lang.Object, java.lang.Object, java.lang.Object)'> (0x000000008eeeb120) 
thrown [t:\workspace\open\src\hotspot\share\interpreter\linkResolver.cpp, line 766]
Event: 15.720 Thread 0x0000023ab1ec46e0 Exception <a 'java/lang/NoSuchMethodError'{0x000000008eef29b0}: 'java.lang.Object java.lang.invoke.DirectMethodHandle$Holder.newInvokeSpecial(java.lang.Object, java.lang.Object, java.lang.Object, java.lang.Object, java.lang.Object, java.lang.Object, java.lang.Object)'> (0x000000008eef29b0) 
thrown [t:\workspace\open\src\hotspot\share\interpreter\linkResolver.cpp, line 766]
Event: 15.721 Thread 0x0000023ab1ec46e0 Exception <a 'java/lang/NoSuchMethodError'{0x000000008eef6be0}: 'java.lang.Object java.lang.invoke.Invokers$Holder.linkToTargetMethod(java.lang.Object, java.lang.Object, java.lang.Object, java.lang.Object, java.lang.Object, java.lang.Object, java.lang.Object)'> (0x000000008eef6be0) 
thrown [t:\workspace\open\src\hotspot\share\interpreter\linkResolver.cpp, line 766]
Event: 15.726 Thread 0x0000023ab1ec46e0 Exception <a 'java/lang/NoSuchMethodError'{0x000000008ed0b7e8}: 'java.lang.Object java.lang.invoke.DirectMethodHandle$Holder.invokeStatic(java.lang.Object, java.lang.Object, java.lang.Object, long)'> (0x000000008ed0b7e8) 
thrown [t:\workspace\open\src\hotspot\share\interpreter\linkResolver.cpp, line 766]
Event: 15.726 Thread 0x0000023ab1ec46e0 Exception <a 'java/lang/NoSuchMethodError'{0x000000008ed13188}: 'java.lang.Object java.lang.invoke.DirectMethodHandle$Holder.newInvokeSpecial(java.lang.Object, java.lang.Object, java.lang.Object, long)'> (0x000000008ed13188) 
thrown [t:\workspace\open\src\hotspot\share\interpreter\linkResolver.cpp, line 766]
Event: 15.726 Thread 0x0000023ab1ec46e0 Exception <a 'java/lang/NoSuchMethodError'{0x000000008ed172a0}: 'java.lang.Object java.lang.invoke.DirectMethodHandle$Holder.invokeSpecial(java.lang.Object, java.lang.Object, java.lang.Object, java.lang.Object, long)'> (0x000000008ed172a0) 
thrown [t:\workspace\open\src\hotspot\share\interpreter\linkResolver.cpp, line 766]
Event: 15.726 Thread 0x0000023ab1ec46e0 Exception <a 'java/lang/NoSuchMethodError'{0x000000008ed1ae70}: 'java.lang.Object java.lang.invoke.Invokers$Holder.linkToTargetMethod(java.lang.Object, java.lang.Object, long, java.lang.Object)'> (0x000000008ed1ae70) 
thrown [t:\workspace\open\src\hotspot\share\interpreter\linkResolver.cpp, line 766]
Event: 15.762 Thread 0x0000023ab1ec46e0 Exception <a 'java/lang/NoSuchMethodError'{0x000000008ec2b5c0}: 'java.lang.Object java.lang.invoke.Invokers$Holder.invoke_MT(java.lang.Object, java.lang.Object, java.lang.Object)'> (0x000000008ec2b5c0) 
thrown [t:\workspace\open\src\hotspot\share\interpreter\linkResolver.cpp, line 766]
Event: 15.959 Thread 0x0000023ab1ec46e0 Exception <a 'java/io/FileNotFoundException'{0x000000008bddb4f8}> (0x000000008bddb4f8) 
thrown [t:\workspace\open\src\hotspot\share\prims\jni.cpp, line 516]
Event: 15.989 Thread 0x0000023ab1ec46e0 Exception <a 'java/lang/NoSuchMethodError'{0x000000008bb439c0}: 'void java.lang.invoke.DirectMethodHandle$Holder.invokeVirtual(java.lang.Object, java.lang.Object, java.lang.Object, java.lang.Object)'> (0x000000008bb439c0) 
thrown [t:\workspace\open\src\hotspot\share\interpreter\linkResolver.cpp, line 766]
Event: 16.057 Thread 0x0000023aaf8867e0 Exception <a 'java/io/FileNotFoundException'{0x000000008b9e0f00}> (0x000000008b9e0f00) 
thrown [t:\workspace\open\src\hotspot\share\prims\jni.cpp, line 516]
Event: 16.063 Thread 0x0000023aaf8867e0 Exception <a 'java/io/FileNotFoundException'{0x000000008b803508}> (0x000000008b803508) 
thrown [t:\workspace\open\src\hotspot\share\prims\jni.cpp, line 516]
Event: 16.063 Thread 0x0000023aaf8867e0 Exception <a 'java/io/FileNotFoundException'{0x000000008b804778}> (0x000000008b804778) 
thrown [t:\workspace\open\src\hotspot\share\prims\jni.cpp, line 516]
Event: 16.069 Thread 0x0000023aaf8867e0 Exception <a 'java/io/FileNotFoundException'{0x000000008b8393e0}> (0x000000008b8393e0) 
thrown [t:\workspace\open\src\hotspot\share\prims\jni.cpp, line 516]
Event: 16.069 Thread 0x0000023aaf8867e0 Exception <a 'java/io/FileNotFoundException'{0x000000008b83a610}> (0x000000008b83a610) 
thrown [t:\workspace\open\src\hotspot\share\prims\jni.cpp, line 516]
Event: 27.437 Thread 0x0000023aaf8867e0 Exception <a 'java/io/FileNotFoundException'{0x000000008b40a7d0}> (0x000000008b40a7d0) 
thrown [t:\workspace\open\src\hotspot\share\prims\jni.cpp, line 516]

VM Operations (20 events):
Event: 16.121 Executing VM operation: ICBufferFull
Event: 16.122 Executing VM operation: ICBufferFull done
Event: 18.122 Executing VM operation: Cleanup
Event: 18.122 Executing VM operation: Cleanup done
Event: 22.124 Executing VM operation: Cleanup
Event: 22.124 Executing VM operation: Cleanup done
Event: 28.128 Executing VM operation: Cleanup
Event: 28.128 Executing VM operation: Cleanup done
Event: 129.177 Executing VM operation: Cleanup
Event: 129.177 Executing VM operation: Cleanup done
Event: 177.201 Executing VM operation: Cleanup
Event: 177.201 Executing VM operation: Cleanup done
Event: 232.229 Executing VM operation: Cleanup
Event: 232.229 Executing VM operation: Cleanup done
Event: 302.269 Executing VM operation: Cleanup
Event: 302.269 Executing VM operation: Cleanup done
Event: 304.270 Executing VM operation: Cleanup
Event: 304.270 Executing VM operation: Cleanup done
Event: 1202.732 Executing VM operation: Cleanup
Event: 1202.736 Executing VM operation: Cleanup done

Events (20 events):
Event: 17.711 Thread 0x0000023ab24ca4a0 Thread exited: 0x0000023ab24ca4a0
Event: 18.092 Thread 0x0000023aac9fe440 Thread exited: 0x0000023aac9fe440
Event: 27.434 loading class java/util/DualPivotQuicksort
Event: 27.435 loading class java/util/DualPivotQuicksort done
Event: 27.443 Thread 0x0000023ab1f07000 Thread added: 0x0000023ab1f07000
Event: 27.445 Thread 0x0000023ab1f074d0 Thread added: 0x0000023ab1f074d0
Event: 32.454 Thread 0x0000023ab1f07000 Thread exited: 0x0000023ab1f07000
Event: 74.605 Thread 0x0000023aaf887b20 Thread exited: 0x0000023aaf887b20
Event: 87.427 Thread 0x0000023ab1ec5550 Thread exited: 0x0000023ab1ec5550
Event: 87.427 Thread 0x0000023ab1ec5080 Thread exited: 0x0000023ab1ec5080
Event: 87.440 Thread 0x0000023ab1f06660 Thread exited: 0x0000023ab1f06660
Event: 87.440 Thread 0x0000023ab1ec2060 Thread exited: 0x0000023ab1ec2060
Event: 87.440 Thread 0x0000023ab1ec3870 Thread exited: 0x0000023ab1ec3870
Event: 87.455 Thread 0x0000023aaf8867e0 Thread exited: 0x0000023aaf8867e0
Event: 87.477 Thread 0x0000023ab1f044b0 Thread exited: 0x0000023ab1f044b0
Event: 87.477 Thread 0x0000023ab1ec33a0 Thread exited: 0x0000023ab1ec33a0
Event: 134.606 Thread 0x0000023ab1ec2ed0 Thread exited: 0x0000023ab1ec2ed0
Event: 194.607 Thread 0x0000023aaf887ff0 Thread exited: 0x0000023aaf887ff0
Event: 303.844 Thread 0x0000023ab24ca9b0 Thread added: 0x0000023ab24ca9b0
Event: 309.087 Thread 0x0000023ab24ca9b0 Thread exited: 0x0000023ab24ca9b0


Dynamic libraries:
0x00007ff6af0d0000 - 0x00007ff6af0e0000 	C:\Program Files\Java\jdk-17.0.1\bin\javaw.exe
0x00007ffcedc70000 - 0x00007ffcede65000 	C:\Windows\SYSTEM32\ntdll.dll
0x00007ffced7a0000 - 0x00007ffced85e000 	C:\Windows\System32\KERNEL32.DLL
0x00007ffceb380000 - 0x00007ffceb648000 	C:\Windows\System32\KERNELBASE.dll
0x00007ffcebae0000 - 0x00007ffcebbe0000 	C:\Windows\System32\ucrtbase.dll
0x00007ffcd1e80000 - 0x00007ffcd1e9a000 	C:\Program Files\Java\jdk-17.0.1\bin\VCRUNTIME140.dll
0x00007ffcc8a00000 - 0x00007ffcc8a18000 	C:\Program Files\Java\jdk-17.0.1\bin\jli.dll
0x00007ffcec310000 - 0x00007ffcec3be000 	C:\Windows\System32\ADVAPI32.dll
0x00007ffced0f0000 - 0x00007ffced18e000 	C:\Windows\System32\msvcrt.dll
0x00007ffcec560000 - 0x00007ffcec5fc000 	C:\Windows\System32\sechost.dll
0x00007ffced190000 - 0x00007ffced2b5000 	C:\Windows\System32\RPCRT4.dll
0x00007ffced990000 - 0x00007ffcedb31000 	C:\Windows\System32\USER32.dll
0x00007ffceb6b0000 - 0x00007ffceb6d2000 	C:\Windows\System32\win32u.dll
0x00007ffcdae80000 - 0x00007ffcdb11a000 	C:\Windows\WinSxS\amd64_microsoft.windows.common-controls_6595b64144ccf1df_6.0.19041.1110_none_60b5254171f9507e\COMCTL32.dll
0x00007ffced2e0000 - 0x00007ffced30b000 	C:\Windows\System32\GDI32.dll
0x00007ffceb890000 - 0x00007ffceb99d000 	C:\Windows\System32\gdi32full.dll
0x00007ffcebc10000 - 0x00007ffcebcad000 	C:\Windows\System32\msvcp_win.dll
0x00007ffce4700000 - 0x00007ffce470a000 	C:\Windows\SYSTEM32\VERSION.dll
0x00007ffcedba0000 - 0x00007ffcedbd0000 	C:\Windows\System32\IMM32.DLL
0x00007ffcde580000 - 0x00007ffcde58c000 	C:\Program Files\Java\jdk-17.0.1\bin\vcruntime140_1.dll
0x00007ffcb6310000 - 0x00007ffcb639d000 	C:\Program Files\Java\jdk-17.0.1\bin\msvcp140.dll
0x00007ffcae420000 - 0x00007ffcaefde000 	C:\Program Files\Java\jdk-17.0.1\bin\server\jvm.dll
0x00007ffcec210000 - 0x00007ffcec218000 	C:\Windows\System32\PSAPI.DLL
0x00007ffce40a0000 - 0x00007ffce40c7000 	C:\Windows\SYSTEM32\WINMM.dll
0x00007ffcd1e70000 - 0x00007ffcd1e79000 	C:\Windows\SYSTEM32\WSOCK32.dll
0x00007ffced3d0000 - 0x00007ffced43b000 	C:\Windows\System32\WS2_32.dll
0x00007ffce9290000 - 0x00007ffce92a2000 	C:\Windows\SYSTEM32\kernel.appcore.dll
0x00007ffcd1c50000 - 0x00007ffcd1c5a000 	C:\Program Files\Java\jdk-17.0.1\bin\jimage.dll
0x00007ffce1620000 - 0x00007ffce1804000 	C:\Windows\SYSTEM32\DBGHELP.DLL
0x00007ffcda380000 - 0x00007ffcda3ac000 	C:\Windows\SYSTEM32\dbgcore.DLL
0x00007ffceba50000 - 0x00007ffcebad2000 	C:\Windows\System32\bcryptPrimitives.dll
0x00007ffcc4450000 - 0x00007ffcc4475000 	C:\Program Files\Java\jdk-17.0.1\bin\java.dll
0x00007ffcaf050000 - 0x00007ffcaf126000 	C:\Program Files\Java\jdk-17.0.1\bin\svml.dll
0x00007ffcec9a0000 - 0x00007ffced0e4000 	C:\Windows\System32\SHELL32.dll
0x00007ffce9490000 - 0x00007ffce9c25000 	C:\Windows\SYSTEM32\windows.storage.dll
0x00007ffced440000 - 0x00007ffced795000 	C:\Windows\System32\combase.dll
0x00007ffceadd0000 - 0x00007ffceadfe000 	C:\Windows\SYSTEM32\Wldp.dll
0x00007ffced310000 - 0x00007ffced3bd000 	C:\Windows\System32\SHCORE.dll
0x00007ffcedbd0000 - 0x00007ffcedc25000 	C:\Windows\System32\shlwapi.dll
0x00007ffceb2c0000 - 0x00007ffceb2df000 	C:\Windows\SYSTEM32\profapi.dll
0x00007ffcc5640000 - 0x00007ffcc5659000 	C:\Program Files\Java\jdk-17.0.1\bin\net.dll
0x00007ffcde8b0000 - 0x00007ffcde9bc000 	C:\Windows\SYSTEM32\WINHTTP.dll
0x00007ffceab30000 - 0x00007ffceab9a000 	C:\Windows\system32\mswsock.dll
0x00007ffcc4430000 - 0x00007ffcc4445000 	C:\Program Files\Java\jdk-17.0.1\bin\nio.dll
0x00007ffcc4410000 - 0x00007ffcc4428000 	C:\Program Files\Java\jdk-17.0.1\bin\zip.dll
0x00007ffcd5c90000 - 0x00007ffcd5cce000 	C:\Users\guido\.p2\pool\plugins\org.eclipse.equinox.launcher.win32.win32.x86_64_1.2.400.v20211117-0650\eclipse_11602.dll
0x00007ffced860000 - 0x00007ffced98a000 	C:\Windows\System32\ole32.dll
0x00007ffce8db0000 - 0x00007ffce8e4e000 	C:\Windows\system32\uxtheme.dll
0x00007ffcec880000 - 0x00007ffcec995000 	C:\Windows\System32\MSCTF.dll
0x00007ffcec7b0000 - 0x00007ffcec87d000 	C:\Windows\System32\OLEAUT32.dll
0x00007ffcec3c0000 - 0x00007ffcec469000 	C:\Windows\System32\clbcatq.dll
0x00007ffcebbe0000 - 0x00007ffcebc07000 	C:\Windows\System32\bcrypt.dll
0x00007ffce0380000 - 0x00007ffce0479000 	C:\Windows\SYSTEM32\textinputframework.dll
0x00007ffce8770000 - 0x00007ffce8862000 	C:\Windows\System32\CoreMessaging.dll
0x00007ffce8410000 - 0x00007ffce876e000 	C:\Windows\System32\CoreUIComponents.dll
0x00007ffce7d20000 - 0x00007ffce7e74000 	C:\Windows\SYSTEM32\wintypes.dll
0x00007ffcea070000 - 0x00007ffcea0a3000 	C:\Windows\SYSTEM32\ntmarta.dll
0x00007ffcead20000 - 0x00007ffcead38000 	C:\Windows\SYSTEM32\CRYPTSP.dll
0x00007ffcea440000 - 0x00007ffcea474000 	C:\Windows\system32\rsaenh.dll
0x00007ffceb280000 - 0x00007ffceb2ae000 	C:\Windows\SYSTEM32\USERENV.dll
0x00007ffcead40000 - 0x00007ffcead4c000 	C:\Windows\SYSTEM32\CRYPTBASE.dll
0x00007ffcea7d0000 - 0x00007ffcea80b000 	C:\Windows\SYSTEM32\IPHLPAPI.DLL
0x00007ffcec220000 - 0x00007ffcec228000 	C:\Windows\System32\NSI.dll
0x00007ffce44e0000 - 0x00007ffce44f7000 	C:\Windows\SYSTEM32\dhcpcsvc6.DLL
0x00007ffce4a40000 - 0x00007ffce4a5d000 	C:\Windows\SYSTEM32\dhcpcsvc.DLL
0x00007ffcea810000 - 0x00007ffcea8db000 	C:\Windows\SYSTEM32\DNSAPI.dll
0x00007ffcce520000 - 0x00007ffcce530000 	C:\Program Files\Java\jdk-17.0.1\bin\verify.dll
0x00007ffcbe1c0000 - 0x00007ffcbe27e000 	C:\Users\guido\eclipse\java-2021-12\eclipse\configuration\org.eclipse.osgi\332\0\.cp\swt-win32-4948r9.dll
0x00007ffcec130000 - 0x00007ffcec20a000 	C:\Windows\System32\COMDLG32.dll
0x00007ffcdade0000 - 0x00007ffcdae75000 	C:\Windows\SYSTEM32\WINSPOOL.DRV
0x00007ffce2160000 - 0x00007ffce21c6000 	C:\Windows\SYSTEM32\OLEACC.dll
0x00007ffcd1420000 - 0x00007ffcd1439000 	C:\Windows\SYSTEM32\USP10.dll
0x00007ffcdeec0000 - 0x00007ffcdf398000 	C:\Windows\SYSTEM32\WININET.dll
0x00007ffce6f30000 - 0x00007ffce7026000 	C:\Windows\SYSTEM32\PROPSYS.dll
0x00007ffcdfc60000 - 0x00007ffcdfe4b000 	C:\Windows\SYSTEM32\urlmon.dll
0x00007ffce8c50000 - 0x00007ffce8c57000 	C:\Windows\SYSTEM32\MSIMG32.dll
0x00007ffce90b0000 - 0x00007ffce90df000 	C:\Windows\SYSTEM32\dwmapi.dll
0x00007ffcdf9b0000 - 0x00007ffcdfc60000 	C:\Windows\SYSTEM32\iertutil.dll
0x00007ffce1560000 - 0x00007ffce1588000 	C:\Windows\SYSTEM32\srvcli.dll
0x00007ffcea8e0000 - 0x00007ffcea8ec000 	C:\Windows\SYSTEM32\netutils.dll
0x00007ffcd3100000 - 0x00007ffcd327e000 	C:\Windows\System32\TaskFlowDataEngine.dll
0x00007ffcda680000 - 0x00007ffcdab21000 	C:\Windows\System32\cdp.dll
0x00007ffceb6e0000 - 0x00007ffceb836000 	C:\Windows\System32\CRYPT32.dll
0x00007ffceb840000 - 0x00007ffceb88e000 	C:\Windows\System32\cfgmgr32.dll
0x00007ffcea7b0000 - 0x00007ffcea7c2000 	C:\Windows\System32\UMPDC.dll
0x00007ffce89b0000 - 0x00007ffce8aef000 	C:\Windows\System32\dsreg.dll
0x00007ffcea4d0000 - 0x00007ffcea55a000 	C:\Windows\System32\msvcp110_win.dll
0x00007ffcd7890000 - 0x00007ffcd790d000 	C:\Windows\System32\OneCoreCommonProxyStub.dll
0x00007ffcc8490000 - 0x00007ffcc84b8000 	C:\Users\guido\eclipse\java-2021-12\eclipse\configuration\org.eclipse.osgi\332\0\.cp\swt-gdip-win32-4948r9.dll
0x00007ffcdb120000 - 0x00007ffcdb2c9000 	C:\Windows\WinSxS\amd64_microsoft.windows.gdiplus_6595b64144ccf1df_1.1.19041.1466_none_91a4907ccc87e3b8\gdiplus.dll
0x00007ffce4800000 - 0x00007ffce49b4000 	C:\Windows\SYSTEM32\WindowsCodecs.dll
0x0000000180000000 - 0x0000000180012000 	C:\Users\guido\eclipse\java-2021-12\eclipse\configuration\org.eclipse.osgi\82\0\.cp\os\win32\x86_64\localfile_1_0_0.dll
0x00007ffcd8c50000 - 0x00007ffcd8cfc000 	C:\Windows\SYSTEM32\TextShaping.dll
0x00007ffcd7c50000 - 0x00007ffcd7c8e000 	C:\Windows\system32\dataexchange.dll
0x00007ffce7490000 - 0x00007ffce76f4000 	C:\Windows\system32\d3d11.dll
0x00007ffce7ea0000 - 0x00007ffce8085000 	C:\Windows\system32\dcomp.dll
0x00007ffce9c70000 - 0x00007ffce9d64000 	C:\Windows\system32\dxgi.dll
0x00007ffce4bc0000 - 0x00007ffce4dc1000 	C:\Windows\system32\twinapi.appcore.dll
0x00007ffcc72e0000 - 0x00007ffcc72f1000 	C:\Users\guido\eclipse\java-2021-12\eclipse\configuration\org.eclipse.osgi\85\0\.cp\jWinHttp-1.0.0.dll
0x00007ffcdf530000 - 0x00007ffcdf572000 	C:\Windows\system32\mlang.dll
0x00007ffcd8470000 - 0x00007ffcd86f3000 	C:\Windows\SYSTEM32\DWrite.dll
0x00007ffcd5a70000 - 0x00007ffcd5c90000 	C:\Windows\system32\explorerframe.dll
0x00007ffccaf30000 - 0x00007ffccaf3e000 	C:\Program Files\Java\jdk-17.0.1\bin\sunmscapi.dll
0x00007ffceae40000 - 0x00007ffceae67000 	C:\Windows\SYSTEM32\ncrypt.dll
0x00007ffceae00000 - 0x00007ffceae3b000 	C:\Windows\SYSTEM32\NTASN1.dll
0x00007ffce52d0000 - 0x00007ffce52da000 	C:\Windows\System32\rasadhlp.dll
0x00007ffcc9d10000 - 0x00007ffcc9d34000 	C:\Windows\SYSTEM32\edputil.dll

dbghelp: loaded successfully - version: 4.0.5 - missing functions: none
symbol engine: initialized successfully - sym options: 0x614 - pdb path: .;C:\Program Files\Java\jdk-17.0.1\bin;C:\Windows\SYSTEM32;C:\Windows\WinSxS\amd64_microsoft.windows.common-controls_6595b64144ccf1df_6.0.19041.1110_none_60b5254171f9507e;C:\Program Files\Java\jdk-17.0.1\bin\server;C:\Users\guido\.p2\pool\plugins\org.eclipse.equinox.launcher.win32.win32.x86_64_1.2.400.v20211117-0650;C:\Users\guido\eclipse\java-2021-12\eclipse\configuration\org.eclipse.osgi\332\0\.cp;C:\Windows\WinSxS\amd64_microsoft.windows.gdiplus_6595b64144ccf1df_1.1.19041.1466_none_91a4907ccc87e3b8;C:\Users\guido\eclipse\java-2021-12\eclipse\configuration\org.eclipse.osgi\82\0\.cp\os\win32\x86_64;C:\Users\guido\eclipse\java-2021-12\eclipse\configuration\org.eclipse.osgi\85\0\.cp

VM Arguments:
jvm_args: -Dosgi.requiredJavaVersion=11 -Dosgi.instance.area.default=@user.home/eclipse-workspace -XX:+UseG1GC -XX:+UseStringDeduplication --add-modules=ALL-SYSTEM -Dosgi.requiredJavaVersion=11 -Dosgi.dataAreaRequiresExplicitInit=true -Dorg.eclipse.swt.graphics.Resource.reportNonDisposed=true -Xms256m -Xmx2048m --add-modules=ALL-SYSTEM -Declipse.p2.max.threads=10 -Doomph.update.url=https://download.eclipse.org/oomph/updates/milestone/latest -Doomph.redirection.index.redirection=index:/->http://git.eclipse.org/c/oomph/org.eclipse.oomph.git/plain/setups/ 
java_command: C:\Users\guido\eclipse\java-2021-12\eclipse\\plugins/org.eclipse.equinox.launcher_1.6.400.v20210924-0641.jar -os win32 -ws win32 -arch x86_64 -showsplash C:\Users\guido\.p2\pool\plugins\org.eclipse.epp.package.common_4.22.0.20211202-1200\splash.bmp -launcher C:\Users\guido\eclipse\java-2021-12\eclipse\eclipse.exe -name Eclipse --launcher.library C:\Users\guido\.p2\pool\plugins\org.eclipse.equinox.launcher.win32.win32.x86_64_1.2.400.v20211117-0650\eclipse_11602.dll -startup C:\Users\guido\eclipse\java-2021-12\eclipse\\plugins/org.eclipse.equinox.launcher_1.6.400.v20210924-0641.jar --launcher.appendVmargs -exitdata a25c_134 -product org.eclipse.epp.package.java.product -vm C:\Program Files\Java\jdk-17.0.1\bin\javaw.exe -vmargs -Dosgi.requiredJavaVersion=11 -Dosgi.instance.area.default=@user.home/eclipse-workspace -Dsun.java.command=Eclipse -XX:+UseG1GC -XX:+UseStringDeduplication --add-modules=ALL-SYSTEM -Dosgi.requiredJavaVersion=11 -Dosgi.dataAreaRequiresExplicitInit=true -Dorg.eclipse.swt.graphics.Resource.reportNonDisposed=true -Xms256m -Xmx2048m --add-modules=ALL-SYSTEM -Declipse.p2.max.threads=10 -Doomph.update.url=https://download.eclipse.org/oomph/updates/milestone/latest -Doomph.redirection.index.redirection=index:/->http://git.eclipse.org/c/oomph/org.eclipse.oomph.git/plain/setups/ -jar C:\Users\guido\eclipse\java-2021-12\eclipse\\plugins/org.eclipse.equinox.launcher_1.6.400.v20210924-0641.jar
java_class_path (initial): C:\Users\guido\eclipse\java-2021-12\eclipse\\plugins/org.eclipse.equinox.launcher_1.6.400.v20210924-0641.jar
Launcher Type: SUN_STANDARD

[Global flags]
     intx CICompilerCount                          = 3                                         {product} {ergonomic}
     uint ConcGCThreads                            = 1                                         {product} {ergonomic}
     uint G1ConcRefinementThreads                  = 4                                         {product} {ergonomic}
   size_t G1HeapRegionSize                         = 1048576                                   {product} {ergonomic}
    uintx GCDrainStackTargetSize                   = 64                                        {product} {ergonomic}
   size_t InitialHeapSize                          = 268435456                                 {product} {command line}
   size_t MarkStackSize                            = 4194304                                   {product} {ergonomic}
   size_t MaxHeapSize                              = 2147483648                                {product} {command line}
   size_t MaxNewSize                               = 1287651328                                {product} {ergonomic}
   size_t MinHeapDeltaBytes                        = 1048576                                   {product} {ergonomic}
   size_t MinHeapSize                              = 268435456                                 {product} {command line}
    uintx NonNMethodCodeHeapSize                   = 5832780                                {pd product} {ergonomic}
    uintx NonProfiledCodeHeapSize                  = 122912730                              {pd product} {ergonomic}
    uintx ProfiledCodeHeapSize                     = 122912730                              {pd product} {ergonomic}
    uintx ReservedCodeCacheSize                    = 251658240                              {pd product} {ergonomic}
     bool SegmentedCodeCache                       = true                                      {product} {ergonomic}
   size_t SoftMaxHeapSize                          = 2147483648                             {manageable} {ergonomic}
     bool UseCompressedClassPointers               = true                           {product lp64_product} {ergonomic}
     bool UseCompressedOops                        = true                           {product lp64_product} {ergonomic}
     bool UseG1GC                                  = true                                      {product} {command line}
     bool UseLargePagesIndividualAllocation        = false                                  {pd product} {ergonomic}
     bool UseStringDeduplication                   = true                                      {product} {command line}

Logging:
Log output configuration:
 #0: stdout all=warning uptime,level,tags
 #1: stderr all=off uptime,level,tags

Environment Variables:
PATH=C:\Program Files\Common Files\Oracle\Java\javapath;C:\Program Files (x86)\Common Files\Intel\Shared Libraries\redist\intel64\compiler;C:\Program Files (x86)\Common Files\Oracle\Java\javapath;C:\ProgramData\Oracle\Java\javapath;D:\Guido\Program Files\Java Developer Kit\bin;C:\Windows\system32;C:\Windows;C:\Windows\System32\Wbem;C:\Windows\System32\WindowsPowerShell\v1.0\;C:\Windows\System32\OpenSSH\;C:\Program Files (x86)\NVIDIA Corporation\PhysX\Common;C:\Program Files\dotnet\;D:\Guido\Program Files\Matlab\runtime\win64;D:\Guido\Program Files\Matlab\bin;C:\Users\guido\AppData\Local\Programs\Python\Python310\Scripts\;C:\Users\guido\AppData\Local\Programs\Python\Python310\;C:\Users\guido\AppData\Local\Microsoft\WindowsApps;C:\Users\guido\AppData\Local\Programs\Microsoft VS Code\bin;C:\Users\guido\.dotnet\tools;C:\Program Files\mingw-w64\x86_64-8.1.0-posix-seh-rt_v6-rev0\mingw64\bin;C:\Users\guido\AppData\Local\Programs\Python\Python39;C:\Users\guido\AppData\Local\atom\bin
USERNAME=guido
OS=Windows_NT
PROCESSOR_IDENTIFIER=Intel64 Family 6 Model 94 Stepping 3, GenuineIntel



---------------  S Y S T E M  ---------------

OS:
 Windows 10 , 64 bit Build 19041 (10.0.19041.1466)
OS uptime: 11 days 4:31 hours

CPU: total 4 (initial active 4) (4 cores per cpu, 1 threads per core) family 6 model 94 stepping 3 microcode 0xcc, cx8, cmov, fxsr, mmx, 3dnowpref, sse, sse2, sse3, ssse3, sse4.1, sse4.2, popcnt, lzcnt, tsc, tscinvbit, avx, avx2, aes, erms, clmul, bmi1, bmi2, rtm, adx, fma, vzeroupper, clflush, clflushopt

Memory: 4k page, system-wide physical 8138M (3104M free)
TotalPageFile size 22377M (AvailPageFile size 0M)
current process WorkingSet (physical memory assigned to process): 28M, peak: 487M
current process commit charge ("private bytes"): 508M, peak: 546M

vm_info: Java HotSpot(TM) 64-Bit Server VM (17.0.1+12-LTS-39) for windows-amd64 JRE (17.0.1+12-LTS-39), built on Sep 27 2021 18:41:35 by "mach5one" with MS VC++ 16.8 (VS2019)

END.
