#
# There is insufficient memory for the Java Runtime Environment to continue.
# Native memory allocation (malloc) failed to allocate 32744 bytes for ChunkPool::allocate
# Possible reasons:
#   The system is out of physical RAM or swap space
#   The process is running with CompressedOops enabled, and the Java Heap may be blocking the growth of the native heap
# Possible solutions:
#   Reduce memory load on the system
#   Increase physical memory or swap space
#   Check if swap backing store is full
#   Decrease Java heap size (-Xmx/-Xms)
#   Decrease number of Java threads
#   Decrease Java thread stack sizes (-Xss)
#   Set larger code cache with -XX:ReservedCodeCacheSize=
#   JVM is running with Unscaled Compressed Oops mode in which the Java heap is
#     placed in the first 4GB address space. The Java Heap base address is the
#     maximum limit for the native heap growth. Please use -XX:HeapBaseMinAddress
#     to set the Java Heap base and to place the Java Heap above 4GB virtual address.
# This output file may be truncated or incomplete.
#
#  Out of Memory Error (arena.cpp:78), pid=2492, tid=28740
#
# JRE version: Java(TM) SE Runtime Environment (17.0.1+12) (build 17.0.1+12-LTS-39)
# Java VM: Java HotSpot(TM) 64-Bit Server VM (17.0.1+12-LTS-39, mixed mode, sharing, tiered, compressed oops, compressed class ptrs, g1 gc, windows-amd64)
# No core dump will be written. Minidumps are not enabled by default on client versions of Windows
#

---------------  S U M M A R Y ------------

Command Line: -Dosgi.requiredJavaVersion=11 -Dosgi.instance.area.default=@user.home/eclipse-workspace -XX:+UseG1GC -XX:+UseStringDeduplication --add-modules=ALL-SYSTEM -Dosgi.requiredJavaVersion=11 -Dosgi.dataAreaRequiresExplicitInit=true -Dorg.eclipse.swt.graphics.Resource.reportNonDisposed=true -Xms256m -Xmx2048m --add-modules=ALL-SYSTEM -Declipse.p2.max.threads=10 -Doomph.update.url=https://download.eclipse.org/oomph/updates/milestone/latest -Doomph.redirection.index.redirection=index:/->http://git.eclipse.org/c/oomph/org.eclipse.oomph.git/plain/setups/ C:\Users\guido\eclipse\java-2021-12\eclipse\\plugins/org.eclipse.equinox.launcher_1.6.400.v20210924-0641.jar -os win32 -ws win32 -arch x86_64 -showsplash C:\Users\guido\.p2\pool\plugins\org.eclipse.epp.package.common_4.22.0.20211202-1200\splash.bmp -launcher C:\Users\guido\eclipse\java-2021-12\eclipse\eclipse.exe -name Eclipse --launcher.library C:\Users\guido\.p2\pool\plugins\org.eclipse.equinox.launcher.win32.win32.x86_64_1.2.400.v20211117-0650\eclipse_11602.dll -startup C:\Users\guido\eclipse\java-2021-12\eclipse\\plugins/org.eclipse.equinox.launcher_1.6.400.v20210924-0641.jar --launcher.appendVmargs -exitdata 849c_140 -product org.eclipse.epp.package.java.product -vm C:\Program Files\Java\jdk-17.0.1\bin\javaw.exe -vmargs -Dosgi.requiredJavaVersion=11 -Dosgi.instance.area.default=@user.home/eclipse-workspace -Dsun.java.command=Eclipse -XX:+UseG1GC -XX:+UseStringDeduplication --add-modules=ALL-SYSTEM -Dosgi.requiredJavaVersion=11 -Dosgi.dataAreaRequiresExplicitInit=true -Dorg.eclipse.swt.graphics.Resource.reportNonDisposed=true -Xms256m -Xmx2048m --add-modules=ALL-SYSTEM -Declipse.p2.max.threads=10 -Doomph.update.url=https://download.eclipse.org/oomph/updates/milestone/latest -Doomph.redirection.index.redirection=index:/->http://git.eclipse.org/c/oomph/org.eclipse.oomph.git/plain/setups/ -jar C:\Users\guido\eclipse\java-2021-12\eclipse\\plugins/org.eclipse.equinox.launcher_1.6.400.v20210924-0641.jar

Host: Intel(R) Core(TM) i5-6600 CPU @ 3.30GHz, 4 cores, 7G,  Windows 10 , 64 bit Build 19041 (10.0.19041.1466)
Time: Wed Feb  9 22:42:02 2022 W. Europe Standard Time elapsed time: 2557.793626 seconds (0d 0h 42m 37s)

---------------  T H R E A D  ---------------

Current thread (0x000001f3b3c1b3e0):  JavaThread "C2 CompilerThread0" daemon [_thread_in_native, id=28740, stack(0x0000000142100000,0x0000000142200000)]


Current CompileTask:
C2:2557794 12930       4       java.lang.StringLatin1::canEncode (13 bytes)

Stack: [0x0000000142100000,0x0000000142200000]
Native frames: (J=compiled Java code, j=interpreted, Vv=VM code, C=native code)
V  [jvm.dll+0x66fa1a]
V  [jvm.dll+0x7ce5a4]
V  [jvm.dll+0x7cfd4e]
V  [jvm.dll+0x7d03b3]
V  [jvm.dll+0x242b05]
V  [jvm.dll+0xaa2a0]
V  [jvm.dll+0xaa5ec]
V  [jvm.dll+0x6933d3]
V  [jvm.dll+0x214822]
V  [jvm.dll+0x1a168d]
V  [jvm.dll+0x224848]
V  [jvm.dll+0x2229ac]
V  [jvm.dll+0x78435b]
V  [jvm.dll+0x77e91a]
V  [jvm.dll+0x66e845]
C  [ucrtbase.dll+0x21bb2]
C  [KERNEL32.DLL+0x17034]
C  [ntdll.dll+0x52651]


---------------  P R O C E S S  ---------------

Threads class SMR info:
_java_thread_list=0x000001f3ca971d90, length=37, elements={
0x000001f396313a30, 0x000001f3b3be3120, 0x000001f3b3be3f90, 0x000001f3b3c00360,
0x000001f3b3c06a70, 0x000001f3b3c05730, 0x000001f3b3c05c00, 0x000001f3b3c1b3e0,
0x000001f3b3c1b8f0, 0x000001f3b3c25e00, 0x000001f3b3c07db0, 0x000001f3b3c08280,
0x000001f3b3c078e0, 0x000001f3b3c07410, 0x000001f3b3c060d0, 0x000001f3b3c08750,
0x000001f3b3c08c20, 0x000001f3b3c090f0, 0x000001f3b7ff7540, 0x000001f3b7ff2d10,
0x000001f3b7ff4050, 0x000001f3b7ff5390, 0x000001f3ba4b93c0, 0x000001f3ba4b8080,
0x000001f3ba4b8ef0, 0x000001f3b8345220, 0x000001f3b83456f0, 0x000001f3bd35d670,
0x000001f3bcdb4b80, 0x000001f3ca1c2ee0, 0x000001f3ca1c5a30, 0x000001f3ca1c3880,
0x000001f3ca1c5560, 0x000001f3ca1c3d50, 0x000001f3ca1c2070, 0x000001f3bcdb6860,
0x000001f3bcdb3370
}

Java Threads: ( => current thread )
  0x000001f396313a30 JavaThread "main" [_thread_in_native, id=36068, stack(0x0000000141300000,0x0000000141400000)]
  0x000001f3b3be3120 JavaThread "Reference Handler" daemon [_thread_blocked, id=40556, stack(0x0000000141b00000,0x0000000141c00000)]
  0x000001f3b3be3f90 JavaThread "Finalizer" daemon [_thread_blocked, id=40872, stack(0x0000000141c00000,0x0000000141d00000)]
  0x000001f3b3c00360 JavaThread "Signal Dispatcher" daemon [_thread_blocked, id=37972, stack(0x0000000141d00000,0x0000000141e00000)]
  0x000001f3b3c06a70 JavaThread "Attach Listener" daemon [_thread_blocked, id=42432, stack(0x0000000141e00000,0x0000000141f00000)]
  0x000001f3b3c05730 JavaThread "Service Thread" daemon [_thread_blocked, id=32772, stack(0x0000000141f00000,0x0000000142000000)]
  0x000001f3b3c05c00 JavaThread "Monitor Deflation Thread" daemon [_thread_blocked, id=41908, stack(0x0000000142000000,0x0000000142100000)]
=>0x000001f3b3c1b3e0 JavaThread "C2 CompilerThread0" daemon [_thread_in_native, id=28740, stack(0x0000000142100000,0x0000000142200000)]
  0x000001f3b3c1b8f0 JavaThread "C1 CompilerThread0" daemon [_thread_in_native, id=25892, stack(0x0000000142200000,0x0000000142300000)]
  0x000001f3b3c25e00 JavaThread "Sweeper thread" daemon [_thread_blocked, id=43372, stack(0x0000000142300000,0x0000000142400000)]
  0x000001f3b3c07db0 JavaThread "Common-Cleaner" daemon [_thread_blocked, id=35712, stack(0x0000000142400000,0x0000000142500000)]
  0x000001f3b3c08280 JavaThread "Notification Thread" daemon [_thread_blocked, id=29840, stack(0x0000000142500000,0x0000000142600000)]
  0x000001f3b3c078e0 JavaThread "Active Thread: Equinox Container: ef43e6ee-c42c-47db-a549-402b63de1d26" [_thread_blocked, id=37068, stack(0x0000000142b00000,0x0000000142c00000)]
  0x000001f3b3c07410 JavaThread "Framework Event Dispatcher: Equinox Container: ef43e6ee-c42c-47db-a549-402b63de1d26" daemon [_thread_blocked, id=34524, stack(0x0000000142d00000,0x0000000142e00000)]
  0x000001f3b3c060d0 JavaThread "Start Level: Equinox Container: ef43e6ee-c42c-47db-a549-402b63de1d26" daemon [_thread_blocked, id=7320, stack(0x0000000142e00000,0x0000000142f00000)]
  0x000001f3b3c08750 JavaThread "SCR Component Actor" daemon [_thread_blocked, id=39316, stack(0x0000000142f00000,0x0000000143000000)]
  0x000001f3b3c08c20 JavaThread "EMF Reference Cleaner" daemon [_thread_blocked, id=43564, stack(0x0000000143100000,0x0000000143200000)]
  0x000001f3b3c090f0 JavaThread "Worker-JM" [_thread_blocked, id=40452, stack(0x0000000143200000,0x0000000143300000)]
  0x000001f3b7ff7540 JavaThread "Gogo shell" [_thread_blocked, id=10212, stack(0x0000000143400000,0x0000000143500000)]
  0x000001f3b7ff2d10 JavaThread "Git Repository Closer" daemon [_thread_blocked, id=6664, stack(0x0000000143b00000,0x0000000143c00000)]
  0x000001f3b7ff4050 JavaThread "Bundle File Closer" daemon [_thread_blocked, id=9688, stack(0x0000000143c00000,0x0000000143d00000)]
  0x000001f3b7ff5390 JavaThread "Java indexing" daemon [_thread_blocked, id=42824, stack(0x0000000143d00000,0x0000000143e00000)]
  0x000001f3ba4b93c0 JavaThread "org.eclipse.jdt.internal.ui.text.JavaReconciler" daemon [_thread_blocked, id=33192, stack(0x0000000144000000,0x0000000144100000)]
  0x000001f3ba4b8080 JavaThread "EventAdmin Async Event Dispatcher Thread" daemon [_thread_blocked, id=12768, stack(0x0000000144100000,0x0000000144200000)]
  0x000001f3ba4b8ef0 JavaThread "Worker-8: Process Console Input Job" [_thread_blocked, id=7484, stack(0x0000000144900000,0x0000000144a00000)]
  0x000001f3b8345220 JavaThread "pool-2-thread-1" [_thread_blocked, id=42036, stack(0x0000000144a00000,0x0000000144b00000)]
  0x000001f3b83456f0 JavaThread "pool-3-thread-1" [_thread_blocked, id=40080, stack(0x0000000144b00000,0x0000000144c00000)]
  0x000001f3bd35d670 JavaThread "pool-4-thread-1" [_thread_blocked, id=40284, stack(0x0000000144e00000,0x0000000144f00000)]
  0x000001f3bcdb4b80 JavaThread "Provisioning Event Dispatcher" daemon [_thread_blocked, id=5812, stack(0x0000000145300000,0x0000000145400000)]
  0x000001f3ca1c2ee0 JavaThread "Thread-9" [_thread_blocked, id=42868, stack(0x0000000145800000,0x0000000145900000)]
  0x000001f3ca1c5a30 JavaThread "Worker-12: Match Job" [_thread_in_vm, id=39776, stack(0x0000000143000000,0x0000000143100000)]
  0x000001f3ca1c3880 JavaThread "Output Stream Monitor" daemon [_thread_in_native, id=39732, stack(0x0000000143500000,0x0000000143600000)]
  0x000001f3ca1c5560 JavaThread "Output Stream Monitor" daemon [_thread_in_native, id=40064, stack(0x0000000143700000,0x0000000143800000)]
  0x000001f3ca1c3d50 JavaThread "Input Stream Monitor" daemon [_thread_blocked, id=40344, stack(0x0000000143800000,0x0000000143900000)]
  0x000001f3ca1c2070 JavaThread "Process monitor" daemon [_thread_in_native, id=9136, stack(0x0000000143a00000,0x0000000143b00000)]
  0x000001f3bcdb6860 JavaThread "Worker-13" [_thread_blocked, id=43052, stack(0x0000000143f00000,0x0000000144000000)]
  0x000001f3bcdb3370 JavaThread "Worker-15" [_thread_blocked, id=11548, stack(0x0000000141000000,0x0000000141100000)]

Other Threads:
  0x000001f3b3bde060 VMThread "VM Thread" [stack: 0x0000000141a00000,0x0000000141b00000] [id=43204]
  0x000001f3963719f0 WatcherThread [stack: 0x0000000142600000,0x0000000142700000] [id=28724]
  0x000001f396352d90 GCTaskThread "GC Thread#0" [stack: 0x0000000141400000,0x0000000141500000] [id=34316]
  0x000001f3b4de17e0 GCTaskThread "GC Thread#1" [stack: 0x0000000142800000,0x0000000142900000] [id=42548]
  0x000001f3b64eb9e0 GCTaskThread "GC Thread#2" [stack: 0x0000000142900000,0x0000000142a00000] [id=12920]
  0x000001f3b4ebc000 GCTaskThread "GC Thread#3" [stack: 0x0000000142a00000,0x0000000142b00000] [id=43384]
  0x000001f396364a90 ConcurrentGCThread "G1 Main Marker" [stack: 0x0000000141500000,0x0000000141600000] [id=32064]
  0x000001f396366a00 ConcurrentGCThread "G1 Conc#0" [stack: 0x0000000141600000,0x0000000141700000] [id=39436]
  0x000001f3963ecff0 ConcurrentGCThread "G1 Refine#0" [stack: 0x0000000141700000,0x0000000141800000] [id=33644]
  0x000001f3b4e77d50 ConcurrentGCThread "G1 Refine#1" [stack: 0x0000000142c00000,0x0000000142d00000] [id=42252]
  0x000001f3b8d86450 ConcurrentGCThread "G1 Refine#2" [stack: 0x0000000143300000,0x0000000143400000] [id=10956]
  0x000001f3ba6e24d0 ConcurrentGCThread "G1 Refine#3" [stack: 0x0000000143e00000,0x0000000143f00000] [id=42304]
  0x000001f3963ed3d0 ConcurrentGCThread "G1 Service" [stack: 0x0000000141800000,0x0000000141900000] [id=41364]
  0x000001f3b3bd8b00 ConcurrentGCThread "StringDedupProcessor" [stack: 0x0000000141900000,0x0000000141a00000] [id=14352]

Threads with active compile tasks:
C2 CompilerThread0  2557997 12930       4       java.lang.StringLatin1::canEncode (13 bytes)
C1 CompilerThread0  2557997 12927       3       org.eclipse.ui.internal.WorkbenchPartReference::getPart (166 bytes)

VM state: not at safepoint (normal execution)

VM Mutex/Monitor currently owned by a thread: None

Heap address: 0x0000000080000000, size: 2048 MB, Compressed Oops mode: 32-bit

CDS archive(s) mapped at: [0x0000000800000000-0x0000000800bc0000-0x0000000800bc0000), size 12320768, SharedBaseAddress: 0x0000000800000000, ArchiveRelocationMode: 0.
Compressed class space mapped at: 0x0000000800c00000-0x0000000840c00000, reserved size: 1073741824
Narrow klass base: 0x0000000800000000, Narrow klass shift: 0, Narrow klass range: 0x100000000

GC Precious Log:
 CPUs: 4 total, 4 available
 Memory: 8138M
 Large Page Support: Disabled
 NUMA Support: Disabled
 Compressed Oops: Enabled (32-bit)
 Heap Region Size: 1M
 Heap Min Capacity: 256M
 Heap Initial Capacity: 256M
 Heap Max Capacity: 2G
 Pre-touch: Disabled
 Parallel Workers: 4
 Concurrent Workers: 1
 Concurrent Refinement Workers: 4
 Periodic GC: Disabled
 String Deduplication is enabled

Heap:
 garbage-first heap   total 262144K, used 147219K [0x0000000080000000, 0x0000000100000000)
  region size 1024K, 66 young (67584K), 12 survivors (12288K)
 Metaspace       used 101639K, committed 103808K, reserved 1146880K
  class space    used 12071K, committed 12992K, reserved 1048576K

Heap Regions: E=young(eden), S=young(survivor), O=old, HS=humongous(starts), HC=humongous(continues), CS=collection set, F=free, OA=open archive, CA=closed archive, TAMS=top-at-mark-start (previous, next)
|   0|0x0000000080000000, 0x0000000080100000, 0x0000000080100000|100%| O|  |TAMS 0x0000000080100000, 0x0000000080000000| Untracked 
|   1|0x0000000080100000, 0x0000000080200000, 0x0000000080200000|100%| O|  |TAMS 0x0000000080200000, 0x0000000080100000| Untracked 
|   2|0x0000000080200000, 0x0000000080300000, 0x0000000080300000|100%| O|  |TAMS 0x0000000080300000, 0x0000000080200000| Untracked 
|   3|0x0000000080300000, 0x0000000080400000, 0x0000000080400000|100%| O|  |TAMS 0x0000000080400000, 0x0000000080300000| Untracked 
|   4|0x0000000080400000, 0x0000000080500000, 0x0000000080500000|100%| O|  |TAMS 0x0000000080500000, 0x0000000080400000| Untracked 
|   5|0x0000000080500000, 0x0000000080600000, 0x0000000080600000|100%| O|  |TAMS 0x0000000080600000, 0x0000000080500000| Untracked 
|   6|0x0000000080600000, 0x0000000080700000, 0x0000000080700000|100%| O|  |TAMS 0x0000000080700000, 0x0000000080600000| Untracked 
|   7|0x0000000080700000, 0x0000000080800000, 0x0000000080800000|100%| O|  |TAMS 0x0000000080800000, 0x0000000080700000| Untracked 
|   8|0x0000000080800000, 0x0000000080900000, 0x0000000080900000|100%| O|  |TAMS 0x0000000080900000, 0x0000000080800000| Untracked 
|   9|0x0000000080900000, 0x0000000080a00000, 0x0000000080a00000|100%| O|  |TAMS 0x0000000080a00000, 0x0000000080900000| Untracked 
|  10|0x0000000080a00000, 0x0000000080b00000, 0x0000000080b00000|100%| O|  |TAMS 0x0000000080b00000, 0x0000000080a00000| Untracked 
|  11|0x0000000080b00000, 0x0000000080c00000, 0x0000000080c00000|100%|HS|  |TAMS 0x0000000080c00000, 0x0000000080b00000| Complete 
|  12|0x0000000080c00000, 0x0000000080d00000, 0x0000000080d00000|100%| O|  |TAMS 0x0000000080d00000, 0x0000000080c00000| Untracked 
|  13|0x0000000080d00000, 0x0000000080e00000, 0x0000000080e00000|100%| O|  |TAMS 0x0000000080e00000, 0x0000000080d00000| Untracked 
|  14|0x0000000080e00000, 0x0000000080f00000, 0x0000000080f00000|100%| O|  |TAMS 0x0000000080f00000, 0x0000000080e00000| Untracked 
|  15|0x0000000080f00000, 0x0000000081000000, 0x0000000081000000|100%| O|  |TAMS 0x0000000081000000, 0x0000000080f00000| Untracked 
|  16|0x0000000081000000, 0x0000000081100000, 0x0000000081100000|100%| O|  |TAMS 0x0000000081100000, 0x0000000081000000| Untracked 
|  17|0x0000000081100000, 0x0000000081200000, 0x0000000081200000|100%| O|  |TAMS 0x0000000081200000, 0x0000000081100000| Untracked 
|  18|0x0000000081200000, 0x0000000081300000, 0x0000000081300000|100%| O|  |TAMS 0x0000000081300000, 0x0000000081200000| Untracked 
|  19|0x0000000081300000, 0x0000000081300000, 0x0000000081400000|  0%| F|  |TAMS 0x0000000081300000, 0x0000000081300000| Untracked 
|  20|0x0000000081400000, 0x0000000081500000, 0x0000000081500000|100%| O|  |TAMS 0x0000000081500000, 0x0000000081400000| Untracked 
|  21|0x0000000081500000, 0x0000000081600000, 0x0000000081600000|100%| O|  |TAMS 0x0000000081600000, 0x0000000081500000| Untracked 
|  22|0x0000000081600000, 0x0000000081700000, 0x0000000081700000|100%| O|  |TAMS 0x0000000081700000, 0x0000000081600000| Untracked 
|  23|0x0000000081700000, 0x0000000081800000, 0x0000000081800000|100%| O|  |TAMS 0x0000000081800000, 0x0000000081700000| Untracked 
|  24|0x0000000081800000, 0x0000000081900000, 0x0000000081900000|100%| O|  |TAMS 0x0000000081900000, 0x0000000081800000| Untracked 
|  25|0x0000000081900000, 0x0000000081a00000, 0x0000000081a00000|100%| O|  |TAMS 0x0000000081a00000, 0x0000000081900000| Untracked 
|  26|0x0000000081a00000, 0x0000000081b00000, 0x0000000081b00000|100%| O|  |TAMS 0x0000000081b00000, 0x0000000081a00000| Untracked 
|  27|0x0000000081b00000, 0x0000000081c00000, 0x0000000081c00000|100%| O|  |TAMS 0x0000000081c00000, 0x0000000081b00000| Untracked 
|  28|0x0000000081c00000, 0x0000000081d00000, 0x0000000081d00000|100%| O|  |TAMS 0x0000000081d00000, 0x0000000081c00000| Untracked 
|  29|0x0000000081d00000, 0x0000000081e00000, 0x0000000081e00000|100%| O|  |TAMS 0x0000000081e00000, 0x0000000081d00000| Untracked 
|  30|0x0000000081e00000, 0x0000000081f00000, 0x0000000081f00000|100%| O|  |TAMS 0x0000000081f00000, 0x0000000081e00000| Untracked 
|  31|0x0000000081f00000, 0x0000000082000000, 0x0000000082000000|100%| O|  |TAMS 0x0000000082000000, 0x0000000081f00000| Untracked 
|  32|0x0000000082000000, 0x0000000082100000, 0x0000000082100000|100%| O|  |TAMS 0x0000000082100000, 0x0000000082000000| Untracked 
|  33|0x0000000082100000, 0x0000000082200000, 0x0000000082200000|100%| O|  |TAMS 0x0000000082200000, 0x0000000082100000| Untracked 
|  34|0x0000000082200000, 0x0000000082300000, 0x0000000082300000|100%| O|  |TAMS 0x0000000082300000, 0x0000000082200000| Untracked 
|  35|0x0000000082300000, 0x0000000082400000, 0x0000000082400000|100%| O|  |TAMS 0x0000000082400000, 0x0000000082300000| Untracked 
|  36|0x0000000082400000, 0x0000000082500000, 0x0000000082500000|100%| O|  |TAMS 0x0000000082500000, 0x0000000082400000| Untracked 
|  37|0x0000000082500000, 0x0000000082600000, 0x0000000082600000|100%| O|  |TAMS 0x0000000082600000, 0x0000000082500000| Untracked 
|  38|0x0000000082600000, 0x0000000082700000, 0x0000000082700000|100%| O|  |TAMS 0x0000000082700000, 0x0000000082600000| Untracked 
|  39|0x0000000082700000, 0x0000000082800000, 0x0000000082800000|100%| O|  |TAMS 0x0000000082740400, 0x0000000082700000| Untracked 
|  40|0x0000000082800000, 0x0000000082900000, 0x0000000082900000|100%|HS|  |TAMS 0x0000000082900000, 0x0000000082800000| Complete 
|  41|0x0000000082900000, 0x0000000082a00000, 0x0000000082a00000|100%|HC|  |TAMS 0x0000000082a00000, 0x0000000082900000| Complete 
|  42|0x0000000082a00000, 0x0000000082b00000, 0x0000000082b00000|100%| O|  |TAMS 0x0000000082a00000, 0x0000000082a00000| Untracked 
|  43|0x0000000082b00000, 0x0000000082c00000, 0x0000000082c00000|100%| O|  |TAMS 0x0000000082b00000, 0x0000000082b00000| Untracked 
|  44|0x0000000082c00000, 0x0000000082d00000, 0x0000000082d00000|100%| O|  |TAMS 0x0000000082c00000, 0x0000000082c00000| Untracked 
|  45|0x0000000082d00000, 0x0000000082e00000, 0x0000000082e00000|100%| O|  |TAMS 0x0000000082d00000, 0x0000000082d00000| Untracked 
|  46|0x0000000082e00000, 0x0000000082f00000, 0x0000000082f00000|100%| O|  |TAMS 0x0000000082e00000, 0x0000000082e00000| Untracked 
|  47|0x0000000082f00000, 0x0000000083000000, 0x0000000083000000|100%| O|  |TAMS 0x0000000082f00000, 0x0000000082f00000| Untracked 
|  48|0x0000000083000000, 0x0000000083100000, 0x0000000083100000|100%| O|  |TAMS 0x0000000083000000, 0x0000000083000000| Untracked 
|  49|0x0000000083100000, 0x0000000083200000, 0x0000000083200000|100%| O|  |TAMS 0x0000000083100000, 0x0000000083100000| Untracked 
|  50|0x0000000083200000, 0x0000000083300000, 0x0000000083300000|100%| O|  |TAMS 0x0000000083200000, 0x0000000083200000| Untracked 
|  51|0x0000000083300000, 0x0000000083400000, 0x0000000083400000|100%| O|  |TAMS 0x0000000083300000, 0x0000000083300000| Untracked 
|  52|0x0000000083400000, 0x0000000083500000, 0x0000000083500000|100%| O|  |TAMS 0x0000000083400000, 0x0000000083400000| Untracked 
|  53|0x0000000083500000, 0x0000000083600000, 0x0000000083600000|100%| O|  |TAMS 0x0000000083500000, 0x0000000083500000| Untracked 
|  54|0x0000000083600000, 0x0000000083700000, 0x0000000083700000|100%| O|  |TAMS 0x0000000083600000, 0x0000000083600000| Untracked 
|  55|0x0000000083700000, 0x0000000083800000, 0x0000000083800000|100%| O|  |TAMS 0x0000000083700000, 0x0000000083700000| Untracked 
|  56|0x0000000083800000, 0x0000000083900000, 0x0000000083900000|100%| O|  |TAMS 0x0000000083800000, 0x0000000083800000| Untracked 
|  57|0x0000000083900000, 0x0000000083a00000, 0x0000000083a00000|100%| O|  |TAMS 0x0000000083900000, 0x0000000083900000| Untracked 
|  58|0x0000000083a00000, 0x0000000083b00000, 0x0000000083b00000|100%| O|  |TAMS 0x0000000083a00000, 0x0000000083a00000| Untracked 
|  59|0x0000000083b00000, 0x0000000083c00000, 0x0000000083c00000|100%| O|  |TAMS 0x0000000083b00000, 0x0000000083b00000| Untracked 
|  60|0x0000000083c00000, 0x0000000083d00000, 0x0000000083d00000|100%| O|  |TAMS 0x0000000083c00000, 0x0000000083c00000| Untracked 
|  61|0x0000000083d00000, 0x0000000083e00000, 0x0000000083e00000|100%| O|  |TAMS 0x0000000083d00000, 0x0000000083d00000| Untracked 
|  62|0x0000000083e00000, 0x0000000083f00000, 0x0000000083f00000|100%| O|  |TAMS 0x0000000083e00000, 0x0000000083e00000| Untracked 
|  63|0x0000000083f00000, 0x0000000084000000, 0x0000000084000000|100%| O|  |TAMS 0x0000000083f00000, 0x0000000083f00000| Untracked 
|  64|0x0000000084000000, 0x0000000084100000, 0x0000000084100000|100%| O|  |TAMS 0x0000000084000000, 0x0000000084000000| Untracked 
|  65|0x0000000084100000, 0x0000000084200000, 0x0000000084200000|100%| O|  |TAMS 0x0000000084100000, 0x0000000084100000| Untracked 
|  66|0x0000000084200000, 0x0000000084200000, 0x0000000084300000|  0%| F|  |TAMS 0x0000000084200000, 0x0000000084200000| Untracked 
|  67|0x0000000084300000, 0x0000000084300000, 0x0000000084400000|  0%| F|  |TAMS 0x0000000084300000, 0x0000000084300000| Untracked 
|  68|0x0000000084400000, 0x0000000084500000, 0x0000000084500000|100%|HS|  |TAMS 0x0000000084400000, 0x0000000084400000| Complete 
|  69|0x0000000084500000, 0x0000000084600000, 0x0000000084600000|100%|HS|  |TAMS 0x0000000084500000, 0x0000000084500000| Complete 
|  70|0x0000000084600000, 0x0000000084700000, 0x0000000084700000|100%|HC|  |TAMS 0x0000000084600000, 0x0000000084600000| Complete 
|  71|0x0000000084700000, 0x0000000084800000, 0x0000000084800000|100%| O|  |TAMS 0x0000000084700000, 0x0000000084700000| Untracked 
|  72|0x0000000084800000, 0x0000000084800000, 0x0000000084900000|  0%| F|  |TAMS 0x0000000084800000, 0x0000000084800000| Untracked 
|  73|0x0000000084900000, 0x0000000084900000, 0x0000000084a00000|  0%| F|  |TAMS 0x0000000084900000, 0x0000000084900000| Untracked 
|  74|0x0000000084a00000, 0x0000000084b00000, 0x0000000084b00000|100%| O|  |TAMS 0x0000000084a00000, 0x0000000084a00000| Untracked 
|  75|0x0000000084b00000, 0x0000000084c00000, 0x0000000084c00000|100%| O|  |TAMS 0x0000000084b00000, 0x0000000084b00000| Untracked 
|  76|0x0000000084c00000, 0x0000000084d00000, 0x0000000084d00000|100%| O|  |TAMS 0x0000000084c00000, 0x0000000084c00000| Untracked 
|  77|0x0000000084d00000, 0x0000000084e00000, 0x0000000084e00000|100%| O|  |TAMS 0x0000000084d00000, 0x0000000084d00000| Untracked 
|  78|0x0000000084e00000, 0x0000000084f00000, 0x0000000084f00000|100%| O|  |TAMS 0x0000000084e00000, 0x0000000084e00000| Untracked 
|  79|0x0000000084f00000, 0x0000000085000000, 0x0000000085000000|100%| O|  |TAMS 0x0000000084f00000, 0x0000000084f00000| Untracked 
|  80|0x0000000085000000, 0x0000000085100000, 0x0000000085100000|100%| O|  |TAMS 0x0000000085000000, 0x0000000085000000| Untracked 
|  81|0x0000000085100000, 0x0000000085200000, 0x0000000085200000|100%| O|  |TAMS 0x0000000085100000, 0x0000000085100000| Untracked 
|  82|0x0000000085200000, 0x0000000085300000, 0x0000000085300000|100%| O|  |TAMS 0x0000000085200000, 0x0000000085200000| Untracked 
|  83|0x0000000085300000, 0x0000000085400000, 0x0000000085400000|100%| O|  |TAMS 0x0000000085300000, 0x0000000085300000| Untracked 
|  84|0x0000000085400000, 0x0000000085500000, 0x0000000085500000|100%| O|  |TAMS 0x0000000085400000, 0x0000000085400000| Untracked 
|  85|0x0000000085500000, 0x0000000085544c00, 0x0000000085600000| 26%| O|  |TAMS 0x0000000085500000, 0x0000000085500000| Untracked 
|  86|0x0000000085600000, 0x0000000085600000, 0x0000000085700000|  0%| F|  |TAMS 0x0000000085600000, 0x0000000085600000| Untracked 
|  87|0x0000000085700000, 0x0000000085700000, 0x0000000085800000|  0%| F|  |TAMS 0x0000000085700000, 0x0000000085700000| Untracked 
|  88|0x0000000085800000, 0x0000000085800000, 0x0000000085900000|  0%| F|  |TAMS 0x0000000085800000, 0x0000000085800000| Untracked 
|  89|0x0000000085900000, 0x0000000085900000, 0x0000000085a00000|  0%| F|  |TAMS 0x0000000085900000, 0x0000000085900000| Untracked 
|  90|0x0000000085a00000, 0x0000000085a00000, 0x0000000085b00000|  0%| F|  |TAMS 0x0000000085a00000, 0x0000000085a00000| Untracked 
|  91|0x0000000085b00000, 0x0000000085b00000, 0x0000000085c00000|  0%| F|  |TAMS 0x0000000085b00000, 0x0000000085b00000| Untracked 
|  92|0x0000000085c00000, 0x0000000085c00000, 0x0000000085d00000|  0%| F|  |TAMS 0x0000000085c00000, 0x0000000085c00000| Untracked 
|  93|0x0000000085d00000, 0x0000000085d00000, 0x0000000085e00000|  0%| F|  |TAMS 0x0000000085d00000, 0x0000000085d00000| Untracked 
|  94|0x0000000085e00000, 0x0000000085e00000, 0x0000000085f00000|  0%| F|  |TAMS 0x0000000085e00000, 0x0000000085e00000| Untracked 
|  95|0x0000000085f00000, 0x0000000085f00000, 0x0000000086000000|  0%| F|  |TAMS 0x0000000085f00000, 0x0000000085f00000| Untracked 
|  96|0x0000000086000000, 0x0000000086000000, 0x0000000086100000|  0%| F|  |TAMS 0x0000000086000000, 0x0000000086000000| Untracked 
|  97|0x0000000086100000, 0x0000000086100000, 0x0000000086200000|  0%| F|  |TAMS 0x0000000086100000, 0x0000000086100000| Untracked 
|  98|0x0000000086200000, 0x0000000086200000, 0x0000000086300000|  0%| F|  |TAMS 0x0000000086200000, 0x0000000086200000| Untracked 
|  99|0x0000000086300000, 0x0000000086300000, 0x0000000086400000|  0%| F|  |TAMS 0x0000000086300000, 0x0000000086300000| Untracked 
| 100|0x0000000086400000, 0x0000000086400000, 0x0000000086500000|  0%| F|  |TAMS 0x0000000086400000, 0x0000000086400000| Untracked 
| 101|0x0000000086500000, 0x0000000086500000, 0x0000000086600000|  0%| F|  |TAMS 0x0000000086500000, 0x0000000086500000| Untracked 
| 102|0x0000000086600000, 0x0000000086600000, 0x0000000086700000|  0%| F|  |TAMS 0x0000000086600000, 0x0000000086600000| Untracked 
| 103|0x0000000086700000, 0x0000000086700000, 0x0000000086800000|  0%| F|  |TAMS 0x0000000086700000, 0x0000000086700000| Untracked 
| 104|0x0000000086800000, 0x0000000086800000, 0x0000000086900000|  0%| F|  |TAMS 0x0000000086800000, 0x0000000086800000| Untracked 
| 105|0x0000000086900000, 0x0000000086900000, 0x0000000086a00000|  0%| F|  |TAMS 0x0000000086900000, 0x0000000086900000| Untracked 
| 106|0x0000000086a00000, 0x0000000086a00000, 0x0000000086b00000|  0%| F|  |TAMS 0x0000000086a00000, 0x0000000086a00000| Untracked 
| 107|0x0000000086b00000, 0x0000000086b00000, 0x0000000086c00000|  0%| F|  |TAMS 0x0000000086b00000, 0x0000000086b00000| Untracked 
| 108|0x0000000086c00000, 0x0000000086c00000, 0x0000000086d00000|  0%| F|  |TAMS 0x0000000086c00000, 0x0000000086c00000| Untracked 
| 109|0x0000000086d00000, 0x0000000086d00000, 0x0000000086e00000|  0%| F|  |TAMS 0x0000000086d00000, 0x0000000086d00000| Untracked 
| 110|0x0000000086e00000, 0x0000000086e00000, 0x0000000086f00000|  0%| F|  |TAMS 0x0000000086e00000, 0x0000000086e00000| Untracked 
| 111|0x0000000086f00000, 0x0000000086f00000, 0x0000000087000000|  0%| F|  |TAMS 0x0000000086f00000, 0x0000000086f00000| Untracked 
| 112|0x0000000087000000, 0x0000000087000000, 0x0000000087100000|  0%| F|  |TAMS 0x0000000087000000, 0x0000000087000000| Untracked 
| 113|0x0000000087100000, 0x0000000087100000, 0x0000000087200000|  0%| F|  |TAMS 0x0000000087100000, 0x0000000087100000| Untracked 
| 114|0x0000000087200000, 0x0000000087200000, 0x0000000087300000|  0%| F|  |TAMS 0x0000000087200000, 0x0000000087200000| Untracked 
| 115|0x0000000087300000, 0x0000000087300000, 0x0000000087400000|  0%| F|  |TAMS 0x0000000087300000, 0x0000000087300000| Untracked 
| 116|0x0000000087400000, 0x0000000087400000, 0x0000000087500000|  0%| F|  |TAMS 0x0000000087400000, 0x0000000087400000| Untracked 
| 117|0x0000000087500000, 0x0000000087500000, 0x0000000087600000|  0%| F|  |TAMS 0x0000000087500000, 0x0000000087500000| Untracked 
| 118|0x0000000087600000, 0x0000000087600000, 0x0000000087700000|  0%| F|  |TAMS 0x0000000087600000, 0x0000000087600000| Untracked 
| 119|0x0000000087700000, 0x0000000087700000, 0x0000000087800000|  0%| F|  |TAMS 0x0000000087700000, 0x0000000087700000| Untracked 
| 120|0x0000000087800000, 0x0000000087800000, 0x0000000087900000|  0%| F|  |TAMS 0x0000000087800000, 0x0000000087800000| Untracked 
| 121|0x0000000087900000, 0x0000000087900000, 0x0000000087a00000|  0%| F|  |TAMS 0x0000000087900000, 0x0000000087900000| Untracked 
| 122|0x0000000087a00000, 0x0000000087a00000, 0x0000000087b00000|  0%| F|  |TAMS 0x0000000087a00000, 0x0000000087a00000| Untracked 
| 123|0x0000000087b00000, 0x0000000087b00000, 0x0000000087c00000|  0%| F|  |TAMS 0x0000000087b00000, 0x0000000087b00000| Untracked 
| 124|0x0000000087c00000, 0x0000000087c00000, 0x0000000087d00000|  0%| F|  |TAMS 0x0000000087c00000, 0x0000000087c00000| Untracked 
| 125|0x0000000087d00000, 0x0000000087d00000, 0x0000000087e00000|  0%| F|  |TAMS 0x0000000087d00000, 0x0000000087d00000| Untracked 
| 126|0x0000000087e00000, 0x0000000087e00000, 0x0000000087f00000|  0%| F|  |TAMS 0x0000000087e00000, 0x0000000087e00000| Untracked 
| 127|0x0000000087f00000, 0x0000000087f00000, 0x0000000088000000|  0%| F|  |TAMS 0x0000000087f00000, 0x0000000087f00000| Untracked 
| 128|0x0000000088000000, 0x0000000088000000, 0x0000000088100000|  0%| F|  |TAMS 0x0000000088000000, 0x0000000088000000| Untracked 
| 129|0x0000000088100000, 0x0000000088100000, 0x0000000088200000|  0%| F|  |TAMS 0x0000000088100000, 0x0000000088100000| Untracked 
| 130|0x0000000088200000, 0x0000000088200000, 0x0000000088300000|  0%| F|  |TAMS 0x0000000088200000, 0x0000000088200000| Untracked 
| 131|0x0000000088300000, 0x0000000088300000, 0x0000000088400000|  0%| F|  |TAMS 0x0000000088300000, 0x0000000088300000| Untracked 
| 132|0x0000000088400000, 0x0000000088400000, 0x0000000088500000|  0%| F|  |TAMS 0x0000000088400000, 0x0000000088400000| Untracked 
| 133|0x0000000088500000, 0x0000000088500000, 0x0000000088600000|  0%| F|  |TAMS 0x0000000088500000, 0x0000000088500000| Untracked 
| 134|0x0000000088600000, 0x0000000088600000, 0x0000000088700000|  0%| F|  |TAMS 0x0000000088600000, 0x0000000088600000| Untracked 
| 135|0x0000000088700000, 0x0000000088700000, 0x0000000088800000|  0%| F|  |TAMS 0x0000000088700000, 0x0000000088700000| Untracked 
| 136|0x0000000088800000, 0x0000000088880000, 0x0000000088900000| 50%| S|CS|TAMS 0x0000000088800000, 0x0000000088800000| Complete 
| 137|0x0000000088900000, 0x0000000088a00000, 0x0000000088a00000|100%| S|CS|TAMS 0x0000000088900000, 0x0000000088900000| Complete 
| 138|0x0000000088a00000, 0x0000000088b00000, 0x0000000088b00000|100%| S|CS|TAMS 0x0000000088a00000, 0x0000000088a00000| Complete 
| 139|0x0000000088b00000, 0x0000000088c00000, 0x0000000088c00000|100%| S|CS|TAMS 0x0000000088b00000, 0x0000000088b00000| Complete 
| 140|0x0000000088c00000, 0x0000000088d00000, 0x0000000088d00000|100%| S|CS|TAMS 0x0000000088c00000, 0x0000000088c00000| Complete 
| 141|0x0000000088d00000, 0x0000000088e00000, 0x0000000088e00000|100%| S|CS|TAMS 0x0000000088d00000, 0x0000000088d00000| Complete 
| 142|0x0000000088e00000, 0x0000000088f00000, 0x0000000088f00000|100%| S|CS|TAMS 0x0000000088e00000, 0x0000000088e00000| Complete 
| 143|0x0000000088f00000, 0x0000000089000000, 0x0000000089000000|100%| S|CS|TAMS 0x0000000088f00000, 0x0000000088f00000| Complete 
| 144|0x0000000089000000, 0x0000000089100000, 0x0000000089100000|100%| S|CS|TAMS 0x0000000089000000, 0x0000000089000000| Complete 
| 145|0x0000000089100000, 0x0000000089200000, 0x0000000089200000|100%| S|CS|TAMS 0x0000000089100000, 0x0000000089100000| Complete 
| 146|0x0000000089200000, 0x0000000089300000, 0x0000000089300000|100%| S|CS|TAMS 0x0000000089200000, 0x0000000089200000| Complete 
| 147|0x0000000089300000, 0x0000000089400000, 0x0000000089400000|100%| S|CS|TAMS 0x0000000089300000, 0x0000000089300000| Complete 
| 148|0x0000000089400000, 0x0000000089400000, 0x0000000089500000|  0%| F|  |TAMS 0x0000000089400000, 0x0000000089400000| Untracked 
| 149|0x0000000089500000, 0x0000000089500000, 0x0000000089600000|  0%| F|  |TAMS 0x0000000089500000, 0x0000000089500000| Untracked 
| 150|0x0000000089600000, 0x0000000089600000, 0x0000000089700000|  0%| F|  |TAMS 0x0000000089600000, 0x0000000089600000| Untracked 
| 151|0x0000000089700000, 0x0000000089700000, 0x0000000089800000|  0%| F|  |TAMS 0x0000000089700000, 0x0000000089700000| Untracked 
| 152|0x0000000089800000, 0x0000000089800000, 0x0000000089900000|  0%| F|  |TAMS 0x0000000089800000, 0x0000000089800000| Untracked 
| 153|0x0000000089900000, 0x0000000089900000, 0x0000000089a00000|  0%| F|  |TAMS 0x0000000089900000, 0x0000000089900000| Untracked 
| 154|0x0000000089a00000, 0x0000000089a00000, 0x0000000089b00000|  0%| F|  |TAMS 0x0000000089a00000, 0x0000000089a00000| Untracked 
| 155|0x0000000089b00000, 0x0000000089b00000, 0x0000000089c00000|  0%| F|  |TAMS 0x0000000089b00000, 0x0000000089b00000| Untracked 
| 156|0x0000000089c00000, 0x0000000089c00000, 0x0000000089d00000|  0%| F|  |TAMS 0x0000000089c00000, 0x0000000089c00000| Untracked 
| 157|0x0000000089d00000, 0x0000000089d00000, 0x0000000089e00000|  0%| F|  |TAMS 0x0000000089d00000, 0x0000000089d00000| Untracked 
| 158|0x0000000089e00000, 0x0000000089e00000, 0x0000000089f00000|  0%| F|  |TAMS 0x0000000089e00000, 0x0000000089e00000| Untracked 
| 159|0x0000000089f00000, 0x0000000089f00000, 0x000000008a000000|  0%| F|  |TAMS 0x0000000089f00000, 0x0000000089f00000| Untracked 
| 160|0x000000008a000000, 0x000000008a000000, 0x000000008a100000|  0%| F|  |TAMS 0x000000008a000000, 0x000000008a000000| Untracked 
| 161|0x000000008a100000, 0x000000008a100000, 0x000000008a200000|  0%| F|  |TAMS 0x000000008a100000, 0x000000008a100000| Untracked 
| 162|0x000000008a200000, 0x000000008a200000, 0x000000008a300000|  0%| F|  |TAMS 0x000000008a200000, 0x000000008a200000| Untracked 
| 163|0x000000008a300000, 0x000000008a300000, 0x000000008a400000|  0%| F|  |TAMS 0x000000008a300000, 0x000000008a300000| Untracked 
| 164|0x000000008a400000, 0x000000008a400000, 0x000000008a500000|  0%| F|  |TAMS 0x000000008a400000, 0x000000008a400000| Untracked 
| 165|0x000000008a500000, 0x000000008a500000, 0x000000008a600000|  0%| F|  |TAMS 0x000000008a500000, 0x000000008a500000| Untracked 
| 166|0x000000008a600000, 0x000000008a600000, 0x000000008a700000|  0%| F|  |TAMS 0x000000008a600000, 0x000000008a600000| Untracked 
| 167|0x000000008a700000, 0x000000008a700000, 0x000000008a800000|  0%| F|  |TAMS 0x000000008a700000, 0x000000008a700000| Untracked 
| 168|0x000000008a800000, 0x000000008a800000, 0x000000008a900000|  0%| F|  |TAMS 0x000000008a800000, 0x000000008a800000| Untracked 
| 169|0x000000008a900000, 0x000000008a900000, 0x000000008aa00000|  0%| F|  |TAMS 0x000000008a900000, 0x000000008a900000| Untracked 
| 170|0x000000008aa00000, 0x000000008aa00000, 0x000000008ab00000|  0%| F|  |TAMS 0x000000008aa00000, 0x000000008aa00000| Untracked 
| 171|0x000000008ab00000, 0x000000008ab00000, 0x000000008ac00000|  0%| F|  |TAMS 0x000000008ab00000, 0x000000008ab00000| Untracked 
| 172|0x000000008ac00000, 0x000000008ac00000, 0x000000008ad00000|  0%| F|  |TAMS 0x000000008ac00000, 0x000000008ac00000| Untracked 
| 173|0x000000008ad00000, 0x000000008ad00000, 0x000000008ae00000|  0%| F|  |TAMS 0x000000008ad00000, 0x000000008ad00000| Untracked 
| 174|0x000000008ae00000, 0x000000008ae00000, 0x000000008af00000|  0%| F|  |TAMS 0x000000008ae00000, 0x000000008ae00000| Untracked 
| 175|0x000000008af00000, 0x000000008af00000, 0x000000008b000000|  0%| F|  |TAMS 0x000000008af00000, 0x000000008af00000| Untracked 
| 176|0x000000008b000000, 0x000000008b000000, 0x000000008b100000|  0%| F|  |TAMS 0x000000008b000000, 0x000000008b000000| Untracked 
| 177|0x000000008b100000, 0x000000008b100000, 0x000000008b200000|  0%| F|  |TAMS 0x000000008b100000, 0x000000008b100000| Untracked 
| 178|0x000000008b200000, 0x000000008b200000, 0x000000008b300000|  0%| F|  |TAMS 0x000000008b200000, 0x000000008b200000| Untracked 
| 179|0x000000008b300000, 0x000000008b300000, 0x000000008b400000|  0%| F|  |TAMS 0x000000008b300000, 0x000000008b300000| Untracked 
| 180|0x000000008b400000, 0x000000008b400000, 0x000000008b500000|  0%| F|  |TAMS 0x000000008b400000, 0x000000008b400000| Untracked 
| 181|0x000000008b500000, 0x000000008b500000, 0x000000008b600000|  0%| F|  |TAMS 0x000000008b500000, 0x000000008b500000| Untracked 
| 182|0x000000008b600000, 0x000000008b600000, 0x000000008b700000|  0%| F|  |TAMS 0x000000008b600000, 0x000000008b600000| Untracked 
| 183|0x000000008b700000, 0x000000008b700000, 0x000000008b800000|  0%| F|  |TAMS 0x000000008b700000, 0x000000008b700000| Untracked 
| 184|0x000000008b800000, 0x000000008b800000, 0x000000008b900000|  0%| F|  |TAMS 0x000000008b800000, 0x000000008b800000| Untracked 
| 185|0x000000008b900000, 0x000000008b900000, 0x000000008ba00000|  0%| F|  |TAMS 0x000000008b900000, 0x000000008b900000| Untracked 
| 186|0x000000008ba00000, 0x000000008ba00000, 0x000000008bb00000|  0%| F|  |TAMS 0x000000008ba00000, 0x000000008ba00000| Untracked 
| 187|0x000000008bb00000, 0x000000008bb00000, 0x000000008bc00000|  0%| F|  |TAMS 0x000000008bb00000, 0x000000008bb00000| Untracked 
| 188|0x000000008bc00000, 0x000000008bc00000, 0x000000008bd00000|  0%| F|  |TAMS 0x000000008bc00000, 0x000000008bc00000| Untracked 
| 189|0x000000008bd00000, 0x000000008bd00000, 0x000000008be00000|  0%| F|  |TAMS 0x000000008bd00000, 0x000000008bd00000| Untracked 
| 190|0x000000008be00000, 0x000000008be00000, 0x000000008bf00000|  0%| F|  |TAMS 0x000000008be00000, 0x000000008be00000| Untracked 
| 191|0x000000008bf00000, 0x000000008bf00000, 0x000000008c000000|  0%| F|  |TAMS 0x000000008bf00000, 0x000000008bf00000| Untracked 
| 192|0x000000008c000000, 0x000000008c000000, 0x000000008c100000|  0%| F|  |TAMS 0x000000008c000000, 0x000000008c000000| Untracked 
| 193|0x000000008c100000, 0x000000008c100000, 0x000000008c200000|  0%| F|  |TAMS 0x000000008c100000, 0x000000008c100000| Untracked 
| 194|0x000000008c200000, 0x000000008c200000, 0x000000008c300000|  0%| F|  |TAMS 0x000000008c200000, 0x000000008c200000| Untracked 
| 195|0x000000008c300000, 0x000000008c300000, 0x000000008c400000|  0%| F|  |TAMS 0x000000008c300000, 0x000000008c300000| Untracked 
| 196|0x000000008c400000, 0x000000008c400000, 0x000000008c500000|  0%| F|  |TAMS 0x000000008c400000, 0x000000008c400000| Untracked 
| 197|0x000000008c500000, 0x000000008c500000, 0x000000008c600000|  0%| F|  |TAMS 0x000000008c500000, 0x000000008c500000| Untracked 
| 198|0x000000008c600000, 0x000000008c600000, 0x000000008c700000|  0%| F|  |TAMS 0x000000008c600000, 0x000000008c600000| Untracked 
| 199|0x000000008c700000, 0x000000008c700000, 0x000000008c800000|  0%| F|  |TAMS 0x000000008c700000, 0x000000008c700000| Untracked 
| 200|0x000000008c800000, 0x000000008c800000, 0x000000008c900000|  0%| F|  |TAMS 0x000000008c800000, 0x000000008c800000| Untracked 
| 201|0x000000008c900000, 0x000000008c900000, 0x000000008ca00000|  0%| F|  |TAMS 0x000000008c900000, 0x000000008c900000| Untracked 
| 202|0x000000008ca00000, 0x000000008ca706f8, 0x000000008cb00000| 43%| E|  |TAMS 0x000000008ca00000, 0x000000008ca00000| Complete 
| 203|0x000000008cb00000, 0x000000008cc00000, 0x000000008cc00000|100%| E|CS|TAMS 0x000000008cb00000, 0x000000008cb00000| Complete 
| 204|0x000000008cc00000, 0x000000008cd00000, 0x000000008cd00000|100%| E|CS|TAMS 0x000000008cc00000, 0x000000008cc00000| Complete 
| 205|0x000000008cd00000, 0x000000008ce00000, 0x000000008ce00000|100%| E|CS|TAMS 0x000000008cd00000, 0x000000008cd00000| Complete 
| 206|0x000000008ce00000, 0x000000008cf00000, 0x000000008cf00000|100%| E|CS|TAMS 0x000000008ce00000, 0x000000008ce00000| Complete 
| 207|0x000000008cf00000, 0x000000008d000000, 0x000000008d000000|100%| E|CS|TAMS 0x000000008cf00000, 0x000000008cf00000| Complete 
| 208|0x000000008d000000, 0x000000008d100000, 0x000000008d100000|100%| E|CS|TAMS 0x000000008d000000, 0x000000008d000000| Complete 
| 209|0x000000008d100000, 0x000000008d200000, 0x000000008d200000|100%| E|CS|TAMS 0x000000008d100000, 0x000000008d100000| Complete 
| 210|0x000000008d200000, 0x000000008d300000, 0x000000008d300000|100%| E|CS|TAMS 0x000000008d200000, 0x000000008d200000| Complete 
| 211|0x000000008d300000, 0x000000008d400000, 0x000000008d400000|100%| E|CS|TAMS 0x000000008d300000, 0x000000008d300000| Complete 
| 212|0x000000008d400000, 0x000000008d500000, 0x000000008d500000|100%| E|CS|TAMS 0x000000008d400000, 0x000000008d400000| Complete 
| 213|0x000000008d500000, 0x000000008d600000, 0x000000008d600000|100%| E|CS|TAMS 0x000000008d500000, 0x000000008d500000| Complete 
| 214|0x000000008d600000, 0x000000008d700000, 0x000000008d700000|100%| E|CS|TAMS 0x000000008d600000, 0x000000008d600000| Complete 
| 215|0x000000008d700000, 0x000000008d800000, 0x000000008d800000|100%| E|CS|TAMS 0x000000008d700000, 0x000000008d700000| Complete 
| 216|0x000000008d800000, 0x000000008d900000, 0x000000008d900000|100%| E|CS|TAMS 0x000000008d800000, 0x000000008d800000| Complete 
| 217|0x000000008d900000, 0x000000008da00000, 0x000000008da00000|100%| E|CS|TAMS 0x000000008d900000, 0x000000008d900000| Complete 
| 218|0x000000008da00000, 0x000000008db00000, 0x000000008db00000|100%| E|CS|TAMS 0x000000008da00000, 0x000000008da00000| Complete 
| 219|0x000000008db00000, 0x000000008dc00000, 0x000000008dc00000|100%| E|CS|TAMS 0x000000008db00000, 0x000000008db00000| Complete 
| 220|0x000000008dc00000, 0x000000008dd00000, 0x000000008dd00000|100%| E|CS|TAMS 0x000000008dc00000, 0x000000008dc00000| Complete 
| 221|0x000000008dd00000, 0x000000008de00000, 0x000000008de00000|100%| E|CS|TAMS 0x000000008dd00000, 0x000000008dd00000| Complete 
| 222|0x000000008de00000, 0x000000008df00000, 0x000000008df00000|100%| E|CS|TAMS 0x000000008de00000, 0x000000008de00000| Complete 
| 223|0x000000008df00000, 0x000000008e000000, 0x000000008e000000|100%| E|CS|TAMS 0x000000008df00000, 0x000000008df00000| Complete 
| 224|0x000000008e000000, 0x000000008e100000, 0x000000008e100000|100%| E|CS|TAMS 0x000000008e000000, 0x000000008e000000| Complete 
| 225|0x000000008e100000, 0x000000008e200000, 0x000000008e200000|100%| E|CS|TAMS 0x000000008e100000, 0x000000008e100000| Complete 
| 226|0x000000008e200000, 0x000000008e300000, 0x000000008e300000|100%| E|CS|TAMS 0x000000008e200000, 0x000000008e200000| Complete 
| 227|0x000000008e300000, 0x000000008e400000, 0x000000008e400000|100%| E|CS|TAMS 0x000000008e300000, 0x000000008e300000| Complete 
| 228|0x000000008e400000, 0x000000008e500000, 0x000000008e500000|100%| E|CS|TAMS 0x000000008e400000, 0x000000008e400000| Complete 
| 229|0x000000008e500000, 0x000000008e600000, 0x000000008e600000|100%| E|CS|TAMS 0x000000008e500000, 0x000000008e500000| Complete 
| 230|0x000000008e600000, 0x000000008e700000, 0x000000008e700000|100%| E|CS|TAMS 0x000000008e600000, 0x000000008e600000| Complete 
| 231|0x000000008e700000, 0x000000008e800000, 0x000000008e800000|100%| E|CS|TAMS 0x000000008e700000, 0x000000008e700000| Complete 
| 232|0x000000008e800000, 0x000000008e900000, 0x000000008e900000|100%| E|CS|TAMS 0x000000008e800000, 0x000000008e800000| Complete 
| 233|0x000000008e900000, 0x000000008ea00000, 0x000000008ea00000|100%| E|CS|TAMS 0x000000008e900000, 0x000000008e900000| Complete 
| 234|0x000000008ea00000, 0x000000008eb00000, 0x000000008eb00000|100%| E|CS|TAMS 0x000000008ea00000, 0x000000008ea00000| Complete 
| 235|0x000000008eb00000, 0x000000008ec00000, 0x000000008ec00000|100%| E|CS|TAMS 0x000000008eb00000, 0x000000008eb00000| Complete 
| 236|0x000000008ec00000, 0x000000008ed00000, 0x000000008ed00000|100%| E|CS|TAMS 0x000000008ec00000, 0x000000008ec00000| Complete 
| 237|0x000000008ed00000, 0x000000008ee00000, 0x000000008ee00000|100%| E|CS|TAMS 0x000000008ed00000, 0x000000008ed00000| Complete 
| 238|0x000000008ee00000, 0x000000008ef00000, 0x000000008ef00000|100%| E|CS|TAMS 0x000000008ee00000, 0x000000008ee00000| Complete 
| 239|0x000000008ef00000, 0x000000008f000000, 0x000000008f000000|100%| E|CS|TAMS 0x000000008ef00000, 0x000000008ef00000| Complete 
| 240|0x000000008f000000, 0x000000008f100000, 0x000000008f100000|100%| E|CS|TAMS 0x000000008f000000, 0x000000008f000000| Complete 
| 241|0x000000008f100000, 0x000000008f200000, 0x000000008f200000|100%| E|CS|TAMS 0x000000008f100000, 0x000000008f100000| Complete 
| 242|0x000000008f200000, 0x000000008f300000, 0x000000008f300000|100%| E|CS|TAMS 0x000000008f200000, 0x000000008f200000| Complete 
| 243|0x000000008f300000, 0x000000008f400000, 0x000000008f400000|100%| E|CS|TAMS 0x000000008f300000, 0x000000008f300000| Complete 
| 244|0x000000008f400000, 0x000000008f500000, 0x000000008f500000|100%| E|CS|TAMS 0x000000008f400000, 0x000000008f400000| Complete 
| 245|0x000000008f500000, 0x000000008f600000, 0x000000008f600000|100%| E|CS|TAMS 0x000000008f500000, 0x000000008f500000| Complete 
| 246|0x000000008f600000, 0x000000008f700000, 0x000000008f700000|100%| E|CS|TAMS 0x000000008f600000, 0x000000008f600000| Complete 
| 247|0x000000008f700000, 0x000000008f800000, 0x000000008f800000|100%| E|CS|TAMS 0x000000008f700000, 0x000000008f700000| Complete 
| 248|0x000000008f800000, 0x000000008f900000, 0x000000008f900000|100%| E|CS|TAMS 0x000000008f800000, 0x000000008f800000| Complete 
| 249|0x000000008f900000, 0x000000008fa00000, 0x000000008fa00000|100%| E|CS|TAMS 0x000000008f900000, 0x000000008f900000| Complete 
| 250|0x000000008fa00000, 0x000000008fb00000, 0x000000008fb00000|100%| E|CS|TAMS 0x000000008fa00000, 0x000000008fa00000| Complete 
| 251|0x000000008fb00000, 0x000000008fc00000, 0x000000008fc00000|100%| E|  |TAMS 0x000000008fb00000, 0x000000008fb00000| Complete 
| 252|0x000000008fc00000, 0x000000008fd00000, 0x000000008fd00000|100%| E|CS|TAMS 0x000000008fc00000, 0x000000008fc00000| Complete 
| 253|0x000000008fd00000, 0x000000008fe00000, 0x000000008fe00000|100%| E|CS|TAMS 0x000000008fd00000, 0x000000008fd00000| Complete 
| 254|0x000000008fe00000, 0x000000008ff00000, 0x000000008ff00000|100%| E|CS|TAMS 0x000000008fe00000, 0x000000008fe00000| Complete 
| 255|0x000000008ff00000, 0x0000000090000000, 0x0000000090000000|100%| E|CS|TAMS 0x000000008ff00000, 0x000000008ff00000| Complete 

Card table byte_map: [0x000001f3acf20000,0x000001f3ad320000] _byte_map_base: 0x000001f3acb20000

Marking Bits (Prev, Next): (CMBitMap*) 0x000001f396354160, (CMBitMap*) 0x000001f3963541a0
 Prev Bits: [0x000001f3ad720000, 0x000001f3af720000)
 Next Bits: [0x000001f3af720000, 0x000001f3b1720000)

Polling page: 0x000001f395af0000

Metaspace:

Usage:
  Non-class:     87.47 MB used.
      Class:     11.79 MB used.
       Both:     99.26 MB used.

Virtual space:
  Non-class space:       96.00 MB reserved,      88.69 MB ( 92%) committed,  12 nodes.
      Class space:        1.00 GB reserved,      12.69 MB (  1%) committed,  1 nodes.
             Both:        1.09 GB reserved,     101.38 MB (  9%) committed. 

Chunk freelists:
   Non-Class:  2.91 MB
       Class:  3.36 MB
        Both:  6.27 MB

MaxMetaspaceSize: unlimited
CompressedClassSpaceSize: 1.00 GB
Initial GC threshold: 21.00 MB
Current GC threshold: 118.44 MB
CDS: on
MetaspaceReclaimPolicy: balanced
 - commit_granule_bytes: 65536.
 - commit_granule_words: 8192.
 - virtual_space_node_default_size: 1048576.
 - enlarge_chunks_in_place: 1.
 - new_chunks_are_fully_committed: 0.
 - uncommit_free_chunks: 1.
 - use_allocation_guard: 0.
 - handle_deallocations: 1.


Internal statistics:

num_allocs_failed_limit: 12.
num_arena_births: 856.
num_arena_deaths: 0.
num_vsnodes_births: 13.
num_vsnodes_deaths: 0.
num_space_committed: 1622.
num_space_uncommitted: 0.
num_chunks_returned_to_freelist: 12.
num_chunks_taken_from_freelist: 5794.
num_chunk_merges: 9.
num_chunk_splits: 3638.
num_chunks_enlarged: 2115.
num_purges: 0.
num_inconsistent_stats: 0.

CodeHeap 'non-profiled nmethods': size=120000Kb used=5873Kb max_used=5873Kb free=114126Kb
 bounds [0x000001f3a55f0000, 0x000001f3a5bc0000, 0x000001f3acb20000]
CodeHeap 'profiled nmethods': size=120000Kb used=23061Kb max_used=23072Kb free=96938Kb
 bounds [0x000001f39e0c0000, 0x000001f39f750000, 0x000001f3a55f0000]
CodeHeap 'non-nmethods': size=5760Kb used=1593Kb max_used=1668Kb free=4167Kb
 bounds [0x000001f39db20000, 0x000001f39dd90000, 0x000001f39e0c0000]
 total_blobs=11835 nmethods=10843 adapters=902
 compilation: enabled
              stopped_count=0, restarted_count=0
 full_count=0

Compilation events (20 events):
Event: 2555.785 Thread 0x000001f3b3c1b8f0 12917       3       java.nio.Buffer::checkIndex (24 bytes)
Event: 2555.930 Thread 0x000001f3b3c1b8f0 nmethod 12917 0x000001f39f4dba90 code [0x000001f39f4dbc40, 0x000001f39f4dbe88]
Event: 2555.974 Thread 0x000001f3b3c1b8f0 12919       3       java.lang.StringLatin1::canEncode (13 bytes)
Event: 2555.979 Thread 0x000001f3b3c1b8f0 nmethod 12919 0x000001f39f4d4110 code [0x000001f39f4d42a0, 0x000001f39f4d43f8]
Event: 2556.326 Thread 0x000001f3b3c1b8f0 12920       3       java.nio.HeapCharBuffer::get (15 bytes)
Event: 2556.351 Thread 0x000001f3b3c1b3e0 12922       4       java.nio.HeapCharBuffer::ix (7 bytes)
Event: 2556.450 Thread 0x000001f3b3c1b8f0 nmethod 12920 0x000001f39f4db510 code [0x000001f39f4db6c0, 0x000001f39f4db8b8]
Event: 2556.450 Thread 0x000001f3b3c1b8f0 12921       3       java.nio.CharBuffer::charAt (16 bytes)
Event: 2556.451 Thread 0x000001f3b3c1b8f0 nmethod 12921 0x000001f39f542790 code [0x000001f39f542960, 0x000001f39f542cf8]
Event: 2557.036 Thread 0x000001f3b3c1b3e0 nmethod 12922 0x000001f3a5aa8c10 code [0x000001f3a5aa8d80, 0x000001f3a5aa8df8]
Event: 2557.036 Thread 0x000001f3b3c1b3e0 12923       4       java.nio.Buffer::checkIndex (22 bytes)
Event: 2557.156 Thread 0x000001f3b3c1b3e0 nmethod 12923 0x000001f3a5aa8910 code [0x000001f3a5aa8a80, 0x000001f3a5aa8b38]
Event: 2557.455 Thread 0x000001f3b3c1b8f0 12924  s    3       org.eclipse.ui.internal.console.ConsoleDocument::getLength (5 bytes)
Event: 2557.496 Thread 0x000001f3b3c1b8f0 nmethod 12924 0x000001f39f520a90 code [0x000001f39f520c60, 0x000001f39f5210d8]
Event: 2557.516 Thread 0x000001f3b3c1b8f0 12925       3       java.util.LinkedHashMap::clear (15 bytes)
Event: 2557.524 Thread 0x000001f3b3c1b8f0 nmethod 12925 0x000001f39f542210 code [0x000001f39f5423c0, 0x000001f39f542568]
Event: 2557.576 Thread 0x000001f3b3c1b8f0 12926       3       org.eclipse.ui.internal.WorkbenchPartReference::isDisposed (14 bytes)
Event: 2557.582 Thread 0x000001f3b3c1b8f0 nmethod 12926 0x000001f39f520690 code [0x000001f39f520820, 0x000001f39f5209b8]
Event: 2557.588 Thread 0x000001f3b3c1b8f0 12927       3       org.eclipse.ui.internal.WorkbenchPartReference::getPart (166 bytes)
Event: 2557.645 Thread 0x000001f3b3c1b3e0 12930       4       java.lang.StringLatin1::canEncode (13 bytes)

GC Heap History (20 events):
Event: 1.007 GC heap before
{Heap before GC invocations=2 (full 0):
 garbage-first heap   total 262144K, used 24256K [0x0000000080000000, 0x0000000100000000)
  region size 1024K, 18 young (18432K), 3 survivors (3072K)
 Metaspace       used 10443K, committed 10752K, reserved 1064960K
  class space    used 1052K, committed 1216K, reserved 1048576K
}
Event: 1.012 GC heap after
{Heap after GC invocations=3 (full 0):
 garbage-first heap   total 262144K, used 10654K [0x0000000080000000, 0x0000000100000000)
  region size 1024K, 2 young (2048K), 2 survivors (2048K)
 Metaspace       used 10443K, committed 10752K, reserved 1064960K
  class space    used 1052K, committed 1216K, reserved 1048576K
}
Event: 2.053 GC heap before
{Heap before GC invocations=3 (full 0):
 garbage-first heap   total 262144K, used 50590K [0x0000000080000000, 0x0000000100000000)
  region size 1024K, 42 young (43008K), 2 survivors (2048K)
 Metaspace       used 20719K, committed 21504K, reserved 1073152K
  class space    used 2120K, committed 2432K, reserved 1048576K
}
Event: 2.060 GC heap after
{Heap after GC invocations=4 (full 0):
 garbage-first heap   total 262144K, used 17408K [0x0000000080000000, 0x0000000100000000)
  region size 1024K, 6 young (6144K), 6 survivors (6144K)
 Metaspace       used 20719K, committed 21504K, reserved 1073152K
  class space    used 2120K, committed 2432K, reserved 1048576K
}
Event: 3.185 GC heap before
{Heap before GC invocations=5 (full 0):
 garbage-first heap   total 262144K, used 66560K [0x0000000080000000, 0x0000000100000000)
  region size 1024K, 54 young (55296K), 6 survivors (6144K)
 Metaspace       used 30025K, committed 30976K, reserved 1081344K
  class space    used 3469K, committed 3840K, reserved 1048576K
}
Event: 3.195 GC heap after
{Heap after GC invocations=6 (full 0):
 garbage-first heap   total 262144K, used 24412K [0x0000000080000000, 0x0000000100000000)
  region size 1024K, 7 young (7168K), 7 survivors (7168K)
 Metaspace       used 30025K, committed 30976K, reserved 1081344K
  class space    used 3469K, committed 3840K, reserved 1048576K
}
Event: 5.304 GC heap before
{Heap before GC invocations=7 (full 0):
 garbage-first heap   total 262144K, used 140124K [0x0000000080000000, 0x0000000100000000)
  region size 1024K, 115 young (117760K), 7 survivors (7168K)
 Metaspace       used 48599K, committed 49984K, reserved 1097728K
  class space    used 5557K, committed 6080K, reserved 1048576K
}
Event: 5.319 GC heap after
{Heap after GC invocations=8 (full 0):
 garbage-first heap   total 262144K, used 39612K [0x0000000080000000, 0x0000000100000000)
  region size 1024K, 15 young (15360K), 15 survivors (15360K)
 Metaspace       used 48599K, committed 49984K, reserved 1097728K
  class space    used 5557K, committed 6080K, reserved 1048576K
}
Event: 5.471 GC heap before
{Heap before GC invocations=8 (full 0):
 garbage-first heap   total 262144K, used 47804K [0x0000000080000000, 0x0000000100000000)
  region size 1024K, 25 young (25600K), 15 survivors (15360K)
 Metaspace       used 50605K, committed 51968K, reserved 1097728K
  class space    used 5814K, committed 6336K, reserved 1048576K
}
Event: 5.481 GC heap after
{Heap after GC invocations=9 (full 0):
 garbage-first heap   total 262144K, used 42241K [0x0000000080000000, 0x0000000100000000)
  region size 1024K, 2 young (2048K), 2 survivors (2048K)
 Metaspace       used 50605K, committed 51968K, reserved 1097728K
  class space    used 5814K, committed 6336K, reserved 1048576K
}
Event: 7.613 GC heap before
{Heap before GC invocations=10 (full 0):
 garbage-first heap   total 262144K, used 177409K [0x0000000080000000, 0x0000000100000000)
  region size 1024K, 133 young (136192K), 2 survivors (2048K)
 Metaspace       used 70536K, committed 72192K, reserved 1114112K
  class space    used 8353K, committed 9024K, reserved 1048576K
}
Event: 7.630 GC heap after
{Heap after GC invocations=11 (full 0):
 garbage-first heap   total 262144K, used 58510K [0x0000000080000000, 0x0000000100000000)
  region size 1024K, 16 young (16384K), 16 survivors (16384K)
 Metaspace       used 70536K, committed 72192K, reserved 1114112K
  class space    used 8353K, committed 9024K, reserved 1048576K
}
Event: 9.035 GC heap before
{Heap before GC invocations=12 (full 0):
 garbage-first heap   total 262144K, used 185486K [0x0000000080000000, 0x0000000100000000)
  region size 1024K, 141 young (144384K), 16 survivors (16384K)
 Metaspace       used 80050K, committed 81792K, reserved 1122304K
  class space    used 9453K, committed 10176K, reserved 1048576K
}
Event: 9.056 GC heap after
{Heap after GC invocations=13 (full 0):
 garbage-first heap   total 262144K, used 67584K [0x0000000080000000, 0x0000000100000000)
  region size 1024K, 11 young (11264K), 11 survivors (11264K)
 Metaspace       used 80050K, committed 81792K, reserved 1122304K
  class space    used 9453K, committed 10176K, reserved 1048576K
}
Event: 9.078 GC heap before
{Heap before GC invocations=13 (full 0):
 garbage-first heap   total 262144K, used 68608K [0x0000000080000000, 0x0000000100000000)
  region size 1024K, 12 young (12288K), 11 survivors (11264K)
 Metaspace       used 80311K, committed 82112K, reserved 1122304K
  class space    used 9486K, committed 10240K, reserved 1048576K
}
Event: 9.087 GC heap after
{Heap after GC invocations=14 (full 0):
 garbage-first heap   total 262144K, used 68096K [0x0000000080000000, 0x0000000100000000)
  region size 1024K, 2 young (2048K), 2 survivors (2048K)
 Metaspace       used 80311K, committed 82112K, reserved 1122304K
  class space    used 9486K, committed 10240K, reserved 1048576K
}
Event: 19.190 GC heap before
{Heap before GC invocations=14 (full 0):
 garbage-first heap   total 262144K, used 201216K [0x0000000080000000, 0x0000000100000000)
  region size 1024K, 124 young (126976K), 2 survivors (2048K)
 Metaspace       used 97514K, committed 99584K, reserved 1138688K
  class space    used 11609K, committed 12480K, reserved 1048576K
}
Event: 19.202 GC heap after
{Heap after GC invocations=15 (full 0):
 garbage-first heap   total 262144K, used 85407K [0x0000000080000000, 0x0000000100000000)
  region size 1024K, 16 young (16384K), 16 survivors (16384K)
 Metaspace       used 97514K, committed 99584K, reserved 1138688K
  class space    used 11609K, committed 12480K, reserved 1048576K
}
Event: 19.925 GC heap before
{Heap before GC invocations=15 (full 0):
 garbage-first heap   total 262144K, used 200095K [0x0000000080000000, 0x0000000100000000)
  region size 1024K, 124 young (126976K), 16 survivors (16384K)
 Metaspace       used 98689K, committed 100800K, reserved 1138688K
  class space    used 11723K, committed 12608K, reserved 1048576K
}
Event: 19.942 GC heap after
{Heap after GC invocations=16 (full 0):
 garbage-first heap   total 262144K, used 93971K [0x0000000080000000, 0x0000000100000000)
  region size 1024K, 12 young (12288K), 12 survivors (12288K)
 Metaspace       used 98689K, committed 100800K, reserved 1138688K
  class space    used 11723K, committed 12608K, reserved 1048576K
}

Deoptimization events (20 events):
Event: 303.545 Thread 0x000001f3bcdb6860 Uncommon trap: trap_request=0xffffff45 fr.pc=0x000001f3a58a64e4 relative=0x0000000000000444
Event: 303.545 Thread 0x000001f3bcdb6860 Uncommon trap: reason=unstable_if action=reinterpret pc=0x000001f3a58a64e4 method=org.eclipse.emf.common.util.Pool.addEntry(ZLjava/lang/Object;Lorg/eclipse/emf/common/util/Pool$AccessUnit;)Ljava/lang/Object; @ 62 c2
Event: 303.545 Thread 0x000001f3bcdb6860 DEOPT PACKING pc=0x000001f3a58a64e4 sp=0x0000000143ffec40
Event: 303.545 Thread 0x000001f3bcdb6860 DEOPT UNPACKING pc=0x000001f39db723a3 sp=0x0000000143ffebe0 mode 2
Event: 603.579 Thread 0x000001f396313a30 DEOPT PACKING pc=0x000001f39f692e8c sp=0x00000001413fdf90
Event: 603.579 Thread 0x000001f396313a30 DEOPT UNPACKING pc=0x000001f39db72b43 sp=0x00000001413fd480 mode 0
Event: 922.894 Thread 0x000001f3ca1c5a30 Uncommon trap: trap_request=0xffffff45 fr.pc=0x000001f3a56c5460 relative=0x0000000000000620
Event: 922.894 Thread 0x000001f3ca1c5a30 Uncommon trap: reason=unstable_if action=reinterpret pc=0x000001f3a56c5460 method=java.lang.AbstractStringBuilder.appendChars(Ljava/lang/String;II)V @ 11 c2
Event: 922.894 Thread 0x000001f3ca1c5a30 DEOPT PACKING pc=0x000001f3a56c5460 sp=0x00000001430fea50
Event: 922.894 Thread 0x000001f3ca1c5a30 DEOPT UNPACKING pc=0x000001f39db723a3 sp=0x00000001430fe990 mode 2
Event: 922.894 Thread 0x000001f3ca1c5a30 Uncommon trap: trap_request=0xffffff45 fr.pc=0x000001f3a56eb694 relative=0x0000000000000174
Event: 922.894 Thread 0x000001f3ca1c5a30 Uncommon trap: reason=unstable_if action=reinterpret pc=0x000001f3a56eb694 method=java.lang.AbstractStringBuilder.appendChars(Ljava/lang/String;II)V @ 11 c2
Event: 922.894 Thread 0x000001f3ca1c5a30 DEOPT PACKING pc=0x000001f3a56eb694 sp=0x00000001430fe9d0
Event: 922.894 Thread 0x000001f3ca1c5a30 DEOPT UNPACKING pc=0x000001f39db723a3 sp=0x00000001430fe980 mode 2
Event: 922.894 Thread 0x000001f3ca1c5a30 Uncommon trap: trap_request=0xffffff45 fr.pc=0x000001f3a56751b8 relative=0x0000000000000038
Event: 922.894 Thread 0x000001f3ca1c5a30 Uncommon trap: reason=unstable_if action=reinterpret pc=0x000001f3a56751b8 method=java.lang.StringLatin1.canEncode(I)Z @ 4 c2
Event: 922.894 Thread 0x000001f3ca1c5a30 DEOPT PACKING pc=0x000001f3a56751b8 sp=0x00000001430fe990
Event: 922.894 Thread 0x000001f3ca1c5a30 DEOPT UNPACKING pc=0x000001f39db723a3 sp=0x00000001430fe920 mode 2
Event: 1203.679 Thread 0x000001f3ca1c5a30 DEOPT PACKING pc=0x000001f39f6ae2b2 sp=0x00000001430fcef0
Event: 1203.679 Thread 0x000001f3ca1c5a30 DEOPT UNPACKING pc=0x000001f39db72b43 sp=0x00000001430fc3f0 mode 0

Classes unloaded (0 events):
No events

Classes redefined (0 events):
No events

Internal exceptions (20 events):
Event: 19.451 Thread 0x000001f396313a30 Implicit null exception at 0x000001f3a58a2f00 to 0x000001f3a58a3b45
Event: 20.483 Thread 0x000001f3ba4b8ef0 Exception <a 'java/io/FileNotFoundException'{0x000000008f5474a8}> (0x000000008f5474a8) 
thrown [t:\workspace\open\src\hotspot\share\prims\jni.cpp, line 516]
Event: 20.491 Thread 0x000001f3ba4b8ef0 Exception <a 'java/lang/NoSuchMethodError'{0x000000008f5814f0}: 'void java.lang.invoke.DirectMethodHandle$Holder.invokeStatic(java.lang.Object, java.lang.Object, java.lang.Object, java.lang.Object, java.lang.Object, java.lang.Object, java.lang.Object)'> (0x000000008f5814f0) 
thrown [t:\workspace\open\src\hotspot\share\interpreter\linkResolver.cpp, line 766]
Event: 20.492 Thread 0x000001f3ba4b8ef0 Exception <a 'java/lang/NoSuchMethodError'{0x000000008f5e96a0}: 'java.lang.Object java.lang.invoke.DirectMethodHandle$Holder.newInvokeSpecial(java.lang.Object, java.lang.Object, java.lang.Object, java.lang.Object, java.lang.Object, java.lang.Object, java.lang.Object)'> (0x000000008f5e96a0) 
thrown [t:\workspace\open\src\hotspot\share\interpreter\linkResolver.cpp, line 766]
Event: 20.492 Thread 0x000001f3ba4b8ef0 Exception <a 'java/lang/NoSuchMethodError'{0x000000008f5ed8d0}: 'java.lang.Object java.lang.invoke.Invokers$Holder.linkToTargetMethod(java.lang.Object, java.lang.Object, java.lang.Object, java.lang.Object, java.lang.Object, java.lang.Object, java.lang.Object)'> (0x000000008f5ed8d0) 
thrown [t:\workspace\open\src\hotspot\share\interpreter\linkResolver.cpp, line 766]
Event: 20.497 Thread 0x000001f3ba4b8ef0 Exception <a 'java/lang/NoSuchMethodError'{0x000000008f41a990}: 'java.lang.Object java.lang.invoke.DirectMethodHandle$Holder.invokeStatic(java.lang.Object, java.lang.Object, java.lang.Object, long)'> (0x000000008f41a990) 
thrown [t:\workspace\open\src\hotspot\share\interpreter\linkResolver.cpp, line 766]
Event: 20.497 Thread 0x000001f3ba4b8ef0 Exception <a 'java/lang/NoSuchMethodError'{0x000000008f422330}: 'java.lang.Object java.lang.invoke.DirectMethodHandle$Holder.newInvokeSpecial(java.lang.Object, java.lang.Object, java.lang.Object, long)'> (0x000000008f422330) 
thrown [t:\workspace\open\src\hotspot\share\interpreter\linkResolver.cpp, line 766]
Event: 20.497 Thread 0x000001f3ba4b8ef0 Exception <a 'java/lang/NoSuchMethodError'{0x000000008f426448}: 'java.lang.Object java.lang.invoke.DirectMethodHandle$Holder.invokeSpecial(java.lang.Object, java.lang.Object, java.lang.Object, java.lang.Object, long)'> (0x000000008f426448) 
thrown [t:\workspace\open\src\hotspot\share\interpreter\linkResolver.cpp, line 766]
Event: 20.497 Thread 0x000001f3ba4b8ef0 Exception <a 'java/lang/NoSuchMethodError'{0x000000008f42a018}: 'java.lang.Object java.lang.invoke.Invokers$Holder.linkToTargetMethod(java.lang.Object, java.lang.Object, long, java.lang.Object)'> (0x000000008f42a018) 
thrown [t:\workspace\open\src\hotspot\share\interpreter\linkResolver.cpp, line 766]
Event: 20.510 Thread 0x000001f3ba4b8ef0 Exception <a 'java/io/FileNotFoundException'{0x000000008f487380}> (0x000000008f487380) 
thrown [t:\workspace\open\src\hotspot\share\prims\jni.cpp, line 516]
Event: 20.534 Thread 0x000001f3ba4b8ef0 Exception <a 'java/lang/NoSuchMethodError'{0x000000008f3e3a88}: 'void java.lang.invoke.DirectMethodHandle$Holder.invokeVirtual(java.lang.Object, java.lang.Object, java.lang.Object, java.lang.Object)'> (0x000000008f3e3a88) 
thrown [t:\workspace\open\src\hotspot\share\interpreter\linkResolver.cpp, line 766]
Event: 20.582 Thread 0x000001f3b8343ee0 Exception <a 'java/io/FileNotFoundException'{0x000000008f129520}> (0x000000008f129520) 
thrown [t:\workspace\open\src\hotspot\share\prims\jni.cpp, line 516]
Event: 20.582 Thread 0x000001f3b8343ee0 Exception <a 'java/io/FileNotFoundException'{0x000000008f12a7b0}> (0x000000008f12a7b0) 
thrown [t:\workspace\open\src\hotspot\share\prims\jni.cpp, line 516]
Event: 20.588 Thread 0x000001f3b8343ee0 Exception <a 'java/io/FileNotFoundException'{0x000000008f15ee78}> (0x000000008f15ee78) 
thrown [t:\workspace\open\src\hotspot\share\prims\jni.cpp, line 516]
Event: 20.588 Thread 0x000001f3b8343ee0 Exception <a 'java/io/FileNotFoundException'{0x000000008f1600c8}> (0x000000008f1600c8) 
thrown [t:\workspace\open\src\hotspot\share\prims\jni.cpp, line 516]
Event: 20.612 Thread 0x000001f3bd35fcf0 Exception <a 'sun/nio/fs/WindowsException'{0x000000008f029788}> (0x000000008f029788) 
thrown [t:\workspace\open\src\hotspot\share\prims\jni.cpp, line 516]
Event: 27.533 Thread 0x000001f3ba4b8ef0 Exception <a 'java/io/FileNotFoundException'{0x000000008ee62fb8}> (0x000000008ee62fb8) 
thrown [t:\workspace\open\src\hotspot\share\prims\jni.cpp, line 516]
Event: 139.946 Thread 0x000001f3b3c07db0 Implicit null exception at 0x000001f3a585ee0f to 0x000001f3a585f52f
Event: 922.856 Thread 0x000001f3b7ff1ea0 Exception <a 'java/lang/InterruptedException'{0x000000008d3e0628}> (0x000000008d3e0628) 
thrown [t:\workspace\open\src\hotspot\share\runtime\objectMonitor.cpp, line 1661]
Event: 922.908 Thread 0x000001f3bcdb6860 Exception <a 'java/lang/NoSuchMethodError'{0x000000008d39afb0}: 'void java.lang.invoke.DirectMethodHandle$Holder.invokeStatic(java.lang.Object, int, java.lang.Object)'> (0x000000008d39afb0) 
thrown [t:\workspace\open\src\hotspot\share\interpreter\linkResolver.cpp, line 766]

VM Operations (20 events):
Event: 303.786 Executing VM operation: Cleanup
Event: 303.786 Executing VM operation: Cleanup done
Event: 337.804 Executing VM operation: Cleanup
Event: 337.804 Executing VM operation: Cleanup done
Event: 340.804 Executing VM operation: Cleanup
Event: 340.804 Executing VM operation: Cleanup done
Event: 603.934 Executing VM operation: Cleanup
Event: 603.934 Executing VM operation: Cleanup done
Event: 923.096 Executing VM operation: Cleanup
Event: 923.096 Executing VM operation: Cleanup done
Event: 1203.754 Executing VM operation: HandshakeAllThreads
Event: 1203.755 Executing VM operation: HandshakeAllThreads done
Event: 1203.755 Executing VM operation: Cleanup
Event: 1203.755 Executing VM operation: Cleanup done
Event: 1205.755 Executing VM operation: Cleanup
Event: 1205.755 Executing VM operation: Cleanup done
Event: 2102.218 Executing VM operation: Cleanup
Event: 2102.219 Executing VM operation: Cleanup done
Event: 2556.473 Executing VM operation: Cleanup
Event: 2556.564 Executing VM operation: Cleanup done

Events (20 events):
Event: 922.893 loading class java/time/zone/ZoneOffsetTransitionRule$1 done
Event: 922.895 Thread 0x000001f3ca1c4bc0 Thread added: 0x000001f3ca1c4bc0
Event: 982.909 Thread 0x000001f3ca1c4bc0 Thread exited: 0x000001f3ca1c4bc0
Event: 982.909 Thread 0x000001f3b8344d50 Thread exited: 0x000001f3b8344d50
Event: 1203.642 Thread 0x000001f3ba82ccc0 Thread added: 0x000001f3ba82ccc0
Event: 1203.774 Thread 0x000001f3b3c25e00 flushing nmethod 0x000001f3a5aa8510
Event: 1203.776 Thread 0x000001f3b3c25e00 flushing nmethod 0x000001f3a5b09310
Event: 1203.778 Thread 0x000001f3b3c25e00 flushing nmethod 0x000001f3a5b78c90
Event: 1203.793 Thread 0x000001f3b3c25e00 flushing nmethod 0x000001f39e4cab10
Event: 1203.799 Thread 0x000001f3b3c25e00 flushing nmethod 0x000001f39e735510
Event: 1203.826 Thread 0x000001f3b3c25e00 flushing nmethod 0x000001f39f4a9010
Event: 1203.826 Thread 0x000001f3b3c25e00 flushing nmethod 0x000001f39f4bad90
Event: 1203.827 Thread 0x000001f3b3c25e00 flushing nmethod 0x000001f39f4d4110
Event: 1203.827 Thread 0x000001f3b3c25e00 flushing nmethod 0x000001f39f4db510
Event: 1203.829 Thread 0x000001f3b3c25e00 flushing nmethod 0x000001f39f51fc90
Event: 1203.830 Thread 0x000001f3b3c25e00 flushing nmethod 0x000001f39f542210
Event: 1203.830 Thread 0x000001f3b3c25e00 flushing nmethod 0x000001f39f548f90
Event: 1203.830 Thread 0x000001f3b3c25e00 flushing nmethod 0x000001f39f54f710
Event: 1203.830 Thread 0x000001f3b3c25e00 flushing nmethod 0x000001f39f561e90
Event: 1208.882 Thread 0x000001f3ba82ccc0 Thread exited: 0x000001f3ba82ccc0


Dynamic libraries:
0x00007ff74ec20000 - 0x00007ff74ec30000 	C:\Program Files\Java\jdk-17.0.1\bin\javaw.exe
0x00007ffcedc70000 - 0x00007ffcede65000 	C:\Windows\SYSTEM32\ntdll.dll
0x00007ffced7a0000 - 0x00007ffced85e000 	C:\Windows\System32\KERNEL32.DLL
0x00007ffceb380000 - 0x00007ffceb648000 	C:\Windows\System32\KERNELBASE.dll
0x00007ffcebae0000 - 0x00007ffcebbe0000 	C:\Windows\System32\ucrtbase.dll
0x00007ffce2df0000 - 0x00007ffce2e0a000 	C:\Program Files\Java\jdk-17.0.1\bin\VCRUNTIME140.dll
0x00007ffce1e30000 - 0x00007ffce1e48000 	C:\Program Files\Java\jdk-17.0.1\bin\jli.dll
0x00007ffcec310000 - 0x00007ffcec3be000 	C:\Windows\System32\ADVAPI32.dll
0x00007ffced0f0000 - 0x00007ffced18e000 	C:\Windows\System32\msvcrt.dll
0x00007ffcec560000 - 0x00007ffcec5fc000 	C:\Windows\System32\sechost.dll
0x00007ffced190000 - 0x00007ffced2b5000 	C:\Windows\System32\RPCRT4.dll
0x00007ffced990000 - 0x00007ffcedb31000 	C:\Windows\System32\USER32.dll
0x00007ffcdae80000 - 0x00007ffcdb11a000 	C:\Windows\WinSxS\amd64_microsoft.windows.common-controls_6595b64144ccf1df_6.0.19041.1110_none_60b5254171f9507e\COMCTL32.dll
0x00007ffceb6b0000 - 0x00007ffceb6d2000 	C:\Windows\System32\win32u.dll
0x00007ffced2e0000 - 0x00007ffced30b000 	C:\Windows\System32\GDI32.dll
0x00007ffceb890000 - 0x00007ffceb99d000 	C:\Windows\System32\gdi32full.dll
0x00007ffcebc10000 - 0x00007ffcebcad000 	C:\Windows\System32\msvcp_win.dll
0x00007ffce4700000 - 0x00007ffce470a000 	C:\Windows\SYSTEM32\VERSION.dll
0x00007ffcedba0000 - 0x00007ffcedbd0000 	C:\Windows\System32\IMM32.DLL
0x00007ffce2de0000 - 0x00007ffce2dec000 	C:\Program Files\Java\jdk-17.0.1\bin\vcruntime140_1.dll
0x00007ffcd1420000 - 0x00007ffcd14ad000 	C:\Program Files\Java\jdk-17.0.1\bin\msvcp140.dll
0x00007ffcae420000 - 0x00007ffcaefde000 	C:\Program Files\Java\jdk-17.0.1\bin\server\jvm.dll
0x00007ffcec210000 - 0x00007ffcec218000 	C:\Windows\System32\PSAPI.DLL
0x00007ffce1e70000 - 0x00007ffce1e79000 	C:\Windows\SYSTEM32\WSOCK32.dll
0x00007ffce40a0000 - 0x00007ffce40c7000 	C:\Windows\SYSTEM32\WINMM.dll
0x00007ffced3d0000 - 0x00007ffced43b000 	C:\Windows\System32\WS2_32.dll
0x00007ffce9290000 - 0x00007ffce92a2000 	C:\Windows\SYSTEM32\kernel.appcore.dll
0x00007ffce1bb0000 - 0x00007ffce1bba000 	C:\Program Files\Java\jdk-17.0.1\bin\jimage.dll
0x00007ffce1620000 - 0x00007ffce1804000 	C:\Windows\SYSTEM32\DBGHELP.DLL
0x00007ffcda380000 - 0x00007ffcda3ac000 	C:\Windows\SYSTEM32\dbgcore.DLL
0x00007ffceba50000 - 0x00007ffcebad2000 	C:\Windows\System32\bcryptPrimitives.dll
0x00007ffce11b0000 - 0x00007ffce11d5000 	C:\Program Files\Java\jdk-17.0.1\bin\java.dll
0x00007ffccd1a0000 - 0x00007ffccd276000 	C:\Program Files\Java\jdk-17.0.1\bin\svml.dll
0x00007ffcec9a0000 - 0x00007ffced0e4000 	C:\Windows\System32\SHELL32.dll
0x00007ffce9490000 - 0x00007ffce9c25000 	C:\Windows\SYSTEM32\windows.storage.dll
0x00007ffced440000 - 0x00007ffced795000 	C:\Windows\System32\combase.dll
0x00007ffceadd0000 - 0x00007ffceadfe000 	C:\Windows\SYSTEM32\Wldp.dll
0x00007ffced310000 - 0x00007ffced3bd000 	C:\Windows\System32\SHCORE.dll
0x00007ffcedbd0000 - 0x00007ffcedc25000 	C:\Windows\System32\shlwapi.dll
0x00007ffceb2c0000 - 0x00007ffceb2df000 	C:\Windows\SYSTEM32\profapi.dll
0x00007ffcdad70000 - 0x00007ffcdad89000 	C:\Program Files\Java\jdk-17.0.1\bin\net.dll
0x00007ffcde8b0000 - 0x00007ffcde9bc000 	C:\Windows\SYSTEM32\WINHTTP.dll
0x00007ffceab30000 - 0x00007ffceab9a000 	C:\Windows\system32\mswsock.dll
0x00007ffcd8f50000 - 0x00007ffcd8f65000 	C:\Program Files\Java\jdk-17.0.1\bin\nio.dll
0x00007ffcd8f30000 - 0x00007ffcd8f48000 	C:\Program Files\Java\jdk-17.0.1\bin\zip.dll
0x00007ffce0930000 - 0x00007ffce096e000 	C:\Users\guido\.p2\pool\plugins\org.eclipse.equinox.launcher.win32.win32.x86_64_1.2.400.v20211117-0650\eclipse_11602.dll
0x00007ffced860000 - 0x00007ffced98a000 	C:\Windows\System32\ole32.dll
0x00007ffce8db0000 - 0x00007ffce8e4e000 	C:\Windows\system32\uxtheme.dll
0x00007ffcec880000 - 0x00007ffcec995000 	C:\Windows\System32\MSCTF.dll
0x00007ffcec7b0000 - 0x00007ffcec87d000 	C:\Windows\System32\OLEAUT32.dll
0x00007ffcec3c0000 - 0x00007ffcec469000 	C:\Windows\System32\clbcatq.dll
0x00007ffcebbe0000 - 0x00007ffcebc07000 	C:\Windows\System32\bcrypt.dll
0x00007ffcd9960000 - 0x00007ffcd9a59000 	C:\Windows\SYSTEM32\textinputframework.dll
0x00007ffce8410000 - 0x00007ffce876e000 	C:\Windows\System32\CoreUIComponents.dll
0x00007ffce8770000 - 0x00007ffce8862000 	C:\Windows\System32\CoreMessaging.dll
0x00007ffcea070000 - 0x00007ffcea0a3000 	C:\Windows\SYSTEM32\ntmarta.dll
0x00007ffce7d20000 - 0x00007ffce7e74000 	C:\Windows\SYSTEM32\wintypes.dll
0x00007ffcead20000 - 0x00007ffcead38000 	C:\Windows\SYSTEM32\CRYPTSP.dll
0x00007ffcea440000 - 0x00007ffcea474000 	C:\Windows\system32\rsaenh.dll
0x00007ffceb280000 - 0x00007ffceb2ae000 	C:\Windows\SYSTEM32\USERENV.dll
0x00007ffcead40000 - 0x00007ffcead4c000 	C:\Windows\SYSTEM32\CRYPTBASE.dll
0x00007ffcea7d0000 - 0x00007ffcea80b000 	C:\Windows\SYSTEM32\IPHLPAPI.DLL
0x00007ffcec220000 - 0x00007ffcec228000 	C:\Windows\System32\NSI.dll
0x00007ffce44e0000 - 0x00007ffce44f7000 	C:\Windows\SYSTEM32\dhcpcsvc6.DLL
0x00007ffce4a40000 - 0x00007ffce4a5d000 	C:\Windows\SYSTEM32\dhcpcsvc.DLL
0x00007ffcea810000 - 0x00007ffcea8db000 	C:\Windows\SYSTEM32\DNSAPI.dll
0x00007ffce0fe0000 - 0x00007ffce0ff0000 	C:\Program Files\Java\jdk-17.0.1\bin\verify.dll
0x00007ffcc4040000 - 0x00007ffcc40fe000 	C:\Users\guido\eclipse\java-2021-12\eclipse\configuration\org.eclipse.osgi\332\0\.cp\swt-win32-4948r9.dll
0x00007ffcec130000 - 0x00007ffcec20a000 	C:\Windows\System32\COMDLG32.dll
0x00007ffcdade0000 - 0x00007ffcdae75000 	C:\Windows\SYSTEM32\WINSPOOL.DRV
0x00007ffce2160000 - 0x00007ffce21c6000 	C:\Windows\SYSTEM32\OLEACC.dll
0x00007ffcd6cf0000 - 0x00007ffcd6d09000 	C:\Windows\SYSTEM32\USP10.dll
0x00007ffcd5b60000 - 0x00007ffcd6038000 	C:\Windows\SYSTEM32\WININET.dll
0x00007ffce6f30000 - 0x00007ffce7026000 	C:\Windows\SYSTEM32\PROPSYS.dll
0x00007ffcdfc60000 - 0x00007ffcdfe4b000 	C:\Windows\SYSTEM32\urlmon.dll
0x00007ffce8c50000 - 0x00007ffce8c57000 	C:\Windows\SYSTEM32\MSIMG32.dll
0x00007ffce90b0000 - 0x00007ffce90df000 	C:\Windows\SYSTEM32\dwmapi.dll
0x00007ffcdf9b0000 - 0x00007ffcdfc60000 	C:\Windows\SYSTEM32\iertutil.dll
0x00007ffce1560000 - 0x00007ffce1588000 	C:\Windows\SYSTEM32\srvcli.dll
0x00007ffcea8e0000 - 0x00007ffcea8ec000 	C:\Windows\SYSTEM32\netutils.dll
0x00007ffcd1b10000 - 0x00007ffcd1c8e000 	C:\Windows\System32\TaskFlowDataEngine.dll
0x00007ffcda680000 - 0x00007ffcdab21000 	C:\Windows\System32\cdp.dll
0x00007ffceb6e0000 - 0x00007ffceb836000 	C:\Windows\System32\CRYPT32.dll
0x00007ffceb840000 - 0x00007ffceb88e000 	C:\Windows\System32\cfgmgr32.dll
0x00007ffcea7b0000 - 0x00007ffcea7c2000 	C:\Windows\System32\UMPDC.dll
0x00007ffce89b0000 - 0x00007ffce8aef000 	C:\Windows\System32\dsreg.dll
0x00007ffcea4d0000 - 0x00007ffcea55a000 	C:\Windows\System32\msvcp110_win.dll
0x00007ffcd7890000 - 0x00007ffcd790d000 	C:\Windows\System32\OneCoreCommonProxyStub.dll
0x00007ffcd8eb0000 - 0x00007ffcd8ed8000 	C:\Users\guido\eclipse\java-2021-12\eclipse\configuration\org.eclipse.osgi\332\0\.cp\swt-gdip-win32-4948r9.dll
0x00007ffcdb120000 - 0x00007ffcdb2c9000 	C:\Windows\WinSxS\amd64_microsoft.windows.gdiplus_6595b64144ccf1df_1.1.19041.1466_none_91a4907ccc87e3b8\gdiplus.dll
0x00007ffce4800000 - 0x00007ffce49b4000 	C:\Windows\SYSTEM32\WindowsCodecs.dll
0x0000000180000000 - 0x0000000180012000 	C:\Users\guido\eclipse\java-2021-12\eclipse\configuration\org.eclipse.osgi\82\0\.cp\os\win32\x86_64\localfile_1_0_0.dll
0x00007ffcd8c50000 - 0x00007ffcd8cfc000 	C:\Windows\SYSTEM32\TextShaping.dll
0x00007ffcd8c00000 - 0x00007ffcd8c3e000 	C:\Windows\system32\dataexchange.dll
0x00007ffce7490000 - 0x00007ffce76f4000 	C:\Windows\system32\d3d11.dll
0x00007ffce7ea0000 - 0x00007ffce8085000 	C:\Windows\system32\dcomp.dll
0x00007ffce9c70000 - 0x00007ffce9d64000 	C:\Windows\system32\dxgi.dll
0x00007ffce4bc0000 - 0x00007ffce4dc1000 	C:\Windows\system32\twinapi.appcore.dll
0x00007ffcd7590000 - 0x00007ffcd75a1000 	C:\Users\guido\eclipse\java-2021-12\eclipse\configuration\org.eclipse.osgi\85\0\.cp\jWinHttp-1.0.0.dll
0x00007ffcdf530000 - 0x00007ffcdf572000 	C:\Windows\system32\mlang.dll
0x00007ffcd85c0000 - 0x00007ffcd8843000 	C:\Windows\SYSTEM32\DWrite.dll
0x00007ffcd3060000 - 0x00007ffcd3280000 	C:\Windows\system32\explorerframe.dll
0x00007ffcc9d10000 - 0x00007ffcc9d34000 	C:\Windows\SYSTEM32\edputil.dll
0x00007ffce52d0000 - 0x00007ffce52da000 	C:\Windows\System32\rasadhlp.dll
0x00007ffcdb670000 - 0x00007ffcdb6ef000 	C:\Windows\System32\fwpuclnt.dll
0x00007ffce0070000 - 0x00007ffce007e000 	C:\Program Files\Java\jdk-17.0.1\bin\sunmscapi.dll
0x00007ffceae40000 - 0x00007ffceae67000 	C:\Windows\SYSTEM32\ncrypt.dll
0x00007ffceae00000 - 0x00007ffceae3b000 	C:\Windows\SYSTEM32\NTASN1.dll

dbghelp: loaded successfully - version: 4.0.5 - missing functions: none
symbol engine: initialized successfully - sym options: 0x614 - pdb path: .;C:\Program Files\Java\jdk-17.0.1\bin;C:\Windows\SYSTEM32;C:\Windows\WinSxS\amd64_microsoft.windows.common-controls_6595b64144ccf1df_6.0.19041.1110_none_60b5254171f9507e;C:\Program Files\Java\jdk-17.0.1\bin\server;C:\Users\guido\.p2\pool\plugins\org.eclipse.equinox.launcher.win32.win32.x86_64_1.2.400.v20211117-0650;C:\Users\guido\eclipse\java-2021-12\eclipse\configuration\org.eclipse.osgi\332\0\.cp;C:\Windows\WinSxS\amd64_microsoft.windows.gdiplus_6595b64144ccf1df_1.1.19041.1466_none_91a4907ccc87e3b8;C:\Users\guido\eclipse\java-2021-12\eclipse\configuration\org.eclipse.osgi\82\0\.cp\os\win32\x86_64;C:\Users\guido\eclipse\java-2021-12\eclipse\configuration\org.eclipse.osgi\85\0\.cp

VM Arguments:
jvm_args: -Dosgi.requiredJavaVersion=11 -Dosgi.instance.area.default=@user.home/eclipse-workspace -XX:+UseG1GC -XX:+UseStringDeduplication --add-modules=ALL-SYSTEM -Dosgi.requiredJavaVersion=11 -Dosgi.dataAreaRequiresExplicitInit=true -Dorg.eclipse.swt.graphics.Resource.reportNonDisposed=true -Xms256m -Xmx2048m --add-modules=ALL-SYSTEM -Declipse.p2.max.threads=10 -Doomph.update.url=https://download.eclipse.org/oomph/updates/milestone/latest -Doomph.redirection.index.redirection=index:/->http://git.eclipse.org/c/oomph/org.eclipse.oomph.git/plain/setups/ 
java_command: C:\Users\guido\eclipse\java-2021-12\eclipse\\plugins/org.eclipse.equinox.launcher_1.6.400.v20210924-0641.jar -os win32 -ws win32 -arch x86_64 -showsplash C:\Users\guido\.p2\pool\plugins\org.eclipse.epp.package.common_4.22.0.20211202-1200\splash.bmp -launcher C:\Users\guido\eclipse\java-2021-12\eclipse\eclipse.exe -name Eclipse --launcher.library C:\Users\guido\.p2\pool\plugins\org.eclipse.equinox.launcher.win32.win32.x86_64_1.2.400.v20211117-0650\eclipse_11602.dll -startup C:\Users\guido\eclipse\java-2021-12\eclipse\\plugins/org.eclipse.equinox.launcher_1.6.400.v20210924-0641.jar --launcher.appendVmargs -exitdata 849c_140 -product org.eclipse.epp.package.java.product -vm C:\Program Files\Java\jdk-17.0.1\bin\javaw.exe -vmargs -Dosgi.requiredJavaVersion=11 -Dosgi.instance.area.default=@user.home/eclipse-workspace -Dsun.java.command=Eclipse -XX:+UseG1GC -XX:+UseStringDeduplication --add-modules=ALL-SYSTEM -Dosgi.requiredJavaVersion=11 -Dosgi.dataAreaRequiresExplicitInit=true -Dorg.eclipse.swt.graphics.Resource.reportNonDisposed=true -Xms256m -Xmx2048m --add-modules=ALL-SYSTEM -Declipse.p2.max.threads=10 -Doomph.update.url=https://download.eclipse.org/oomph/updates/milestone/latest -Doomph.redirection.index.redirection=index:/->http://git.eclipse.org/c/oomph/org.eclipse.oomph.git/plain/setups/ -jar C:\Users\guido\eclipse\java-2021-12\eclipse\\plugins/org.eclipse.equinox.launcher_1.6.400.v20210924-0641.jar
java_class_path (initial): C:\Users\guido\eclipse\java-2021-12\eclipse\\plugins/org.eclipse.equinox.launcher_1.6.400.v20210924-0641.jar
Launcher Type: SUN_STANDARD

[Global flags]
     intx CICompilerCount                          = 3                                         {product} {ergonomic}
     uint ConcGCThreads                            = 1                                         {product} {ergonomic}
     uint G1ConcRefinementThreads                  = 4                                         {product} {ergonomic}
   size_t G1HeapRegionSize                         = 1048576                                   {product} {ergonomic}
    uintx GCDrainStackTargetSize                   = 64                                        {product} {ergonomic}
   size_t InitialHeapSize                          = 268435456                                 {product} {command line}
   size_t MarkStackSize                            = 4194304                                   {product} {ergonomic}
   size_t MaxHeapSize                              = 2147483648                                {product} {command line}
   size_t MaxNewSize                               = 1287651328                                {product} {ergonomic}
   size_t MinHeapDeltaBytes                        = 1048576                                   {product} {ergonomic}
   size_t MinHeapSize                              = 268435456                                 {product} {command line}
    uintx NonNMethodCodeHeapSize                   = 5832780                                {pd product} {ergonomic}
    uintx NonProfiledCodeHeapSize                  = 122912730                              {pd product} {ergonomic}
    uintx ProfiledCodeHeapSize                     = 122912730                              {pd product} {ergonomic}
    uintx ReservedCodeCacheSize                    = 251658240                              {pd product} {ergonomic}
     bool SegmentedCodeCache                       = true                                      {product} {ergonomic}
   size_t SoftMaxHeapSize                          = 2147483648                             {manageable} {ergonomic}
     bool UseCompressedClassPointers               = true                           {product lp64_product} {ergonomic}
     bool UseCompressedOops                        = true                           {product lp64_product} {ergonomic}
     bool UseG1GC                                  = true                                      {product} {command line}
     bool UseLargePagesIndividualAllocation        = false                                  {pd product} {ergonomic}
     bool UseStringDeduplication                   = true                                      {product} {command line}

Logging:
Log output configuration:
 #0: stdout all=warning uptime,level,tags
 #1: stderr all=off uptime,level,tags

Environment Variables:
PATH=C:\Program Files\Common Files\Oracle\Java\javapath;C:\Program Files (x86)\Common Files\Intel\Shared Libraries\redist\intel64\compiler;C:\Program Files (x86)\Common Files\Oracle\Java\javapath;C:\ProgramData\Oracle\Java\javapath;D:\Guido\Program Files\Java Developer Kit\bin;C:\Windows\system32;C:\Windows;C:\Windows\System32\Wbem;C:\Windows\System32\WindowsPowerShell\v1.0\;C:\Windows\System32\OpenSSH\;C:\Program Files (x86)\NVIDIA Corporation\PhysX\Common;C:\Program Files\dotnet\;D:\Guido\Program Files\Matlab\runtime\win64;D:\Guido\Program Files\Matlab\bin;C:\Program Files\NVIDIA Corporation\NVIDIA NvDLISR;C:\Users\guido\AppData\Local\Programs\Python\Python310\Scripts\;C:\Users\guido\AppData\Local\Programs\Python\Python310\;C:\Users\guido\AppData\Local\Microsoft\WindowsApps;C:\Users\guido\AppData\Local\Programs\Microsoft VS Code\bin;C:\Users\guido\.dotnet\tools;C:\Program Files\mingw-w64\x86_64-8.1.0-posix-seh-rt_v6-rev0\mingw64\bin;C:\Users\guido\AppData\Local\Programs\Python\Python39;C:\Users\guido\AppData\Local\atom\bin
USERNAME=guido
OS=Windows_NT
PROCESSOR_IDENTIFIER=Intel64 Family 6 Model 94 Stepping 3, GenuineIntel



---------------  S Y S T E M  ---------------

OS:
 Windows 10 , 64 bit Build 19041 (10.0.19041.1466)
OS uptime: 12 days 5:46 hours

CPU: total 4 (initial active 4) (4 cores per cpu, 1 threads per core) family 6 model 94 stepping 3 microcode 0xcc, cx8, cmov, fxsr, mmx, 3dnowpref, sse, sse2, sse3, ssse3, sse4.1, sse4.2, popcnt, lzcnt, tsc, tscinvbit, avx, avx2, aes, erms, clmul, bmi1, bmi2, rtm, adx, fma, vzeroupper, clflush, clflushopt

Memory: 4k page, system-wide physical 8138M (1306M free)
TotalPageFile size 22377M (AvailPageFile size 2M)
current process WorkingSet (physical memory assigned to process): 36M, peak: 522M
current process commit charge ("private bytes"): 530M, peak: 564M

vm_info: Java HotSpot(TM) 64-Bit Server VM (17.0.1+12-LTS-39) for windows-amd64 JRE (17.0.1+12-LTS-39), built on Sep 27 2021 18:41:35 by "mach5one" with MS VC++ 16.8 (VS2019)

END.
