#
# There is insufficient memory for the Java Runtime Environment to continue.
# Native memory allocation (malloc) failed to allocate 35216 bytes for Chunk::new
# Possible reasons:
#   The system is out of physical RAM or swap space
#   The process is running with CompressedOops enabled, and the Java Heap may be blocking the growth of the native heap
# Possible solutions:
#   Reduce memory load on the system
#   Increase physical memory or swap space
#   Check if swap backing store is full
#   Decrease Java heap size (-Xmx/-Xms)
#   Decrease number of Java threads
#   Decrease Java thread stack sizes (-Xss)
#   Set larger code cache with -XX:ReservedCodeCacheSize=
#   JVM is running with Unscaled Compressed Oops mode in which the Java heap is
#     placed in the first 4GB address space. The Java Heap base address is the
#     maximum limit for the native heap growth. Please use -XX:HeapBaseMinAddress
#     to set the Java Heap base and to place the Java Heap above 4GB virtual address.
# This output file may be truncated or incomplete.
#
#  Out of Memory Error (arena.cpp:189), pid=40736, tid=34332
#
# JRE version: Java(TM) SE Runtime Environment (17.0.1+12) (build 17.0.1+12-LTS-39)
# Java VM: Java HotSpot(TM) 64-Bit Server VM (17.0.1+12-LTS-39, mixed mode, sharing, tiered, compressed oops, compressed class ptrs, g1 gc, windows-amd64)
# No core dump will be written. Minidumps are not enabled by default on client versions of Windows
#

---------------  S U M M A R Y ------------

Command Line: -Dosgi.requiredJavaVersion=11 -Dosgi.instance.area.default=@user.home/eclipse-workspace -XX:+UseG1GC -XX:+UseStringDeduplication --add-modules=ALL-SYSTEM -Dosgi.requiredJavaVersion=11 -Dosgi.dataAreaRequiresExplicitInit=true -Dorg.eclipse.swt.graphics.Resource.reportNonDisposed=true -Xms256m -Xmx2048m --add-modules=ALL-SYSTEM -Declipse.p2.max.threads=10 -Doomph.update.url=https://download.eclipse.org/oomph/updates/milestone/latest -Doomph.redirection.index.redirection=index:/->http://git.eclipse.org/c/oomph/org.eclipse.oomph.git/plain/setups/ C:\Users\guido\eclipse\java-2021-12\eclipse\\plugins/org.eclipse.equinox.launcher_1.6.400.v20210924-0641.jar -os win32 -ws win32 -arch x86_64 -showsplash C:\Users\guido\.p2\pool\plugins\org.eclipse.epp.package.common_4.22.0.20211202-1200\splash.bmp -launcher C:\Users\guido\eclipse\java-2021-12\eclipse\eclipse.exe -name Eclipse --launcher.library C:\Users\guido\.p2\pool\plugins\org.eclipse.equinox.launcher.win32.win32.x86_64_1.2.400.v20211117-0650\eclipse_11602.dll -startup C:\Users\guido\eclipse\java-2021-12\eclipse\\plugins/org.eclipse.equinox.launcher_1.6.400.v20210924-0641.jar --launcher.appendVmargs -exitdata 95bc_7c -product org.eclipse.epp.package.java.product -vm C:\Program Files\Java\jdk-17.0.1\bin\javaw.exe -vmargs -Dosgi.requiredJavaVersion=11 -Dosgi.instance.area.default=@user.home/eclipse-workspace -Dsun.java.command=Eclipse -XX:+UseG1GC -XX:+UseStringDeduplication --add-modules=ALL-SYSTEM -Dosgi.requiredJavaVersion=11 -Dosgi.dataAreaRequiresExplicitInit=true -Dorg.eclipse.swt.graphics.Resource.reportNonDisposed=true -Xms256m -Xmx2048m --add-modules=ALL-SYSTEM -Declipse.p2.max.threads=10 -Doomph.update.url=https://download.eclipse.org/oomph/updates/milestone/latest -Doomph.redirection.index.redirection=index:/->http://git.eclipse.org/c/oomph/org.eclipse.oomph.git/plain/setups/ -jar C:\Users\guido\eclipse\java-2021-12\eclipse\\plugins/org.eclipse.equinox.launcher_1.6.400.v20210924-0641.jar

Host: Intel(R) Core(TM) i5-6600 CPU @ 3.30GHz, 4 cores, 7G,  Windows 10 , 64 bit Build 19041 (10.0.19041.1466)
Time: Tue Feb  8 21:54:51 2022 W. Europe Standard Time elapsed time: 1560.984644 seconds (0d 0h 26m 0s)

---------------  T H R E A D  ---------------

Current thread (0x00000214fae69540):  JavaThread "C2 CompilerThread0" daemon [_thread_in_native, id=34332, stack(0x000000aeaea00000,0x000000aeaeb00000)]


Current CompileTask:
C2:1560984 10215       4       java.lang.AbstractStringBuilder::append (63 bytes)

Stack: [0x000000aeaea00000,0x000000aeaeb00000]
Native frames: (J=compiled Java code, j=interpreted, Vv=VM code, C=native code)
V  [jvm.dll+0x66fa1a]
V  [jvm.dll+0x7ce5a4]
V  [jvm.dll+0x7cfd4e]
V  [jvm.dll+0x7d03b3]
V  [jvm.dll+0x242b05]
V  [jvm.dll+0xaa05b]
V  [jvm.dll+0xaa5ec]
V  [jvm.dll+0x11b687]
V  [jvm.dll+0x603415]
V  [jvm.dll+0x601ae4]
V  [jvm.dll+0x215a68]
V  [jvm.dll+0x215011]
V  [jvm.dll+0x1a168d]
V  [jvm.dll+0x224848]
V  [jvm.dll+0x2229ac]
V  [jvm.dll+0x78435b]
V  [jvm.dll+0x77e91a]
V  [jvm.dll+0x66e845]
C  [ucrtbase.dll+0x21bb2]
C  [KERNEL32.DLL+0x17034]
C  [ntdll.dll+0x52651]


---------------  P R O C E S S  ---------------

Threads class SMR info:
_java_thread_list=0x00000214fe2cb830, length=36, elements={
0x00000214dd565b60, 0x00000214fae36cc0, 0x00000214fae37580, 0x00000214fae501d0,
0x00000214fae53ef0, 0x00000214fae60fe0, 0x00000214fae65c70, 0x00000214fae69540,
0x00000214fae69e60, 0x00000214fae6c380, 0x00000214fae1a0f0, 0x00000214fb937bc0,
0x00000214fc0dcad0, 0x00000214fd4a0740, 0x00000214fd4a0c10, 0x00000214fd4c9860,
0x00000214fc254fe0, 0x00000214fd64d1c0, 0x00000214ff02a730, 0x00000214ff028f20,
0x00000214ff0293f0, 0x00000214ff02b5a0, 0x00000214ff02ba70, 0x00000214ff02c410,
0x00000214fd701450, 0x00000214fd6faa70, 0x00000214fd700ab0, 0x00000214fd6fbdb0,
0x00000214fd6faf40, 0x00000214fd6fb410, 0x00000214fd6fda90, 0x00000214fd6fe900,
0x00000214fd6fedd0, 0x00000214fd6ff2a0, 0x00000214fd6ff770, 0x00000214fd700f80
}

Java Threads: ( => current thread )
  0x00000214dd565b60 JavaThread "main" [_thread_in_vm, id=41520, stack(0x000000aeadc00000,0x000000aeadd00000)]
  0x00000214fae36cc0 JavaThread "Reference Handler" daemon [_thread_blocked, id=36300, stack(0x000000aeae400000,0x000000aeae500000)]
  0x00000214fae37580 JavaThread "Finalizer" daemon [_thread_blocked, id=28228, stack(0x000000aeae500000,0x000000aeae600000)]
  0x00000214fae501d0 JavaThread "Signal Dispatcher" daemon [_thread_blocked, id=38520, stack(0x000000aeae600000,0x000000aeae700000)]
  0x00000214fae53ef0 JavaThread "Attach Listener" daemon [_thread_blocked, id=38184, stack(0x000000aeae700000,0x000000aeae800000)]
  0x00000214fae60fe0 JavaThread "Service Thread" daemon [_thread_blocked, id=37732, stack(0x000000aeae800000,0x000000aeae900000)]
  0x00000214fae65c70 JavaThread "Monitor Deflation Thread" daemon [_thread_blocked, id=5812, stack(0x000000aeae900000,0x000000aeaea00000)]
=>0x00000214fae69540 JavaThread "C2 CompilerThread0" daemon [_thread_in_native, id=34332, stack(0x000000aeaea00000,0x000000aeaeb00000)]
  0x00000214fae69e60 JavaThread "C1 CompilerThread0" daemon [_thread_in_native, id=42776, stack(0x000000aeaeb00000,0x000000aeaec00000)]
  0x00000214fae6c380 JavaThread "Sweeper thread" daemon [_thread_blocked, id=10076, stack(0x000000aeaec00000,0x000000aeaed00000)]
  0x00000214fae1a0f0 JavaThread "Common-Cleaner" daemon [_thread_blocked, id=39544, stack(0x000000aeaed00000,0x000000aeaee00000)]
  0x00000214fb937bc0 JavaThread "Notification Thread" daemon [_thread_blocked, id=35624, stack(0x000000aeaee00000,0x000000aeaef00000)]
  0x00000214fc0dcad0 JavaThread "Active Thread: Equinox Container: 4ca94bc0-b424-4885-b1a9-c771c90be6cc" [_thread_blocked, id=9716, stack(0x000000aeaf400000,0x000000aeaf500000)]
  0x00000214fd4a0740 JavaThread "Framework Event Dispatcher: Equinox Container: 4ca94bc0-b424-4885-b1a9-c771c90be6cc" daemon [_thread_blocked, id=30604, stack(0x000000aeaf600000,0x000000aeaf700000)]
  0x00000214fd4a0c10 JavaThread "Start Level: Equinox Container: 4ca94bc0-b424-4885-b1a9-c771c90be6cc" daemon [_thread_blocked, id=33132, stack(0x000000aeaf700000,0x000000aeaf800000)]
  0x00000214fd4c9860 JavaThread "SCR Component Actor" daemon [_thread_blocked, id=42584, stack(0x000000aeaf800000,0x000000aeaf900000)]
  0x00000214fc254fe0 JavaThread "EMF Reference Cleaner" daemon [_thread_blocked, id=40600, stack(0x000000aeafa00000,0x000000aeafb00000)]
  0x00000214fd64d1c0 JavaThread "Worker-JM" [_thread_blocked, id=41780, stack(0x000000aeafb00000,0x000000aeafc00000)]
  0x00000214ff02a730 JavaThread "Gogo shell" [_thread_blocked, id=38784, stack(0x000000aeafd00000,0x000000aeafe00000)]
  0x00000214ff028f20 JavaThread "Git Repository Closer" daemon [_thread_blocked, id=37508, stack(0x000000aeb0300000,0x000000aeb0400000)]
  0x00000214ff0293f0 JavaThread "Bundle File Closer" daemon [_thread_blocked, id=42128, stack(0x000000aeb0400000,0x000000aeb0500000)]
  0x00000214ff02b5a0 JavaThread "Java indexing" daemon [_thread_blocked, id=36220, stack(0x000000aeb0600000,0x000000aeb0700000)]
  0x00000214ff02ba70 JavaThread "org.eclipse.jface.text.reconciler.MonoReconciler" daemon [_thread_blocked, id=38052, stack(0x000000aeb0800000,0x000000aeb0900000)]
  0x00000214ff02c410 JavaThread "EventAdmin Async Event Dispatcher Thread" daemon [_thread_blocked, id=40672, stack(0x000000aeb0900000,0x000000aeb0a00000)]
  0x00000214fd701450 JavaThread "Worker-2: Process Console Input Job" [_thread_blocked, id=41692, stack(0x000000aeb0b00000,0x000000aeb0c00000)]
  0x00000214fd6faa70 JavaThread "pool-2-thread-1" [_thread_blocked, id=30196, stack(0x000000aeb1100000,0x000000aeb1200000)]
  0x00000214fd700ab0 JavaThread "pool-3-thread-1" [_thread_blocked, id=42640, stack(0x000000aeb1200000,0x000000aeb1300000)]
  0x00000214fd6fbdb0 JavaThread "pool-4-thread-1" [_thread_blocked, id=34448, stack(0x000000aeb1700000,0x000000aeb1800000)]
  0x00000214fd6faf40 JavaThread "Worker-8" [_thread_in_Java, id=29520, stack(0x000000aeb1800000,0x000000aeb1900000)]
  0x00000214fd6fb410 JavaThread "Worker-9: Match Job" [_thread_in_vm, id=35532, stack(0x000000aeb1900000,0x000000aeb1a00000)]
  0x00000214fd6fda90 JavaThread "Output Stream Monitor" daemon [_thread_in_native, id=42164, stack(0x000000aeb1c00000,0x000000aeb1d00000)]
  0x00000214fd6fe900 JavaThread "Output Stream Monitor" daemon [_thread_in_native, id=26928, stack(0x000000aeb1d00000,0x000000aeb1e00000)]
  0x00000214fd6fedd0 JavaThread "Input Stream Monitor" daemon [_thread_blocked, id=39000, stack(0x000000aeb1e00000,0x000000aeb1f00000)]
  0x00000214fd6ff2a0 JavaThread "Process monitor" daemon [_thread_in_native, id=39472, stack(0x000000aeb1f00000,0x000000aeb2000000)]
  0x00000214fd6ff770 JavaThread "Provisioning Event Dispatcher" daemon [_thread_blocked, id=40076, stack(0x000000aeb2000000,0x000000aeb2100000)]
  0x00000214fd700f80 JavaThread "Thread-7" [_thread_blocked, id=37092, stack(0x000000aeafc00000,0x000000aeafd00000)]

Other Threads:
  0x00000214fae30180 VMThread "VM Thread" [stack: 0x000000aeae300000,0x000000aeae400000] [id=29792]
  0x00000214fb93a0a0 WatcherThread [stack: 0x000000aeaef00000,0x000000aeaf000000] [id=38112]
  0x00000214dd5a4960 GCTaskThread "GC Thread#0" [stack: 0x000000aeadd00000,0x000000aeade00000] [id=38292]
  0x00000214fbebcc10 GCTaskThread "GC Thread#1" [stack: 0x000000aeaf100000,0x000000aeaf200000] [id=28760]
  0x00000214fbebcec0 GCTaskThread "GC Thread#2" [stack: 0x000000aeaf200000,0x000000aeaf300000] [id=39416]
  0x00000214fc00e4f0 GCTaskThread "GC Thread#3" [stack: 0x000000aeaf300000,0x000000aeaf400000] [id=8900]
  0x00000214dd5b5bb0 ConcurrentGCThread "G1 Main Marker" [stack: 0x000000aeade00000,0x000000aeadf00000] [id=32760]
  0x00000214dd5b6370 ConcurrentGCThread "G1 Conc#0" [stack: 0x000000aeadf00000,0x000000aeae000000] [id=5900]
  0x00000214dd63e670 ConcurrentGCThread "G1 Refine#0" [stack: 0x000000aeae000000,0x000000aeae100000] [id=34404]
  0x00000214fbf80fe0 ConcurrentGCThread "G1 Refine#1" [stack: 0x000000aeaf500000,0x000000aeaf600000] [id=34876]
  0x0000021481ea21e0 ConcurrentGCThread "G1 Refine#2" [stack: 0x000000aeb0500000,0x000000aeb0600000] [id=41104]
  0x00000214face8100 ConcurrentGCThread "G1 Service" [stack: 0x000000aeae100000,0x000000aeae200000] [id=11072]
  0x00000214fae29200 ConcurrentGCThread "StringDedupProcessor" [stack: 0x000000aeae200000,0x000000aeae300000] [id=31828]

Threads with active compile tasks:
C2 CompilerThread0  1561170 10215       4       java.lang.AbstractStringBuilder::append (63 bytes)
C1 CompilerThread0  1561170 10219       3       org.eclipse.jface.text.DefaultLineTracker::nextDelimiterInfo (167 bytes)

VM state: not at safepoint (normal execution)

VM Mutex/Monitor currently owned by a thread: None

OutOfMemory and StackOverflow Exception counts:
OutOfMemoryError java_heap_errors=1
LinkageErrors=83

Heap address: 0x0000000080000000, size: 2048 MB, Compressed Oops mode: 32-bit

CDS archive(s) mapped at: [0x0000000800000000-0x0000000800bc0000-0x0000000800bc0000), size 12320768, SharedBaseAddress: 0x0000000800000000, ArchiveRelocationMode: 0.
Compressed class space mapped at: 0x0000000800c00000-0x0000000840c00000, reserved size: 1073741824
Narrow klass base: 0x0000000800000000, Narrow klass shift: 0, Narrow klass range: 0x100000000

GC Precious Log:
 CPUs: 4 total, 4 available
 Memory: 8138M
 Large Page Support: Disabled
 NUMA Support: Disabled
 Compressed Oops: Enabled (32-bit)
 Heap Region Size: 1M
 Heap Min Capacity: 256M
 Heap Initial Capacity: 256M
 Heap Max Capacity: 2G
 Pre-touch: Disabled
 Parallel Workers: 4
 Concurrent Workers: 1
 Concurrent Refinement Workers: 4
 Periodic GC: Disabled
 String Deduplication is enabled

Heap:
 garbage-first heap   total 262144K, used 138240K [0x0000000080000000, 0x0000000100000000)
  region size 1024K, 64 young (65536K), 2 survivors (2048K)
 Metaspace       used 80516K, committed 82560K, reserved 1122304K
  class space    used 9643K, committed 10560K, reserved 1048576K

Heap Regions: E=young(eden), S=young(survivor), O=old, HS=humongous(starts), HC=humongous(continues), CS=collection set, F=free, OA=open archive, CA=closed archive, TAMS=top-at-mark-start (previous, next)
|   0|0x0000000080000000, 0x0000000080100000, 0x0000000080100000|100%| O|  |TAMS 0x0000000080100000, 0x0000000080000000| Untracked 
|   1|0x0000000080100000, 0x0000000080200000, 0x0000000080200000|100%| O|  |TAMS 0x0000000080200000, 0x0000000080100000| Untracked 
|   2|0x0000000080200000, 0x0000000080300000, 0x0000000080300000|100%| O|  |TAMS 0x0000000080300000, 0x0000000080200000| Untracked 
|   3|0x0000000080300000, 0x0000000080400000, 0x0000000080400000|100%| O|  |TAMS 0x0000000080400000, 0x0000000080300000| Untracked 
|   4|0x0000000080400000, 0x0000000080500000, 0x0000000080500000|100%| O|  |TAMS 0x0000000080500000, 0x0000000080400000| Untracked 
|   5|0x0000000080500000, 0x0000000080600000, 0x0000000080600000|100%| O|  |TAMS 0x0000000080600000, 0x0000000080500000| Untracked 
|   6|0x0000000080600000, 0x0000000080700000, 0x0000000080700000|100%| O|  |TAMS 0x0000000080700000, 0x0000000080600000| Untracked 
|   7|0x0000000080700000, 0x0000000080800000, 0x0000000080800000|100%| O|  |TAMS 0x0000000080800000, 0x0000000080700000| Untracked 
|   8|0x0000000080800000, 0x0000000080900000, 0x0000000080900000|100%| O|  |TAMS 0x0000000080900000, 0x0000000080800000| Untracked 
|   9|0x0000000080900000, 0x0000000080a00000, 0x0000000080a00000|100%| O|  |TAMS 0x0000000080a00000, 0x0000000080900000| Untracked 
|  10|0x0000000080a00000, 0x0000000080b00000, 0x0000000080b00000|100%| O|  |TAMS 0x0000000080b00000, 0x0000000080a00000| Untracked 
|  11|0x0000000080b00000, 0x0000000080c00000, 0x0000000080c00000|100%| O|  |TAMS 0x0000000080c00000, 0x0000000080b00000| Untracked 
|  12|0x0000000080c00000, 0x0000000080d00000, 0x0000000080d00000|100%| O|  |TAMS 0x0000000080d00000, 0x0000000080c00000| Untracked 
|  13|0x0000000080d00000, 0x0000000080e00000, 0x0000000080e00000|100%|HS|  |TAMS 0x0000000080e00000, 0x0000000080d00000| Complete 
|  14|0x0000000080e00000, 0x0000000080f00000, 0x0000000080f00000|100%| O|  |TAMS 0x0000000080e00000, 0x0000000080e00000| Untracked 
|  15|0x0000000080f00000, 0x0000000081000000, 0x0000000081000000|100%| O|  |TAMS 0x0000000081000000, 0x0000000080f00000| Untracked 
|  16|0x0000000081000000, 0x0000000081100000, 0x0000000081100000|100%| O|  |TAMS 0x0000000081100000, 0x0000000081000000| Untracked 
|  17|0x0000000081100000, 0x0000000081200000, 0x0000000081200000|100%| O|  |TAMS 0x0000000081200000, 0x0000000081100000| Untracked 
|  18|0x0000000081200000, 0x0000000081300000, 0x0000000081300000|100%| O|  |TAMS 0x0000000081300000, 0x0000000081200000| Untracked 
|  19|0x0000000081300000, 0x0000000081400000, 0x0000000081400000|100%| O|  |TAMS 0x0000000081400000, 0x0000000081300000| Untracked 
|  20|0x0000000081400000, 0x0000000081500000, 0x0000000081500000|100%| O|  |TAMS 0x0000000081500000, 0x0000000081400000| Untracked 
|  21|0x0000000081500000, 0x0000000081600000, 0x0000000081600000|100%|HS|  |TAMS 0x0000000081600000, 0x0000000081500000| Complete 
|  22|0x0000000081600000, 0x0000000081700000, 0x0000000081700000|100%| O|  |TAMS 0x0000000081700000, 0x0000000081600000| Untracked 
|  23|0x0000000081700000, 0x0000000081800000, 0x0000000081800000|100%| O|  |TAMS 0x0000000081800000, 0x0000000081700000| Untracked 
|  24|0x0000000081800000, 0x0000000081900000, 0x0000000081900000|100%| O|  |TAMS 0x0000000081900000, 0x0000000081800000| Untracked 
|  25|0x0000000081900000, 0x0000000081a00000, 0x0000000081a00000|100%| O|  |TAMS 0x0000000081a00000, 0x0000000081900000| Untracked 
|  26|0x0000000081a00000, 0x0000000081b00000, 0x0000000081b00000|100%| O|  |TAMS 0x0000000081b00000, 0x0000000081a00000| Untracked 
|  27|0x0000000081b00000, 0x0000000081c00000, 0x0000000081c00000|100%| O|  |TAMS 0x0000000081c00000, 0x0000000081b00000| Untracked 
|  28|0x0000000081c00000, 0x0000000081d00000, 0x0000000081d00000|100%| O|  |TAMS 0x0000000081d00000, 0x0000000081c00000| Untracked 
|  29|0x0000000081d00000, 0x0000000081e00000, 0x0000000081e00000|100%| O|  |TAMS 0x0000000081e00000, 0x0000000081d00000| Untracked 
|  30|0x0000000081e00000, 0x0000000081f00000, 0x0000000081f00000|100%| O|  |TAMS 0x0000000081f00000, 0x0000000081e00000| Untracked 
|  31|0x0000000081f00000, 0x0000000082000000, 0x0000000082000000|100%| O|  |TAMS 0x0000000082000000, 0x0000000081f00000| Untracked 
|  32|0x0000000082000000, 0x0000000082100000, 0x0000000082100000|100%| O|  |TAMS 0x0000000082100000, 0x0000000082000000| Untracked 
|  33|0x0000000082100000, 0x0000000082200000, 0x0000000082200000|100%| O|  |TAMS 0x0000000082200000, 0x0000000082100000| Untracked 
|  34|0x0000000082200000, 0x0000000082300000, 0x0000000082300000|100%| O|  |TAMS 0x0000000082300000, 0x0000000082200000| Untracked 
|  35|0x0000000082300000, 0x0000000082400000, 0x0000000082400000|100%| O|  |TAMS 0x0000000082400000, 0x0000000082300000| Untracked 
|  36|0x0000000082400000, 0x0000000082500000, 0x0000000082500000|100%| O|  |TAMS 0x0000000082500000, 0x0000000082400000| Untracked 
|  37|0x0000000082500000, 0x0000000082600000, 0x0000000082600000|100%| O|  |TAMS 0x0000000082600000, 0x0000000082500000| Untracked 
|  38|0x0000000082600000, 0x0000000082600000, 0x0000000082700000|  0%| F|  |TAMS 0x0000000082600000, 0x0000000082600000| Untracked 
|  39|0x0000000082700000, 0x0000000082800000, 0x0000000082800000|100%| O|  |TAMS 0x0000000082700000, 0x0000000082700000| Untracked 
|  40|0x0000000082800000, 0x0000000082900000, 0x0000000082900000|100%| O|  |TAMS 0x0000000082800000, 0x0000000082800000| Untracked 
|  41|0x0000000082900000, 0x0000000082a00000, 0x0000000082a00000|100%|HS|  |TAMS 0x0000000082900000, 0x0000000082900000| Complete 
|  42|0x0000000082a00000, 0x0000000082b00000, 0x0000000082b00000|100%|HC|  |TAMS 0x0000000082a00000, 0x0000000082a00000| Complete 
|  43|0x0000000082b00000, 0x0000000082c00000, 0x0000000082c00000|100%| O|  |TAMS 0x0000000082b00000, 0x0000000082b00000| Untracked 
|  44|0x0000000082c00000, 0x0000000082d00000, 0x0000000082d00000|100%| O|  |TAMS 0x0000000082c00000, 0x0000000082c00000| Untracked 
|  45|0x0000000082d00000, 0x0000000082e00000, 0x0000000082e00000|100%| O|  |TAMS 0x0000000082d00000, 0x0000000082d00000| Untracked 
|  46|0x0000000082e00000, 0x0000000082f00000, 0x0000000082f00000|100%| O|  |TAMS 0x0000000082e00000, 0x0000000082e00000| Untracked 
|  47|0x0000000082f00000, 0x0000000083000000, 0x0000000083000000|100%| O|  |TAMS 0x0000000082f00000, 0x0000000082f00000| Untracked 
|  48|0x0000000083000000, 0x0000000083100000, 0x0000000083100000|100%| O|  |TAMS 0x0000000083000000, 0x0000000083000000| Untracked 
|  49|0x0000000083100000, 0x0000000083200000, 0x0000000083200000|100%| O|  |TAMS 0x0000000083100000, 0x0000000083100000| Untracked 
|  50|0x0000000083200000, 0x0000000083300000, 0x0000000083300000|100%| O|  |TAMS 0x0000000083200000, 0x0000000083200000| Untracked 
|  51|0x0000000083300000, 0x0000000083400000, 0x0000000083400000|100%| O|  |TAMS 0x0000000083300000, 0x0000000083300000| Untracked 
|  52|0x0000000083400000, 0x0000000083500000, 0x0000000083500000|100%| O|  |TAMS 0x0000000083400000, 0x0000000083400000| Untracked 
|  53|0x0000000083500000, 0x0000000083600000, 0x0000000083600000|100%| O|  |TAMS 0x0000000083500000, 0x0000000083500000| Untracked 
|  54|0x0000000083600000, 0x0000000083700000, 0x0000000083700000|100%| O|  |TAMS 0x0000000083600000, 0x0000000083600000| Untracked 
|  55|0x0000000083700000, 0x0000000083800000, 0x0000000083800000|100%| O|  |TAMS 0x0000000083700000, 0x0000000083700000| Untracked 
|  56|0x0000000083800000, 0x0000000083900000, 0x0000000083900000|100%| O|  |TAMS 0x0000000083800000, 0x0000000083800000| Untracked 
|  57|0x0000000083900000, 0x0000000083a00000, 0x0000000083a00000|100%| O|  |TAMS 0x0000000083900000, 0x0000000083900000| Untracked 
|  58|0x0000000083a00000, 0x0000000083b00000, 0x0000000083b00000|100%| O|  |TAMS 0x0000000083a00000, 0x0000000083a00000| Untracked 
|  59|0x0000000083b00000, 0x0000000083c00000, 0x0000000083c00000|100%| O|  |TAMS 0x0000000083b00000, 0x0000000083b00000| Untracked 
|  60|0x0000000083c00000, 0x0000000083d00000, 0x0000000083d00000|100%| O|  |TAMS 0x0000000083c00000, 0x0000000083c00000| Untracked 
|  61|0x0000000083d00000, 0x0000000083e00000, 0x0000000083e00000|100%| O|  |TAMS 0x0000000083d00000, 0x0000000083d00000| Untracked 
|  62|0x0000000083e00000, 0x0000000083f00000, 0x0000000083f00000|100%| O|  |TAMS 0x0000000083e00000, 0x0000000083e00000| Untracked 
|  63|0x0000000083f00000, 0x0000000084000000, 0x0000000084000000|100%| O|  |TAMS 0x0000000083f00000, 0x0000000083f00000| Untracked 
|  64|0x0000000084000000, 0x0000000084100000, 0x0000000084100000|100%| O|  |TAMS 0x0000000084000000, 0x0000000084000000| Untracked 
|  65|0x0000000084100000, 0x0000000084200000, 0x0000000084200000|100%| O|  |TAMS 0x0000000084100000, 0x0000000084100000| Untracked 
|  66|0x0000000084200000, 0x0000000084300000, 0x0000000084300000|100%| O|  |TAMS 0x0000000084200000, 0x0000000084200000| Untracked 
|  67|0x0000000084300000, 0x0000000084400000, 0x0000000084400000|100%| O|  |TAMS 0x0000000084300000, 0x0000000084300000| Untracked 
|  68|0x0000000084400000, 0x0000000084500000, 0x0000000084500000|100%| O|  |TAMS 0x0000000084400000, 0x0000000084400000| Untracked 
|  69|0x0000000084500000, 0x0000000084600000, 0x0000000084600000|100%| O|  |TAMS 0x0000000084500000, 0x0000000084500000| Untracked 
|  70|0x0000000084600000, 0x0000000084700000, 0x0000000084700000|100%| O|  |TAMS 0x0000000084600000, 0x0000000084600000| Untracked 
|  71|0x0000000084700000, 0x0000000084800000, 0x0000000084800000|100%| O|  |TAMS 0x0000000084700000, 0x0000000084700000| Untracked 
|  72|0x0000000084800000, 0x0000000084900000, 0x0000000084900000|100%|HS|  |TAMS 0x0000000084800000, 0x0000000084800000| Complete 
|  73|0x0000000084900000, 0x0000000084a00000, 0x0000000084a00000|100%|HC|  |TAMS 0x0000000084900000, 0x0000000084900000| Complete 
|  74|0x0000000084a00000, 0x0000000084a00000, 0x0000000084b00000|  0%| F|  |TAMS 0x0000000084a00000, 0x0000000084a00000| Untracked 
|  75|0x0000000084b00000, 0x0000000084b00000, 0x0000000084c00000|  0%| F|  |TAMS 0x0000000084b00000, 0x0000000084b00000| Untracked 
|  76|0x0000000084c00000, 0x0000000084c00000, 0x0000000084d00000|  0%| F|  |TAMS 0x0000000084c00000, 0x0000000084c00000| Untracked 
|  77|0x0000000084d00000, 0x0000000084d00000, 0x0000000084e00000|  0%| F|  |TAMS 0x0000000084d00000, 0x0000000084d00000| Untracked 
|  78|0x0000000084e00000, 0x0000000084e00000, 0x0000000084f00000|  0%| F|  |TAMS 0x0000000084e00000, 0x0000000084e00000| Untracked 
|  79|0x0000000084f00000, 0x0000000084f00000, 0x0000000085000000|  0%| F|  |TAMS 0x0000000084f00000, 0x0000000084f00000| Untracked 
|  80|0x0000000085000000, 0x0000000085000000, 0x0000000085100000|  0%| F|  |TAMS 0x0000000085000000, 0x0000000085000000| Untracked 
|  81|0x0000000085100000, 0x0000000085100000, 0x0000000085200000|  0%| F|  |TAMS 0x0000000085100000, 0x0000000085100000| Untracked 
|  82|0x0000000085200000, 0x0000000085200000, 0x0000000085300000|  0%| F|  |TAMS 0x0000000085200000, 0x0000000085200000| Untracked 
|  83|0x0000000085300000, 0x0000000085300000, 0x0000000085400000|  0%| F|  |TAMS 0x0000000085300000, 0x0000000085300000| Untracked 
|  84|0x0000000085400000, 0x0000000085400000, 0x0000000085500000|  0%| F|  |TAMS 0x0000000085400000, 0x0000000085400000| Untracked 
|  85|0x0000000085500000, 0x0000000085500000, 0x0000000085600000|  0%| F|  |TAMS 0x0000000085500000, 0x0000000085500000| Untracked 
|  86|0x0000000085600000, 0x0000000085600000, 0x0000000085700000|  0%| F|  |TAMS 0x0000000085600000, 0x0000000085600000| Untracked 
|  87|0x0000000085700000, 0x0000000085700000, 0x0000000085800000|  0%| F|  |TAMS 0x0000000085700000, 0x0000000085700000| Untracked 
|  88|0x0000000085800000, 0x0000000085800000, 0x0000000085900000|  0%| F|  |TAMS 0x0000000085800000, 0x0000000085800000| Untracked 
|  89|0x0000000085900000, 0x0000000085900000, 0x0000000085a00000|  0%| F|  |TAMS 0x0000000085900000, 0x0000000085900000| Untracked 
|  90|0x0000000085a00000, 0x0000000085a00000, 0x0000000085b00000|  0%| F|  |TAMS 0x0000000085a00000, 0x0000000085a00000| Untracked 
|  91|0x0000000085b00000, 0x0000000085b00000, 0x0000000085c00000|  0%| F|  |TAMS 0x0000000085b00000, 0x0000000085b00000| Untracked 
|  92|0x0000000085c00000, 0x0000000085c00000, 0x0000000085d00000|  0%| F|  |TAMS 0x0000000085c00000, 0x0000000085c00000| Untracked 
|  93|0x0000000085d00000, 0x0000000085d00000, 0x0000000085e00000|  0%| F|  |TAMS 0x0000000085d00000, 0x0000000085d00000| Untracked 
|  94|0x0000000085e00000, 0x0000000085e00000, 0x0000000085f00000|  0%| F|  |TAMS 0x0000000085e00000, 0x0000000085e00000| Untracked 
|  95|0x0000000085f00000, 0x0000000085f00000, 0x0000000086000000|  0%| F|  |TAMS 0x0000000085f00000, 0x0000000085f00000| Untracked 
|  96|0x0000000086000000, 0x0000000086000000, 0x0000000086100000|  0%| F|  |TAMS 0x0000000086000000, 0x0000000086000000| Untracked 
|  97|0x0000000086100000, 0x0000000086100000, 0x0000000086200000|  0%| F|  |TAMS 0x0000000086100000, 0x0000000086100000| Untracked 
|  98|0x0000000086200000, 0x0000000086200000, 0x0000000086300000|  0%| F|  |TAMS 0x0000000086200000, 0x0000000086200000| Untracked 
|  99|0x0000000086300000, 0x0000000086300000, 0x0000000086400000|  0%| F|  |TAMS 0x0000000086300000, 0x0000000086300000| Untracked 
| 100|0x0000000086400000, 0x0000000086400000, 0x0000000086500000|  0%| F|  |TAMS 0x0000000086400000, 0x0000000086400000| Untracked 
| 101|0x0000000086500000, 0x0000000086500000, 0x0000000086600000|  0%| F|  |TAMS 0x0000000086500000, 0x0000000086500000| Untracked 
| 102|0x0000000086600000, 0x0000000086600000, 0x0000000086700000|  0%| F|  |TAMS 0x0000000086600000, 0x0000000086600000| Untracked 
| 103|0x0000000086700000, 0x0000000086700000, 0x0000000086800000|  0%| F|  |TAMS 0x0000000086700000, 0x0000000086700000| Untracked 
| 104|0x0000000086800000, 0x0000000086800000, 0x0000000086900000|  0%| F|  |TAMS 0x0000000086800000, 0x0000000086800000| Untracked 
| 105|0x0000000086900000, 0x0000000086900000, 0x0000000086a00000|  0%| F|  |TAMS 0x0000000086900000, 0x0000000086900000| Untracked 
| 106|0x0000000086a00000, 0x0000000086a00000, 0x0000000086b00000|  0%| F|  |TAMS 0x0000000086a00000, 0x0000000086a00000| Untracked 
| 107|0x0000000086b00000, 0x0000000086b00000, 0x0000000086c00000|  0%| F|  |TAMS 0x0000000086b00000, 0x0000000086b00000| Untracked 
| 108|0x0000000086c00000, 0x0000000086c00000, 0x0000000086d00000|  0%| F|  |TAMS 0x0000000086c00000, 0x0000000086c00000| Untracked 
| 109|0x0000000086d00000, 0x0000000086d00000, 0x0000000086e00000|  0%| F|  |TAMS 0x0000000086d00000, 0x0000000086d00000| Untracked 
| 110|0x0000000086e00000, 0x0000000086e00000, 0x0000000086f00000|  0%| F|  |TAMS 0x0000000086e00000, 0x0000000086e00000| Untracked 
| 111|0x0000000086f00000, 0x0000000086f00000, 0x0000000087000000|  0%| F|  |TAMS 0x0000000086f00000, 0x0000000086f00000| Untracked 
| 112|0x0000000087000000, 0x0000000087000000, 0x0000000087100000|  0%| F|  |TAMS 0x0000000087000000, 0x0000000087000000| Untracked 
| 113|0x0000000087100000, 0x0000000087100000, 0x0000000087200000|  0%| F|  |TAMS 0x0000000087100000, 0x0000000087100000| Untracked 
| 114|0x0000000087200000, 0x0000000087200000, 0x0000000087300000|  0%| F|  |TAMS 0x0000000087200000, 0x0000000087200000| Untracked 
| 115|0x0000000087300000, 0x0000000087300000, 0x0000000087400000|  0%| F|  |TAMS 0x0000000087300000, 0x0000000087300000| Untracked 
| 116|0x0000000087400000, 0x0000000087400000, 0x0000000087500000|  0%| F|  |TAMS 0x0000000087400000, 0x0000000087400000| Untracked 
| 117|0x0000000087500000, 0x0000000087500000, 0x0000000087600000|  0%| F|  |TAMS 0x0000000087500000, 0x0000000087500000| Untracked 
| 118|0x0000000087600000, 0x0000000087600000, 0x0000000087700000|  0%| F|  |TAMS 0x0000000087600000, 0x0000000087600000| Untracked 
| 119|0x0000000087700000, 0x0000000087700000, 0x0000000087800000|  0%| F|  |TAMS 0x0000000087700000, 0x0000000087700000| Untracked 
| 120|0x0000000087800000, 0x0000000087800000, 0x0000000087900000|  0%| F|  |TAMS 0x0000000087800000, 0x0000000087800000| Untracked 
| 121|0x0000000087900000, 0x0000000087900000, 0x0000000087a00000|  0%| F|  |TAMS 0x0000000087900000, 0x0000000087900000| Untracked 
| 122|0x0000000087a00000, 0x0000000087a00000, 0x0000000087b00000|  0%| F|  |TAMS 0x0000000087a00000, 0x0000000087a00000| Untracked 
| 123|0x0000000087b00000, 0x0000000087b00000, 0x0000000087c00000|  0%| F|  |TAMS 0x0000000087b00000, 0x0000000087b00000| Untracked 
| 124|0x0000000087c00000, 0x0000000087c00000, 0x0000000087d00000|  0%| F|  |TAMS 0x0000000087c00000, 0x0000000087c00000| Untracked 
| 125|0x0000000087d00000, 0x0000000087d00000, 0x0000000087e00000|  0%| F|  |TAMS 0x0000000087d00000, 0x0000000087d00000| Untracked 
| 126|0x0000000087e00000, 0x0000000087e00000, 0x0000000087f00000|  0%| F|  |TAMS 0x0000000087e00000, 0x0000000087e00000| Untracked 
| 127|0x0000000087f00000, 0x0000000087f00000, 0x0000000088000000|  0%| F|  |TAMS 0x0000000087f00000, 0x0000000087f00000| Untracked 
| 128|0x0000000088000000, 0x0000000088000000, 0x0000000088100000|  0%| F|  |TAMS 0x0000000088000000, 0x0000000088000000| Untracked 
| 129|0x0000000088100000, 0x0000000088100000, 0x0000000088200000|  0%| F|  |TAMS 0x0000000088100000, 0x0000000088100000| Untracked 
| 130|0x0000000088200000, 0x0000000088200000, 0x0000000088300000|  0%| F|  |TAMS 0x0000000088200000, 0x0000000088200000| Untracked 
| 131|0x0000000088300000, 0x0000000088300000, 0x0000000088400000|  0%| F|  |TAMS 0x0000000088300000, 0x0000000088300000| Untracked 
| 132|0x0000000088400000, 0x0000000088400000, 0x0000000088500000|  0%| F|  |TAMS 0x0000000088400000, 0x0000000088400000| Untracked 
| 133|0x0000000088500000, 0x0000000088500000, 0x0000000088600000|  0%| F|  |TAMS 0x0000000088500000, 0x0000000088500000| Untracked 
| 134|0x0000000088600000, 0x0000000088600000, 0x0000000088700000|  0%| F|  |TAMS 0x0000000088600000, 0x0000000088600000| Untracked 
| 135|0x0000000088700000, 0x0000000088700000, 0x0000000088800000|  0%| F|  |TAMS 0x0000000088700000, 0x0000000088700000| Untracked 
| 136|0x0000000088800000, 0x0000000088800000, 0x0000000088900000|  0%| F|  |TAMS 0x0000000088800000, 0x0000000088800000| Untracked 
| 137|0x0000000088900000, 0x0000000088900000, 0x0000000088a00000|  0%| F|  |TAMS 0x0000000088900000, 0x0000000088900000| Untracked 
| 138|0x0000000088a00000, 0x0000000088a00000, 0x0000000088b00000|  0%| F|  |TAMS 0x0000000088a00000, 0x0000000088a00000| Untracked 
| 139|0x0000000088b00000, 0x0000000088b00000, 0x0000000088c00000|  0%| F|  |TAMS 0x0000000088b00000, 0x0000000088b00000| Untracked 
| 140|0x0000000088c00000, 0x0000000088c00000, 0x0000000088d00000|  0%| F|  |TAMS 0x0000000088c00000, 0x0000000088c00000| Untracked 
| 141|0x0000000088d00000, 0x0000000088d00000, 0x0000000088e00000|  0%| F|  |TAMS 0x0000000088d00000, 0x0000000088d00000| Untracked 
| 142|0x0000000088e00000, 0x0000000088e00000, 0x0000000088f00000|  0%| F|  |TAMS 0x0000000088e00000, 0x0000000088e00000| Untracked 
| 143|0x0000000088f00000, 0x0000000088f00000, 0x0000000089000000|  0%| F|  |TAMS 0x0000000088f00000, 0x0000000088f00000| Untracked 
| 144|0x0000000089000000, 0x0000000089000000, 0x0000000089100000|  0%| F|  |TAMS 0x0000000089000000, 0x0000000089000000| Untracked 
| 145|0x0000000089100000, 0x0000000089100000, 0x0000000089200000|  0%| F|  |TAMS 0x0000000089100000, 0x0000000089100000| Untracked 
| 146|0x0000000089200000, 0x0000000089200000, 0x0000000089300000|  0%| F|  |TAMS 0x0000000089200000, 0x0000000089200000| Untracked 
| 147|0x0000000089300000, 0x0000000089300000, 0x0000000089400000|  0%| F|  |TAMS 0x0000000089300000, 0x0000000089300000| Untracked 
| 148|0x0000000089400000, 0x0000000089400000, 0x0000000089500000|  0%| F|  |TAMS 0x0000000089400000, 0x0000000089400000| Untracked 
| 149|0x0000000089500000, 0x0000000089500000, 0x0000000089600000|  0%| F|  |TAMS 0x0000000089500000, 0x0000000089500000| Untracked 
| 150|0x0000000089600000, 0x0000000089600000, 0x0000000089700000|  0%| F|  |TAMS 0x0000000089600000, 0x0000000089600000| Untracked 
| 151|0x0000000089700000, 0x0000000089700000, 0x0000000089800000|  0%| F|  |TAMS 0x0000000089700000, 0x0000000089700000| Untracked 
| 152|0x0000000089800000, 0x0000000089800000, 0x0000000089900000|  0%| F|  |TAMS 0x0000000089800000, 0x0000000089800000| Untracked 
| 153|0x0000000089900000, 0x0000000089900000, 0x0000000089a00000|  0%| F|  |TAMS 0x0000000089900000, 0x0000000089900000| Untracked 
| 154|0x0000000089a00000, 0x0000000089a00000, 0x0000000089b00000|  0%| F|  |TAMS 0x0000000089a00000, 0x0000000089a00000| Untracked 
| 155|0x0000000089b00000, 0x0000000089b00000, 0x0000000089c00000|  0%| F|  |TAMS 0x0000000089b00000, 0x0000000089b00000| Untracked 
| 156|0x0000000089c00000, 0x0000000089c00000, 0x0000000089d00000|  0%| F|  |TAMS 0x0000000089c00000, 0x0000000089c00000| Untracked 
| 157|0x0000000089d00000, 0x0000000089d00000, 0x0000000089e00000|  0%| F|  |TAMS 0x0000000089d00000, 0x0000000089d00000| Untracked 
| 158|0x0000000089e00000, 0x0000000089e00000, 0x0000000089f00000|  0%| F|  |TAMS 0x0000000089e00000, 0x0000000089e00000| Untracked 
| 159|0x0000000089f00000, 0x0000000089f00000, 0x000000008a000000|  0%| F|  |TAMS 0x0000000089f00000, 0x0000000089f00000| Untracked 
| 160|0x000000008a000000, 0x000000008a000000, 0x000000008a100000|  0%| F|  |TAMS 0x000000008a000000, 0x000000008a000000| Untracked 
| 161|0x000000008a100000, 0x000000008a100000, 0x000000008a200000|  0%| F|  |TAMS 0x000000008a100000, 0x000000008a100000| Untracked 
| 162|0x000000008a200000, 0x000000008a200000, 0x000000008a300000|  0%| F|  |TAMS 0x000000008a200000, 0x000000008a200000| Untracked 
| 163|0x000000008a300000, 0x000000008a300000, 0x000000008a400000|  0%| F|  |TAMS 0x000000008a300000, 0x000000008a300000| Untracked 
| 164|0x000000008a400000, 0x000000008a400000, 0x000000008a500000|  0%| F|  |TAMS 0x000000008a400000, 0x000000008a400000| Untracked 
| 165|0x000000008a500000, 0x000000008a500000, 0x000000008a600000|  0%| F|  |TAMS 0x000000008a500000, 0x000000008a500000| Untracked 
| 166|0x000000008a600000, 0x000000008a600000, 0x000000008a700000|  0%| F|  |TAMS 0x000000008a600000, 0x000000008a600000| Untracked 
| 167|0x000000008a700000, 0x000000008a700000, 0x000000008a800000|  0%| F|  |TAMS 0x000000008a700000, 0x000000008a700000| Untracked 
| 168|0x000000008a800000, 0x000000008a800000, 0x000000008a900000|  0%| F|  |TAMS 0x000000008a800000, 0x000000008a800000| Untracked 
| 169|0x000000008a900000, 0x000000008a900000, 0x000000008aa00000|  0%| F|  |TAMS 0x000000008a900000, 0x000000008a900000| Untracked 
| 170|0x000000008aa00000, 0x000000008aa00000, 0x000000008ab00000|  0%| F|  |TAMS 0x000000008aa00000, 0x000000008aa00000| Untracked 
| 171|0x000000008ab00000, 0x000000008ab00000, 0x000000008ac00000|  0%| F|  |TAMS 0x000000008ab00000, 0x000000008ab00000| Untracked 
| 172|0x000000008ac00000, 0x000000008ac00000, 0x000000008ad00000|  0%| F|  |TAMS 0x000000008ac00000, 0x000000008ac00000| Untracked 
| 173|0x000000008ad00000, 0x000000008ad00000, 0x000000008ae00000|  0%| F|  |TAMS 0x000000008ad00000, 0x000000008ad00000| Untracked 
| 174|0x000000008ae00000, 0x000000008ae00000, 0x000000008af00000|  0%| F|  |TAMS 0x000000008ae00000, 0x000000008ae00000| Untracked 
| 175|0x000000008af00000, 0x000000008af00000, 0x000000008b000000|  0%| F|  |TAMS 0x000000008af00000, 0x000000008af00000| Untracked 
| 176|0x000000008b000000, 0x000000008b000000, 0x000000008b100000|  0%| F|  |TAMS 0x000000008b000000, 0x000000008b000000| Untracked 
| 177|0x000000008b100000, 0x000000008b100000, 0x000000008b200000|  0%| F|  |TAMS 0x000000008b100000, 0x000000008b100000| Untracked 
| 178|0x000000008b200000, 0x000000008b200000, 0x000000008b300000|  0%| F|  |TAMS 0x000000008b200000, 0x000000008b200000| Untracked 
| 179|0x000000008b300000, 0x000000008b300000, 0x000000008b400000|  0%| F|  |TAMS 0x000000008b300000, 0x000000008b300000| Untracked 
| 180|0x000000008b400000, 0x000000008b400000, 0x000000008b500000|  0%| F|  |TAMS 0x000000008b400000, 0x000000008b400000| Untracked 
| 181|0x000000008b500000, 0x000000008b500000, 0x000000008b600000|  0%| F|  |TAMS 0x000000008b500000, 0x000000008b500000| Untracked 
| 182|0x000000008b600000, 0x000000008b600000, 0x000000008b700000|  0%| F|  |TAMS 0x000000008b600000, 0x000000008b600000| Untracked 
| 183|0x000000008b700000, 0x000000008b700000, 0x000000008b800000|  0%| F|  |TAMS 0x000000008b700000, 0x000000008b700000| Untracked 
| 184|0x000000008b800000, 0x000000008b800000, 0x000000008b900000|  0%| F|  |TAMS 0x000000008b800000, 0x000000008b800000| Untracked 
| 185|0x000000008b900000, 0x000000008b900000, 0x000000008ba00000|  0%| F|  |TAMS 0x000000008b900000, 0x000000008b900000| Untracked 
| 186|0x000000008ba00000, 0x000000008ba00000, 0x000000008bb00000|  0%| F|  |TAMS 0x000000008ba00000, 0x000000008ba00000| Untracked 
| 187|0x000000008bb00000, 0x000000008bb00000, 0x000000008bc00000|  0%| F|  |TAMS 0x000000008bb00000, 0x000000008bb00000| Untracked 
| 188|0x000000008bc00000, 0x000000008bc00000, 0x000000008bd00000|  0%| F|  |TAMS 0x000000008bc00000, 0x000000008bc00000| Untracked 
| 189|0x000000008bd00000, 0x000000008bd00000, 0x000000008be00000|  0%| F|  |TAMS 0x000000008bd00000, 0x000000008bd00000| Untracked 
| 190|0x000000008be00000, 0x000000008be00000, 0x000000008bf00000|  0%| F|  |TAMS 0x000000008be00000, 0x000000008be00000| Untracked 
| 191|0x000000008bf00000, 0x000000008bf00000, 0x000000008c000000|  0%| F|  |TAMS 0x000000008bf00000, 0x000000008bf00000| Untracked 
| 192|0x000000008c000000, 0x000000008c08e570, 0x000000008c100000| 55%| E|  |TAMS 0x000000008c000000, 0x000000008c000000| Complete 
| 193|0x000000008c100000, 0x000000008c200000, 0x000000008c200000|100%| E|CS|TAMS 0x000000008c100000, 0x000000008c100000| Complete 
| 194|0x000000008c200000, 0x000000008c300000, 0x000000008c300000|100%| E|CS|TAMS 0x000000008c200000, 0x000000008c200000| Complete 
| 195|0x000000008c300000, 0x000000008c400000, 0x000000008c400000|100%| E|CS|TAMS 0x000000008c300000, 0x000000008c300000| Complete 
| 196|0x000000008c400000, 0x000000008c500000, 0x000000008c500000|100%| E|CS|TAMS 0x000000008c400000, 0x000000008c400000| Complete 
| 197|0x000000008c500000, 0x000000008c600000, 0x000000008c600000|100%| E|CS|TAMS 0x000000008c500000, 0x000000008c500000| Complete 
| 198|0x000000008c600000, 0x000000008c700000, 0x000000008c700000|100%| E|CS|TAMS 0x000000008c600000, 0x000000008c600000| Complete 
| 199|0x000000008c700000, 0x000000008c800000, 0x000000008c800000|100%| E|CS|TAMS 0x000000008c700000, 0x000000008c700000| Complete 
| 200|0x000000008c800000, 0x000000008c900000, 0x000000008c900000|100%| E|CS|TAMS 0x000000008c800000, 0x000000008c800000| Complete 
| 201|0x000000008c900000, 0x000000008ca00000, 0x000000008ca00000|100%| E|CS|TAMS 0x000000008c900000, 0x000000008c900000| Complete 
| 202|0x000000008ca00000, 0x000000008cb00000, 0x000000008cb00000|100%| E|CS|TAMS 0x000000008ca00000, 0x000000008ca00000| Complete 
| 203|0x000000008cb00000, 0x000000008cc00000, 0x000000008cc00000|100%| E|CS|TAMS 0x000000008cb00000, 0x000000008cb00000| Complete 
| 204|0x000000008cc00000, 0x000000008cd00000, 0x000000008cd00000|100%| E|CS|TAMS 0x000000008cc00000, 0x000000008cc00000| Complete 
| 205|0x000000008cd00000, 0x000000008cdffc20, 0x000000008ce00000| 99%| E|  |TAMS 0x000000008cd00000, 0x000000008cd00000| Complete 
| 206|0x000000008ce00000, 0x000000008cf00000, 0x000000008cf00000|100%| E|CS|TAMS 0x000000008ce00000, 0x000000008ce00000| Complete 
| 207|0x000000008cf00000, 0x000000008d000000, 0x000000008d000000|100%| E|CS|TAMS 0x000000008cf00000, 0x000000008cf00000| Complete 
| 208|0x000000008d000000, 0x000000008d100000, 0x000000008d100000|100%| E|CS|TAMS 0x000000008d000000, 0x000000008d000000| Complete 
| 209|0x000000008d100000, 0x000000008d200000, 0x000000008d200000|100%| E|CS|TAMS 0x000000008d100000, 0x000000008d100000| Complete 
| 210|0x000000008d200000, 0x000000008d300000, 0x000000008d300000|100%| E|CS|TAMS 0x000000008d200000, 0x000000008d200000| Complete 
| 211|0x000000008d300000, 0x000000008d400000, 0x000000008d400000|100%| E|CS|TAMS 0x000000008d300000, 0x000000008d300000| Complete 
| 212|0x000000008d400000, 0x000000008d500000, 0x000000008d500000|100%| E|CS|TAMS 0x000000008d400000, 0x000000008d400000| Complete 
| 213|0x000000008d500000, 0x000000008d600000, 0x000000008d600000|100%| E|CS|TAMS 0x000000008d500000, 0x000000008d500000| Complete 
| 214|0x000000008d600000, 0x000000008d700000, 0x000000008d700000|100%| E|CS|TAMS 0x000000008d600000, 0x000000008d600000| Complete 
| 215|0x000000008d700000, 0x000000008d800000, 0x000000008d800000|100%| E|CS|TAMS 0x000000008d700000, 0x000000008d700000| Complete 
| 216|0x000000008d800000, 0x000000008d900000, 0x000000008d900000|100%| E|CS|TAMS 0x000000008d800000, 0x000000008d800000| Complete 
| 217|0x000000008d900000, 0x000000008da00000, 0x000000008da00000|100%| E|CS|TAMS 0x000000008d900000, 0x000000008d900000| Complete 
| 218|0x000000008da00000, 0x000000008db00000, 0x000000008db00000|100%| E|CS|TAMS 0x000000008da00000, 0x000000008da00000| Complete 
| 219|0x000000008db00000, 0x000000008dc00000, 0x000000008dc00000|100%| E|CS|TAMS 0x000000008db00000, 0x000000008db00000| Complete 
| 220|0x000000008dc00000, 0x000000008dd00000, 0x000000008dd00000|100%| E|CS|TAMS 0x000000008dc00000, 0x000000008dc00000| Complete 
| 221|0x000000008dd00000, 0x000000008de00000, 0x000000008de00000|100%| E|CS|TAMS 0x000000008dd00000, 0x000000008dd00000| Complete 
| 222|0x000000008de00000, 0x000000008df00000, 0x000000008df00000|100%| E|CS|TAMS 0x000000008de00000, 0x000000008de00000| Complete 
| 223|0x000000008df00000, 0x000000008e000000, 0x000000008e000000|100%| E|CS|TAMS 0x000000008df00000, 0x000000008df00000| Complete 
| 224|0x000000008e000000, 0x000000008e100000, 0x000000008e100000|100%| E|CS|TAMS 0x000000008e000000, 0x000000008e000000| Complete 
| 225|0x000000008e100000, 0x000000008e200000, 0x000000008e200000|100%| E|CS|TAMS 0x000000008e100000, 0x000000008e100000| Complete 
| 226|0x000000008e200000, 0x000000008e300000, 0x000000008e300000|100%| E|CS|TAMS 0x000000008e200000, 0x000000008e200000| Complete 
| 227|0x000000008e300000, 0x000000008e400000, 0x000000008e400000|100%| E|CS|TAMS 0x000000008e300000, 0x000000008e300000| Complete 
| 228|0x000000008e400000, 0x000000008e500000, 0x000000008e500000|100%| E|CS|TAMS 0x000000008e400000, 0x000000008e400000| Complete 
| 229|0x000000008e500000, 0x000000008e600000, 0x000000008e600000|100%| E|CS|TAMS 0x000000008e500000, 0x000000008e500000| Complete 
| 230|0x000000008e600000, 0x000000008e700000, 0x000000008e700000|100%| E|CS|TAMS 0x000000008e600000, 0x000000008e600000| Complete 
| 231|0x000000008e700000, 0x000000008e800000, 0x000000008e800000|100%| E|CS|TAMS 0x000000008e700000, 0x000000008e700000| Complete 
| 232|0x000000008e800000, 0x000000008e900000, 0x000000008e900000|100%| E|CS|TAMS 0x000000008e800000, 0x000000008e800000| Complete 
| 233|0x000000008e900000, 0x000000008ea00000, 0x000000008ea00000|100%| E|CS|TAMS 0x000000008e900000, 0x000000008e900000| Complete 
| 234|0x000000008ea00000, 0x000000008eb00000, 0x000000008eb00000|100%| E|CS|TAMS 0x000000008ea00000, 0x000000008ea00000| Complete 
| 235|0x000000008eb00000, 0x000000008ec00000, 0x000000008ec00000|100%| E|CS|TAMS 0x000000008eb00000, 0x000000008eb00000| Complete 
| 236|0x000000008ec00000, 0x000000008ed00000, 0x000000008ed00000|100%| E|CS|TAMS 0x000000008ec00000, 0x000000008ec00000| Complete 
| 237|0x000000008ed00000, 0x000000008ee00000, 0x000000008ee00000|100%| E|CS|TAMS 0x000000008ed00000, 0x000000008ed00000| Complete 
| 238|0x000000008ee00000, 0x000000008ef00000, 0x000000008ef00000|100%| E|CS|TAMS 0x000000008ee00000, 0x000000008ee00000| Complete 
| 239|0x000000008ef00000, 0x000000008f000000, 0x000000008f000000|100%| E|CS|TAMS 0x000000008ef00000, 0x000000008ef00000| Complete 
| 240|0x000000008f000000, 0x000000008f100000, 0x000000008f100000|100%| E|CS|TAMS 0x000000008f000000, 0x000000008f000000| Complete 
| 241|0x000000008f100000, 0x000000008f200000, 0x000000008f200000|100%| E|CS|TAMS 0x000000008f100000, 0x000000008f100000| Complete 
| 242|0x000000008f200000, 0x000000008f300000, 0x000000008f300000|100%| E|CS|TAMS 0x000000008f200000, 0x000000008f200000| Complete 
| 243|0x000000008f300000, 0x000000008f400000, 0x000000008f400000|100%| E|CS|TAMS 0x000000008f300000, 0x000000008f300000| Complete 
| 244|0x000000008f400000, 0x000000008f500000, 0x000000008f500000|100%| E|CS|TAMS 0x000000008f400000, 0x000000008f400000| Complete 
| 245|0x000000008f500000, 0x000000008f600000, 0x000000008f600000|100%| E|CS|TAMS 0x000000008f500000, 0x000000008f500000| Complete 
| 246|0x000000008f600000, 0x000000008f700000, 0x000000008f700000|100%| E|CS|TAMS 0x000000008f600000, 0x000000008f600000| Complete 
| 247|0x000000008f700000, 0x000000008f800000, 0x000000008f800000|100%| E|CS|TAMS 0x000000008f700000, 0x000000008f700000| Complete 
| 248|0x000000008f800000, 0x000000008f900000, 0x000000008f900000|100%| E|CS|TAMS 0x000000008f800000, 0x000000008f800000| Complete 
| 249|0x000000008f900000, 0x000000008fa00000, 0x000000008fa00000|100%| E|CS|TAMS 0x000000008f900000, 0x000000008f900000| Complete 
| 250|0x000000008fa00000, 0x000000008fb00000, 0x000000008fb00000|100%| E|CS|TAMS 0x000000008fa00000, 0x000000008fa00000| Complete 
| 251|0x000000008fb00000, 0x000000008fc00000, 0x000000008fc00000|100%| E|CS|TAMS 0x000000008fb00000, 0x000000008fb00000| Complete 
| 252|0x000000008fc00000, 0x000000008fd00000, 0x000000008fd00000|100%| E|CS|TAMS 0x000000008fc00000, 0x000000008fc00000| Complete 
| 253|0x000000008fd00000, 0x000000008fe00000, 0x000000008fe00000|100%| S|CS|TAMS 0x000000008fd00000, 0x000000008fd00000| Complete 
| 254|0x000000008fe00000, 0x000000008ff00000, 0x000000008ff00000|100%| S|CS|TAMS 0x000000008fe00000, 0x000000008fe00000| Complete 
| 255|0x000000008ff00000, 0x0000000090000000, 0x0000000090000000|100%| E|CS|TAMS 0x000000008ff00000, 0x000000008ff00000| Complete 

Card table byte_map: [0x00000214f4170000,0x00000214f4570000] _byte_map_base: 0x00000214f3d70000

Marking Bits (Prev, Next): (CMBitMap*) 0x00000214dd5a4d20, (CMBitMap*) 0x00000214dd5a4d60
 Prev Bits: [0x00000214f4970000, 0x00000214f6970000)
 Next Bits: [0x00000214f6970000, 0x00000214f8970000)

Polling page: 0x00000214db4f0000

Metaspace:

Usage:
  Non-class:     69.21 MB used.
      Class:      9.42 MB used.
       Both:     78.63 MB used.

Virtual space:
  Non-class space:       72.00 MB reserved,      70.31 MB ( 98%) committed,  9 nodes.
      Class space:        1.00 GB reserved,      10.31 MB (  1%) committed,  1 nodes.
             Both:        1.07 GB reserved,      80.62 MB (  7%) committed. 

Chunk freelists:
   Non-Class:  848.00 KB
       Class:  1.62 MB
        Both:  2.45 MB

MaxMetaspaceSize: unlimited
CompressedClassSpaceSize: 1.00 GB
Initial GC threshold: 21.00 MB
Current GC threshold: 125.00 MB
CDS: on
MetaspaceReclaimPolicy: balanced
 - commit_granule_bytes: 65536.
 - commit_granule_words: 8192.
 - virtual_space_node_default_size: 1048576.
 - enlarge_chunks_in_place: 1.
 - new_chunks_are_fully_committed: 0.
 - uncommit_free_chunks: 1.
 - use_allocation_guard: 0.
 - handle_deallocations: 1.


Internal statistics:

num_allocs_failed_limit: 12.
num_arena_births: 754.
num_arena_deaths: 0.
num_vsnodes_births: 10.
num_vsnodes_deaths: 0.
num_space_committed: 1290.
num_space_uncommitted: 0.
num_chunks_returned_to_freelist: 12.
num_chunks_taken_from_freelist: 4728.
num_chunk_merges: 9.
num_chunk_splits: 2908.
num_chunks_enlarged: 1605.
num_purges: 0.
num_inconsistent_stats: 0.

CodeHeap 'non-profiled nmethods': size=120000Kb used=4866Kb max_used=4866Kb free=115133Kb
 bounds [0x00000214ec840000, 0x00000214ecd10000, 0x00000214f3d70000]
CodeHeap 'profiled nmethods': size=120000Kb used=18550Kb max_used=18550Kb free=101449Kb
 bounds [0x00000214e5310000, 0x00000214e6530000, 0x00000214ec840000]
CodeHeap 'non-nmethods': size=5760Kb used=1549Kb max_used=1723Kb free=4210Kb
 bounds [0x00000214e4d70000, 0x00000214e4fe0000, 0x00000214e5310000]
 total_blobs=9677 nmethods=8743 adapters=845
 compilation: enabled
              stopped_count=0, restarted_count=0
 full_count=0

Compilation events (20 events):
Event: 780.757 Thread 0x00000214fae69e60 10207       3       jdk.internal.misc.Unsafe::putReferenceOpaque (9 bytes)
Event: 780.758 Thread 0x00000214fae69e60 nmethod 10207 0x00000214e652b010 code [0x00000214e652b1a0, 0x00000214e652b2f8]
Event: 990.766 Thread 0x00000214fae69e60 10208       3       java.util.concurrent.locks.LockSupport::setBlocker (12 bytes)
Event: 990.766 Thread 0x00000214fae69e60 nmethod 10208 0x00000214e652b390 code [0x00000214e652b540, 0x00000214e652b748]
Event: 1020.770 Thread 0x00000214fae69e60 10209       3       java.util.concurrent.locks.ReentrantLock$NonfairSync::tryAcquire (27 bytes)
Event: 1020.770 Thread 0x00000214fae69e60 nmethod 10209 0x00000214e652b810 code [0x00000214e652b9c0, 0x00000214e652bc48]
Event: 1202.330 Thread 0x00000214fae69e60 10210       1       org.eclipse.core.internal.dtree.DeltaDataTree::getRootNode (5 bytes)
Event: 1202.331 Thread 0x00000214fae69e60 nmethod 10210 0x00000214ecd00590 code [0x00000214ecd00720, 0x00000214ecd007f8]
Event: 1202.331 Thread 0x00000214fae69e60 10211       3       org.eclipse.core.internal.utils.StringPool::add (59 bytes)
Event: 1202.331 Thread 0x00000214fae69e60 nmethod 10211 0x00000214e652bd10 code [0x00000214e652bf00, 0x00000214e652c4d8]
Event: 1320.886 Thread 0x00000214fae69e60 10212       3       java.util.concurrent.ThreadPoolExecutor::runStateAtLeast (11 bytes)
Event: 1321.065 Thread 0x00000214fae69e60 nmethod 10212 0x00000214e652c690 code [0x00000214e652c820, 0x00000214e652c978]
Event: 1560.753 Thread 0x00000214fae69e60 10213       3       java.nio.Buffer::checkIndex (24 bytes)
Event: 1560.760 Thread 0x00000214fae69e60 nmethod 10213 0x00000214e652ca10 code [0x00000214e652cbc0, 0x00000214e652ce08]
Event: 1560.760 Thread 0x00000214fae69e60 10214       3       java.nio.CharBuffer::charAt (16 bytes)
Event: 1560.761 Thread 0x00000214fae69540 10215       4       java.lang.AbstractStringBuilder::append (63 bytes)
Event: 1560.764 Thread 0x00000214fae69e60 nmethod 10214 0x00000214e652cf10 code [0x00000214e652d0e0, 0x00000214e652d478]
Event: 1560.764 Thread 0x00000214fae69e60 10216       3       java.nio.HeapCharBuffer::get (15 bytes)
Event: 1560.769 Thread 0x00000214fae69e60 nmethod 10216 0x00000214e652d590 code [0x00000214e652d740, 0x00000214e652d938]
Event: 1560.853 Thread 0x00000214fae69e60 10219       3       org.eclipse.jface.text.DefaultLineTracker::nextDelimiterInfo (167 bytes)

GC Heap History (20 events):
Event: 0.554 GC heap before
{Heap before GC invocations=0 (full 0):
 garbage-first heap   total 262144K, used 13312K [0x0000000080000000, 0x0000000100000000)
  region size 1024K, 13 young (13312K), 0 survivors (0K)
 Metaspace       used 4544K, committed 4736K, reserved 1056768K
  class space    used 439K, committed 512K, reserved 1048576K
}
Event: 0.556 GC heap after
{Heap after GC invocations=1 (full 0):
 garbage-first heap   total 262144K, used 2613K [0x0000000080000000, 0x0000000100000000)
  region size 1024K, 2 young (2048K), 2 survivors (2048K)
 Metaspace       used 4544K, committed 4736K, reserved 1056768K
  class space    used 439K, committed 512K, reserved 1048576K
}
Event: 0.764 GC heap before
{Heap before GC invocations=1 (full 0):
 garbage-first heap   total 262144K, used 17973K [0x0000000080000000, 0x0000000100000000)
  region size 1024K, 17 young (17408K), 2 survivors (2048K)
 Metaspace       used 6488K, committed 6656K, reserved 1056768K
  class space    used 622K, committed 704K, reserved 1048576K
}
Event: 0.770 GC heap after
{Heap after GC invocations=2 (full 0):
 garbage-first heap   total 262144K, used 8953K [0x0000000080000000, 0x0000000100000000)
  region size 1024K, 3 young (3072K), 3 survivors (3072K)
 Metaspace       used 6488K, committed 6656K, reserved 1056768K
  class space    used 622K, committed 704K, reserved 1048576K
}
Event: 1.088 GC heap before
{Heap before GC invocations=2 (full 0):
 garbage-first heap   total 262144K, used 22265K [0x0000000080000000, 0x0000000100000000)
  region size 1024K, 17 young (17408K), 3 survivors (3072K)
 Metaspace       used 10279K, committed 10624K, reserved 1064960K
  class space    used 1032K, committed 1216K, reserved 1048576K
}
Event: 1.093 GC heap after
{Heap after GC invocations=3 (full 0):
 garbage-first heap   total 262144K, used 10457K [0x0000000080000000, 0x0000000100000000)
  region size 1024K, 2 young (2048K), 2 survivors (2048K)
 Metaspace       used 10279K, committed 10624K, reserved 1064960K
  class space    used 1032K, committed 1216K, reserved 1048576K
}
Event: 2.352 GC heap before
{Heap before GC invocations=3 (full 0):
 garbage-first heap   total 262144K, used 50393K [0x0000000080000000, 0x0000000100000000)
  region size 1024K, 43 young (44032K), 2 survivors (2048K)
 Metaspace       used 20715K, committed 21504K, reserved 1073152K
  class space    used 2119K, committed 2432K, reserved 1048576K
}
Event: 2.358 GC heap after
{Heap after GC invocations=4 (full 0):
 garbage-first heap   total 262144K, used 17894K [0x0000000080000000, 0x0000000100000000)
  region size 1024K, 6 young (6144K), 6 survivors (6144K)
 Metaspace       used 20715K, committed 21504K, reserved 1073152K
  class space    used 2119K, committed 2432K, reserved 1048576K
}
Event: 4.200 GC heap before
{Heap before GC invocations=5 (full 0):
 garbage-first heap   total 262144K, used 91622K [0x0000000080000000, 0x0000000100000000)
  region size 1024K, 75 young (76800K), 6 survivors (6144K)
 Metaspace       used 33435K, committed 34560K, reserved 1081344K
  class space    used 3907K, committed 4352K, reserved 1048576K
}
Event: 4.215 GC heap after
{Heap after GC invocations=6 (full 0):
 garbage-first heap   total 262144K, used 29278K [0x0000000080000000, 0x0000000100000000)
  region size 1024K, 10 young (10240K), 10 survivors (10240K)
 Metaspace       used 33435K, committed 34560K, reserved 1081344K
  class space    used 3907K, committed 4352K, reserved 1048576K
}
Event: 5.607 GC heap before
{Heap before GC invocations=7 (full 0):
 garbage-first heap   total 262144K, used 87646K [0x0000000080000000, 0x0000000100000000)
  region size 1024K, 65 young (66560K), 10 survivors (10240K)
 Metaspace       used 42626K, committed 43968K, reserved 1089536K
  class space    used 5054K, committed 5568K, reserved 1048576K
}
Event: 5.620 GC heap after
{Heap after GC invocations=8 (full 0):
 garbage-first heap   total 262144K, used 39936K [0x0000000080000000, 0x0000000100000000)
  region size 1024K, 9 young (9216K), 9 survivors (9216K)
 Metaspace       used 42626K, committed 43968K, reserved 1089536K
  class space    used 5054K, committed 5568K, reserved 1048576K
}
Event: 6.810 GC heap before
{Heap before GC invocations=8 (full 0):
 garbage-first heap   total 262144K, used 102400K [0x0000000080000000, 0x0000000100000000)
  region size 1024K, 72 young (73728K), 9 survivors (9216K)
 Metaspace       used 56056K, committed 57600K, reserved 1105920K
  class space    used 6551K, committed 7232K, reserved 1048576K
}
Event: 6.819 GC heap after
{Heap after GC invocations=9 (full 0):
 garbage-first heap   total 262144K, used 45056K [0x0000000080000000, 0x0000000100000000)
  region size 1024K, 5 young (5120K), 5 survivors (5120K)
 Metaspace       used 56056K, committed 57600K, reserved 1105920K
  class space    used 6551K, committed 7232K, reserved 1048576K
}
Event: 14.039 GC heap before
{Heap before GC invocations=10 (full 0):
 garbage-first heap   total 262144K, used 174080K [0x0000000080000000, 0x0000000100000000)
  region size 1024K, 125 young (128000K), 5 survivors (5120K)
 Metaspace       used 74564K, committed 76480K, reserved 1122304K
  class space    used 8924K, committed 9728K, reserved 1048576K
}
Event: 14.056 GC heap after
{Heap after GC invocations=11 (full 0):
 garbage-first heap   total 262144K, used 58368K [0x0000000080000000, 0x0000000100000000)
  region size 1024K, 16 young (16384K), 16 survivors (16384K)
 Metaspace       used 74564K, committed 76480K, reserved 1122304K
  class space    used 8924K, committed 9728K, reserved 1048576K
}
Event: 14.756 GC heap before
{Heap before GC invocations=12 (full 0):
 garbage-first heap   total 262144K, used 180224K [0x0000000080000000, 0x0000000100000000)
  region size 1024K, 131 young (134144K), 16 survivors (16384K)
 Metaspace       used 77647K, committed 79680K, reserved 1122304K
  class space    used 9274K, committed 10176K, reserved 1048576K
}
Event: 14.776 GC heap after
{Heap after GC invocations=13 (full 0):
 garbage-first heap   total 262144K, used 72851K [0x0000000080000000, 0x0000000100000000)
  region size 1024K, 15 young (15360K), 15 survivors (15360K)
 Metaspace       used 77647K, committed 79680K, reserved 1122304K
  class space    used 9274K, committed 10176K, reserved 1048576K
}
Event: 14.780 GC heap before
{Heap before GC invocations=13 (full 0):
 garbage-first heap   total 262144K, used 73875K [0x0000000080000000, 0x0000000100000000)
  region size 1024K, 16 young (16384K), 15 survivors (15360K)
 Metaspace       used 77651K, committed 79680K, reserved 1122304K
  class space    used 9274K, committed 10176K, reserved 1048576K
}
Event: 14.789 GC heap after
{Heap after GC invocations=14 (full 0):
 garbage-first heap   total 262144K, used 74752K [0x0000000080000000, 0x0000000100000000)
  region size 1024K, 2 young (2048K), 2 survivors (2048K)
 Metaspace       used 77651K, committed 79680K, reserved 1122304K
  class space    used 9274K, committed 10176K, reserved 1048576K
}

Deoptimization events (20 events):
Event: 304.177 Thread 0x00000214fd6fb410 DEOPT PACKING pc=0x00000214e63a07b1 sp=0x000000aeb19fee80
Event: 304.177 Thread 0x00000214fd6fb410 DEOPT UNPACKING pc=0x00000214e4dc2b43 sp=0x000000aeb19fe2e0 mode 0
Event: 304.179 Thread 0x00000214fd6fb410 DEOPT PACKING pc=0x00000214e63a07b1 sp=0x000000aeb19fee80
Event: 304.179 Thread 0x00000214fd6fb410 DEOPT UNPACKING pc=0x00000214e4dc2b43 sp=0x000000aeb19fe2e0 mode 0
Event: 304.181 Thread 0x00000214fd6fb410 DEOPT PACKING pc=0x00000214e63a07b1 sp=0x000000aeb19fee80
Event: 304.181 Thread 0x00000214fd6fb410 DEOPT UNPACKING pc=0x00000214e4dc2b43 sp=0x000000aeb19fe2e0 mode 0
Event: 304.185 Thread 0x00000214fd6fb410 DEOPT PACKING pc=0x00000214e63a07b1 sp=0x000000aeb19fee80
Event: 304.185 Thread 0x00000214fd6fb410 DEOPT UNPACKING pc=0x00000214e4dc2b43 sp=0x000000aeb19fe2e0 mode 0
Event: 304.187 Thread 0x00000214fd6fb410 DEOPT PACKING pc=0x00000214e63a07b1 sp=0x000000aeb19fee80
Event: 304.187 Thread 0x00000214fd6fb410 DEOPT UNPACKING pc=0x00000214e4dc2b43 sp=0x000000aeb19fe2e0 mode 0
Event: 304.189 Thread 0x00000214fd6fb410 DEOPT PACKING pc=0x00000214e63a07b1 sp=0x000000aeb19fee80
Event: 304.189 Thread 0x00000214fd6fb410 DEOPT UNPACKING pc=0x00000214e4dc2b43 sp=0x000000aeb19fe2e0 mode 0
Event: 304.190 Thread 0x00000214fd6fb410 DEOPT PACKING pc=0x00000214e63a07b1 sp=0x000000aeb19fee80
Event: 304.190 Thread 0x00000214fd6fb410 DEOPT UNPACKING pc=0x00000214e4dc2b43 sp=0x000000aeb19fe2e0 mode 0
Event: 304.191 Thread 0x00000214fd6fb410 DEOPT PACKING pc=0x00000214e63a07b1 sp=0x000000aeb19fee80
Event: 304.191 Thread 0x00000214fd6fb410 DEOPT UNPACKING pc=0x00000214e4dc2b43 sp=0x000000aeb19fe2e0 mode 0
Event: 304.193 Thread 0x00000214fd6fb410 DEOPT PACKING pc=0x00000214e63a07b1 sp=0x000000aeb19fee80
Event: 304.193 Thread 0x00000214fd6fb410 DEOPT UNPACKING pc=0x00000214e4dc2b43 sp=0x000000aeb19fe2e0 mode 0
Event: 304.194 Thread 0x00000214fd6fb410 DEOPT PACKING pc=0x00000214e63a07b1 sp=0x000000aeb19fee80
Event: 304.194 Thread 0x00000214fd6fb410 DEOPT UNPACKING pc=0x00000214e4dc2b43 sp=0x000000aeb19fe2e0 mode 0

Classes unloaded (0 events):
No events

Classes redefined (0 events):
No events

Internal exceptions (20 events):
Event: 14.133 Thread 0x00000214fd701df0 Exception <a 'java/lang/reflect/InvocationTargetException'{0x000000008edccda0}> (0x000000008edccda0) 
thrown [t:\workspace\open\src\hotspot\share\runtime\reflection.cpp, line 1121]
Event: 14.133 Thread 0x00000214fd6ffc40 Exception <a 'java/lang/reflect/InvocationTargetException'{0x000000008eb357c0}> (0x000000008eb357c0) 
thrown [t:\workspace\open\src\hotspot\share\runtime\reflection.cpp, line 1121]
Event: 14.425 Thread 0x00000214fd6fb8e0 Exception <a 'java/lang/NoSuchMethodError'{0x000000008ce75388}: 'void java.lang.invoke.DirectMethodHandle$Holder.invokeStatic(java.lang.Object, java.lang.Object, java.lang.Object, java.lang.Object, java.lang.Object, java.lang.Object, java.lang.Object)'> (0x000000008ce75388) 
thrown [t:\workspace\open\src\hotspot\share\interpreter\linkResolver.cpp, line 766]
Event: 14.426 Thread 0x00000214fd6fb8e0 Exception <a 'java/lang/NoSuchMethodError'{0x000000008ce7cda8}: 'java.lang.Object java.lang.invoke.DirectMethodHandle$Holder.newInvokeSpecial(java.lang.Object, java.lang.Object, java.lang.Object, java.lang.Object, java.lang.Object, java.lang.Object, java.lang.Object)'> (0x000000008ce7cda8) 
thrown [t:\workspace\open\src\hotspot\share\interpreter\linkResolver.cpp, line 766]
Event: 14.426 Thread 0x00000214fd6fb8e0 Exception <a 'java/lang/NoSuchMethodError'{0x000000008ce81410}: 'java.lang.Object java.lang.invoke.Invokers$Holder.linkToTargetMethod(java.lang.Object, java.lang.Object, java.lang.Object, java.lang.Object, java.lang.Object, java.lang.Object, java.lang.Object)'> (0x000000008ce81410) 
thrown [t:\workspace\open\src\hotspot\share\interpreter\linkResolver.cpp, line 766]
Event: 14.430 Thread 0x00000214fd6fb8e0 Exception <a 'java/lang/NoSuchMethodError'{0x000000008ce95ec8}: 'java.lang.Object java.lang.invoke.DirectMethodHandle$Holder.invokeStatic(java.lang.Object, java.lang.Object, java.lang.Object, long)'> (0x000000008ce95ec8) 
thrown [t:\workspace\open\src\hotspot\share\interpreter\linkResolver.cpp, line 766]
Event: 14.431 Thread 0x00000214fd6fb8e0 Exception <a 'java/lang/NoSuchMethodError'{0x000000008ce9d868}: 'java.lang.Object java.lang.invoke.DirectMethodHandle$Holder.newInvokeSpecial(java.lang.Object, java.lang.Object, java.lang.Object, long)'> (0x000000008ce9d868) 
thrown [t:\workspace\open\src\hotspot\share\interpreter\linkResolver.cpp, line 766]
Event: 14.431 Thread 0x00000214fd6fb8e0 Exception <a 'java/lang/NoSuchMethodError'{0x000000008cea1980}: 'java.lang.Object java.lang.invoke.DirectMethodHandle$Holder.invokeSpecial(java.lang.Object, java.lang.Object, java.lang.Object, java.lang.Object, long)'> (0x000000008cea1980) 
thrown [t:\workspace\open\src\hotspot\share\interpreter\linkResolver.cpp, line 766]
Event: 14.431 Thread 0x00000214fd6fb8e0 Exception <a 'java/lang/NoSuchMethodError'{0x000000008cea5550}: 'java.lang.Object java.lang.invoke.Invokers$Holder.linkToTargetMethod(java.lang.Object, java.lang.Object, long, java.lang.Object)'> (0x000000008cea5550) 
thrown [t:\workspace\open\src\hotspot\share\interpreter\linkResolver.cpp, line 766]
Event: 14.474 Thread 0x00000214fd6fb8e0 Implicit null exception at 0x00000214ec87bf6d to 0x00000214ec87e5cc
Event: 14.498 Thread 0x00000214fd6fb8e0 Exception <a 'java/lang/NoSuchMethodError'{0x000000008c8c6d80}: 'java.lang.Object java.lang.invoke.Invokers$Holder.invoke_MT(java.lang.Object, java.lang.Object, java.lang.Object)'> (0x000000008c8c6d80) 
thrown [t:\workspace\open\src\hotspot\share\interpreter\linkResolver.cpp, line 766]
Event: 14.874 Thread 0x00000214fd6fb8e0 Exception <a 'java/io/FileNotFoundException'{0x000000008e6f65e8}> (0x000000008e6f65e8) 
thrown [t:\workspace\open\src\hotspot\share\prims\jni.cpp, line 516]
Event: 14.928 Thread 0x00000214fd6fb8e0 Exception <a 'java/lang/NoSuchMethodError'{0x000000008e375560}: 'void java.lang.invoke.DirectMethodHandle$Holder.invokeVirtual(java.lang.Object, java.lang.Object, java.lang.Object, java.lang.Object)'> (0x000000008e375560) 
thrown [t:\workspace\open\src\hotspot\share\interpreter\linkResolver.cpp, line 766]
Event: 15.090 Thread 0x00000214fd6faf40 Exception <a 'java/io/FileNotFoundException'{0x000000008d0ad568}> (0x000000008d0ad568) 
thrown [t:\workspace\open\src\hotspot\share\prims\jni.cpp, line 516]
Event: 15.097 Thread 0x00000214fd6faf40 Exception <a 'java/io/FileNotFoundException'{0x000000008d0cf5f0}> (0x000000008d0cf5f0) 
thrown [t:\workspace\open\src\hotspot\share\prims\jni.cpp, line 516]
Event: 15.098 Thread 0x00000214fd6faf40 Exception <a 'java/io/FileNotFoundException'{0x000000008d0d0840}> (0x000000008d0d0840) 
thrown [t:\workspace\open\src\hotspot\share\prims\jni.cpp, line 516]
Event: 15.107 Thread 0x00000214fd6faf40 Exception <a 'java/io/FileNotFoundException'{0x000000008cf173f8}> (0x000000008cf173f8) 
thrown [t:\workspace\open\src\hotspot\share\prims\jni.cpp, line 516]
Event: 15.107 Thread 0x00000214fd6faf40 Exception <a 'java/io/FileNotFoundException'{0x000000008cf18608}> (0x000000008cf18608) 
thrown [t:\workspace\open\src\hotspot\share\prims\jni.cpp, line 516]
Event: 15.762 Thread 0x00000214fd6fb410 Exception <a 'sun/nio/fs/WindowsException'{0x000000008cbeafb8}> (0x000000008cbeafb8) 
thrown [t:\workspace\open\src\hotspot\share\prims\jni.cpp, line 516]
Event: 27.496 Thread 0x00000214ff02c8e0 Exception <a 'java/io/FileNotFoundException'{0x000000008c9838b0}> (0x000000008c9838b0) 
thrown [t:\workspace\open\src\hotspot\share\prims\jni.cpp, line 516]

VM Operations (20 events):
Event: 15.260 Executing VM operation: HandshakeAllThreads
Event: 15.260 Executing VM operation: HandshakeAllThreads done
Event: 15.272 Executing VM operation: HandshakeAllThreads
Event: 15.272 Executing VM operation: HandshakeAllThreads done
Event: 15.277 Executing VM operation: ICBufferFull
Event: 15.278 Executing VM operation: ICBufferFull done
Event: 16.278 Executing VM operation: Cleanup
Event: 16.278 Executing VM operation: Cleanup done
Event: 17.278 Executing VM operation: Cleanup
Event: 17.279 Executing VM operation: Cleanup done
Event: 19.279 Executing VM operation: Cleanup
Event: 19.279 Executing VM operation: Cleanup done
Event: 28.283 Executing VM operation: Cleanup
Event: 28.284 Executing VM operation: Cleanup done
Event: 302.427 Executing VM operation: Cleanup
Event: 302.427 Executing VM operation: Cleanup done
Event: 304.427 Executing VM operation: Cleanup
Event: 304.427 Executing VM operation: Cleanup done
Event: 331.441 Executing VM operation: Cleanup
Event: 331.441 Executing VM operation: Cleanup done

Events (20 events):
Event: 27.493 loading class java/util/DualPivotQuicksort done
Event: 27.500 loading class sun/text/resources/cldr/FormatData_en_US
Event: 27.500 loading class sun/text/resources/cldr/FormatData_en_US done
Event: 27.503 Thread 0x00000214fd700110 Thread added: 0x00000214fd700110
Event: 27.505 Thread 0x00000214fd700f80 Thread added: 0x00000214fd700f80
Event: 32.514 Thread 0x00000214fd700110 Thread exited: 0x00000214fd700110
Event: 72.671 Thread 0x00000214ff02a260 Thread exited: 0x00000214ff02a260
Event: 87.501 Thread 0x00000214fd6ffc40 Thread exited: 0x00000214fd6ffc40
Event: 87.501 Thread 0x00000214fd701920 Thread exited: 0x00000214fd701920
Event: 87.516 Thread 0x00000214ff02c8e0 Thread exited: 0x00000214ff02c8e0
Event: 87.536 Thread 0x00000214fd6fd5c0 Thread exited: 0x00000214fd6fd5c0
Event: 87.536 Thread 0x00000214fd7022c0 Thread exited: 0x00000214fd7022c0
Event: 87.536 Thread 0x00000214fd6fcc20 Thread exited: 0x00000214fd6fcc20
Event: 87.536 Thread 0x00000214fd6fb8e0 Thread exited: 0x00000214fd6fb8e0
Event: 87.536 Thread 0x00000214fd7005e0 Thread exited: 0x00000214fd7005e0
Event: 87.536 Thread 0x00000214fd701df0 Thread exited: 0x00000214fd701df0
Event: 132.672 Thread 0x00000214fd6fc750 Thread exited: 0x00000214fd6fc750
Event: 192.672 Thread 0x00000214fd6fdf60 Thread exited: 0x00000214fd6fdf60
Event: 304.046 Thread 0x0000021484747a10 Thread added: 0x0000021484747a10
Event: 309.424 Thread 0x0000021484747a10 Thread exited: 0x0000021484747a10


Dynamic libraries:
0x00007ff6af0d0000 - 0x00007ff6af0e0000 	C:\Program Files\Java\jdk-17.0.1\bin\javaw.exe
0x00007ffcedc70000 - 0x00007ffcede65000 	C:\Windows\SYSTEM32\ntdll.dll
0x00007ffced7a0000 - 0x00007ffced85e000 	C:\Windows\System32\KERNEL32.DLL
0x00007ffceb380000 - 0x00007ffceb648000 	C:\Windows\System32\KERNELBASE.dll
0x00007ffcebae0000 - 0x00007ffcebbe0000 	C:\Windows\System32\ucrtbase.dll
0x00007ffce1c90000 - 0x00007ffce1ca8000 	C:\Program Files\Java\jdk-17.0.1\bin\jli.dll
0x00007ffce1c70000 - 0x00007ffce1c8a000 	C:\Program Files\Java\jdk-17.0.1\bin\VCRUNTIME140.dll
0x00007ffcec310000 - 0x00007ffcec3be000 	C:\Windows\System32\ADVAPI32.dll
0x00007ffced0f0000 - 0x00007ffced18e000 	C:\Windows\System32\msvcrt.dll
0x00007ffcec560000 - 0x00007ffcec5fc000 	C:\Windows\System32\sechost.dll
0x00007ffced190000 - 0x00007ffced2b5000 	C:\Windows\System32\RPCRT4.dll
0x00007ffced990000 - 0x00007ffcedb31000 	C:\Windows\System32\USER32.dll
0x00007ffceb6b0000 - 0x00007ffceb6d2000 	C:\Windows\System32\win32u.dll
0x00007ffcdae80000 - 0x00007ffcdb11a000 	C:\Windows\WinSxS\amd64_microsoft.windows.common-controls_6595b64144ccf1df_6.0.19041.1110_none_60b5254171f9507e\COMCTL32.dll
0x00007ffced2e0000 - 0x00007ffced30b000 	C:\Windows\System32\GDI32.dll
0x00007ffceb890000 - 0x00007ffceb99d000 	C:\Windows\System32\gdi32full.dll
0x00007ffcebc10000 - 0x00007ffcebcad000 	C:\Windows\System32\msvcp_win.dll
0x00007ffce4700000 - 0x00007ffce470a000 	C:\Windows\SYSTEM32\VERSION.dll
0x00007ffcedba0000 - 0x00007ffcedbd0000 	C:\Windows\System32\IMM32.DLL
0x00007ffce6e10000 - 0x00007ffce6e1c000 	C:\Program Files\Java\jdk-17.0.1\bin\vcruntime140_1.dll
0x00007ffce1200000 - 0x00007ffce128d000 	C:\Program Files\Java\jdk-17.0.1\bin\msvcp140.dll
0x00007ffcae420000 - 0x00007ffcaefde000 	C:\Program Files\Java\jdk-17.0.1\bin\server\jvm.dll
0x00007ffcec210000 - 0x00007ffcec218000 	C:\Windows\System32\PSAPI.DLL
0x00007ffce40a0000 - 0x00007ffce40c7000 	C:\Windows\SYSTEM32\WINMM.dll
0x00007ffce6220000 - 0x00007ffce6229000 	C:\Windows\SYSTEM32\WSOCK32.dll
0x00007ffced3d0000 - 0x00007ffced43b000 	C:\Windows\System32\WS2_32.dll
0x00007ffce9290000 - 0x00007ffce92a2000 	C:\Windows\SYSTEM32\kernel.appcore.dll
0x00007ffce3de0000 - 0x00007ffce3dea000 	C:\Program Files\Java\jdk-17.0.1\bin\jimage.dll
0x00007ffce1620000 - 0x00007ffce1804000 	C:\Windows\SYSTEM32\DBGHELP.DLL
0x00007ffcda380000 - 0x00007ffcda3ac000 	C:\Windows\SYSTEM32\dbgcore.DLL
0x00007ffceba50000 - 0x00007ffcebad2000 	C:\Windows\System32\bcryptPrimitives.dll
0x00007ffce1c40000 - 0x00007ffce1c65000 	C:\Program Files\Java\jdk-17.0.1\bin\java.dll
0x00007ffcc83e0000 - 0x00007ffcc84b6000 	C:\Program Files\Java\jdk-17.0.1\bin\svml.dll
0x00007ffcec9a0000 - 0x00007ffced0e4000 	C:\Windows\System32\SHELL32.dll
0x00007ffce9490000 - 0x00007ffce9c25000 	C:\Windows\SYSTEM32\windows.storage.dll
0x00007ffced440000 - 0x00007ffced795000 	C:\Windows\System32\combase.dll
0x00007ffceadd0000 - 0x00007ffceadfe000 	C:\Windows\SYSTEM32\Wldp.dll
0x00007ffced310000 - 0x00007ffced3bd000 	C:\Windows\System32\SHCORE.dll
0x00007ffcedbd0000 - 0x00007ffcedc25000 	C:\Windows\System32\shlwapi.dll
0x00007ffceb2c0000 - 0x00007ffceb2df000 	C:\Windows\SYSTEM32\profapi.dll
0x00007ffce15d0000 - 0x00007ffce15e9000 	C:\Program Files\Java\jdk-17.0.1\bin\net.dll
0x00007ffcde8b0000 - 0x00007ffcde9bc000 	C:\Windows\SYSTEM32\WINHTTP.dll
0x00007ffceab30000 - 0x00007ffceab9a000 	C:\Windows\system32\mswsock.dll
0x00007ffce11e0000 - 0x00007ffce11f5000 	C:\Program Files\Java\jdk-17.0.1\bin\nio.dll
0x00007ffce11c0000 - 0x00007ffce11d8000 	C:\Program Files\Java\jdk-17.0.1\bin\zip.dll
0x00007ffce3df0000 - 0x00007ffce3e2e000 	C:\Users\guido\.p2\pool\plugins\org.eclipse.equinox.launcher.win32.win32.x86_64_1.2.400.v20211117-0650\eclipse_11602.dll
0x00007ffced860000 - 0x00007ffced98a000 	C:\Windows\System32\ole32.dll
0x00007ffce8db0000 - 0x00007ffce8e4e000 	C:\Windows\system32\uxtheme.dll
0x00007ffcec880000 - 0x00007ffcec995000 	C:\Windows\System32\MSCTF.dll
0x00007ffcec7b0000 - 0x00007ffcec87d000 	C:\Windows\System32\OLEAUT32.dll
0x00007ffcec3c0000 - 0x00007ffcec469000 	C:\Windows\System32\clbcatq.dll
0x00007ffcebbe0000 - 0x00007ffcebc07000 	C:\Windows\System32\bcrypt.dll
0x00007ffce0380000 - 0x00007ffce0479000 	C:\Windows\SYSTEM32\textinputframework.dll
0x00007ffce8410000 - 0x00007ffce876e000 	C:\Windows\System32\CoreUIComponents.dll
0x00007ffce8770000 - 0x00007ffce8862000 	C:\Windows\System32\CoreMessaging.dll
0x00007ffcea070000 - 0x00007ffcea0a3000 	C:\Windows\SYSTEM32\ntmarta.dll
0x00007ffce7d20000 - 0x00007ffce7e74000 	C:\Windows\SYSTEM32\wintypes.dll
0x00007ffcead20000 - 0x00007ffcead38000 	C:\Windows\SYSTEM32\CRYPTSP.dll
0x00007ffcea440000 - 0x00007ffcea474000 	C:\Windows\system32\rsaenh.dll
0x00007ffceb280000 - 0x00007ffceb2ae000 	C:\Windows\SYSTEM32\USERENV.dll
0x00007ffcead40000 - 0x00007ffcead4c000 	C:\Windows\SYSTEM32\CRYPTBASE.dll
0x00007ffcea7d0000 - 0x00007ffcea80b000 	C:\Windows\SYSTEM32\IPHLPAPI.DLL
0x00007ffcec220000 - 0x00007ffcec228000 	C:\Windows\System32\NSI.dll
0x00007ffce44e0000 - 0x00007ffce44f7000 	C:\Windows\SYSTEM32\dhcpcsvc6.DLL
0x00007ffce4a40000 - 0x00007ffce4a5d000 	C:\Windows\SYSTEM32\dhcpcsvc.DLL
0x00007ffcea810000 - 0x00007ffcea8db000 	C:\Windows\SYSTEM32\DNSAPI.dll
0x00007ffce20e0000 - 0x00007ffce20f0000 	C:\Program Files\Java\jdk-17.0.1\bin\verify.dll
0x00007ffcc7590000 - 0x00007ffcc764e000 	C:\Users\guido\eclipse\java-2021-12\eclipse\configuration\org.eclipse.osgi\332\0\.cp\swt-win32-4948r9.dll
0x00007ffcec130000 - 0x00007ffcec20a000 	C:\Windows\System32\COMDLG32.dll
0x00007ffce2160000 - 0x00007ffce21c6000 	C:\Windows\SYSTEM32\OLEACC.dll
0x00007ffcdade0000 - 0x00007ffcdae75000 	C:\Windows\SYSTEM32\WINSPOOL.DRV
0x00007ffcd1420000 - 0x00007ffcd1439000 	C:\Windows\SYSTEM32\USP10.dll
0x00007ffce6f30000 - 0x00007ffce7026000 	C:\Windows\SYSTEM32\PROPSYS.dll
0x00007ffcdeec0000 - 0x00007ffcdf398000 	C:\Windows\SYSTEM32\WININET.dll
0x00007ffcdfc60000 - 0x00007ffcdfe4b000 	C:\Windows\SYSTEM32\urlmon.dll
0x00007ffce8c50000 - 0x00007ffce8c57000 	C:\Windows\SYSTEM32\MSIMG32.dll
0x00007ffce90b0000 - 0x00007ffce90df000 	C:\Windows\SYSTEM32\dwmapi.dll
0x00007ffcdf9b0000 - 0x00007ffcdfc60000 	C:\Windows\SYSTEM32\iertutil.dll
0x00007ffce1560000 - 0x00007ffce1588000 	C:\Windows\SYSTEM32\srvcli.dll
0x00007ffcea8e0000 - 0x00007ffcea8ec000 	C:\Windows\SYSTEM32\netutils.dll
0x00007ffcd3100000 - 0x00007ffcd327e000 	C:\Windows\System32\TaskFlowDataEngine.dll
0x00007ffcda680000 - 0x00007ffcdab21000 	C:\Windows\System32\cdp.dll
0x00007ffceb6e0000 - 0x00007ffceb836000 	C:\Windows\System32\CRYPT32.dll
0x00007ffcea7b0000 - 0x00007ffcea7c2000 	C:\Windows\System32\UMPDC.dll
0x00007ffceb840000 - 0x00007ffceb88e000 	C:\Windows\System32\cfgmgr32.dll
0x00007ffce89b0000 - 0x00007ffce8aef000 	C:\Windows\System32\dsreg.dll
0x00007ffcea4d0000 - 0x00007ffcea55a000 	C:\Windows\System32\msvcp110_win.dll
0x00007ffcd7890000 - 0x00007ffcd790d000 	C:\Windows\System32\OneCoreCommonProxyStub.dll
0x00007ffce0ec0000 - 0x00007ffce0ee8000 	C:\Users\guido\eclipse\java-2021-12\eclipse\configuration\org.eclipse.osgi\332\0\.cp\swt-gdip-win32-4948r9.dll
0x00007ffcdb120000 - 0x00007ffcdb2c9000 	C:\Windows\WinSxS\amd64_microsoft.windows.gdiplus_6595b64144ccf1df_1.1.19041.1466_none_91a4907ccc87e3b8\gdiplus.dll
0x00007ffce4800000 - 0x00007ffce49b4000 	C:\Windows\SYSTEM32\WindowsCodecs.dll
0x0000000180000000 - 0x0000000180012000 	C:\Users\guido\eclipse\java-2021-12\eclipse\configuration\org.eclipse.osgi\82\0\.cp\os\win32\x86_64\localfile_1_0_0.dll
0x00007ffcd8c50000 - 0x00007ffcd8cfc000 	C:\Windows\SYSTEM32\TextShaping.dll
0x00007ffcd7c50000 - 0x00007ffcd7c8e000 	C:\Windows\system32\dataexchange.dll
0x00007ffce7ea0000 - 0x00007ffce8085000 	C:\Windows\system32\dcomp.dll
0x00007ffce7490000 - 0x00007ffce76f4000 	C:\Windows\system32\d3d11.dll
0x00007ffce9c70000 - 0x00007ffce9d64000 	C:\Windows\system32\dxgi.dll
0x00007ffce4bc0000 - 0x00007ffce4dc1000 	C:\Windows\system32\twinapi.appcore.dll
0x00007ffce0e60000 - 0x00007ffce0e71000 	C:\Users\guido\eclipse\java-2021-12\eclipse\configuration\org.eclipse.osgi\85\0\.cp\jWinHttp-1.0.0.dll
0x00007ffcdf530000 - 0x00007ffcdf572000 	C:\Windows\system32\mlang.dll
0x00007ffcd8470000 - 0x00007ffcd86f3000 	C:\Windows\SYSTEM32\DWrite.dll
0x00007ffcd5a70000 - 0x00007ffcd5c90000 	C:\Windows\system32\explorerframe.dll
0x00007ffce1ed0000 - 0x00007ffce1ede000 	C:\Program Files\Java\jdk-17.0.1\bin\sunmscapi.dll
0x00007ffceae40000 - 0x00007ffceae67000 	C:\Windows\SYSTEM32\ncrypt.dll
0x00007ffceae00000 - 0x00007ffceae3b000 	C:\Windows\SYSTEM32\NTASN1.dll
0x00007ffce52d0000 - 0x00007ffce52da000 	C:\Windows\System32\rasadhlp.dll
0x00007ffcdb670000 - 0x00007ffcdb6ef000 	C:\Windows\System32\fwpuclnt.dll
0x00007ffcc9d10000 - 0x00007ffcc9d34000 	C:\Windows\SYSTEM32\edputil.dll

dbghelp: loaded successfully - version: 4.0.5 - missing functions: none
symbol engine: initialized successfully - sym options: 0x614 - pdb path: .;C:\Program Files\Java\jdk-17.0.1\bin;C:\Windows\SYSTEM32;C:\Windows\WinSxS\amd64_microsoft.windows.common-controls_6595b64144ccf1df_6.0.19041.1110_none_60b5254171f9507e;C:\Program Files\Java\jdk-17.0.1\bin\server;C:\Users\guido\.p2\pool\plugins\org.eclipse.equinox.launcher.win32.win32.x86_64_1.2.400.v20211117-0650;C:\Users\guido\eclipse\java-2021-12\eclipse\configuration\org.eclipse.osgi\332\0\.cp;C:\Windows\WinSxS\amd64_microsoft.windows.gdiplus_6595b64144ccf1df_1.1.19041.1466_none_91a4907ccc87e3b8;C:\Users\guido\eclipse\java-2021-12\eclipse\configuration\org.eclipse.osgi\82\0\.cp\os\win32\x86_64;C:\Users\guido\eclipse\java-2021-12\eclipse\configuration\org.eclipse.osgi\85\0\.cp

VM Arguments:
jvm_args: -Dosgi.requiredJavaVersion=11 -Dosgi.instance.area.default=@user.home/eclipse-workspace -XX:+UseG1GC -XX:+UseStringDeduplication --add-modules=ALL-SYSTEM -Dosgi.requiredJavaVersion=11 -Dosgi.dataAreaRequiresExplicitInit=true -Dorg.eclipse.swt.graphics.Resource.reportNonDisposed=true -Xms256m -Xmx2048m --add-modules=ALL-SYSTEM -Declipse.p2.max.threads=10 -Doomph.update.url=https://download.eclipse.org/oomph/updates/milestone/latest -Doomph.redirection.index.redirection=index:/->http://git.eclipse.org/c/oomph/org.eclipse.oomph.git/plain/setups/ 
java_command: C:\Users\guido\eclipse\java-2021-12\eclipse\\plugins/org.eclipse.equinox.launcher_1.6.400.v20210924-0641.jar -os win32 -ws win32 -arch x86_64 -showsplash C:\Users\guido\.p2\pool\plugins\org.eclipse.epp.package.common_4.22.0.20211202-1200\splash.bmp -launcher C:\Users\guido\eclipse\java-2021-12\eclipse\eclipse.exe -name Eclipse --launcher.library C:\Users\guido\.p2\pool\plugins\org.eclipse.equinox.launcher.win32.win32.x86_64_1.2.400.v20211117-0650\eclipse_11602.dll -startup C:\Users\guido\eclipse\java-2021-12\eclipse\\plugins/org.eclipse.equinox.launcher_1.6.400.v20210924-0641.jar --launcher.appendVmargs -exitdata 95bc_7c -product org.eclipse.epp.package.java.product -vm C:\Program Files\Java\jdk-17.0.1\bin\javaw.exe -vmargs -Dosgi.requiredJavaVersion=11 -Dosgi.instance.area.default=@user.home/eclipse-workspace -Dsun.java.command=Eclipse -XX:+UseG1GC -XX:+UseStringDeduplication --add-modules=ALL-SYSTEM -Dosgi.requiredJavaVersion=11 -Dosgi.dataAreaRequiresExplicitInit=true -Dorg.eclipse.swt.graphics.Resource.reportNonDisposed=true -Xms256m -Xmx2048m --add-modules=ALL-SYSTEM -Declipse.p2.max.threads=10 -Doomph.update.url=https://download.eclipse.org/oomph/updates/milestone/latest -Doomph.redirection.index.redirection=index:/->http://git.eclipse.org/c/oomph/org.eclipse.oomph.git/plain/setups/ -jar C:\Users\guido\eclipse\java-2021-12\eclipse\\plugins/org.eclipse.equinox.launcher_1.6.400.v20210924-0641.jar
java_class_path (initial): C:\Users\guido\eclipse\java-2021-12\eclipse\\plugins/org.eclipse.equinox.launcher_1.6.400.v20210924-0641.jar
Launcher Type: SUN_STANDARD

[Global flags]
     intx CICompilerCount                          = 3                                         {product} {ergonomic}
     uint ConcGCThreads                            = 1                                         {product} {ergonomic}
     uint G1ConcRefinementThreads                  = 4                                         {product} {ergonomic}
   size_t G1HeapRegionSize                         = 1048576                                   {product} {ergonomic}
    uintx GCDrainStackTargetSize                   = 64                                        {product} {ergonomic}
   size_t InitialHeapSize                          = 268435456                                 {product} {command line}
   size_t MarkStackSize                            = 4194304                                   {product} {ergonomic}
   size_t MaxHeapSize                              = 2147483648                                {product} {command line}
   size_t MaxNewSize                               = 1287651328                                {product} {ergonomic}
   size_t MinHeapDeltaBytes                        = 1048576                                   {product} {ergonomic}
   size_t MinHeapSize                              = 268435456                                 {product} {command line}
    uintx NonNMethodCodeHeapSize                   = 5832780                                {pd product} {ergonomic}
    uintx NonProfiledCodeHeapSize                  = 122912730                              {pd product} {ergonomic}
    uintx ProfiledCodeHeapSize                     = 122912730                              {pd product} {ergonomic}
    uintx ReservedCodeCacheSize                    = 251658240                              {pd product} {ergonomic}
     bool SegmentedCodeCache                       = true                                      {product} {ergonomic}
   size_t SoftMaxHeapSize                          = 2147483648                             {manageable} {ergonomic}
     bool UseCompressedClassPointers               = true                           {product lp64_product} {ergonomic}
     bool UseCompressedOops                        = true                           {product lp64_product} {ergonomic}
     bool UseG1GC                                  = true                                      {product} {command line}
     bool UseLargePagesIndividualAllocation        = false                                  {pd product} {ergonomic}
     bool UseStringDeduplication                   = true                                      {product} {command line}

Logging:
Log output configuration:
 #0: stdout all=warning uptime,level,tags
 #1: stderr all=off uptime,level,tags

Environment Variables:
PATH=C:\Program Files\Common Files\Oracle\Java\javapath;C:\Program Files (x86)\Common Files\Intel\Shared Libraries\redist\intel64\compiler;C:\Program Files (x86)\Common Files\Oracle\Java\javapath;C:\ProgramData\Oracle\Java\javapath;D:\Guido\Program Files\Java Developer Kit\bin;C:\Windows\system32;C:\Windows;C:\Windows\System32\Wbem;C:\Windows\System32\WindowsPowerShell\v1.0\;C:\Windows\System32\OpenSSH\;C:\Program Files (x86)\NVIDIA Corporation\PhysX\Common;C:\Program Files\dotnet\;D:\Guido\Program Files\Matlab\runtime\win64;D:\Guido\Program Files\Matlab\bin;C:\Users\guido\AppData\Local\Programs\Python\Python310\Scripts\;C:\Users\guido\AppData\Local\Programs\Python\Python310\;C:\Users\guido\AppData\Local\Microsoft\WindowsApps;C:\Users\guido\AppData\Local\Programs\Microsoft VS Code\bin;C:\Users\guido\.dotnet\tools;C:\Program Files\mingw-w64\x86_64-8.1.0-posix-seh-rt_v6-rev0\mingw64\bin;C:\Users\guido\AppData\Local\Programs\Python\Python39;C:\Users\guido\AppData\Local\atom\bin
USERNAME=guido
OS=Windows_NT
PROCESSOR_IDENTIFIER=Intel64 Family 6 Model 94 Stepping 3, GenuineIntel



---------------  S Y S T E M  ---------------

OS:
 Windows 10 , 64 bit Build 19041 (10.0.19041.1466)
OS uptime: 11 days 4:59 hours

CPU: total 4 (initial active 4) (4 cores per cpu, 1 threads per core) family 6 model 94 stepping 3 microcode 0xcc, cx8, cmov, fxsr, mmx, 3dnowpref, sse, sse2, sse3, ssse3, sse4.1, sse4.2, popcnt, lzcnt, tsc, tscinvbit, avx, avx2, aes, erms, clmul, bmi1, bmi2, rtm, adx, fma, vzeroupper, clflush, clflushopt

Memory: 4k page, system-wide physical 8138M (3457M free)
TotalPageFile size 22377M (AvailPageFile size 0M)
current process WorkingSet (physical memory assigned to process): 33M, peak: 483M
current process commit charge ("private bytes"): 496M, peak: 545M

vm_info: Java HotSpot(TM) 64-Bit Server VM (17.0.1+12-LTS-39) for windows-amd64 JRE (17.0.1+12-LTS-39), built on Sep 27 2021 18:41:35 by "mach5one" with MS VC++ 16.8 (VS2019)

END.
